ARM GAS  C:\Users\Lucia\AppData\Local\Temp\ccTNxJdd.s 			page 1


   1              		.syntax unified
   2              		.cpu cortex-m0
   3              		.fpu softvfp
   4              		.eabi_attribute 20, 1
   5              		.eabi_attribute 21, 1
   6              		.eabi_attribute 23, 3
   7              		.eabi_attribute 24, 1
   8              		.eabi_attribute 25, 1
   9              		.eabi_attribute 26, 1
  10              		.eabi_attribute 30, 6
  11              		.eabi_attribute 34, 0
  12              		.eabi_attribute 18, 4
  13              		.thumb
  14              		.syntax unified
  15              		.file	"server.c"
  16              		.text
  17              	.Ltext0:
  18              		.cfi_sections	.debug_frame
  19              		.section	.rodata
  20              		.align	2
  21              	.LC1:
  22 0000 53746172 		.ascii	"StartAdvertisement API Error: %x \015\012\000"
  22      74416476 
  22      65727469 
  22      73656D65 
  22      6E742041 
  23              		.align	2
  24              	.LC3:
  25 0024 53746172 		.ascii	"Start Advertisement with addr: \000"
  25      74204164 
  25      76657274 
  25      6973656D 
  25      656E7420 
  26              		.align	2
  27              	.LC5:
  28 0044 25322E32 		.ascii	"%2.2x\000"
  28      7800
  29 004a 0000     		.align	2
  30              	.LC7:
  31 004c 0D00     		.ascii	"\015\000"
  32              		.section	.text.StartAdvertisement,"ax",%progbits
  33              		.align	2
  34              		.global	StartAdvertisement
  35              		.code	16
  36              		.thumb_func
  37              		.type	StartAdvertisement, %function
  38              	StartAdvertisement:
  39              	.LFB36:
  40              		.file 1 "server.c"
   1:server.c      **** /*******************************************************************************
   2:server.c      **** * File Name: server.c
   3:server.c      **** *
   4:server.c      **** * Version 1.0
   5:server.c      **** *
   6:server.c      **** * Description:
   7:server.c      **** *  Common BLE application code for server devices.
   8:server.c      **** *
ARM GAS  C:\Users\Lucia\AppData\Local\Temp\ccTNxJdd.s 			page 2


   9:server.c      **** *******************************************************************************
  10:server.c      **** * Copyright 2014, Cypress Semiconductor Corporation.  All rights reserved.
  11:server.c      **** * You may use this file only in accordance with the license, terms, conditions,
  12:server.c      **** * disclaimers, and limitations in the end user license agreement accompanying
  13:server.c      **** * the software package with which this file was provided.
  14:server.c      **** *******************************************************************************/
  15:server.c      **** 
  16:server.c      **** #include <project.h>
  17:server.c      **** #include <stdio.h>
  18:server.c      **** #include "common.h"
  19:server.c      **** 
  20:server.c      **** 
  21:server.c      **** /*******************************************************************************
  22:server.c      **** * Function Name: StartAdvertisement
  23:server.c      **** ********************************************************************************
  24:server.c      **** *
  25:server.c      **** * Summary:
  26:server.c      **** *   Initiates the advertisement procedure.
  27:server.c      **** *   Prints the Device Address.
  28:server.c      **** *
  29:server.c      **** * Parameters:
  30:server.c      **** *   None.
  31:server.c      **** *
  32:server.c      **** * Return:
  33:server.c      **** *   None.
  34:server.c      **** *
  35:server.c      **** *******************************************************************************/
  36:server.c      **** void StartAdvertisement(void)
  37:server.c      **** {
  41              		.loc 1 37 0
  42              		.cfi_startproc
  43              		@ args = 0, pretend = 0, frame = 16
  44              		@ frame_needed = 1, uses_anonymous_args = 0
  45 0000 80B5     		push	{r7, lr}
  46              		.cfi_def_cfa_offset 8
  47              		.cfi_offset 7, -8
  48              		.cfi_offset 14, -4
  49 0002 84B0     		sub	sp, sp, #16
  50              		.cfi_def_cfa_offset 24
  51 0004 00AF     		add	r7, sp, #0
  52              		.cfi_def_cfa_register 7
  38:server.c      ****     uint16 i;
  39:server.c      ****     CYBLE_GAP_BD_ADDR_T localAddr;
  40:server.c      ****     apiResult = CyBle_GappStartAdvertisement(CYBLE_ADVERTISING_FAST);
  53              		.loc 1 40 0
  54 0006 0020     		movs	r0, #0
  55 0008 FFF7FEFF 		bl	CyBle_GappStartAdvertisement
  56 000c 0300     		movs	r3, r0
  57 000e 1A00     		movs	r2, r3
  58 0010 1D4B     		ldr	r3, .L7
  59 0012 1A80     		strh	r2, [r3]
  41:server.c      ****     if(apiResult != CYBLE_ERROR_OK)
  60              		.loc 1 41 0
  61 0014 1C4B     		ldr	r3, .L7
  62 0016 1B88     		ldrh	r3, [r3]
  63 0018 002B     		cmp	r3, #0
  64 001a 08D0     		beq	.L2
ARM GAS  C:\Users\Lucia\AppData\Local\Temp\ccTNxJdd.s 			page 3


  42:server.c      ****     {
  43:server.c      ****         printf("StartAdvertisement API Error: %x \r\n", (int) apiResult);
  65              		.loc 1 43 0
  66 001c 1A4B     		ldr	r3, .L7
  67 001e 1B88     		ldrh	r3, [r3]
  68 0020 1A00     		movs	r2, r3
  69 0022 1A4B     		ldr	r3, .L7+4
  70 0024 1100     		movs	r1, r2
  71 0026 1800     		movs	r0, r3
  72 0028 FFF7FEFF 		bl	printf
  44:server.c      ****     }
  45:server.c      ****     else
  46:server.c      ****     {
  47:server.c      ****         printf("Start Advertisement with addr: ");
  48:server.c      ****         CyBle_GetDeviceAddress(&localAddr);
  49:server.c      ****         for(i = CYBLE_GAP_BD_ADDR_SIZE; i > 0u; i--)
  50:server.c      ****         {
  51:server.c      ****             printf("%2.2x", localAddr.bdAddr[i-1]);
  52:server.c      ****         }
  53:server.c      ****         printf("\r\n");
  54:server.c      ****     }
  55:server.c      **** }
  73              		.loc 1 55 0
  74 002c 28E0     		b	.L6
  75              	.L2:
  47:server.c      ****         CyBle_GetDeviceAddress(&localAddr);
  76              		.loc 1 47 0
  77 002e 184B     		ldr	r3, .L7+8
  78 0030 1800     		movs	r0, r3
  79 0032 FFF7FEFF 		bl	printf
  48:server.c      ****         for(i = CYBLE_GAP_BD_ADDR_SIZE; i > 0u; i--)
  80              		.loc 1 48 0
  81 0036 3B1D     		adds	r3, r7, #4
  82 0038 1800     		movs	r0, r3
  83 003a FFF7FEFF 		bl	CyBle_GetDeviceAddress
  49:server.c      ****         {
  84              		.loc 1 49 0
  85 003e 0E23     		movs	r3, #14
  86 0040 FB18     		adds	r3, r7, r3
  87 0042 0622     		movs	r2, #6
  88 0044 1A80     		strh	r2, [r3]
  89 0046 12E0     		b	.L4
  90              	.L5:
  51:server.c      ****         }
  91              		.loc 1 51 0 discriminator 3
  92 0048 0E23     		movs	r3, #14
  93 004a FB18     		adds	r3, r7, r3
  94 004c 1B88     		ldrh	r3, [r3]
  95 004e 013B     		subs	r3, r3, #1
  96 0050 3A1D     		adds	r2, r7, #4
  97 0052 D35C     		ldrb	r3, [r2, r3]
  98 0054 1A00     		movs	r2, r3
  99 0056 0F4B     		ldr	r3, .L7+12
 100 0058 1100     		movs	r1, r2
 101 005a 1800     		movs	r0, r3
 102 005c FFF7FEFF 		bl	printf
  49:server.c      ****         {
ARM GAS  C:\Users\Lucia\AppData\Local\Temp\ccTNxJdd.s 			page 4


 103              		.loc 1 49 0 discriminator 3
 104 0060 0E23     		movs	r3, #14
 105 0062 FB18     		adds	r3, r7, r3
 106 0064 1A88     		ldrh	r2, [r3]
 107 0066 0E23     		movs	r3, #14
 108 0068 FB18     		adds	r3, r7, r3
 109 006a 013A     		subs	r2, r2, #1
 110 006c 1A80     		strh	r2, [r3]
 111              	.L4:
  49:server.c      ****         {
 112              		.loc 1 49 0 is_stmt 0 discriminator 1
 113 006e 0E23     		movs	r3, #14
 114 0070 FB18     		adds	r3, r7, r3
 115 0072 1B88     		ldrh	r3, [r3]
 116 0074 002B     		cmp	r3, #0
 117 0076 E7D1     		bne	.L5
  53:server.c      ****     }
 118              		.loc 1 53 0 is_stmt 1
 119 0078 074B     		ldr	r3, .L7+16
 120 007a 1800     		movs	r0, r3
 121 007c FFF7FEFF 		bl	puts
 122              	.L6:
 123              		.loc 1 55 0
 124 0080 C046     		nop
 125 0082 BD46     		mov	sp, r7
 126 0084 04B0     		add	sp, sp, #16
 127              		@ sp needed
 128 0086 80BD     		pop	{r7, pc}
 129              	.L8:
 130              		.align	2
 131              	.L7:
 132 0088 00000000 		.word	apiResult
 133 008c 00000000 		.word	.LC1
 134 0090 24000000 		.word	.LC3
 135 0094 44000000 		.word	.LC5
 136 0098 4C000000 		.word	.LC7
 137              		.cfi_endproc
 138              	.LFE36:
 139              		.size	StartAdvertisement, .-StartAdvertisement
 140              		.section	.rodata
 141 004e 0000     		.align	2
 142              	.LC10:
 143 0050 4359424C 		.ascii	"CYBLE_EVT_GAPP_ADVERTISEMENT_START_STOP, state: %x\015"
 143      455F4556 
 143      545F4741 
 143      50505F41 
 143      44564552 
 144 0083 0A00     		.ascii	"\012\000"
 145 0085 000000   		.align	2
 146              	.LC12:
 147 0088 48696265 		.ascii	"Hibernate \015\000"
 147      726E6174 
 147      65200D00 
 148              		.align	2
 149              	.LC14:
 150 0094 4556545F 		.ascii	"EVT_GATT_WRITE_REQ: %x = \000"
 150      47415454 
ARM GAS  C:\Users\Lucia\AppData\Local\Temp\ccTNxJdd.s 			page 5


 150      5F575249 
 150      54455F52 
 150      45513A20 
 151 00ae 0000     		.align	2
 152              	.LC16:
 153 00b0 25322E32 		.ascii	"%2.2x \000"
 153      782000
 154 00b7 00       		.align	2
 155              	.LC19:
 156 00b8 4556545F 		.ascii	"EVT_GATTS_XCNHG_MTU_REQ \015\000"
 156      47415454 
 156      535F5843 
 156      4E48475F 
 156      4D54555F 
 157 00d2 0000     		.align	2
 158              	.LC21:
 159 00d4 4556545F 		.ascii	"EVT_GATTS_HANDLE_VALUE_CNF \015\000"
 159      47415454 
 159      535F4841 
 159      4E444C45 
 159      5F56414C 
 160              		.section	.text.ServerDebugOut,"ax",%progbits
 161              		.align	2
 162              		.global	ServerDebugOut
 163              		.code	16
 164              		.thumb_func
 165              		.type	ServerDebugOut, %function
 166              	ServerDebugOut:
 167              	.LFB37:
  56:server.c      **** 
  57:server.c      **** /*******************************************************************************
  58:server.c      **** * Function Name: ServerDebugOut
  59:server.c      **** ********************************************************************************
  60:server.c      **** *
  61:server.c      **** * Summary:
  62:server.c      **** *   GATT server specific event handler.
  63:server.c      **** *
  64:server.c      **** * Parameters:
  65:server.c      **** *  event - the event code.
  66:server.c      **** *  *eventParam - the event parameters.
  67:server.c      **** *
  68:server.c      **** * Return:
  69:server.c      **** *   None.
  70:server.c      **** *
  71:server.c      **** *******************************************************************************/
  72:server.c      **** void ServerDebugOut(uint32 event, void* eventParam)
  73:server.c      **** {
 168              		.loc 1 73 0
 169              		.cfi_startproc
 170              		@ args = 0, pretend = 0, frame = 16
 171              		@ frame_needed = 1, uses_anonymous_args = 0
 172 0000 80B5     		push	{r7, lr}
 173              		.cfi_def_cfa_offset 8
 174              		.cfi_offset 7, -8
 175              		.cfi_offset 14, -4
 176 0002 84B0     		sub	sp, sp, #16
 177              		.cfi_def_cfa_offset 24
ARM GAS  C:\Users\Lucia\AppData\Local\Temp\ccTNxJdd.s 			page 6


 178 0004 00AF     		add	r7, sp, #0
 179              		.cfi_def_cfa_register 7
 180 0006 7860     		str	r0, [r7, #4]
 181 0008 3960     		str	r1, [r7]
  74:server.c      ****     uint16 i;
  75:server.c      ****     switch(event)
 182              		.loc 1 75 0
 183 000a 7B68     		ldr	r3, [r7, #4]
 184 000c 432B     		cmp	r3, #67
 185 000e 00D1     		bne	.LCB113
 186 0010 64E0     		b	.L11	@long jump
 187              	.LCB113:
 188 0012 02D8     		bhi	.L12
 189 0014 262B     		cmp	r3, #38
 190 0016 05D0     		beq	.L13
  76:server.c      ****     {
  77:server.c      ****         case CYBLE_EVT_GAPP_ADVERTISEMENT_START_STOP:
  78:server.c      ****             printf("CYBLE_EVT_GAPP_ADVERTISEMENT_START_STOP, state: %x\r\n", CyBle_GetState());
  79:server.c      ****             if(CYBLE_STATE_DISCONNECTED == CyBle_GetState())
  80:server.c      ****             {   
  81:server.c      ****                 /* Fast and slow advertising period complete, go to low power  
  82:server.c      ****                  * mode (Hibernate mode) and wait for an external
  83:server.c      ****                  * user event to wake up the device again */
  84:server.c      ****                 printf("Hibernate \r\n");
  85:server.c      ****                 Advertising_LED_Write(LED_OFF);
  86:server.c      ****                 Disconnect_LED_Write(LED_ON);
  87:server.c      ****                 while((UART_DEB_SpiUartGetTxBufferSize() + UART_DEB_GET_TX_FIFO_SR_VALID) != 0);
  88:server.c      ****                 SW2_ClearInterrupt();
  89:server.c      ****                 Wakeup_Interrupt_ClearPending();
  90:server.c      ****                 Wakeup_Interrupt_Start();
  91:server.c      ****                 CySysPmHibernate();
  92:server.c      ****             }
  93:server.c      ****             break;
  94:server.c      **** 
  95:server.c      ****         case CYBLE_EVT_GATTS_WRITE_REQ:
  96:server.c      ****             printf("EVT_GATT_WRITE_REQ: %x = ",((CYBLE_GATTS_WRITE_REQ_PARAM_T *)eventParam)->handl
  97:server.c      ****             for(i = 0; i < ((CYBLE_GATTS_WRITE_REQ_PARAM_T *)eventParam)->handleValPair.value.len; 
  98:server.c      ****             {
  99:server.c      ****                 printf("%2.2x ", ((CYBLE_GATTS_WRITE_REQ_PARAM_T *)eventParam)->handleValPair.value
 100:server.c      ****             }
 101:server.c      ****             printf("\r\n");
 102:server.c      ****             break;
 103:server.c      **** 
 104:server.c      ****         case CYBLE_EVT_GATTS_XCNHG_MTU_REQ:
 105:server.c      ****             printf("EVT_GATTS_XCNHG_MTU_REQ \r\n");
 106:server.c      ****             break;
 107:server.c      **** 
 108:server.c      ****         case CYBLE_EVT_GATTS_HANDLE_VALUE_CNF:
 109:server.c      ****             printf("EVT_GATTS_HANDLE_VALUE_CNF \r\n");
 110:server.c      ****             break;
 111:server.c      **** 
 112:server.c      ****         default:
 113:server.c      ****         #if (0)
 114:server.c      ****             printf("unknown event: %lx \r\n", event);
 115:server.c      ****         #endif
 116:server.c      ****             break;
 191              		.loc 1 116 0
ARM GAS  C:\Users\Lucia\AppData\Local\Temp\ccTNxJdd.s 			page 7


 192 0018 6BE0     		b	.L20
 193              	.L12:
  75:server.c      ****     {
 194              		.loc 1 75 0
 195 001a 4C2B     		cmp	r3, #76
 196 001c 31D0     		beq	.L14
 197 001e 542B     		cmp	r3, #84
 198 0020 61D0     		beq	.L15
 199              		.loc 1 116 0
 200 0022 66E0     		b	.L20
 201              	.L13:
  78:server.c      ****             if(CYBLE_STATE_DISCONNECTED == CyBle_GetState())
 202              		.loc 1 78 0
 203 0024 354B     		ldr	r3, .L24
 204 0026 1B78     		ldrb	r3, [r3]
 205 0028 1A00     		movs	r2, r3
 206 002a 354B     		ldr	r3, .L24+4
 207 002c 1100     		movs	r1, r2
 208 002e 1800     		movs	r0, r3
 209 0030 FFF7FEFF 		bl	printf
  79:server.c      ****             {   
 210              		.loc 1 79 0
 211 0034 314B     		ldr	r3, .L24
 212 0036 1B78     		ldrb	r3, [r3]
 213 0038 042B     		cmp	r3, #4
 214 003a 59D1     		bne	.L23
  84:server.c      ****                 Advertising_LED_Write(LED_OFF);
 215              		.loc 1 84 0
 216 003c 314B     		ldr	r3, .L24+8
 217 003e 1800     		movs	r0, r3
 218 0040 FFF7FEFF 		bl	puts
  85:server.c      ****                 Disconnect_LED_Write(LED_ON);
 219              		.loc 1 85 0
 220 0044 0120     		movs	r0, #1
 221 0046 FFF7FEFF 		bl	Advertising_LED_Write
  86:server.c      ****                 while((UART_DEB_SpiUartGetTxBufferSize() + UART_DEB_GET_TX_FIFO_SR_VALID) != 0);
 222              		.loc 1 86 0
 223 004a 0020     		movs	r0, #0
 224 004c FFF7FEFF 		bl	Disconnect_LED_Write
  87:server.c      ****                 SW2_ClearInterrupt();
 225              		.loc 1 87 0
 226 0050 C046     		nop
 227              	.L19:
  87:server.c      ****                 SW2_ClearInterrupt();
 228              		.loc 1 87 0 is_stmt 0 discriminator 5
 229 0052 FFF7FEFF 		bl	UART_DEB_SpiUartGetTxBufferSize
 230 0056 0100     		movs	r1, r0
 231 0058 2B4B     		ldr	r3, .L24+12
 232 005a 1A68     		ldr	r2, [r3]
 233 005c 8023     		movs	r3, #128
 234 005e 1B02     		lsls	r3, r3, #8
 235 0060 1340     		ands	r3, r2
 236 0062 01D0     		beq	.L17
  87:server.c      ****                 SW2_ClearInterrupt();
 237              		.loc 1 87 0 discriminator 1
 238 0064 0123     		movs	r3, #1
 239 0066 00E0     		b	.L18
ARM GAS  C:\Users\Lucia\AppData\Local\Temp\ccTNxJdd.s 			page 8


 240              	.L17:
  87:server.c      ****                 SW2_ClearInterrupt();
 241              		.loc 1 87 0 discriminator 2
 242 0068 0023     		movs	r3, #0
 243              	.L18:
  87:server.c      ****                 SW2_ClearInterrupt();
 244              		.loc 1 87 0 discriminator 4
 245 006a CB18     		adds	r3, r1, r3
 246 006c 002B     		cmp	r3, #0
 247 006e F0D1     		bne	.L19
  88:server.c      ****                 Wakeup_Interrupt_ClearPending();
 248              		.loc 1 88 0 is_stmt 1
 249 0070 FFF7FEFF 		bl	SW2_ClearInterrupt
  89:server.c      ****                 Wakeup_Interrupt_Start();
 250              		.loc 1 89 0
 251 0074 FFF7FEFF 		bl	Wakeup_Interrupt_ClearPending
  90:server.c      ****                 CySysPmHibernate();
 252              		.loc 1 90 0
 253 0078 FFF7FEFF 		bl	Wakeup_Interrupt_Start
  91:server.c      ****             }
 254              		.loc 1 91 0
 255 007c FFF7FEFF 		bl	CySysPmHibernate
  93:server.c      **** 
 256              		.loc 1 93 0
 257 0080 36E0     		b	.L23
 258              	.L14:
  96:server.c      ****             for(i = 0; i < ((CYBLE_GATTS_WRITE_REQ_PARAM_T *)eventParam)->handleValPair.value.len; 
 259              		.loc 1 96 0
 260 0082 3B68     		ldr	r3, [r7]
 261 0084 9B89     		ldrh	r3, [r3, #12]
 262 0086 1A00     		movs	r2, r3
 263 0088 204B     		ldr	r3, .L24+16
 264 008a 1100     		movs	r1, r2
 265 008c 1800     		movs	r0, r3
 266 008e FFF7FEFF 		bl	printf
  97:server.c      ****             {
 267              		.loc 1 97 0
 268 0092 0E23     		movs	r3, #14
 269 0094 FB18     		adds	r3, r7, r3
 270 0096 0022     		movs	r2, #0
 271 0098 1A80     		strh	r2, [r3]
 272 009a 13E0     		b	.L21
 273              	.L22:
  99:server.c      ****             }
 274              		.loc 1 99 0 discriminator 3
 275 009c 3B68     		ldr	r3, [r7]
 276 009e 5A68     		ldr	r2, [r3, #4]
 277 00a0 0E23     		movs	r3, #14
 278 00a2 FB18     		adds	r3, r7, r3
 279 00a4 1B88     		ldrh	r3, [r3]
 280 00a6 D318     		adds	r3, r2, r3
 281 00a8 1B78     		ldrb	r3, [r3]
 282 00aa 1A00     		movs	r2, r3
 283 00ac 184B     		ldr	r3, .L24+20
 284 00ae 1100     		movs	r1, r2
 285 00b0 1800     		movs	r0, r3
 286 00b2 FFF7FEFF 		bl	printf
ARM GAS  C:\Users\Lucia\AppData\Local\Temp\ccTNxJdd.s 			page 9


  97:server.c      ****             {
 287              		.loc 1 97 0 discriminator 3
 288 00b6 0E23     		movs	r3, #14
 289 00b8 FB18     		adds	r3, r7, r3
 290 00ba 1A88     		ldrh	r2, [r3]
 291 00bc 0E23     		movs	r3, #14
 292 00be FB18     		adds	r3, r7, r3
 293 00c0 0132     		adds	r2, r2, #1
 294 00c2 1A80     		strh	r2, [r3]
 295              	.L21:
  97:server.c      ****             {
 296              		.loc 1 97 0 is_stmt 0 discriminator 1
 297 00c4 3B68     		ldr	r3, [r7]
 298 00c6 1B89     		ldrh	r3, [r3, #8]
 299 00c8 0E22     		movs	r2, #14
 300 00ca BA18     		adds	r2, r7, r2
 301 00cc 1288     		ldrh	r2, [r2]
 302 00ce 9A42     		cmp	r2, r3
 303 00d0 E4D3     		bcc	.L22
 101:server.c      ****             break;
 304              		.loc 1 101 0 is_stmt 1
 305 00d2 104B     		ldr	r3, .L24+24
 306 00d4 1800     		movs	r0, r3
 307 00d6 FFF7FEFF 		bl	puts
 102:server.c      **** 
 308              		.loc 1 102 0
 309 00da 0AE0     		b	.L20
 310              	.L11:
 105:server.c      ****             break;
 311              		.loc 1 105 0
 312 00dc 0E4B     		ldr	r3, .L24+28
 313 00de 1800     		movs	r0, r3
 314 00e0 FFF7FEFF 		bl	puts
 106:server.c      **** 
 315              		.loc 1 106 0
 316 00e4 05E0     		b	.L20
 317              	.L15:
 109:server.c      ****             break;
 318              		.loc 1 109 0
 319 00e6 0D4B     		ldr	r3, .L24+32
 320 00e8 1800     		movs	r0, r3
 321 00ea FFF7FEFF 		bl	puts
 110:server.c      **** 
 322              		.loc 1 110 0
 323 00ee 00E0     		b	.L20
 324              	.L23:
  93:server.c      **** 
 325              		.loc 1 93 0
 326 00f0 C046     		nop
 327              	.L20:
 117:server.c      ****     }
 118:server.c      **** }
 328              		.loc 1 118 0
 329 00f2 C046     		nop
 330 00f4 BD46     		mov	sp, r7
 331 00f6 04B0     		add	sp, sp, #16
 332              		@ sp needed
ARM GAS  C:\Users\Lucia\AppData\Local\Temp\ccTNxJdd.s 			page 10


 333 00f8 80BD     		pop	{r7, pc}
 334              	.L25:
 335 00fa C046     		.align	2
 336              	.L24:
 337 00fc 00000000 		.word	cyBle_state
 338 0100 50000000 		.word	.LC10
 339 0104 88000000 		.word	.LC12
 340 0108 08022440 		.word	1076101640
 341 010c 94000000 		.word	.LC14
 342 0110 B0000000 		.word	.LC16
 343 0114 4C000000 		.word	.LC7
 344 0118 B8000000 		.word	.LC19
 345 011c D4000000 		.word	.LC21
 346              		.cfi_endproc
 347              	.LFE37:
 348              		.size	ServerDebugOut, .-ServerDebugOut
 349              		.text
 350              	.Letext0:
 351              		.file 2 "Generated_Source\\PSoC4/cytypes.h"
 352              		.file 3 "Generated_Source\\PSoC4/CYBLE_Stack.h"
 353              		.file 4 "Generated_Source\\PSoC4/CYBLE_StackGatt.h"
 354              		.file 5 "Generated_Source\\PSoC4/CYBLE_StackGattServer.h"
 355              		.file 6 "Generated_Source\\PSoC4/CYBLE_eventHandler.h"
 356              		.file 7 "common.h"
 357              		.section	.debug_info,"",%progbits
 358              	.Ldebug_info0:
 359 0000 43050000 		.4byte	0x543
 360 0004 0400     		.2byte	0x4
 361 0006 00000000 		.4byte	.Ldebug_abbrev0
 362 000a 04       		.byte	0x4
 363 000b 01       		.uleb128 0x1
 364 000c 13080000 		.4byte	.LASF153
 365 0010 0C       		.byte	0xc
 366 0011 B00B0000 		.4byte	.LASF154
 367 0015 49040000 		.4byte	.LASF155
 368 0019 00000000 		.4byte	.Ldebug_ranges0+0
 369 001d 00000000 		.4byte	0
 370 0021 00000000 		.4byte	.Ldebug_line0
 371 0025 02       		.uleb128 0x2
 372 0026 01       		.byte	0x1
 373 0027 06       		.byte	0x6
 374 0028 C4020000 		.4byte	.LASF0
 375 002c 02       		.uleb128 0x2
 376 002d 01       		.byte	0x1
 377 002e 08       		.byte	0x8
 378 002f 4C0B0000 		.4byte	.LASF1
 379 0033 02       		.uleb128 0x2
 380 0034 02       		.byte	0x2
 381 0035 05       		.byte	0x5
 382 0036 850B0000 		.4byte	.LASF2
 383 003a 02       		.uleb128 0x2
 384 003b 02       		.byte	0x2
 385 003c 07       		.byte	0x7
 386 003d 200E0000 		.4byte	.LASF3
 387 0041 02       		.uleb128 0x2
 388 0042 04       		.byte	0x4
 389 0043 05       		.byte	0x5
ARM GAS  C:\Users\Lucia\AppData\Local\Temp\ccTNxJdd.s 			page 11


 390 0044 7C010000 		.4byte	.LASF4
 391 0048 02       		.uleb128 0x2
 392 0049 04       		.byte	0x4
 393 004a 07       		.byte	0x7
 394 004b 15060000 		.4byte	.LASF5
 395 004f 02       		.uleb128 0x2
 396 0050 08       		.byte	0x8
 397 0051 05       		.byte	0x5
 398 0052 B6020000 		.4byte	.LASF6
 399 0056 02       		.uleb128 0x2
 400 0057 08       		.byte	0x8
 401 0058 07       		.byte	0x7
 402 0059 A2010000 		.4byte	.LASF7
 403 005d 03       		.uleb128 0x3
 404 005e 04       		.byte	0x4
 405 005f 05       		.byte	0x5
 406 0060 696E7400 		.ascii	"int\000"
 407 0064 02       		.uleb128 0x2
 408 0065 04       		.byte	0x4
 409 0066 07       		.byte	0x7
 410 0067 120D0000 		.4byte	.LASF8
 411 006b 04       		.uleb128 0x4
 412 006c F8030000 		.4byte	.LASF9
 413 0070 02       		.byte	0x2
 414 0071 FB01     		.2byte	0x1fb
 415 0073 2C000000 		.4byte	0x2c
 416 0077 04       		.uleb128 0x4
 417 0078 5A0B0000 		.4byte	.LASF10
 418 007c 02       		.byte	0x2
 419 007d FC01     		.2byte	0x1fc
 420 007f 3A000000 		.4byte	0x3a
 421 0083 04       		.uleb128 0x4
 422 0084 42040000 		.4byte	.LASF11
 423 0088 02       		.byte	0x2
 424 0089 FD01     		.2byte	0x1fd
 425 008b 48000000 		.4byte	0x48
 426 008f 02       		.uleb128 0x2
 427 0090 04       		.byte	0x4
 428 0091 04       		.byte	0x4
 429 0092 090B0000 		.4byte	.LASF12
 430 0096 02       		.uleb128 0x2
 431 0097 08       		.byte	0x8
 432 0098 04       		.byte	0x4
 433 0099 1D040000 		.4byte	.LASF13
 434 009d 02       		.uleb128 0x2
 435 009e 01       		.byte	0x1
 436 009f 08       		.byte	0x8
 437 00a0 CB0C0000 		.4byte	.LASF14
 438 00a4 04       		.uleb128 0x4
 439 00a5 DE080000 		.4byte	.LASF15
 440 00a9 02       		.byte	0x2
 441 00aa A702     		.2byte	0x2a7
 442 00ac B0000000 		.4byte	0xb0
 443 00b0 05       		.uleb128 0x5
 444 00b1 83000000 		.4byte	0x83
 445 00b5 02       		.uleb128 0x2
 446 00b6 08       		.byte	0x8
ARM GAS  C:\Users\Lucia\AppData\Local\Temp\ccTNxJdd.s 			page 12


 447 00b7 04       		.byte	0x4
 448 00b8 BF0C0000 		.4byte	.LASF16
 449 00bc 02       		.uleb128 0x2
 450 00bd 04       		.byte	0x4
 451 00be 07       		.byte	0x7
 452 00bf 9A090000 		.4byte	.LASF17
 453 00c3 06       		.uleb128 0x6
 454 00c4 04       		.byte	0x4
 455 00c5 07       		.uleb128 0x7
 456 00c6 01       		.byte	0x1
 457 00c7 2C000000 		.4byte	0x2c
 458 00cb 03       		.byte	0x3
 459 00cc 3501     		.2byte	0x135
 460 00ce 83020000 		.4byte	0x283
 461 00d2 08       		.uleb128 0x8
 462 00d3 0E070000 		.4byte	.LASF18
 463 00d7 00       		.byte	0
 464 00d8 08       		.uleb128 0x8
 465 00d9 D0020000 		.4byte	.LASF19
 466 00dd 01       		.byte	0x1
 467 00de 08       		.uleb128 0x8
 468 00df 6A010000 		.4byte	.LASF20
 469 00e3 02       		.byte	0x2
 470 00e4 08       		.uleb128 0x8
 471 00e5 070E0000 		.4byte	.LASF21
 472 00e9 03       		.byte	0x3
 473 00ea 08       		.uleb128 0x8
 474 00eb CC010000 		.4byte	.LASF22
 475 00ef 04       		.byte	0x4
 476 00f0 08       		.uleb128 0x8
 477 00f1 1E000000 		.4byte	.LASF23
 478 00f5 05       		.byte	0x5
 479 00f6 08       		.uleb128 0x8
 480 00f7 43070000 		.4byte	.LASF24
 481 00fb 06       		.byte	0x6
 482 00fc 08       		.uleb128 0x8
 483 00fd E4080000 		.4byte	.LASF25
 484 0101 20       		.byte	0x20
 485 0102 08       		.uleb128 0x8
 486 0103 2C030000 		.4byte	.LASF26
 487 0107 21       		.byte	0x21
 488 0108 08       		.uleb128 0x8
 489 0109 63070000 		.4byte	.LASF27
 490 010d 22       		.byte	0x22
 491 010e 08       		.uleb128 0x8
 492 010f E10D0000 		.4byte	.LASF28
 493 0113 23       		.byte	0x23
 494 0114 08       		.uleb128 0x8
 495 0115 320A0000 		.4byte	.LASF29
 496 0119 24       		.byte	0x24
 497 011a 08       		.uleb128 0x8
 498 011b BC090000 		.4byte	.LASF30
 499 011f 25       		.byte	0x25
 500 0120 08       		.uleb128 0x8
 501 0121 AD030000 		.4byte	.LASF31
 502 0125 26       		.byte	0x26
 503 0126 08       		.uleb128 0x8
ARM GAS  C:\Users\Lucia\AppData\Local\Temp\ccTNxJdd.s 			page 13


 504 0127 87070000 		.4byte	.LASF32
 505 012b 27       		.byte	0x27
 506 012c 08       		.uleb128 0x8
 507 012d F00C0000 		.4byte	.LASF33
 508 0131 28       		.byte	0x28
 509 0132 08       		.uleb128 0x8
 510 0133 58020000 		.4byte	.LASF34
 511 0137 29       		.byte	0x29
 512 0138 08       		.uleb128 0x8
 513 0139 3F060000 		.4byte	.LASF35
 514 013d 2A       		.byte	0x2a
 515 013e 08       		.uleb128 0x8
 516 013f E1010000 		.4byte	.LASF36
 517 0143 2B       		.byte	0x2b
 518 0144 08       		.uleb128 0x8
 519 0145 5E0F0000 		.4byte	.LASF37
 520 0149 2C       		.byte	0x2c
 521 014a 08       		.uleb128 0x8
 522 014b 75020000 		.4byte	.LASF38
 523 014f 2D       		.byte	0x2d
 524 0150 08       		.uleb128 0x8
 525 0151 610B0000 		.4byte	.LASF39
 526 0155 2E       		.byte	0x2e
 527 0156 08       		.uleb128 0x8
 528 0157 330E0000 		.4byte	.LASF40
 529 015b 2F       		.byte	0x2f
 530 015c 08       		.uleb128 0x8
 531 015d 110A0000 		.4byte	.LASF41
 532 0161 30       		.byte	0x30
 533 0162 08       		.uleb128 0x8
 534 0163 EE0F0000 		.4byte	.LASF42
 535 0167 31       		.byte	0x31
 536 0168 08       		.uleb128 0x8
 537 0169 F0090000 		.4byte	.LASF43
 538 016d 32       		.byte	0x32
 539 016e 08       		.uleb128 0x8
 540 016f 810C0000 		.4byte	.LASF44
 541 0173 33       		.byte	0x33
 542 0174 08       		.uleb128 0x8
 543 0175 27060000 		.4byte	.LASF45
 544 0179 34       		.byte	0x34
 545 017a 08       		.uleb128 0x8
 546 017b 34050000 		.4byte	.LASF46
 547 017f 35       		.byte	0x35
 548 0180 08       		.uleb128 0x8
 549 0181 C0070000 		.4byte	.LASF47
 550 0185 36       		.byte	0x36
 551 0186 08       		.uleb128 0x8
 552 0187 16090000 		.4byte	.LASF48
 553 018b 37       		.byte	0x37
 554 018c 08       		.uleb128 0x8
 555 018d 670C0000 		.4byte	.LASF49
 556 0191 40       		.byte	0x40
 557 0192 08       		.uleb128 0x8
 558 0193 A1080000 		.4byte	.LASF50
 559 0197 41       		.byte	0x41
 560 0198 08       		.uleb128 0x8
ARM GAS  C:\Users\Lucia\AppData\Local\Temp\ccTNxJdd.s 			page 14


 561 0199 38100000 		.4byte	.LASF51
 562 019d 42       		.byte	0x42
 563 019e 08       		.uleb128 0x8
 564 019f 7A0E0000 		.4byte	.LASF52
 565 01a3 43       		.byte	0x43
 566 01a4 08       		.uleb128 0x8
 567 01a5 68060000 		.4byte	.LASF53
 568 01a9 44       		.byte	0x44
 569 01aa 08       		.uleb128 0x8
 570 01ab E20A0000 		.4byte	.LASF54
 571 01af 45       		.byte	0x45
 572 01b0 08       		.uleb128 0x8
 573 01b1 79090000 		.4byte	.LASF55
 574 01b5 46       		.byte	0x46
 575 01b6 08       		.uleb128 0x8
 576 01b7 25070000 		.4byte	.LASF56
 577 01bb 47       		.byte	0x47
 578 01bc 08       		.uleb128 0x8
 579 01bd 220F0000 		.4byte	.LASF57
 580 01c1 48       		.byte	0x48
 581 01c2 08       		.uleb128 0x8
 582 01c3 43030000 		.4byte	.LASF58
 583 01c7 49       		.byte	0x49
 584 01c8 08       		.uleb128 0x8
 585 01c9 00000000 		.4byte	.LASF59
 586 01cd 4A       		.byte	0x4a
 587 01ce 08       		.uleb128 0x8
 588 01cf 27010000 		.4byte	.LASF60
 589 01d3 4B       		.byte	0x4b
 590 01d4 08       		.uleb128 0x8
 591 01d5 A6070000 		.4byte	.LASF61
 592 01d9 4C       		.byte	0x4c
 593 01da 08       		.uleb128 0x8
 594 01db D6090000 		.4byte	.LASF62
 595 01df 4D       		.byte	0x4d
 596 01e0 08       		.uleb128 0x8
 597 01e1 76030000 		.4byte	.LASF63
 598 01e5 4E       		.byte	0x4e
 599 01e6 08       		.uleb128 0x8
 600 01e7 FD0B0000 		.4byte	.LASF64
 601 01eb 4F       		.byte	0x4f
 602 01ec 08       		.uleb128 0x8
 603 01ed 46010000 		.4byte	.LASF65
 604 01f1 50       		.byte	0x50
 605 01f2 08       		.uleb128 0x8
 606 01f3 FE030000 		.4byte	.LASF66
 607 01f7 51       		.byte	0x51
 608 01f8 08       		.uleb128 0x8
 609 01f9 6B0A0000 		.4byte	.LASF67
 610 01fd 52       		.byte	0x52
 611 01fe 08       		.uleb128 0x8
 612 01ff 8F0B0000 		.4byte	.LASF68
 613 0203 53       		.byte	0x53
 614 0204 08       		.uleb128 0x8
 615 0205 460C0000 		.4byte	.LASF69
 616 0209 54       		.byte	0x54
 617 020a 08       		.uleb128 0x8
ARM GAS  C:\Users\Lucia\AppData\Local\Temp\ccTNxJdd.s 			page 15


 618 020b 86060000 		.4byte	.LASF70
 619 020f 55       		.byte	0x55
 620 0210 08       		.uleb128 0x8
 621 0211 7A050000 		.4byte	.LASF71
 622 0215 56       		.byte	0x56
 623 0216 08       		.uleb128 0x8
 624 0217 1F0D0000 		.4byte	.LASF72
 625 021b 57       		.byte	0x57
 626 021c 08       		.uleb128 0x8
 627 021d 57050000 		.4byte	.LASF73
 628 0221 58       		.byte	0x58
 629 0222 08       		.uleb128 0x8
 630 0223 E1070000 		.4byte	.LASF74
 631 0227 70       		.byte	0x70
 632 0228 08       		.uleb128 0x8
 633 0229 A30F0000 		.4byte	.LASF75
 634 022d 71       		.byte	0x71
 635 022e 08       		.uleb128 0x8
 636 022f C2080000 		.4byte	.LASF76
 637 0233 72       		.byte	0x72
 638 0234 08       		.uleb128 0x8
 639 0235 5B090000 		.4byte	.LASF77
 640 0239 73       		.byte	0x73
 641 023a 08       		.uleb128 0x8
 642 023b C40A0000 		.4byte	.LASF78
 643 023f 74       		.byte	0x74
 644 0240 08       		.uleb128 0x8
 645 0241 820F0000 		.4byte	.LASF79
 646 0245 75       		.byte	0x75
 647 0246 08       		.uleb128 0x8
 648 0247 AA060000 		.4byte	.LASF80
 649 024b 76       		.byte	0x76
 650 024c 08       		.uleb128 0x8
 651 024d 4E000000 		.4byte	.LASF81
 652 0251 77       		.byte	0x77
 653 0252 08       		.uleb128 0x8
 654 0253 480D0000 		.4byte	.LASF82
 655 0257 78       		.byte	0x78
 656 0258 08       		.uleb128 0x8
 657 0259 6B0D0000 		.4byte	.LASF83
 658 025d 79       		.byte	0x79
 659 025e 08       		.uleb128 0x8
 660 025f 10050000 		.4byte	.LASF84
 661 0263 7A       		.byte	0x7a
 662 0264 08       		.uleb128 0x8
 663 0265 B1000000 		.4byte	.LASF85
 664 0269 FA       		.byte	0xfa
 665 026a 08       		.uleb128 0x8
 666 026b BA050000 		.4byte	.LASF86
 667 026f FB       		.byte	0xfb
 668 0270 08       		.uleb128 0x8
 669 0271 B90B0000 		.4byte	.LASF87
 670 0275 FC       		.byte	0xfc
 671 0276 08       		.uleb128 0x8
 672 0277 7E100000 		.4byte	.LASF88
 673 027b FD       		.byte	0xfd
 674 027c 08       		.uleb128 0x8
ARM GAS  C:\Users\Lucia\AppData\Local\Temp\ccTNxJdd.s 			page 16


 675 027d DF040000 		.4byte	.LASF89
 676 0281 FF       		.byte	0xff
 677 0282 00       		.byte	0
 678 0283 07       		.uleb128 0x7
 679 0284 02       		.byte	0x2
 680 0285 3A000000 		.4byte	0x3a
 681 0289 03       		.byte	0x3
 682 028a EA03     		.2byte	0x3ea
 683 028c 62030000 		.4byte	0x362
 684 0290 08       		.uleb128 0x8
 685 0291 ED040000 		.4byte	.LASF90
 686 0295 00       		.byte	0
 687 0296 08       		.uleb128 0x8
 688 0297 24040000 		.4byte	.LASF91
 689 029b 01       		.byte	0x1
 690 029c 08       		.uleb128 0x8
 691 029d 5C0E0000 		.4byte	.LASF92
 692 02a1 02       		.byte	0x2
 693 02a2 08       		.uleb128 0x8
 694 02a3 8C000000 		.4byte	.LASF93
 695 02a7 03       		.byte	0x3
 696 02a8 08       		.uleb128 0x8
 697 02a9 A30E0000 		.4byte	.LASF94
 698 02ad 04       		.byte	0x4
 699 02ae 08       		.uleb128 0x8
 700 02af 9C050000 		.4byte	.LASF95
 701 02b3 05       		.byte	0x5
 702 02b4 08       		.uleb128 0x8
 703 02b5 CB0B0000 		.4byte	.LASF96
 704 02b9 06       		.byte	0x6
 705 02ba 08       		.uleb128 0x8
 706 02bb 05030000 		.4byte	.LASF97
 707 02bf 07       		.byte	0x7
 708 02c0 08       		.uleb128 0x8
 709 02c1 96100000 		.4byte	.LASF98
 710 02c5 08       		.byte	0x8
 711 02c6 08       		.uleb128 0x8
 712 02c7 490F0000 		.4byte	.LASF99
 713 02cb 09       		.byte	0x9
 714 02cc 08       		.uleb128 0x8
 715 02cd 0F0B0000 		.4byte	.LASF100
 716 02d1 0A       		.byte	0xa
 717 02d2 08       		.uleb128 0x8
 718 02d3 D00C0000 		.4byte	.LASF101
 719 02d7 0B       		.byte	0xb
 720 02d8 08       		.uleb128 0x8
 721 02d9 41020000 		.4byte	.LASF102
 722 02dd 0C       		.byte	0xc
 723 02de 08       		.uleb128 0x8
 724 02df C90F0000 		.4byte	.LASF103
 725 02e3 0D       		.byte	0xd
 726 02e4 08       		.uleb128 0x8
 727 02e5 EC050000 		.4byte	.LASF104
 728 02e9 0E       		.byte	0xe
 729 02ea 08       		.uleb128 0x8
 730 02eb CF000000 		.4byte	.LASF105
 731 02ef 0F       		.byte	0xf
ARM GAS  C:\Users\Lucia\AppData\Local\Temp\ccTNxJdd.s 			page 17


 732 02f0 08       		.uleb128 0x8
 733 02f1 B30D0000 		.4byte	.LASF106
 734 02f5 10       		.byte	0x10
 735 02f6 08       		.uleb128 0x8
 736 02f7 CB060000 		.4byte	.LASF107
 737 02fb 11       		.byte	0x11
 738 02fc 08       		.uleb128 0x8
 739 02fd D5030000 		.4byte	.LASF108
 740 0301 12       		.byte	0x12
 741 0302 08       		.uleb128 0x8
 742 0303 56100000 		.4byte	.LASF109
 743 0307 13       		.byte	0x13
 744 0308 08       		.uleb128 0x8
 745 0309 E3020000 		.4byte	.LASF110
 746 030d 27       		.byte	0x27
 747 030e 08       		.uleb128 0x8
 748 030f 8E0D0000 		.4byte	.LASF111
 749 0313 28       		.byte	0x28
 750 0314 08       		.uleb128 0x8
 751 0315 F00E0000 		.4byte	.LASF112
 752 0319 29       		.byte	0x29
 753 031a 08       		.uleb128 0x8
 754 031b 85010000 		.4byte	.LASF113
 755 031f 2A       		.byte	0x2a
 756 0320 08       		.uleb128 0x8
 757 0321 F4000000 		.4byte	.LASF114
 758 0325 2B       		.byte	0x2b
 759 0326 08       		.uleb128 0x8
 760 0327 E50B0000 		.4byte	.LASF115
 761 032b 2C       		.byte	0x2c
 762 032c 08       		.uleb128 0x8
 763 032d 1C0C0000 		.4byte	.LASF116
 764 0331 2D       		.byte	0x2d
 765 0332 08       		.uleb128 0x8
 766 0333 D40E0000 		.4byte	.LASF117
 767 0337 FE       		.byte	0xfe
 768 0338 08       		.uleb128 0x8
 769 0339 4B090000 		.4byte	.LASF118
 770 033d FF       		.byte	0xff
 771 033e 09       		.uleb128 0x9
 772 033f F5060000 		.4byte	.LASF119
 773 0343 0001     		.2byte	0x100
 774 0345 09       		.uleb128 0x9
 775 0346 8C0A0000 		.4byte	.LASF120
 776 034a 0101     		.2byte	0x101
 777 034c 09       		.uleb128 0x9
 778 034d 290B0000 		.4byte	.LASF121
 779 0351 0201     		.2byte	0x102
 780 0353 09       		.uleb128 0x9
 781 0354 5C030000 		.4byte	.LASF122
 782 0358 0301     		.2byte	0x103
 783 035a 09       		.uleb128 0x9
 784 035b A80C0000 		.4byte	.LASF123
 785 035f 0401     		.2byte	0x104
 786 0361 00       		.byte	0
 787 0362 04       		.uleb128 0x4
 788 0363 580A0000 		.4byte	.LASF124
ARM GAS  C:\Users\Lucia\AppData\Local\Temp\ccTNxJdd.s 			page 18


 789 0367 03       		.byte	0x3
 790 0368 5C04     		.2byte	0x45c
 791 036a 83020000 		.4byte	0x283
 792 036e 0A       		.uleb128 0xa
 793 036f 07       		.byte	0x7
 794 0370 03       		.byte	0x3
 795 0371 2A05     		.2byte	0x52a
 796 0373 92030000 		.4byte	0x392
 797 0377 0B       		.uleb128 0xb
 798 0378 5C070000 		.4byte	.LASF125
 799 037c 03       		.byte	0x3
 800 037d 2D05     		.2byte	0x52d
 801 037f 92030000 		.4byte	0x392
 802 0383 00       		.byte	0
 803 0384 0B       		.uleb128 0xb
 804 0385 65010000 		.4byte	.LASF126
 805 0389 03       		.byte	0x3
 806 038a 2F05     		.2byte	0x52f
 807 038c 6B000000 		.4byte	0x6b
 808 0390 06       		.byte	0x6
 809 0391 00       		.byte	0
 810 0392 0C       		.uleb128 0xc
 811 0393 6B000000 		.4byte	0x6b
 812 0397 A2030000 		.4byte	0x3a2
 813 039b 0D       		.uleb128 0xd
 814 039c BC000000 		.4byte	0xbc
 815 03a0 05       		.byte	0x5
 816 03a1 00       		.byte	0
 817 03a2 04       		.uleb128 0x4
 818 03a3 2D020000 		.4byte	.LASF127
 819 03a7 03       		.byte	0x3
 820 03a8 3005     		.2byte	0x530
 821 03aa 6E030000 		.4byte	0x36e
 822 03ae 0E       		.uleb128 0xe
 823 03af 04       		.byte	0x4
 824 03b0 6B000000 		.4byte	0x6b
 825 03b4 04       		.uleb128 0x4
 826 03b5 12100000 		.4byte	.LASF128
 827 03b9 04       		.byte	0x4
 828 03ba 8901     		.2byte	0x189
 829 03bc 77000000 		.4byte	0x77
 830 03c0 0A       		.uleb128 0xa
 831 03c1 02       		.byte	0x2
 832 03c2 04       		.byte	0x4
 833 03c3 9301     		.2byte	0x193
 834 03c5 E4030000 		.4byte	0x3e4
 835 03c9 0B       		.uleb128 0xb
 836 03ca FC040000 		.4byte	.LASF129
 837 03ce 04       		.byte	0x4
 838 03cf 9A01     		.2byte	0x19a
 839 03d1 6B000000 		.4byte	0x6b
 840 03d5 00       		.byte	0
 841 03d6 0B       		.uleb128 0xb
 842 03d7 BC080000 		.4byte	.LASF130
 843 03db 04       		.byte	0x4
 844 03dc A001     		.2byte	0x1a0
 845 03de 6B000000 		.4byte	0x6b
ARM GAS  C:\Users\Lucia\AppData\Local\Temp\ccTNxJdd.s 			page 19


 846 03e2 01       		.byte	0x1
 847 03e3 00       		.byte	0
 848 03e4 04       		.uleb128 0x4
 849 03e5 6D000000 		.4byte	.LASF131
 850 03e9 04       		.byte	0x4
 851 03ea A201     		.2byte	0x1a2
 852 03ec C0030000 		.4byte	0x3c0
 853 03f0 0A       		.uleb128 0xa
 854 03f1 08       		.byte	0x8
 855 03f2 04       		.byte	0x4
 856 03f3 BE01     		.2byte	0x1be
 857 03f5 21040000 		.4byte	0x421
 858 03f9 0F       		.uleb128 0xf
 859 03fa 76616C00 		.ascii	"val\000"
 860 03fe 04       		.byte	0x4
 861 03ff C101     		.2byte	0x1c1
 862 0401 AE030000 		.4byte	0x3ae
 863 0405 00       		.byte	0
 864 0406 0F       		.uleb128 0xf
 865 0407 6C656E00 		.ascii	"len\000"
 866 040b 04       		.byte	0x4
 867 040c C401     		.2byte	0x1c4
 868 040e 77000000 		.4byte	0x77
 869 0412 04       		.byte	0x4
 870 0413 0B       		.uleb128 0xb
 871 0414 22030000 		.4byte	.LASF132
 872 0418 04       		.byte	0x4
 873 0419 CB01     		.2byte	0x1cb
 874 041b 77000000 		.4byte	0x77
 875 041f 06       		.byte	0x6
 876 0420 00       		.byte	0
 877 0421 04       		.uleb128 0x4
 878 0422 B9010000 		.4byte	.LASF133
 879 0426 04       		.byte	0x4
 880 0427 CD01     		.2byte	0x1cd
 881 0429 F0030000 		.4byte	0x3f0
 882 042d 0A       		.uleb128 0xa
 883 042e 0C       		.byte	0xc
 884 042f 04       		.byte	0x4
 885 0430 D001     		.2byte	0x1d0
 886 0432 51040000 		.4byte	0x451
 887 0436 0B       		.uleb128 0xb
 888 0437 51050000 		.4byte	.LASF134
 889 043b 04       		.byte	0x4
 890 043c D301     		.2byte	0x1d3
 891 043e 21040000 		.4byte	0x421
 892 0442 00       		.byte	0
 893 0443 0B       		.uleb128 0xb
 894 0444 05050000 		.4byte	.LASF135
 895 0448 04       		.byte	0x4
 896 0449 D601     		.2byte	0x1d6
 897 044b B4030000 		.4byte	0x3b4
 898 044f 08       		.byte	0x8
 899 0450 00       		.byte	0
 900 0451 04       		.uleb128 0x4
 901 0452 A50A0000 		.4byte	.LASF136
 902 0456 04       		.byte	0x4
ARM GAS  C:\Users\Lucia\AppData\Local\Temp\ccTNxJdd.s 			page 20


 903 0457 D801     		.2byte	0x1d8
 904 0459 2D040000 		.4byte	0x42d
 905 045d 10       		.uleb128 0x10
 906 045e 10       		.byte	0x10
 907 045f 05       		.byte	0x5
 908 0460 8A       		.byte	0x8a
 909 0461 7E040000 		.4byte	0x47e
 910 0465 11       		.uleb128 0x11
 911 0466 81000000 		.4byte	.LASF137
 912 046a 05       		.byte	0x5
 913 046b 8D       		.byte	0x8d
 914 046c E4030000 		.4byte	0x3e4
 915 0470 00       		.byte	0
 916 0471 11       		.uleb128 0x11
 917 0472 08090000 		.4byte	.LASF138
 918 0476 05       		.byte	0x5
 919 0477 90       		.byte	0x90
 920 0478 51040000 		.4byte	0x451
 921 047c 04       		.byte	0x4
 922 047d 00       		.byte	0
 923 047e 12       		.uleb128 0x12
 924 047f 00020000 		.4byte	.LASF139
 925 0483 05       		.byte	0x5
 926 0484 92       		.byte	0x92
 927 0485 5D040000 		.4byte	0x45d
 928 0489 07       		.uleb128 0x7
 929 048a 01       		.byte	0x1
 930 048b 2C000000 		.4byte	0x2c
 931 048f 06       		.byte	0x6
 932 0490 A808     		.2byte	0x8a8
 933 0492 B5040000 		.4byte	0x4b5
 934 0496 08       		.uleb128 0x8
 935 0497 3A000000 		.4byte	.LASF140
 936 049b 00       		.byte	0
 937 049c 08       		.uleb128 0x8
 938 049d A3090000 		.4byte	.LASF141
 939 04a1 01       		.byte	0x1
 940 04a2 08       		.uleb128 0x8
 941 04a3 0C0F0000 		.4byte	.LASF142
 942 04a7 02       		.byte	0x2
 943 04a8 08       		.uleb128 0x8
 944 04a9 9E020000 		.4byte	.LASF143
 945 04ad 03       		.byte	0x3
 946 04ae 08       		.uleb128 0x8
 947 04af 94030000 		.4byte	.LASF144
 948 04b3 04       		.byte	0x4
 949 04b4 00       		.byte	0
 950 04b5 04       		.uleb128 0x4
 951 04b6 C60E0000 		.4byte	.LASF145
 952 04ba 06       		.byte	0x6
 953 04bb B608     		.2byte	0x8b6
 954 04bd 89040000 		.4byte	0x489
 955 04c1 13       		.uleb128 0x13
 956 04c2 D9050000 		.4byte	.LASF147
 957 04c6 01       		.byte	0x1
 958 04c7 24       		.byte	0x24
 959 04c8 00000000 		.4byte	.LFB36
ARM GAS  C:\Users\Lucia\AppData\Local\Temp\ccTNxJdd.s 			page 21


 960 04cc 9C000000 		.4byte	.LFE36-.LFB36
 961 04d0 01       		.uleb128 0x1
 962 04d1 9C       		.byte	0x9c
 963 04d2 F1040000 		.4byte	0x4f1
 964 04d6 14       		.uleb128 0x14
 965 04d7 6900     		.ascii	"i\000"
 966 04d9 01       		.byte	0x1
 967 04da 26       		.byte	0x26
 968 04db 77000000 		.4byte	0x77
 969 04df 02       		.uleb128 0x2
 970 04e0 91       		.byte	0x91
 971 04e1 76       		.sleb128 -10
 972 04e2 15       		.uleb128 0x15
 973 04e3 2E100000 		.4byte	.LASF146
 974 04e7 01       		.byte	0x1
 975 04e8 27       		.byte	0x27
 976 04e9 A2030000 		.4byte	0x3a2
 977 04ed 02       		.uleb128 0x2
 978 04ee 91       		.byte	0x91
 979 04ef 6C       		.sleb128 -20
 980 04f0 00       		.byte	0
 981 04f1 13       		.uleb128 0x13
 982 04f2 1E020000 		.4byte	.LASF148
 983 04f6 01       		.byte	0x1
 984 04f7 48       		.byte	0x48
 985 04f8 00000000 		.4byte	.LFB37
 986 04fc 20010000 		.4byte	.LFE37-.LFB37
 987 0500 01       		.uleb128 0x1
 988 0501 9C       		.byte	0x9c
 989 0502 2F050000 		.4byte	0x52f
 990 0506 16       		.uleb128 0x16
 991 0507 EF060000 		.4byte	.LASF149
 992 050b 01       		.byte	0x1
 993 050c 48       		.byte	0x48
 994 050d 83000000 		.4byte	0x83
 995 0511 02       		.uleb128 0x2
 996 0512 91       		.byte	0x91
 997 0513 6C       		.sleb128 -20
 998 0514 16       		.uleb128 0x16
 999 0515 980E0000 		.4byte	.LASF150
 1000 0519 01       		.byte	0x1
 1001 051a 48       		.byte	0x48
 1002 051b C3000000 		.4byte	0xc3
 1003 051f 02       		.uleb128 0x2
 1004 0520 91       		.byte	0x91
 1005 0521 68       		.sleb128 -24
 1006 0522 14       		.uleb128 0x14
 1007 0523 6900     		.ascii	"i\000"
 1008 0525 01       		.byte	0x1
 1009 0526 4A       		.byte	0x4a
 1010 0527 77000000 		.4byte	0x77
 1011 052b 02       		.uleb128 0x2
 1012 052c 91       		.byte	0x91
 1013 052d 76       		.sleb128 -10
 1014 052e 00       		.byte	0
 1015 052f 17       		.uleb128 0x17
 1016 0530 07080000 		.4byte	.LASF151
ARM GAS  C:\Users\Lucia\AppData\Local\Temp\ccTNxJdd.s 			page 22


 1017 0534 06       		.byte	0x6
 1018 0535 160B     		.2byte	0xb16
 1019 0537 B5040000 		.4byte	0x4b5
 1020 053b 18       		.uleb128 0x18
 1021 053c 4E0A0000 		.4byte	.LASF152
 1022 0540 07       		.byte	0x7
 1023 0541 39       		.byte	0x39
 1024 0542 62030000 		.4byte	0x362
 1025 0546 00       		.byte	0
 1026              		.section	.debug_abbrev,"",%progbits
 1027              	.Ldebug_abbrev0:
 1028 0000 01       		.uleb128 0x1
 1029 0001 11       		.uleb128 0x11
 1030 0002 01       		.byte	0x1
 1031 0003 25       		.uleb128 0x25
 1032 0004 0E       		.uleb128 0xe
 1033 0005 13       		.uleb128 0x13
 1034 0006 0B       		.uleb128 0xb
 1035 0007 03       		.uleb128 0x3
 1036 0008 0E       		.uleb128 0xe
 1037 0009 1B       		.uleb128 0x1b
 1038 000a 0E       		.uleb128 0xe
 1039 000b 55       		.uleb128 0x55
 1040 000c 17       		.uleb128 0x17
 1041 000d 11       		.uleb128 0x11
 1042 000e 01       		.uleb128 0x1
 1043 000f 10       		.uleb128 0x10
 1044 0010 17       		.uleb128 0x17
 1045 0011 00       		.byte	0
 1046 0012 00       		.byte	0
 1047 0013 02       		.uleb128 0x2
 1048 0014 24       		.uleb128 0x24
 1049 0015 00       		.byte	0
 1050 0016 0B       		.uleb128 0xb
 1051 0017 0B       		.uleb128 0xb
 1052 0018 3E       		.uleb128 0x3e
 1053 0019 0B       		.uleb128 0xb
 1054 001a 03       		.uleb128 0x3
 1055 001b 0E       		.uleb128 0xe
 1056 001c 00       		.byte	0
 1057 001d 00       		.byte	0
 1058 001e 03       		.uleb128 0x3
 1059 001f 24       		.uleb128 0x24
 1060 0020 00       		.byte	0
 1061 0021 0B       		.uleb128 0xb
 1062 0022 0B       		.uleb128 0xb
 1063 0023 3E       		.uleb128 0x3e
 1064 0024 0B       		.uleb128 0xb
 1065 0025 03       		.uleb128 0x3
 1066 0026 08       		.uleb128 0x8
 1067 0027 00       		.byte	0
 1068 0028 00       		.byte	0
 1069 0029 04       		.uleb128 0x4
 1070 002a 16       		.uleb128 0x16
 1071 002b 00       		.byte	0
 1072 002c 03       		.uleb128 0x3
 1073 002d 0E       		.uleb128 0xe
ARM GAS  C:\Users\Lucia\AppData\Local\Temp\ccTNxJdd.s 			page 23


 1074 002e 3A       		.uleb128 0x3a
 1075 002f 0B       		.uleb128 0xb
 1076 0030 3B       		.uleb128 0x3b
 1077 0031 05       		.uleb128 0x5
 1078 0032 49       		.uleb128 0x49
 1079 0033 13       		.uleb128 0x13
 1080 0034 00       		.byte	0
 1081 0035 00       		.byte	0
 1082 0036 05       		.uleb128 0x5
 1083 0037 35       		.uleb128 0x35
 1084 0038 00       		.byte	0
 1085 0039 49       		.uleb128 0x49
 1086 003a 13       		.uleb128 0x13
 1087 003b 00       		.byte	0
 1088 003c 00       		.byte	0
 1089 003d 06       		.uleb128 0x6
 1090 003e 0F       		.uleb128 0xf
 1091 003f 00       		.byte	0
 1092 0040 0B       		.uleb128 0xb
 1093 0041 0B       		.uleb128 0xb
 1094 0042 00       		.byte	0
 1095 0043 00       		.byte	0
 1096 0044 07       		.uleb128 0x7
 1097 0045 04       		.uleb128 0x4
 1098 0046 01       		.byte	0x1
 1099 0047 0B       		.uleb128 0xb
 1100 0048 0B       		.uleb128 0xb
 1101 0049 49       		.uleb128 0x49
 1102 004a 13       		.uleb128 0x13
 1103 004b 3A       		.uleb128 0x3a
 1104 004c 0B       		.uleb128 0xb
 1105 004d 3B       		.uleb128 0x3b
 1106 004e 05       		.uleb128 0x5
 1107 004f 01       		.uleb128 0x1
 1108 0050 13       		.uleb128 0x13
 1109 0051 00       		.byte	0
 1110 0052 00       		.byte	0
 1111 0053 08       		.uleb128 0x8
 1112 0054 28       		.uleb128 0x28
 1113 0055 00       		.byte	0
 1114 0056 03       		.uleb128 0x3
 1115 0057 0E       		.uleb128 0xe
 1116 0058 1C       		.uleb128 0x1c
 1117 0059 0B       		.uleb128 0xb
 1118 005a 00       		.byte	0
 1119 005b 00       		.byte	0
 1120 005c 09       		.uleb128 0x9
 1121 005d 28       		.uleb128 0x28
 1122 005e 00       		.byte	0
 1123 005f 03       		.uleb128 0x3
 1124 0060 0E       		.uleb128 0xe
 1125 0061 1C       		.uleb128 0x1c
 1126 0062 05       		.uleb128 0x5
 1127 0063 00       		.byte	0
 1128 0064 00       		.byte	0
 1129 0065 0A       		.uleb128 0xa
 1130 0066 13       		.uleb128 0x13
ARM GAS  C:\Users\Lucia\AppData\Local\Temp\ccTNxJdd.s 			page 24


 1131 0067 01       		.byte	0x1
 1132 0068 0B       		.uleb128 0xb
 1133 0069 0B       		.uleb128 0xb
 1134 006a 3A       		.uleb128 0x3a
 1135 006b 0B       		.uleb128 0xb
 1136 006c 3B       		.uleb128 0x3b
 1137 006d 05       		.uleb128 0x5
 1138 006e 01       		.uleb128 0x1
 1139 006f 13       		.uleb128 0x13
 1140 0070 00       		.byte	0
 1141 0071 00       		.byte	0
 1142 0072 0B       		.uleb128 0xb
 1143 0073 0D       		.uleb128 0xd
 1144 0074 00       		.byte	0
 1145 0075 03       		.uleb128 0x3
 1146 0076 0E       		.uleb128 0xe
 1147 0077 3A       		.uleb128 0x3a
 1148 0078 0B       		.uleb128 0xb
 1149 0079 3B       		.uleb128 0x3b
 1150 007a 05       		.uleb128 0x5
 1151 007b 49       		.uleb128 0x49
 1152 007c 13       		.uleb128 0x13
 1153 007d 38       		.uleb128 0x38
 1154 007e 0B       		.uleb128 0xb
 1155 007f 00       		.byte	0
 1156 0080 00       		.byte	0
 1157 0081 0C       		.uleb128 0xc
 1158 0082 01       		.uleb128 0x1
 1159 0083 01       		.byte	0x1
 1160 0084 49       		.uleb128 0x49
 1161 0085 13       		.uleb128 0x13
 1162 0086 01       		.uleb128 0x1
 1163 0087 13       		.uleb128 0x13
 1164 0088 00       		.byte	0
 1165 0089 00       		.byte	0
 1166 008a 0D       		.uleb128 0xd
 1167 008b 21       		.uleb128 0x21
 1168 008c 00       		.byte	0
 1169 008d 49       		.uleb128 0x49
 1170 008e 13       		.uleb128 0x13
 1171 008f 2F       		.uleb128 0x2f
 1172 0090 0B       		.uleb128 0xb
 1173 0091 00       		.byte	0
 1174 0092 00       		.byte	0
 1175 0093 0E       		.uleb128 0xe
 1176 0094 0F       		.uleb128 0xf
 1177 0095 00       		.byte	0
 1178 0096 0B       		.uleb128 0xb
 1179 0097 0B       		.uleb128 0xb
 1180 0098 49       		.uleb128 0x49
 1181 0099 13       		.uleb128 0x13
 1182 009a 00       		.byte	0
 1183 009b 00       		.byte	0
 1184 009c 0F       		.uleb128 0xf
 1185 009d 0D       		.uleb128 0xd
 1186 009e 00       		.byte	0
 1187 009f 03       		.uleb128 0x3
ARM GAS  C:\Users\Lucia\AppData\Local\Temp\ccTNxJdd.s 			page 25


 1188 00a0 08       		.uleb128 0x8
 1189 00a1 3A       		.uleb128 0x3a
 1190 00a2 0B       		.uleb128 0xb
 1191 00a3 3B       		.uleb128 0x3b
 1192 00a4 05       		.uleb128 0x5
 1193 00a5 49       		.uleb128 0x49
 1194 00a6 13       		.uleb128 0x13
 1195 00a7 38       		.uleb128 0x38
 1196 00a8 0B       		.uleb128 0xb
 1197 00a9 00       		.byte	0
 1198 00aa 00       		.byte	0
 1199 00ab 10       		.uleb128 0x10
 1200 00ac 13       		.uleb128 0x13
 1201 00ad 01       		.byte	0x1
 1202 00ae 0B       		.uleb128 0xb
 1203 00af 0B       		.uleb128 0xb
 1204 00b0 3A       		.uleb128 0x3a
 1205 00b1 0B       		.uleb128 0xb
 1206 00b2 3B       		.uleb128 0x3b
 1207 00b3 0B       		.uleb128 0xb
 1208 00b4 01       		.uleb128 0x1
 1209 00b5 13       		.uleb128 0x13
 1210 00b6 00       		.byte	0
 1211 00b7 00       		.byte	0
 1212 00b8 11       		.uleb128 0x11
 1213 00b9 0D       		.uleb128 0xd
 1214 00ba 00       		.byte	0
 1215 00bb 03       		.uleb128 0x3
 1216 00bc 0E       		.uleb128 0xe
 1217 00bd 3A       		.uleb128 0x3a
 1218 00be 0B       		.uleb128 0xb
 1219 00bf 3B       		.uleb128 0x3b
 1220 00c0 0B       		.uleb128 0xb
 1221 00c1 49       		.uleb128 0x49
 1222 00c2 13       		.uleb128 0x13
 1223 00c3 38       		.uleb128 0x38
 1224 00c4 0B       		.uleb128 0xb
 1225 00c5 00       		.byte	0
 1226 00c6 00       		.byte	0
 1227 00c7 12       		.uleb128 0x12
 1228 00c8 16       		.uleb128 0x16
 1229 00c9 00       		.byte	0
 1230 00ca 03       		.uleb128 0x3
 1231 00cb 0E       		.uleb128 0xe
 1232 00cc 3A       		.uleb128 0x3a
 1233 00cd 0B       		.uleb128 0xb
 1234 00ce 3B       		.uleb128 0x3b
 1235 00cf 0B       		.uleb128 0xb
 1236 00d0 49       		.uleb128 0x49
 1237 00d1 13       		.uleb128 0x13
 1238 00d2 00       		.byte	0
 1239 00d3 00       		.byte	0
 1240 00d4 13       		.uleb128 0x13
 1241 00d5 2E       		.uleb128 0x2e
 1242 00d6 01       		.byte	0x1
 1243 00d7 3F       		.uleb128 0x3f
 1244 00d8 19       		.uleb128 0x19
ARM GAS  C:\Users\Lucia\AppData\Local\Temp\ccTNxJdd.s 			page 26


 1245 00d9 03       		.uleb128 0x3
 1246 00da 0E       		.uleb128 0xe
 1247 00db 3A       		.uleb128 0x3a
 1248 00dc 0B       		.uleb128 0xb
 1249 00dd 3B       		.uleb128 0x3b
 1250 00de 0B       		.uleb128 0xb
 1251 00df 27       		.uleb128 0x27
 1252 00e0 19       		.uleb128 0x19
 1253 00e1 11       		.uleb128 0x11
 1254 00e2 01       		.uleb128 0x1
 1255 00e3 12       		.uleb128 0x12
 1256 00e4 06       		.uleb128 0x6
 1257 00e5 40       		.uleb128 0x40
 1258 00e6 18       		.uleb128 0x18
 1259 00e7 9642     		.uleb128 0x2116
 1260 00e9 19       		.uleb128 0x19
 1261 00ea 01       		.uleb128 0x1
 1262 00eb 13       		.uleb128 0x13
 1263 00ec 00       		.byte	0
 1264 00ed 00       		.byte	0
 1265 00ee 14       		.uleb128 0x14
 1266 00ef 34       		.uleb128 0x34
 1267 00f0 00       		.byte	0
 1268 00f1 03       		.uleb128 0x3
 1269 00f2 08       		.uleb128 0x8
 1270 00f3 3A       		.uleb128 0x3a
 1271 00f4 0B       		.uleb128 0xb
 1272 00f5 3B       		.uleb128 0x3b
 1273 00f6 0B       		.uleb128 0xb
 1274 00f7 49       		.uleb128 0x49
 1275 00f8 13       		.uleb128 0x13
 1276 00f9 02       		.uleb128 0x2
 1277 00fa 18       		.uleb128 0x18
 1278 00fb 00       		.byte	0
 1279 00fc 00       		.byte	0
 1280 00fd 15       		.uleb128 0x15
 1281 00fe 34       		.uleb128 0x34
 1282 00ff 00       		.byte	0
 1283 0100 03       		.uleb128 0x3
 1284 0101 0E       		.uleb128 0xe
 1285 0102 3A       		.uleb128 0x3a
 1286 0103 0B       		.uleb128 0xb
 1287 0104 3B       		.uleb128 0x3b
 1288 0105 0B       		.uleb128 0xb
 1289 0106 49       		.uleb128 0x49
 1290 0107 13       		.uleb128 0x13
 1291 0108 02       		.uleb128 0x2
 1292 0109 18       		.uleb128 0x18
 1293 010a 00       		.byte	0
 1294 010b 00       		.byte	0
 1295 010c 16       		.uleb128 0x16
 1296 010d 05       		.uleb128 0x5
 1297 010e 00       		.byte	0
 1298 010f 03       		.uleb128 0x3
 1299 0110 0E       		.uleb128 0xe
 1300 0111 3A       		.uleb128 0x3a
 1301 0112 0B       		.uleb128 0xb
ARM GAS  C:\Users\Lucia\AppData\Local\Temp\ccTNxJdd.s 			page 27


 1302 0113 3B       		.uleb128 0x3b
 1303 0114 0B       		.uleb128 0xb
 1304 0115 49       		.uleb128 0x49
 1305 0116 13       		.uleb128 0x13
 1306 0117 02       		.uleb128 0x2
 1307 0118 18       		.uleb128 0x18
 1308 0119 00       		.byte	0
 1309 011a 00       		.byte	0
 1310 011b 17       		.uleb128 0x17
 1311 011c 34       		.uleb128 0x34
 1312 011d 00       		.byte	0
 1313 011e 03       		.uleb128 0x3
 1314 011f 0E       		.uleb128 0xe
 1315 0120 3A       		.uleb128 0x3a
 1316 0121 0B       		.uleb128 0xb
 1317 0122 3B       		.uleb128 0x3b
 1318 0123 05       		.uleb128 0x5
 1319 0124 49       		.uleb128 0x49
 1320 0125 13       		.uleb128 0x13
 1321 0126 3F       		.uleb128 0x3f
 1322 0127 19       		.uleb128 0x19
 1323 0128 3C       		.uleb128 0x3c
 1324 0129 19       		.uleb128 0x19
 1325 012a 00       		.byte	0
 1326 012b 00       		.byte	0
 1327 012c 18       		.uleb128 0x18
 1328 012d 34       		.uleb128 0x34
 1329 012e 00       		.byte	0
 1330 012f 03       		.uleb128 0x3
 1331 0130 0E       		.uleb128 0xe
 1332 0131 3A       		.uleb128 0x3a
 1333 0132 0B       		.uleb128 0xb
 1334 0133 3B       		.uleb128 0x3b
 1335 0134 0B       		.uleb128 0xb
 1336 0135 49       		.uleb128 0x49
 1337 0136 13       		.uleb128 0x13
 1338 0137 3F       		.uleb128 0x3f
 1339 0138 19       		.uleb128 0x19
 1340 0139 3C       		.uleb128 0x3c
 1341 013a 19       		.uleb128 0x19
 1342 013b 00       		.byte	0
 1343 013c 00       		.byte	0
 1344 013d 00       		.byte	0
 1345              		.section	.debug_aranges,"",%progbits
 1346 0000 24000000 		.4byte	0x24
 1347 0004 0200     		.2byte	0x2
 1348 0006 00000000 		.4byte	.Ldebug_info0
 1349 000a 04       		.byte	0x4
 1350 000b 00       		.byte	0
 1351 000c 0000     		.2byte	0
 1352 000e 0000     		.2byte	0
 1353 0010 00000000 		.4byte	.LFB36
 1354 0014 9C000000 		.4byte	.LFE36-.LFB36
 1355 0018 00000000 		.4byte	.LFB37
 1356 001c 20010000 		.4byte	.LFE37-.LFB37
 1357 0020 00000000 		.4byte	0
 1358 0024 00000000 		.4byte	0
ARM GAS  C:\Users\Lucia\AppData\Local\Temp\ccTNxJdd.s 			page 28


 1359              		.section	.debug_ranges,"",%progbits
 1360              	.Ldebug_ranges0:
 1361 0000 00000000 		.4byte	.LFB36
 1362 0004 9C000000 		.4byte	.LFE36
 1363 0008 00000000 		.4byte	.LFB37
 1364 000c 20010000 		.4byte	.LFE37
 1365 0010 00000000 		.4byte	0
 1366 0014 00000000 		.4byte	0
 1367              		.section	.debug_line,"",%progbits
 1368              	.Ldebug_line0:
 1369 0000 37010000 		.section	.debug_str,"MS",%progbits,1
 1369      0200A800 
 1369      00000201 
 1369      FB0E0D00 
 1369      01010101 
 1370              	.LASF59:
 1371 0000 4359424C 		.ascii	"CYBLE_EVT_GATTC_READ_BLOB_RSP\000"
 1371      455F4556 
 1371      545F4741 
 1371      5454435F 
 1371      52454144 
 1372              	.LASF23:
 1373 001e 4359424C 		.ascii	"CYBLE_EVT_STACK_BUSY_STATUS\000"
 1373      455F4556 
 1373      545F5354 
 1373      41434B5F 
 1373      42555359 
 1374              	.LASF140:
 1375 003a 4359424C 		.ascii	"CYBLE_STATE_STOPPED\000"
 1375      455F5354 
 1375      4154455F 
 1375      53544F50 
 1375      50454400 
 1376              	.LASF81:
 1377 004e 4359424C 		.ascii	"CYBLE_EVT_L2CAP_CBFC_DATA_READ\000"
 1377      455F4556 
 1377      545F4C32 
 1377      4341505F 
 1377      43424643 
 1378              	.LASF131:
 1379 006d 4359424C 		.ascii	"CYBLE_CONN_HANDLE_T\000"
 1379      455F434F 
 1379      4E4E5F48 
 1379      414E444C 
 1379      455F5400 
 1380              	.LASF137:
 1381 0081 636F6E6E 		.ascii	"connHandle\000"
 1381      48616E64 
 1381      6C6500
 1382              	.LASF93:
 1383 008c 4359424C 		.ascii	"CYBLE_ERROR_MEMORY_ALLOCATION_FAILED\000"
 1383      455F4552 
 1383      524F525F 
 1383      4D454D4F 
 1383      52595F41 
 1384              	.LASF85:
 1385 00b1 4359424C 		.ascii	"CYBLE_EVT_PENDING_FLASH_WRITE\000"
ARM GAS  C:\Users\Lucia\AppData\Local\Temp\ccTNxJdd.s 			page 29


 1385      455F4556 
 1385      545F5045 
 1385      4E44494E 
 1385      475F464C 
 1386              	.LASF105:
 1387 00cf 4359424C 		.ascii	"CYBLE_ERROR_L2CAP_PSM_NOT_REGISTERED\000"
 1387      455F4552 
 1387      524F525F 
 1387      4C324341 
 1387      505F5053 
 1388              	.LASF114:
 1389 00f4 4359424C 		.ascii	"CYBLE_ERROR_UNSUPPORTED_FEATURE_OR_PARAMETER_VALUE\000"
 1389      455F4552 
 1389      524F525F 
 1389      554E5355 
 1389      50504F52 
 1390              	.LASF60:
 1391 0127 4359424C 		.ascii	"CYBLE_EVT_GATTC_READ_MULTI_RSP\000"
 1391      455F4556 
 1391      545F4741 
 1391      5454435F 
 1391      52454144 
 1392              	.LASF65:
 1393 0146 4359424C 		.ascii	"CYBLE_EVT_GATTS_EXEC_WRITE_REQ\000"
 1393      455F4556 
 1393      545F4741 
 1393      5454535F 
 1393      45584543 
 1394              	.LASF126:
 1395 0165 74797065 		.ascii	"type\000"
 1395      00
 1396              	.LASF20:
 1397 016a 4359424C 		.ascii	"CYBLE_EVT_TIMEOUT\000"
 1397      455F4556 
 1397      545F5449 
 1397      4D454F55 
 1397      5400
 1398              	.LASF4:
 1399 017c 6C6F6E67 		.ascii	"long int\000"
 1399      20696E74 
 1399      00
 1400              	.LASF113:
 1401 0185 4359424C 		.ascii	"CYBLE_ERROR_HARDWARE_FAILURE\000"
 1401      455F4552 
 1401      524F525F 
 1401      48415244 
 1401      57415245 
 1402              	.LASF7:
 1403 01a2 6C6F6E67 		.ascii	"long long unsigned int\000"
 1403      206C6F6E 
 1403      6720756E 
 1403      7369676E 
 1403      65642069 
 1404              	.LASF133:
 1405 01b9 4359424C 		.ascii	"CYBLE_GATT_VALUE_T\000"
 1405      455F4741 
 1405      54545F56 
ARM GAS  C:\Users\Lucia\AppData\Local\Temp\ccTNxJdd.s 			page 30


 1405      414C5545 
 1405      5F5400
 1406              	.LASF22:
 1407 01cc 4359424C 		.ascii	"CYBLE_EVT_HCI_STATUS\000"
 1407      455F4556 
 1407      545F4843 
 1407      495F5354 
 1407      41545553 
 1408              	.LASF36:
 1409 01e1 4359424C 		.ascii	"CYBLE_EVT_GAPC_SCAN_START_STOP\000"
 1409      455F4556 
 1409      545F4741 
 1409      50435F53 
 1409      43414E5F 
 1410              	.LASF139:
 1411 0200 4359424C 		.ascii	"CYBLE_GATTS_WRITE_REQ_PARAM_T\000"
 1411      455F4741 
 1411      5454535F 
 1411      57524954 
 1411      455F5245 
 1412              	.LASF148:
 1413 021e 53657276 		.ascii	"ServerDebugOut\000"
 1413      65724465 
 1413      6275674F 
 1413      757400
 1414              	.LASF127:
 1415 022d 4359424C 		.ascii	"CYBLE_GAP_BD_ADDR_T\000"
 1415      455F4741 
 1415      505F4244 
 1415      5F414444 
 1415      525F5400 
 1416              	.LASF102:
 1417 0241 4359424C 		.ascii	"CYBLE_ERROR_SEC_FAILED\000"
 1417      455F4552 
 1417      524F525F 
 1417      5345435F 
 1417      4641494C 
 1418              	.LASF34:
 1419 0258 4359424C 		.ascii	"CYBLE_EVT_GAP_ENCRYPT_CHANGE\000"
 1419      455F4556 
 1419      545F4741 
 1419      505F454E 
 1419      43525950 
 1420              	.LASF38:
 1421 0275 4359424C 		.ascii	"CYBLE_EVT_GAP_NUMERIC_COMPARISON_REQUEST\000"
 1421      455F4556 
 1421      545F4741 
 1421      505F4E55 
 1421      4D455249 
 1422              	.LASF143:
 1423 029e 4359424C 		.ascii	"CYBLE_STATE_ADVERTISING\000"
 1423      455F5354 
 1423      4154455F 
 1423      41445645 
 1423      52544953 
 1424              	.LASF6:
 1425 02b6 6C6F6E67 		.ascii	"long long int\000"
ARM GAS  C:\Users\Lucia\AppData\Local\Temp\ccTNxJdd.s 			page 31


 1425      206C6F6E 
 1425      6720696E 
 1425      7400
 1426              	.LASF0:
 1427 02c4 7369676E 		.ascii	"signed char\000"
 1427      65642063 
 1427      68617200 
 1428              	.LASF19:
 1429 02d0 4359424C 		.ascii	"CYBLE_EVT_STACK_ON\000"
 1429      455F4556 
 1429      545F5354 
 1429      41434B5F 
 1429      4F4E00
 1430              	.LASF110:
 1431 02e3 4359424C 		.ascii	"CYBLE_ERROR_DEVICE_ALREADY_EXISTS\000"
 1431      455F4552 
 1431      524F525F 
 1431      44455649 
 1431      43455F41 
 1432              	.LASF97:
 1433 0305 4359424C 		.ascii	"CYBLE_ERROR_NO_DEVICE_ENTITY\000"
 1433      455F4552 
 1433      524F525F 
 1433      4E4F5F44 
 1433      45564943 
 1434              	.LASF132:
 1435 0322 61637475 		.ascii	"actualLen\000"
 1435      616C4C65 
 1435      6E00
 1436              	.LASF26:
 1437 032c 4359424C 		.ascii	"CYBLE_EVT_GAP_AUTH_REQ\000"
 1437      455F4556 
 1437      545F4741 
 1437      505F4155 
 1437      54485F52 
 1438              	.LASF58:
 1439 0343 4359424C 		.ascii	"CYBLE_EVT_GATTC_READ_RSP\000"
 1439      455F4556 
 1439      545F4741 
 1439      5454435F 
 1439      52454144 
 1440              	.LASF122:
 1441 035c 4359424C 		.ascii	"CYBLE_ERROR_INVALID_STATE\000"
 1441      455F4552 
 1441      524F525F 
 1441      494E5641 
 1441      4C49445F 
 1442              	.LASF63:
 1443 0376 4359424C 		.ascii	"CYBLE_EVT_GATTS_WRITE_CMD_REQ\000"
 1443      455F4556 
 1443      545F4741 
 1443      5454535F 
 1443      57524954 
 1444              	.LASF144:
 1445 0394 4359424C 		.ascii	"CYBLE_STATE_DISCONNECTED\000"
 1445      455F5354 
 1445      4154455F 
ARM GAS  C:\Users\Lucia\AppData\Local\Temp\ccTNxJdd.s 			page 32


 1445      44495343 
 1445      4F4E4E45 
 1446              	.LASF31:
 1447 03ad 4359424C 		.ascii	"CYBLE_EVT_GAPP_ADVERTISEMENT_START_STOP\000"
 1447      455F4556 
 1447      545F4741 
 1447      50505F41 
 1447      44564552 
 1448              	.LASF108:
 1449 03d5 4359424C 		.ascii	"CYBLE_ERROR_L2CAP_PSM_NOT_IN_RANGE\000"
 1449      455F4552 
 1449      524F525F 
 1449      4C324341 
 1449      505F5053 
 1450              	.LASF9:
 1451 03f8 75696E74 		.ascii	"uint8\000"
 1451      3800
 1452              	.LASF66:
 1453 03fe 4359424C 		.ascii	"CYBLE_EVT_GATTC_EXEC_WRITE_RSP\000"
 1453      455F4556 
 1453      545F4741 
 1453      5454435F 
 1453      45584543 
 1454              	.LASF13:
 1455 041d 646F7562 		.ascii	"double\000"
 1455      6C6500
 1456              	.LASF91:
 1457 0424 4359424C 		.ascii	"CYBLE_ERROR_INVALID_PARAMETER\000"
 1457      455F4552 
 1457      524F525F 
 1457      494E5641 
 1457      4C49445F 
 1458              	.LASF11:
 1459 0442 75696E74 		.ascii	"uint32\000"
 1459      333200
 1460              	.LASF155:
 1461 0449 413A5C44 		.ascii	"A:\\Documents\\School\\ECEG-721_Embedded_Systems\\L"
 1461      6F63756D 
 1461      656E7473 
 1461      5C536368 
 1461      6F6F6C5C 
 1462 0478 6162735C 		.ascii	"abs\\Project\\Day002_Heart_Rate_Sensor\\PSoC 4 BLE "
 1462      50726F6A 
 1462      6563745C 
 1462      44617930 
 1462      30325F48 
 1463 04a8 2D204865 		.ascii	"- Heart Rate Sensor\\PSoC 4 BLE_Heart_Rate_Sensor.c"
 1463      61727420 
 1463      52617465 
 1463      2053656E 
 1463      736F725C 
 1464 04da 7964736E 		.ascii	"ydsn\000"
 1464      00
 1465              	.LASF89:
 1466 04df 4359424C 		.ascii	"CYBLE_EVT_MAX\000"
 1466      455F4556 
 1466      545F4D41 
ARM GAS  C:\Users\Lucia\AppData\Local\Temp\ccTNxJdd.s 			page 33


 1466      5800
 1467              	.LASF90:
 1468 04ed 4359424C 		.ascii	"CYBLE_ERROR_OK\000"
 1468      455F4552 
 1468      524F525F 
 1468      4F4B00
 1469              	.LASF129:
 1470 04fc 62644861 		.ascii	"bdHandle\000"
 1470      6E646C65 
 1470      00
 1471              	.LASF135:
 1472 0505 61747472 		.ascii	"attrHandle\000"
 1472      48616E64 
 1472      6C6500
 1473              	.LASF84:
 1474 0510 4359424C 		.ascii	"CYBLE_EVT_L2CAP_CBFC_DATA_WRITE_IND\000"
 1474      455F4556 
 1474      545F4C32 
 1474      4341505F 
 1474      43424643 
 1475              	.LASF46:
 1476 0534 4359424C 		.ascii	"CYBLE_EVT_GAP_SCAN_REQ_RECVD\000"
 1476      455F4556 
 1476      545F4741 
 1476      505F5343 
 1476      414E5F52 
 1477              	.LASF134:
 1478 0551 76616C75 		.ascii	"value\000"
 1478      6500
 1479              	.LASF73:
 1480 0557 4359424C 		.ascii	"CYBLE_EVT_GATTC_LONG_PROCEDURE_END\000"
 1480      455F4556 
 1480      545F4741 
 1480      5454435F 
 1480      4C4F4E47 
 1481              	.LASF71:
 1482 057a 4359424C 		.ascii	"CYBLE_EVT_GATTC_STOP_CMD_COMPLETE\000"
 1482      455F4556 
 1482      545F4741 
 1482      5454435F 
 1482      53544F50 
 1483              	.LASF95:
 1484 059c 4359424C 		.ascii	"CYBLE_ERROR_OOB_NOT_AVAILABLE\000"
 1484      455F4552 
 1484      524F525F 
 1484      4F4F425F 
 1484      4E4F545F 
 1485              	.LASF86:
 1486 05ba 4359424C 		.ascii	"CYBLE_EVT_LE_PING_AUTH_TIMEOUT\000"
 1486      455F4556 
 1486      545F4C45 
 1486      5F50494E 
 1486      475F4155 
 1487              	.LASF147:
 1488 05d9 53746172 		.ascii	"StartAdvertisement\000"
 1488      74416476 
 1488      65727469 
ARM GAS  C:\Users\Lucia\AppData\Local\Temp\ccTNxJdd.s 			page 34


 1488      73656D65 
 1488      6E7400
 1489              	.LASF104:
 1490 05ec 4359424C 		.ascii	"CYBLE_ERROR_L2CAP_PSM_ALREADY_REGISTERED\000"
 1490      455F4552 
 1490      524F525F 
 1490      4C324341 
 1490      505F5053 
 1491              	.LASF5:
 1492 0615 6C6F6E67 		.ascii	"long unsigned int\000"
 1492      20756E73 
 1492      69676E65 
 1492      6420696E 
 1492      7400
 1493              	.LASF45:
 1494 0627 4359424C 		.ascii	"CYBLE_EVT_GAP_CONN_ESTB\000"
 1494      455F4556 
 1494      545F4741 
 1494      505F434F 
 1494      4E4E5F45 
 1495              	.LASF35:
 1496 063f 4359424C 		.ascii	"CYBLE_EVT_GAP_CONNECTION_UPDATE_COMPLETE\000"
 1496      455F4556 
 1496      545F4741 
 1496      505F434F 
 1496      4E4E4543 
 1497              	.LASF53:
 1498 0668 4359424C 		.ascii	"CYBLE_EVT_GATTC_XCHNG_MTU_RSP\000"
 1498      455F4556 
 1498      545F4741 
 1498      5454435F 
 1498      5843484E 
 1499              	.LASF70:
 1500 0686 4359424C 		.ascii	"CYBLE_EVT_GATTS_DATA_SIGNED_CMD_REQ\000"
 1500      455F4556 
 1500      545F4741 
 1500      5454535F 
 1500      44415441 
 1501              	.LASF80:
 1502 06aa 4359424C 		.ascii	"CYBLE_EVT_L2CAP_CBFC_DISCONN_CNF\000"
 1502      455F4556 
 1502      545F4C32 
 1502      4341505F 
 1502      43424643 
 1503              	.LASF107:
 1504 06cb 4359424C 		.ascii	"CYBLE_ERROR_L2CAP_CHANNEL_NOT_FOUND\000"
 1504      455F4552 
 1504      524F525F 
 1504      4C324341 
 1504      505F4348 
 1505              	.LASF149:
 1506 06ef 6576656E 		.ascii	"event\000"
 1506      7400
 1507              	.LASF119:
 1508 06f5 4359424C 		.ascii	"CYBLE_ERROR_NTF_DISABLED\000"
 1508      455F4552 
 1508      524F525F 
ARM GAS  C:\Users\Lucia\AppData\Local\Temp\ccTNxJdd.s 			page 35


 1508      4E54465F 
 1508      44495341 
 1509              	.LASF18:
 1510 070e 4359424C 		.ascii	"CYBLE_EVT_HOST_INVALID\000"
 1510      455F4556 
 1510      545F484F 
 1510      53545F49 
 1510      4E56414C 
 1511              	.LASF56:
 1512 0725 4359424C 		.ascii	"CYBLE_EVT_GATTC_FIND_INFO_RSP\000"
 1512      455F4556 
 1512      545F4741 
 1512      5454435F 
 1512      46494E44 
 1513              	.LASF24:
 1514 0743 4359424C 		.ascii	"CYBLE_EVT_MEMORY_REQUEST\000"
 1514      455F4556 
 1514      545F4D45 
 1514      4D4F5259 
 1514      5F524551 
 1515              	.LASF125:
 1516 075c 62644164 		.ascii	"bdAddr\000"
 1516      647200
 1517              	.LASF27:
 1518 0763 4359424C 		.ascii	"CYBLE_EVT_GAP_PASSKEY_ENTRY_REQUEST\000"
 1518      455F4556 
 1518      545F4741 
 1518      505F5041 
 1518      53534B45 
 1519              	.LASF32:
 1520 0787 4359424C 		.ascii	"CYBLE_EVT_GAP_DEVICE_CONNECTED\000"
 1520      455F4556 
 1520      545F4741 
 1520      505F4445 
 1520      56494345 
 1521              	.LASF61:
 1522 07a6 4359424C 		.ascii	"CYBLE_EVT_GATTS_WRITE_REQ\000"
 1522      455F4556 
 1522      545F4741 
 1522      5454535F 
 1522      57524954 
 1523              	.LASF47:
 1524 07c0 4359424C 		.ascii	"CYBLE_EVT_GAP_AUTH_REQ_REPLY_ERR\000"
 1524      455F4556 
 1524      545F4741 
 1524      505F4155 
 1524      54485F52 
 1525              	.LASF74:
 1526 07e1 4359424C 		.ascii	"CYBLE_EVT_L2CAP_CONN_PARAM_UPDATE_REQ\000"
 1526      455F4556 
 1526      545F4C32 
 1526      4341505F 
 1526      434F4E4E 
 1527              	.LASF151:
 1528 0807 6379426C 		.ascii	"cyBle_state\000"
 1528      655F7374 
 1528      61746500 
ARM GAS  C:\Users\Lucia\AppData\Local\Temp\ccTNxJdd.s 			page 36


 1529              	.LASF153:
 1530 0813 474E5520 		.ascii	"GNU C11 5.4.1 20160609 (release) [ARM/embedded-5-br"
 1530      43313120 
 1530      352E342E 
 1530      31203230 
 1530      31363036 
 1531 0846 616E6368 		.ascii	"anch revision 237715] -mcpu=cortex-m0 -mthumb -g -O"
 1531      20726576 
 1531      6973696F 
 1531      6E203233 
 1531      37373135 
 1532 0879 30202D66 		.ascii	"0 -ffunction-sections -ffat-lto-objects\000"
 1532      66756E63 
 1532      74696F6E 
 1532      2D736563 
 1532      74696F6E 
 1533              	.LASF50:
 1534 08a1 4359424C 		.ascii	"CYBLE_EVT_GATT_CONNECT_IND\000"
 1534      455F4556 
 1534      545F4741 
 1534      54545F43 
 1534      4F4E4E45 
 1535              	.LASF130:
 1536 08bc 61747449 		.ascii	"attId\000"
 1536      6400
 1537              	.LASF76:
 1538 08c2 4359424C 		.ascii	"CYBLE_EVT_L2CAP_COMMAND_REJ\000"
 1538      455F4556 
 1538      545F4C32 
 1538      4341505F 
 1538      434F4D4D 
 1539              	.LASF15:
 1540 08de 72656733 		.ascii	"reg32\000"
 1540      3200
 1541              	.LASF25:
 1542 08e4 4359424C 		.ascii	"CYBLE_EVT_GAPC_SCAN_PROGRESS_RESULT\000"
 1542      455F4556 
 1542      545F4741 
 1542      50435F53 
 1542      43414E5F 
 1543              	.LASF138:
 1544 0908 68616E64 		.ascii	"handleValPair\000"
 1544      6C655661 
 1544      6C506169 
 1544      7200
 1545              	.LASF48:
 1546 0916 4359424C 		.ascii	"CYBLE_EVT_GAP_SMP_LOC_P256_KEYS_GEN_AND_SET_COMPLET"
 1546      455F4556 
 1546      545F4741 
 1546      505F534D 
 1546      505F4C4F 
 1547 0949 4500     		.ascii	"E\000"
 1548              	.LASF118:
 1549 094b 4359424C 		.ascii	"CYBLE_ERROR_MAX\000"
 1549      455F4552 
 1549      524F525F 
 1549      4D415800 
ARM GAS  C:\Users\Lucia\AppData\Local\Temp\ccTNxJdd.s 			page 37


 1550              	.LASF77:
 1551 095b 4359424C 		.ascii	"CYBLE_EVT_L2CAP_CBFC_CONN_IND\000"
 1551      455F4556 
 1551      545F4C32 
 1551      4341505F 
 1551      43424643 
 1552              	.LASF55:
 1553 0979 4359424C 		.ascii	"CYBLE_EVT_GATTC_READ_BY_TYPE_RSP\000"
 1553      455F4556 
 1553      545F4741 
 1553      5454435F 
 1553      52454144 
 1554              	.LASF17:
 1555 099a 73697A65 		.ascii	"sizetype\000"
 1555      74797065 
 1555      00
 1556              	.LASF141:
 1557 09a3 4359424C 		.ascii	"CYBLE_STATE_INITIALIZING\000"
 1557      455F5354 
 1557      4154455F 
 1557      494E4954 
 1557      49414C49 
 1558              	.LASF30:
 1559 09bc 4359424C 		.ascii	"CYBLE_EVT_GAP_AUTH_FAILED\000"
 1559      455F4556 
 1559      545F4741 
 1559      505F4155 
 1559      54485F46 
 1560              	.LASF62:
 1561 09d6 4359424C 		.ascii	"CYBLE_EVT_GATTC_WRITE_RSP\000"
 1561      455F4556 
 1561      545F4741 
 1561      5454435F 
 1561      57524954 
 1562              	.LASF43:
 1563 09f0 4359424C 		.ascii	"CYBLE_EVT_GAPC_DIRECT_ADV_REPORT\000"
 1563      455F4556 
 1563      545F4741 
 1563      50435F44 
 1563      49524543 
 1564              	.LASF41:
 1565 0a11 4359424C 		.ascii	"CYBLE_EVT_GAP_DATA_LENGTH_CHANGE\000"
 1565      455F4556 
 1565      545F4741 
 1565      505F4441 
 1565      54415F4C 
 1566              	.LASF29:
 1567 0a32 4359424C 		.ascii	"CYBLE_EVT_GAP_AUTH_COMPLETE\000"
 1567      455F4556 
 1567      545F4741 
 1567      505F4155 
 1567      54485F43 
 1568              	.LASF152:
 1569 0a4e 61706952 		.ascii	"apiResult\000"
 1569      6573756C 
 1569      7400
 1570              	.LASF124:
ARM GAS  C:\Users\Lucia\AppData\Local\Temp\ccTNxJdd.s 			page 38


 1571 0a58 4359424C 		.ascii	"CYBLE_API_RESULT_T\000"
 1571      455F4150 
 1571      495F5245 
 1571      53554C54 
 1571      5F5400
 1572              	.LASF67:
 1573 0a6b 4359424C 		.ascii	"CYBLE_EVT_GATTC_HANDLE_VALUE_NTF\000"
 1573      455F4556 
 1573      545F4741 
 1573      5454435F 
 1573      48414E44 
 1574              	.LASF120:
 1575 0a8c 4359424C 		.ascii	"CYBLE_ERROR_IND_DISABLED\000"
 1575      455F4552 
 1575      524F525F 
 1575      494E445F 
 1575      44495341 
 1576              	.LASF136:
 1577 0aa5 4359424C 		.ascii	"CYBLE_GATT_HANDLE_VALUE_PAIR_T\000"
 1577      455F4741 
 1577      54545F48 
 1577      414E444C 
 1577      455F5641 
 1578              	.LASF78:
 1579 0ac4 4359424C 		.ascii	"CYBLE_EVT_L2CAP_CBFC_CONN_CNF\000"
 1579      455F4556 
 1579      545F4C32 
 1579      4341505F 
 1579      43424643 
 1580              	.LASF54:
 1581 0ae2 4359424C 		.ascii	"CYBLE_EVT_GATTC_READ_BY_GROUP_TYPE_RSP\000"
 1581      455F4556 
 1581      545F4741 
 1581      5454435F 
 1581      52454144 
 1582              	.LASF12:
 1583 0b09 666C6F61 		.ascii	"float\000"
 1583      7400
 1584              	.LASF100:
 1585 0b0f 4359424C 		.ascii	"CYBLE_ERROR_TX_POWER_READ\000"
 1585      455F4552 
 1585      524F525F 
 1585      54585F50 
 1585      4F574552 
 1586              	.LASF121:
 1587 0b29 4359424C 		.ascii	"CYBLE_ERROR_CHAR_IS_NOT_DISCOVERED\000"
 1587      455F4552 
 1587      524F525F 
 1587      43484152 
 1587      5F49535F 
 1588              	.LASF1:
 1589 0b4c 756E7369 		.ascii	"unsigned char\000"
 1589      676E6564 
 1589      20636861 
 1589      7200
 1590              	.LASF10:
 1591 0b5a 75696E74 		.ascii	"uint16\000"
ARM GAS  C:\Users\Lucia\AppData\Local\Temp\ccTNxJdd.s 			page 39


 1591      313600
 1592              	.LASF39:
 1593 0b61 4359424C 		.ascii	"CYBLE_EVT_GAP_KEYPRESS_NOTIFICATION\000"
 1593      455F4556 
 1593      545F4741 
 1593      505F4B45 
 1593      59505245 
 1594              	.LASF2:
 1595 0b85 73686F72 		.ascii	"short int\000"
 1595      7420696E 
 1595      7400
 1596              	.LASF68:
 1597 0b8f 4359424C 		.ascii	"CYBLE_EVT_GATTC_HANDLE_VALUE_IND\000"
 1597      455F4556 
 1597      545F4741 
 1597      5454435F 
 1597      48414E44 
 1598              	.LASF154:
 1599 0bb0 73657276 		.ascii	"server.c\000"
 1599      65722E63 
 1599      00
 1600              	.LASF87:
 1601 0bb9 4359424C 		.ascii	"CYBLE_EVT_HCI_PKT\000"
 1601      455F4556 
 1601      545F4843 
 1601      495F504B 
 1601      5400
 1602              	.LASF96:
 1603 0bcb 4359424C 		.ascii	"CYBLE_ERROR_NO_CONNECTION\000"
 1603      455F4552 
 1603      524F525F 
 1603      4E4F5F43 
 1603      4F4E4E45 
 1604              	.LASF115:
 1605 0be5 4359424C 		.ascii	"CYBLE_ERROR_FLASH_WRITE\000"
 1605      455F4552 
 1605      524F525F 
 1605      464C4153 
 1605      485F5752 
 1606              	.LASF64:
 1607 0bfd 4359424C 		.ascii	"CYBLE_EVT_GATTS_PREP_WRITE_REQ\000"
 1607      455F4556 
 1607      545F4741 
 1607      5454535F 
 1607      50524550 
 1608              	.LASF116:
 1609 0c1c 4359424C 		.ascii	"CYBLE_ERROR_LL_SAME_TRANSACTION_COLLISION\000"
 1609      455F4552 
 1609      524F525F 
 1609      4C4C5F53 
 1609      414D455F 
 1610              	.LASF69:
 1611 0c46 4359424C 		.ascii	"CYBLE_EVT_GATTS_HANDLE_VALUE_CNF\000"
 1611      455F4556 
 1611      545F4741 
 1611      5454535F 
 1611      48414E44 
ARM GAS  C:\Users\Lucia\AppData\Local\Temp\ccTNxJdd.s 			page 40


 1612              	.LASF49:
 1613 0c67 4359424C 		.ascii	"CYBLE_EVT_GATTC_ERROR_RSP\000"
 1613      455F4556 
 1613      545F4741 
 1613      5454435F 
 1613      4552524F 
 1614              	.LASF44:
 1615 0c81 4359424C 		.ascii	"CYBLE_EVT_GAP_SMP_NEGOTIATED_AUTH_INFO\000"
 1615      455F4556 
 1615      545F4741 
 1615      505F534D 
 1615      505F4E45 
 1616              	.LASF123:
 1617 0ca8 4359424C 		.ascii	"CYBLE_ERROR_STACK_BUSY\000"
 1617      455F4552 
 1617      524F525F 
 1617      53544143 
 1617      4B5F4255 
 1618              	.LASF16:
 1619 0cbf 6C6F6E67 		.ascii	"long double\000"
 1619      20646F75 
 1619      626C6500 
 1620              	.LASF14:
 1621 0ccb 63686172 		.ascii	"char\000"
 1621      00
 1622              	.LASF101:
 1623 0cd0 4359424C 		.ascii	"CYBLE_ERROR_BT_ON_NOT_COMPLETED\000"
 1623      455F4552 
 1623      524F525F 
 1623      42545F4F 
 1623      4E5F4E4F 
 1624              	.LASF33:
 1625 0cf0 4359424C 		.ascii	"CYBLE_EVT_GAP_DEVICE_DISCONNECTED\000"
 1625      455F4556 
 1625      545F4741 
 1625      505F4445 
 1625      56494345 
 1626              	.LASF8:
 1627 0d12 756E7369 		.ascii	"unsigned int\000"
 1627      676E6564 
 1627      20696E74 
 1627      00
 1628              	.LASF72:
 1629 0d1f 4359424C 		.ascii	"CYBLE_EVT_GATTS_READ_CHAR_VAL_ACCESS_REQ\000"
 1629      455F4556 
 1629      545F4741 
 1629      5454535F 
 1629      52454144 
 1630              	.LASF82:
 1631 0d48 4359424C 		.ascii	"CYBLE_EVT_L2CAP_CBFC_RX_CREDIT_IND\000"
 1631      455F4556 
 1631      545F4C32 
 1631      4341505F 
 1631      43424643 
 1632              	.LASF83:
 1633 0d6b 4359424C 		.ascii	"CYBLE_EVT_L2CAP_CBFC_TX_CREDIT_IND\000"
 1633      455F4556 
ARM GAS  C:\Users\Lucia\AppData\Local\Temp\ccTNxJdd.s 			page 41


 1633      545F4C32 
 1633      4341505F 
 1633      43424643 
 1634              	.LASF111:
 1635 0d8e 4359424C 		.ascii	"CYBLE_ERROR_FLASH_WRITE_NOT_PERMITED\000"
 1635      455F4552 
 1635      524F525F 
 1635      464C4153 
 1635      485F5752 
 1636              	.LASF106:
 1637 0db3 4359424C 		.ascii	"CYBLE_ERROR_L2CAP_CONNECTION_ENTITY_NOT_FOUND\000"
 1637      455F4552 
 1637      524F525F 
 1637      4C324341 
 1637      505F434F 
 1638              	.LASF28:
 1639 0de1 4359424C 		.ascii	"CYBLE_EVT_GAP_PASSKEY_DISPLAY_REQUEST\000"
 1639      455F4556 
 1639      545F4741 
 1639      505F5041 
 1639      53534B45 
 1640              	.LASF21:
 1641 0e07 4359424C 		.ascii	"CYBLE_EVT_HARDWARE_ERROR\000"
 1641      455F4556 
 1641      545F4841 
 1641      52445741 
 1641      52455F45 
 1642              	.LASF3:
 1643 0e20 73686F72 		.ascii	"short unsigned int\000"
 1643      7420756E 
 1643      7369676E 
 1643      65642069 
 1643      6E7400
 1644              	.LASF40:
 1645 0e33 4359424C 		.ascii	"CYBLE_EVT_GAP_OOB_GENERATED_NOTIFICATION\000"
 1645      455F4556 
 1645      545F4741 
 1645      505F4F4F 
 1645      425F4745 
 1646              	.LASF92:
 1647 0e5c 4359424C 		.ascii	"CYBLE_ERROR_INVALID_OPERATION\000"
 1647      455F4552 
 1647      524F525F 
 1647      494E5641 
 1647      4C49445F 
 1648              	.LASF52:
 1649 0e7a 4359424C 		.ascii	"CYBLE_EVT_GATTS_XCNHG_MTU_REQ\000"
 1649      455F4556 
 1649      545F4741 
 1649      5454535F 
 1649      58434E48 
 1650              	.LASF150:
 1651 0e98 6576656E 		.ascii	"eventParam\000"
 1651      74506172 
 1651      616D00
 1652              	.LASF94:
 1653 0ea3 4359424C 		.ascii	"CYBLE_ERROR_INSUFFICIENT_RESOURCES\000"
ARM GAS  C:\Users\Lucia\AppData\Local\Temp\ccTNxJdd.s 			page 42


 1653      455F4552 
 1653      524F525F 
 1653      494E5355 
 1653      46464943 
 1654              	.LASF145:
 1655 0ec6 4359424C 		.ascii	"CYBLE_STATE_T\000"
 1655      455F5354 
 1655      4154455F 
 1655      5400
 1656              	.LASF117:
 1657 0ed4 4359424C 		.ascii	"CYBLE_ERROR_CONTROLLER_BUSY\000"
 1657      455F4552 
 1657      524F525F 
 1657      434F4E54 
 1657      524F4C4C 
 1658              	.LASF112:
 1659 0ef0 4359424C 		.ascii	"CYBLE_ERROR_MIC_AUTH_FAILED\000"
 1659      455F4552 
 1659      524F525F 
 1659      4D49435F 
 1659      41555448 
 1660              	.LASF142:
 1661 0f0c 4359424C 		.ascii	"CYBLE_STATE_CONNECTED\000"
 1661      455F5354 
 1661      4154455F 
 1661      434F4E4E 
 1661      45435445 
 1662              	.LASF57:
 1663 0f22 4359424C 		.ascii	"CYBLE_EVT_GATTC_FIND_BY_TYPE_VALUE_RSP\000"
 1663      455F4556 
 1663      545F4741 
 1663      5454435F 
 1663      46494E44 
 1664              	.LASF99:
 1665 0f49 4359424C 		.ascii	"CYBLE_ERROR_GAP_ROLE\000"
 1665      455F4552 
 1665      524F525F 
 1665      4741505F 
 1665      524F4C45 
 1666              	.LASF37:
 1667 0f5e 4359424C 		.ascii	"CYBLE_EVT_GAP_KEYINFO_EXCHNGE_CMPLT\000"
 1667      455F4556 
 1667      545F4741 
 1667      505F4B45 
 1667      59494E46 
 1668              	.LASF79:
 1669 0f82 4359424C 		.ascii	"CYBLE_EVT_L2CAP_CBFC_DISCONN_IND\000"
 1669      455F4556 
 1669      545F4C32 
 1669      4341505F 
 1669      43424643 
 1670              	.LASF75:
 1671 0fa3 4359424C 		.ascii	"CYBLE_EVT_L2CAP_CONN_PARAM_UPDATE_RSP\000"
 1671      455F4556 
 1671      545F4C32 
 1671      4341505F 
 1671      434F4E4E 
ARM GAS  C:\Users\Lucia\AppData\Local\Temp\ccTNxJdd.s 			page 43


 1672              	.LASF103:
 1673 0fc9 4359424C 		.ascii	"CYBLE_ERROR_L2CAP_PSM_WRONG_ENCODING\000"
 1673      455F4552 
 1673      524F525F 
 1673      4C324341 
 1673      505F5053 
 1674              	.LASF42:
 1675 0fee 4359424C 		.ascii	"CYBLE_EVT_GAP_ENHANCE_CONN_COMPLETE\000"
 1675      455F4556 
 1675      545F4741 
 1675      505F454E 
 1675      48414E43 
 1676              	.LASF128:
 1677 1012 4359424C 		.ascii	"CYBLE_GATT_DB_ATTR_HANDLE_T\000"
 1677      455F4741 
 1677      54545F44 
 1677      425F4154 
 1677      54525F48 
 1678              	.LASF146:
 1679 102e 6C6F6361 		.ascii	"localAddr\000"
 1679      6C416464 
 1679      7200
 1680              	.LASF51:
 1681 1038 4359424C 		.ascii	"CYBLE_EVT_GATT_DISCONNECT_IND\000"
 1681      455F4556 
 1681      545F4741 
 1681      54545F44 
 1681      4953434F 
 1682              	.LASF109:
 1683 1056 4359424C 		.ascii	"CYBLE_ERROR_GATT_DB_INVALID_ATTR_HANDLE\000"
 1683      455F4552 
 1683      524F525F 
 1683      47415454 
 1683      5F44425F 
 1684              	.LASF88:
 1685 107e 4359424C 		.ascii	"CYBLE_EVT_FLASH_CORRUPT\000"
 1685      455F4556 
 1685      545F464C 
 1685      4153485F 
 1685      434F5252 
 1686              	.LASF98:
 1687 1096 4359424C 		.ascii	"CYBLE_ERROR_REPEATED_ATTEMPTS\000"
 1687      455F4552 
 1687      524F525F 
 1687      52455045 
 1687      41544544 
 1688              		.ident	"GCC: (GNU Tools for ARM Embedded Processors) 5.4.1 20160609 (release) [ARM/embedded-5-bran
