ARM GAS  C:\Users\Lucia\AppData\Local\Temp\cc38IbN4.s 			page 1


   1              		.syntax unified
   2              		.cpu cortex-m0
   3              		.fpu softvfp
   4              		.eabi_attribute 20, 1
   5              		.eabi_attribute 21, 1
   6              		.eabi_attribute 23, 3
   7              		.eabi_attribute 24, 1
   8              		.eabi_attribute 25, 1
   9              		.eabi_attribute 26, 1
  10              		.eabi_attribute 30, 6
  11              		.eabi_attribute 34, 0
  12              		.eabi_attribute 18, 4
  13              		.thumb
  14              		.syntax unified
  15              		.file	"server.c"
  16              		.text
  17              	.Ltext0:
  18              		.cfi_sections	.debug_frame
  19              		.section	.rodata
  20              		.align	2
  21              	.LC1:
  22 0000 53746172 		.ascii	"StartAdvertisement API Error: %x \015\012\000"
  22      74416476 
  22      65727469 
  22      73656D65 
  22      6E742041 
  23              		.align	2
  24              	.LC3:
  25 0024 53746172 		.ascii	"Start Advertisement with addr: \000"
  25      74204164 
  25      76657274 
  25      6973656D 
  25      656E7420 
  26              		.align	2
  27              	.LC5:
  28 0044 25322E32 		.ascii	"%2.2x\000"
  28      7800
  29 004a 0000     		.align	2
  30              	.LC7:
  31 004c 0D00     		.ascii	"\015\000"
  32              		.section	.text.StartAdvertisement,"ax",%progbits
  33              		.align	2
  34              		.global	StartAdvertisement
  35              		.code	16
  36              		.thumb_func
  37              		.type	StartAdvertisement, %function
  38              	StartAdvertisement:
  39              	.LFB38:
  40              		.file 1 "server.c"
   1:server.c      **** /*******************************************************************************
   2:server.c      **** * File Name: server.c
   3:server.c      **** *
   4:server.c      **** * Version 1.0
   5:server.c      **** *
   6:server.c      **** * Description:
   7:server.c      **** *  Common BLE application code for server devices.
   8:server.c      **** *
ARM GAS  C:\Users\Lucia\AppData\Local\Temp\cc38IbN4.s 			page 2


   9:server.c      **** *******************************************************************************
  10:server.c      **** * Copyright 2014, Cypress Semiconductor Corporation.  All rights reserved.
  11:server.c      **** * You may use this file only in accordance with the license, terms, conditions,
  12:server.c      **** * disclaimers, and limitations in the end user license agreement accompanying
  13:server.c      **** * the software package with which this file was provided.
  14:server.c      **** *******************************************************************************/
  15:server.c      **** 
  16:server.c      **** #include <project.h>
  17:server.c      **** #include <stdio.h>
  18:server.c      **** #include "common.h"
  19:server.c      **** 
  20:server.c      **** 
  21:server.c      **** /*******************************************************************************
  22:server.c      **** * Function Name: StartAdvertisement
  23:server.c      **** ********************************************************************************
  24:server.c      **** *
  25:server.c      **** * Summary:
  26:server.c      **** *   Initiates the advertisement procedure.
  27:server.c      **** *   Prints the Device Address.
  28:server.c      **** *
  29:server.c      **** * Parameters:
  30:server.c      **** *   None.
  31:server.c      **** *
  32:server.c      **** * Return:
  33:server.c      **** *   None.
  34:server.c      **** *
  35:server.c      **** *******************************************************************************/
  36:server.c      **** void StartAdvertisement(void)
  37:server.c      **** {
  41              		.loc 1 37 0
  42              		.cfi_startproc
  43              		@ args = 0, pretend = 0, frame = 16
  44              		@ frame_needed = 1, uses_anonymous_args = 0
  45 0000 80B5     		push	{r7, lr}
  46              		.cfi_def_cfa_offset 8
  47              		.cfi_offset 7, -8
  48              		.cfi_offset 14, -4
  49 0002 84B0     		sub	sp, sp, #16
  50              		.cfi_def_cfa_offset 24
  51 0004 00AF     		add	r7, sp, #0
  52              		.cfi_def_cfa_register 7
  38:server.c      ****     uint16 i;
  39:server.c      ****     CYBLE_GAP_BD_ADDR_T localAddr;
  40:server.c      ****     apiResult = CyBle_GappStartAdvertisement(CYBLE_ADVERTISING_FAST);
  53              		.loc 1 40 0
  54 0006 0020     		movs	r0, #0
  55 0008 FFF7FEFF 		bl	CyBle_GappStartAdvertisement
  56 000c 0300     		movs	r3, r0
  57 000e 1A00     		movs	r2, r3
  58 0010 1D4B     		ldr	r3, .L7
  59 0012 1A80     		strh	r2, [r3]
  41:server.c      ****     if(apiResult != CYBLE_ERROR_OK)
  60              		.loc 1 41 0
  61 0014 1C4B     		ldr	r3, .L7
  62 0016 1B88     		ldrh	r3, [r3]
  63 0018 002B     		cmp	r3, #0
  64 001a 08D0     		beq	.L2
ARM GAS  C:\Users\Lucia\AppData\Local\Temp\cc38IbN4.s 			page 3


  42:server.c      ****     {
  43:server.c      ****         printf("StartAdvertisement API Error: %x \r\n", (int) apiResult);
  65              		.loc 1 43 0
  66 001c 1A4B     		ldr	r3, .L7
  67 001e 1B88     		ldrh	r3, [r3]
  68 0020 1A00     		movs	r2, r3
  69 0022 1A4B     		ldr	r3, .L7+4
  70 0024 1100     		movs	r1, r2
  71 0026 1800     		movs	r0, r3
  72 0028 FFF7FEFF 		bl	printf
  44:server.c      ****     }
  45:server.c      ****     else
  46:server.c      ****     {
  47:server.c      ****         printf("Start Advertisement with addr: ");
  48:server.c      ****         CyBle_GetDeviceAddress(&localAddr);
  49:server.c      ****         for(i = CYBLE_GAP_BD_ADDR_SIZE; i > 0u; i--)
  50:server.c      ****         {
  51:server.c      ****             printf("%2.2x", localAddr.bdAddr[i-1]);
  52:server.c      ****         }
  53:server.c      ****         printf("\r\n");
  54:server.c      ****     }
  55:server.c      **** }
  73              		.loc 1 55 0
  74 002c 28E0     		b	.L6
  75              	.L2:
  47:server.c      ****         CyBle_GetDeviceAddress(&localAddr);
  76              		.loc 1 47 0
  77 002e 184B     		ldr	r3, .L7+8
  78 0030 1800     		movs	r0, r3
  79 0032 FFF7FEFF 		bl	printf
  48:server.c      ****         for(i = CYBLE_GAP_BD_ADDR_SIZE; i > 0u; i--)
  80              		.loc 1 48 0
  81 0036 3B1D     		adds	r3, r7, #4
  82 0038 1800     		movs	r0, r3
  83 003a FFF7FEFF 		bl	CyBle_GetDeviceAddress
  49:server.c      ****         {
  84              		.loc 1 49 0
  85 003e 0E23     		movs	r3, #14
  86 0040 FB18     		adds	r3, r7, r3
  87 0042 0622     		movs	r2, #6
  88 0044 1A80     		strh	r2, [r3]
  89 0046 12E0     		b	.L4
  90              	.L5:
  51:server.c      ****         }
  91              		.loc 1 51 0 discriminator 3
  92 0048 0E23     		movs	r3, #14
  93 004a FB18     		adds	r3, r7, r3
  94 004c 1B88     		ldrh	r3, [r3]
  95 004e 013B     		subs	r3, r3, #1
  96 0050 3A1D     		adds	r2, r7, #4
  97 0052 D35C     		ldrb	r3, [r2, r3]
  98 0054 1A00     		movs	r2, r3
  99 0056 0F4B     		ldr	r3, .L7+12
 100 0058 1100     		movs	r1, r2
 101 005a 1800     		movs	r0, r3
 102 005c FFF7FEFF 		bl	printf
  49:server.c      ****         {
ARM GAS  C:\Users\Lucia\AppData\Local\Temp\cc38IbN4.s 			page 4


 103              		.loc 1 49 0 discriminator 3
 104 0060 0E23     		movs	r3, #14
 105 0062 FB18     		adds	r3, r7, r3
 106 0064 1A88     		ldrh	r2, [r3]
 107 0066 0E23     		movs	r3, #14
 108 0068 FB18     		adds	r3, r7, r3
 109 006a 013A     		subs	r2, r2, #1
 110 006c 1A80     		strh	r2, [r3]
 111              	.L4:
  49:server.c      ****         {
 112              		.loc 1 49 0 is_stmt 0 discriminator 1
 113 006e 0E23     		movs	r3, #14
 114 0070 FB18     		adds	r3, r7, r3
 115 0072 1B88     		ldrh	r3, [r3]
 116 0074 002B     		cmp	r3, #0
 117 0076 E7D1     		bne	.L5
  53:server.c      ****     }
 118              		.loc 1 53 0 is_stmt 1
 119 0078 074B     		ldr	r3, .L7+16
 120 007a 1800     		movs	r0, r3
 121 007c FFF7FEFF 		bl	puts
 122              	.L6:
 123              		.loc 1 55 0
 124 0080 C046     		nop
 125 0082 BD46     		mov	sp, r7
 126 0084 04B0     		add	sp, sp, #16
 127              		@ sp needed
 128 0086 80BD     		pop	{r7, pc}
 129              	.L8:
 130              		.align	2
 131              	.L7:
 132 0088 00000000 		.word	apiResult
 133 008c 00000000 		.word	.LC1
 134 0090 24000000 		.word	.LC3
 135 0094 44000000 		.word	.LC5
 136 0098 4C000000 		.word	.LC7
 137              		.cfi_endproc
 138              	.LFE38:
 139              		.size	StartAdvertisement, .-StartAdvertisement
 140              		.section	.rodata
 141 004e 0000     		.align	2
 142              	.LC10:
 143 0050 4359424C 		.ascii	"CYBLE_EVT_GAPP_ADVERTISEMENT_START_STOP, state: %x\015"
 143      455F4556 
 143      545F4741 
 143      50505F41 
 143      44564552 
 144 0083 0A00     		.ascii	"\012\000"
 145 0085 000000   		.align	2
 146              	.LC12:
 147 0088 48696265 		.ascii	"Hibernate \015\000"
 147      726E6174 
 147      65200D00 
 148              		.align	2
 149              	.LC14:
 150 0094 4556545F 		.ascii	"EVT_GATT_WRITE_REQ: %x = \000"
 150      47415454 
ARM GAS  C:\Users\Lucia\AppData\Local\Temp\cc38IbN4.s 			page 5


 150      5F575249 
 150      54455F52 
 150      45513A20 
 151 00ae 0000     		.align	2
 152              	.LC16:
 153 00b0 25322E32 		.ascii	"%2.2x \000"
 153      782000
 154 00b7 00       		.align	2
 155              	.LC19:
 156 00b8 4556545F 		.ascii	"EVT_GATTS_XCNHG_MTU_REQ \015\000"
 156      47415454 
 156      535F5843 
 156      4E48475F 
 156      4D54555F 
 157 00d2 0000     		.align	2
 158              	.LC21:
 159 00d4 4556545F 		.ascii	"EVT_GATTS_HANDLE_VALUE_CNF \015\000"
 159      47415454 
 159      535F4841 
 159      4E444C45 
 159      5F56414C 
 160              		.section	.text.ServerDebugOut,"ax",%progbits
 161              		.align	2
 162              		.global	ServerDebugOut
 163              		.code	16
 164              		.thumb_func
 165              		.type	ServerDebugOut, %function
 166              	ServerDebugOut:
 167              	.LFB39:
  56:server.c      **** 
  57:server.c      **** /*******************************************************************************
  58:server.c      **** * Function Name: ServerDebugOut
  59:server.c      **** ********************************************************************************
  60:server.c      **** *
  61:server.c      **** * Summary:
  62:server.c      **** *   GATT server specific event handler.
  63:server.c      **** *
  64:server.c      **** * Parameters:
  65:server.c      **** *  event - the event code.
  66:server.c      **** *  *eventParam - the event parameters.
  67:server.c      **** *
  68:server.c      **** * Return:
  69:server.c      **** *   None.
  70:server.c      **** *
  71:server.c      **** *******************************************************************************/
  72:server.c      **** void ServerDebugOut(uint32 event, void* eventParam)
  73:server.c      **** {
 168              		.loc 1 73 0
 169              		.cfi_startproc
 170              		@ args = 0, pretend = 0, frame = 16
 171              		@ frame_needed = 1, uses_anonymous_args = 0
 172 0000 80B5     		push	{r7, lr}
 173              		.cfi_def_cfa_offset 8
 174              		.cfi_offset 7, -8
 175              		.cfi_offset 14, -4
 176 0002 84B0     		sub	sp, sp, #16
 177              		.cfi_def_cfa_offset 24
ARM GAS  C:\Users\Lucia\AppData\Local\Temp\cc38IbN4.s 			page 6


 178 0004 00AF     		add	r7, sp, #0
 179              		.cfi_def_cfa_register 7
 180 0006 7860     		str	r0, [r7, #4]
 181 0008 3960     		str	r1, [r7]
  74:server.c      ****     uint16 i;
  75:server.c      ****     switch(event)
 182              		.loc 1 75 0
 183 000a 7B68     		ldr	r3, [r7, #4]
 184 000c 432B     		cmp	r3, #67
 185 000e 00D1     		bne	.LCB113
 186 0010 64E0     		b	.L11	@long jump
 187              	.LCB113:
 188 0012 02D8     		bhi	.L12
 189 0014 262B     		cmp	r3, #38
 190 0016 05D0     		beq	.L13
  76:server.c      ****     {
  77:server.c      ****         case CYBLE_EVT_GAPP_ADVERTISEMENT_START_STOP:
  78:server.c      ****             printf("CYBLE_EVT_GAPP_ADVERTISEMENT_START_STOP, state: %x\r\n", CyBle_GetState());
  79:server.c      ****             if(CYBLE_STATE_DISCONNECTED == CyBle_GetState())
  80:server.c      ****             {   
  81:server.c      ****                 /* Fast and slow advertising period complete, go to low power  
  82:server.c      ****                  * mode (Hibernate mode) and wait for an external
  83:server.c      ****                  * user event to wake up the device again */
  84:server.c      ****                 printf("Hibernate \r\n");
  85:server.c      ****                 Advertising_LED_Write(LED_OFF);
  86:server.c      ****                 Disconnect_LED_Write(LED_ON);
  87:server.c      ****                 while((UART_DEB_SpiUartGetTxBufferSize() + UART_DEB_GET_TX_FIFO_SR_VALID) != 0);
  88:server.c      ****                 SW2_ClearInterrupt();
  89:server.c      ****                 Wakeup_Interrupt_ClearPending();
  90:server.c      ****                 Wakeup_Interrupt_Start();
  91:server.c      ****                 CySysPmHibernate();
  92:server.c      ****             }
  93:server.c      ****             break;
  94:server.c      **** 
  95:server.c      ****         case CYBLE_EVT_GATTS_WRITE_REQ:
  96:server.c      ****             printf("EVT_GATT_WRITE_REQ: %x = ",((CYBLE_GATTS_WRITE_REQ_PARAM_T *)eventParam)->handl
  97:server.c      ****             for(i = 0; i < ((CYBLE_GATTS_WRITE_REQ_PARAM_T *)eventParam)->handleValPair.value.len; 
  98:server.c      ****             {
  99:server.c      ****                 printf("%2.2x ", ((CYBLE_GATTS_WRITE_REQ_PARAM_T *)eventParam)->handleValPair.value
 100:server.c      ****             }
 101:server.c      ****             printf("\r\n");
 102:server.c      ****             break;
 103:server.c      **** 
 104:server.c      ****         case CYBLE_EVT_GATTS_XCNHG_MTU_REQ:
 105:server.c      ****             printf("EVT_GATTS_XCNHG_MTU_REQ \r\n");
 106:server.c      ****             break;
 107:server.c      **** 
 108:server.c      ****         case CYBLE_EVT_GATTS_HANDLE_VALUE_CNF:
 109:server.c      ****             printf("EVT_GATTS_HANDLE_VALUE_CNF \r\n");
 110:server.c      ****             break;
 111:server.c      **** 
 112:server.c      ****         default:
 113:server.c      ****         #if (0)
 114:server.c      ****             printf("unknown event: %lx \r\n", event);
 115:server.c      ****         #endif
 116:server.c      ****             break;
 191              		.loc 1 116 0
ARM GAS  C:\Users\Lucia\AppData\Local\Temp\cc38IbN4.s 			page 7


 192 0018 6BE0     		b	.L20
 193              	.L12:
  75:server.c      ****     {
 194              		.loc 1 75 0
 195 001a 4C2B     		cmp	r3, #76
 196 001c 31D0     		beq	.L14
 197 001e 542B     		cmp	r3, #84
 198 0020 61D0     		beq	.L15
 199              		.loc 1 116 0
 200 0022 66E0     		b	.L20
 201              	.L13:
  78:server.c      ****             if(CYBLE_STATE_DISCONNECTED == CyBle_GetState())
 202              		.loc 1 78 0
 203 0024 354B     		ldr	r3, .L24
 204 0026 1B78     		ldrb	r3, [r3]
 205 0028 1A00     		movs	r2, r3
 206 002a 354B     		ldr	r3, .L24+4
 207 002c 1100     		movs	r1, r2
 208 002e 1800     		movs	r0, r3
 209 0030 FFF7FEFF 		bl	printf
  79:server.c      ****             {   
 210              		.loc 1 79 0
 211 0034 314B     		ldr	r3, .L24
 212 0036 1B78     		ldrb	r3, [r3]
 213 0038 042B     		cmp	r3, #4
 214 003a 59D1     		bne	.L23
  84:server.c      ****                 Advertising_LED_Write(LED_OFF);
 215              		.loc 1 84 0
 216 003c 314B     		ldr	r3, .L24+8
 217 003e 1800     		movs	r0, r3
 218 0040 FFF7FEFF 		bl	puts
  85:server.c      ****                 Disconnect_LED_Write(LED_ON);
 219              		.loc 1 85 0
 220 0044 0120     		movs	r0, #1
 221 0046 FFF7FEFF 		bl	Advertising_LED_Write
  86:server.c      ****                 while((UART_DEB_SpiUartGetTxBufferSize() + UART_DEB_GET_TX_FIFO_SR_VALID) != 0);
 222              		.loc 1 86 0
 223 004a 0020     		movs	r0, #0
 224 004c FFF7FEFF 		bl	Disconnect_LED_Write
  87:server.c      ****                 SW2_ClearInterrupt();
 225              		.loc 1 87 0
 226 0050 C046     		nop
 227              	.L19:
  87:server.c      ****                 SW2_ClearInterrupt();
 228              		.loc 1 87 0 is_stmt 0 discriminator 5
 229 0052 FFF7FEFF 		bl	UART_DEB_SpiUartGetTxBufferSize
 230 0056 0100     		movs	r1, r0
 231 0058 2B4B     		ldr	r3, .L24+12
 232 005a 1A68     		ldr	r2, [r3]
 233 005c 8023     		movs	r3, #128
 234 005e 1B02     		lsls	r3, r3, #8
 235 0060 1340     		ands	r3, r2
 236 0062 01D0     		beq	.L17
  87:server.c      ****                 SW2_ClearInterrupt();
 237              		.loc 1 87 0 discriminator 1
 238 0064 0123     		movs	r3, #1
 239 0066 00E0     		b	.L18
ARM GAS  C:\Users\Lucia\AppData\Local\Temp\cc38IbN4.s 			page 8


 240              	.L17:
  87:server.c      ****                 SW2_ClearInterrupt();
 241              		.loc 1 87 0 discriminator 2
 242 0068 0023     		movs	r3, #0
 243              	.L18:
  87:server.c      ****                 SW2_ClearInterrupt();
 244              		.loc 1 87 0 discriminator 4
 245 006a CB18     		adds	r3, r1, r3
 246 006c 002B     		cmp	r3, #0
 247 006e F0D1     		bne	.L19
  88:server.c      ****                 Wakeup_Interrupt_ClearPending();
 248              		.loc 1 88 0 is_stmt 1
 249 0070 FFF7FEFF 		bl	SW2_ClearInterrupt
  89:server.c      ****                 Wakeup_Interrupt_Start();
 250              		.loc 1 89 0
 251 0074 FFF7FEFF 		bl	Wakeup_Interrupt_ClearPending
  90:server.c      ****                 CySysPmHibernate();
 252              		.loc 1 90 0
 253 0078 FFF7FEFF 		bl	Wakeup_Interrupt_Start
  91:server.c      ****             }
 254              		.loc 1 91 0
 255 007c FFF7FEFF 		bl	CySysPmHibernate
  93:server.c      **** 
 256              		.loc 1 93 0
 257 0080 36E0     		b	.L23
 258              	.L14:
  96:server.c      ****             for(i = 0; i < ((CYBLE_GATTS_WRITE_REQ_PARAM_T *)eventParam)->handleValPair.value.len; 
 259              		.loc 1 96 0
 260 0082 3B68     		ldr	r3, [r7]
 261 0084 9B89     		ldrh	r3, [r3, #12]
 262 0086 1A00     		movs	r2, r3
 263 0088 204B     		ldr	r3, .L24+16
 264 008a 1100     		movs	r1, r2
 265 008c 1800     		movs	r0, r3
 266 008e FFF7FEFF 		bl	printf
  97:server.c      ****             {
 267              		.loc 1 97 0
 268 0092 0E23     		movs	r3, #14
 269 0094 FB18     		adds	r3, r7, r3
 270 0096 0022     		movs	r2, #0
 271 0098 1A80     		strh	r2, [r3]
 272 009a 13E0     		b	.L21
 273              	.L22:
  99:server.c      ****             }
 274              		.loc 1 99 0 discriminator 3
 275 009c 3B68     		ldr	r3, [r7]
 276 009e 5A68     		ldr	r2, [r3, #4]
 277 00a0 0E23     		movs	r3, #14
 278 00a2 FB18     		adds	r3, r7, r3
 279 00a4 1B88     		ldrh	r3, [r3]
 280 00a6 D318     		adds	r3, r2, r3
 281 00a8 1B78     		ldrb	r3, [r3]
 282 00aa 1A00     		movs	r2, r3
 283 00ac 184B     		ldr	r3, .L24+20
 284 00ae 1100     		movs	r1, r2
 285 00b0 1800     		movs	r0, r3
 286 00b2 FFF7FEFF 		bl	printf
ARM GAS  C:\Users\Lucia\AppData\Local\Temp\cc38IbN4.s 			page 9


  97:server.c      ****             {
 287              		.loc 1 97 0 discriminator 3
 288 00b6 0E23     		movs	r3, #14
 289 00b8 FB18     		adds	r3, r7, r3
 290 00ba 1A88     		ldrh	r2, [r3]
 291 00bc 0E23     		movs	r3, #14
 292 00be FB18     		adds	r3, r7, r3
 293 00c0 0132     		adds	r2, r2, #1
 294 00c2 1A80     		strh	r2, [r3]
 295              	.L21:
  97:server.c      ****             {
 296              		.loc 1 97 0 is_stmt 0 discriminator 1
 297 00c4 3B68     		ldr	r3, [r7]
 298 00c6 1B89     		ldrh	r3, [r3, #8]
 299 00c8 0E22     		movs	r2, #14
 300 00ca BA18     		adds	r2, r7, r2
 301 00cc 1288     		ldrh	r2, [r2]
 302 00ce 9A42     		cmp	r2, r3
 303 00d0 E4D3     		bcc	.L22
 101:server.c      ****             break;
 304              		.loc 1 101 0 is_stmt 1
 305 00d2 104B     		ldr	r3, .L24+24
 306 00d4 1800     		movs	r0, r3
 307 00d6 FFF7FEFF 		bl	puts
 102:server.c      **** 
 308              		.loc 1 102 0
 309 00da 0AE0     		b	.L20
 310              	.L11:
 105:server.c      ****             break;
 311              		.loc 1 105 0
 312 00dc 0E4B     		ldr	r3, .L24+28
 313 00de 1800     		movs	r0, r3
 314 00e0 FFF7FEFF 		bl	puts
 106:server.c      **** 
 315              		.loc 1 106 0
 316 00e4 05E0     		b	.L20
 317              	.L15:
 109:server.c      ****             break;
 318              		.loc 1 109 0
 319 00e6 0D4B     		ldr	r3, .L24+32
 320 00e8 1800     		movs	r0, r3
 321 00ea FFF7FEFF 		bl	puts
 110:server.c      **** 
 322              		.loc 1 110 0
 323 00ee 00E0     		b	.L20
 324              	.L23:
  93:server.c      **** 
 325              		.loc 1 93 0
 326 00f0 C046     		nop
 327              	.L20:
 117:server.c      ****     }
 118:server.c      **** }
 328              		.loc 1 118 0
 329 00f2 C046     		nop
 330 00f4 BD46     		mov	sp, r7
 331 00f6 04B0     		add	sp, sp, #16
 332              		@ sp needed
ARM GAS  C:\Users\Lucia\AppData\Local\Temp\cc38IbN4.s 			page 10


 333 00f8 80BD     		pop	{r7, pc}
 334              	.L25:
 335 00fa C046     		.align	2
 336              	.L24:
 337 00fc 00000000 		.word	cyBle_state
 338 0100 50000000 		.word	.LC10
 339 0104 88000000 		.word	.LC12
 340 0108 08022440 		.word	1076101640
 341 010c 94000000 		.word	.LC14
 342 0110 B0000000 		.word	.LC16
 343 0114 4C000000 		.word	.LC7
 344 0118 B8000000 		.word	.LC19
 345 011c D4000000 		.word	.LC21
 346              		.cfi_endproc
 347              	.LFE39:
 348              		.size	ServerDebugOut, .-ServerDebugOut
 349              		.text
 350              	.Letext0:
 351              		.file 2 "Generated_Source\\PSoC4/cytypes.h"
 352              		.file 3 "Generated_Source\\PSoC4/CYBLE_Stack.h"
 353              		.file 4 "Generated_Source\\PSoC4/CYBLE_StackGatt.h"
 354              		.file 5 "Generated_Source\\PSoC4/CYBLE_StackGattServer.h"
 355              		.file 6 "Generated_Source\\PSoC4/CYBLE_eventHandler.h"
 356              		.file 7 "common.h"
 357              		.section	.debug_info,"",%progbits
 358              	.Ldebug_info0:
 359 0000 3D050000 		.4byte	0x53d
 360 0004 0400     		.2byte	0x4
 361 0006 00000000 		.4byte	.Ldebug_abbrev0
 362 000a 04       		.byte	0x4
 363 000b 01       		.uleb128 0x1
 364 000c 56080000 		.4byte	.LASF152
 365 0010 0C       		.byte	0xc
 366 0011 27090000 		.4byte	.LASF153
 367 0015 CB040000 		.4byte	.LASF154
 368 0019 00000000 		.4byte	.Ldebug_ranges0+0
 369 001d 00000000 		.4byte	0
 370 0021 00000000 		.4byte	.Ldebug_line0
 371 0025 02       		.uleb128 0x2
 372 0026 01       		.byte	0x1
 373 0027 06       		.byte	0x6
 374 0028 25030000 		.4byte	.LASF0
 375 002c 02       		.uleb128 0x2
 376 002d 01       		.byte	0x1
 377 002e 08       		.byte	0x8
 378 002f A90B0000 		.4byte	.LASF1
 379 0033 02       		.uleb128 0x2
 380 0034 02       		.byte	0x2
 381 0035 05       		.byte	0x5
 382 0036 E20B0000 		.4byte	.LASF2
 383 003a 02       		.uleb128 0x2
 384 003b 02       		.byte	0x2
 385 003c 07       		.byte	0x7
 386 003d 130E0000 		.4byte	.LASF3
 387 0041 02       		.uleb128 0x2
 388 0042 04       		.byte	0x4
 389 0043 05       		.byte	0x5
ARM GAS  C:\Users\Lucia\AppData\Local\Temp\cc38IbN4.s 			page 11


 390 0044 EE010000 		.4byte	.LASF4
 391 0048 02       		.uleb128 0x2
 392 0049 04       		.byte	0x4
 393 004a 07       		.byte	0x7
 394 004b A5060000 		.4byte	.LASF5
 395 004f 02       		.uleb128 0x2
 396 0050 08       		.byte	0x8
 397 0051 05       		.byte	0x5
 398 0052 17030000 		.4byte	.LASF6
 399 0056 02       		.uleb128 0x2
 400 0057 08       		.byte	0x8
 401 0058 07       		.byte	0x7
 402 0059 ED050000 		.4byte	.LASF7
 403 005d 03       		.uleb128 0x3
 404 005e 04       		.byte	0x4
 405 005f 05       		.byte	0x5
 406 0060 696E7400 		.ascii	"int\000"
 407 0064 02       		.uleb128 0x2
 408 0065 04       		.byte	0x4
 409 0066 07       		.byte	0x7
 410 0067 280D0000 		.4byte	.LASF8
 411 006b 04       		.uleb128 0x4
 412 006c 59040000 		.4byte	.LASF9
 413 0070 02       		.byte	0x2
 414 0071 B901     		.2byte	0x1b9
 415 0073 2C000000 		.4byte	0x2c
 416 0077 04       		.uleb128 0x4
 417 0078 B70B0000 		.4byte	.LASF10
 418 007c 02       		.byte	0x2
 419 007d BA01     		.2byte	0x1ba
 420 007f 3A000000 		.4byte	0x3a
 421 0083 04       		.uleb128 0x4
 422 0084 C4040000 		.4byte	.LASF11
 423 0088 02       		.byte	0x2
 424 0089 BB01     		.2byte	0x1bb
 425 008b 48000000 		.4byte	0x48
 426 008f 02       		.uleb128 0x2
 427 0090 04       		.byte	0x4
 428 0091 04       		.byte	0x4
 429 0092 660B0000 		.4byte	.LASF12
 430 0096 02       		.uleb128 0x2
 431 0097 08       		.byte	0x8
 432 0098 04       		.byte	0x4
 433 0099 7E040000 		.4byte	.LASF13
 434 009d 02       		.uleb128 0x2
 435 009e 01       		.byte	0x1
 436 009f 08       		.byte	0x8
 437 00a0 E10C0000 		.4byte	.LASF14
 438 00a4 04       		.uleb128 0x4
 439 00a5 21090000 		.4byte	.LASF15
 440 00a9 02       		.byte	0x2
 441 00aa 6502     		.2byte	0x265
 442 00ac B0000000 		.4byte	0xb0
 443 00b0 05       		.uleb128 0x5
 444 00b1 83000000 		.4byte	0x83
 445 00b5 02       		.uleb128 0x2
 446 00b6 08       		.byte	0x8
ARM GAS  C:\Users\Lucia\AppData\Local\Temp\cc38IbN4.s 			page 12


 447 00b7 04       		.byte	0x4
 448 00b8 D50C0000 		.4byte	.LASF16
 449 00bc 02       		.uleb128 0x2
 450 00bd 04       		.byte	0x4
 451 00be 07       		.byte	0x7
 452 00bf BC090000 		.4byte	.LASF17
 453 00c3 06       		.uleb128 0x6
 454 00c4 04       		.byte	0x4
 455 00c5 07       		.uleb128 0x7
 456 00c6 01       		.byte	0x1
 457 00c7 2C000000 		.4byte	0x2c
 458 00cb 03       		.byte	0x3
 459 00cc 4D01     		.2byte	0x14d
 460 00ce 83020000 		.4byte	0x283
 461 00d2 08       		.uleb128 0x8
 462 00d3 91070000 		.4byte	.LASF18
 463 00d7 00       		.byte	0
 464 00d8 08       		.uleb128 0x8
 465 00d9 31030000 		.4byte	.LASF19
 466 00dd 01       		.byte	0x1
 467 00de 08       		.uleb128 0x8
 468 00df DC010000 		.4byte	.LASF20
 469 00e3 02       		.byte	0x2
 470 00e4 08       		.uleb128 0x8
 471 00e5 FA0D0000 		.4byte	.LASF21
 472 00e9 03       		.byte	0x3
 473 00ea 08       		.uleb128 0x8
 474 00eb 4C020000 		.4byte	.LASF22
 475 00ef 04       		.byte	0x4
 476 00f0 08       		.uleb128 0x8
 477 00f1 23000000 		.4byte	.LASF23
 478 00f5 05       		.byte	0x5
 479 00f6 08       		.uleb128 0x8
 480 00f7 C6070000 		.4byte	.LASF24
 481 00fb 06       		.byte	0x6
 482 00fc 08       		.uleb128 0x8
 483 00fd FE0F0000 		.4byte	.LASF25
 484 0101 20       		.byte	0x20
 485 0102 08       		.uleb128 0x8
 486 0103 8D030000 		.4byte	.LASF26
 487 0107 21       		.byte	0x21
 488 0108 08       		.uleb128 0x8
 489 0109 E6070000 		.4byte	.LASF27
 490 010d 22       		.byte	0x22
 491 010e 08       		.uleb128 0x8
 492 010f D40D0000 		.4byte	.LASF28
 493 0113 23       		.byte	0x23
 494 0114 08       		.uleb128 0x8
 495 0115 8F0A0000 		.4byte	.LASF29
 496 0119 24       		.byte	0x24
 497 011a 08       		.uleb128 0x8
 498 011b FC090000 		.4byte	.LASF30
 499 011f 25       		.byte	0x25
 500 0120 08       		.uleb128 0x8
 501 0121 0E040000 		.4byte	.LASF31
 502 0125 26       		.byte	0x26
 503 0126 08       		.uleb128 0x8
ARM GAS  C:\Users\Lucia\AppData\Local\Temp\cc38IbN4.s 			page 13


 504 0127 0A080000 		.4byte	.LASF32
 505 012b 27       		.byte	0x27
 506 012c 08       		.uleb128 0x8
 507 012d 060D0000 		.4byte	.LASF33
 508 0131 28       		.byte	0x28
 509 0132 08       		.uleb128 0x8
 510 0133 B9020000 		.4byte	.LASF34
 511 0137 29       		.byte	0x29
 512 0138 08       		.uleb128 0x8
 513 0139 B6000000 		.4byte	.LASF35
 514 013d 2A       		.byte	0x2a
 515 013e 08       		.uleb128 0x8
 516 013f 33010000 		.4byte	.LASF36
 517 0143 2B       		.byte	0x2b
 518 0144 08       		.uleb128 0x8
 519 0145 6B0F0000 		.4byte	.LASF37
 520 0149 2C       		.byte	0x2c
 521 014a 08       		.uleb128 0x8
 522 014b D6020000 		.4byte	.LASF38
 523 014f 2D       		.byte	0x2d
 524 0150 08       		.uleb128 0x8
 525 0151 BE0B0000 		.4byte	.LASF39
 526 0155 2E       		.byte	0x2e
 527 0156 08       		.uleb128 0x8
 528 0157 52010000 		.4byte	.LASF40
 529 015b 2F       		.byte	0x2f
 530 015c 08       		.uleb128 0x8
 531 015d 510A0000 		.4byte	.LASF41
 532 0161 30       		.byte	0x30
 533 0162 08       		.uleb128 0x8
 534 0163 BE0F0000 		.4byte	.LASF42
 535 0167 31       		.byte	0x31
 536 0168 08       		.uleb128 0x8
 537 0169 300A0000 		.4byte	.LASF43
 538 016d 32       		.byte	0x32
 539 016e 08       		.uleb128 0x8
 540 016f 970C0000 		.4byte	.LASF44
 541 0173 33       		.byte	0x33
 542 0174 08       		.uleb128 0x8
 543 0175 B7060000 		.4byte	.LASF45
 544 0179 34       		.byte	0x34
 545 017a 08       		.uleb128 0x8
 546 017b 720A0000 		.4byte	.LASF46
 547 017f 35       		.byte	0x35
 548 0180 08       		.uleb128 0x8
 549 0181 29080000 		.4byte	.LASF47
 550 0185 36       		.byte	0x36
 551 0186 08       		.uleb128 0x8
 552 0187 3E090000 		.4byte	.LASF48
 553 018b 37       		.byte	0x37
 554 018c 08       		.uleb128 0x8
 555 018d 7E050000 		.4byte	.LASF49
 556 0191 40       		.byte	0x40
 557 0192 08       		.uleb128 0x8
 558 0193 E4080000 		.4byte	.LASF50
 559 0197 41       		.byte	0x41
 560 0198 08       		.uleb128 0x8
ARM GAS  C:\Users\Lucia\AppData\Local\Temp\cc38IbN4.s 			page 14


 561 0199 2C100000 		.4byte	.LASF51
 562 019d 42       		.byte	0x42
 563 019e 08       		.uleb128 0x8
 564 019f 440E0000 		.4byte	.LASF52
 565 01a3 43       		.byte	0x43
 566 01a4 08       		.uleb128 0x8
 567 01a5 E9060000 		.4byte	.LASF53
 568 01a9 44       		.byte	0x44
 569 01aa 08       		.uleb128 0x8
 570 01ab 3F0B0000 		.4byte	.LASF54
 571 01af 45       		.byte	0x45
 572 01b0 08       		.uleb128 0x8
 573 01b1 9B090000 		.4byte	.LASF55
 574 01b5 46       		.byte	0x46
 575 01b6 08       		.uleb128 0x8
 576 01b7 A8070000 		.4byte	.LASF56
 577 01bb 47       		.byte	0x47
 578 01bc 08       		.uleb128 0x8
 579 01bd 2F0F0000 		.4byte	.LASF57
 580 01c1 48       		.byte	0x48
 581 01c2 08       		.uleb128 0x8
 582 01c3 A4030000 		.4byte	.LASF58
 583 01c7 49       		.byte	0x49
 584 01c8 08       		.uleb128 0x8
 585 01c9 9E0E0000 		.4byte	.LASF59
 586 01cd 4A       		.byte	0x4a
 587 01ce 08       		.uleb128 0x8
 588 01cf 7B010000 		.4byte	.LASF60
 589 01d3 4B       		.byte	0x4b
 590 01d4 08       		.uleb128 0x8
 591 01d5 CF060000 		.4byte	.LASF61
 592 01d9 4C       		.byte	0x4c
 593 01da 08       		.uleb128 0x8
 594 01db 160A0000 		.4byte	.LASF62
 595 01df 4D       		.byte	0x4d
 596 01e0 08       		.uleb128 0x8
 597 01e1 D7030000 		.4byte	.LASF63
 598 01e5 4E       		.byte	0x4e
 599 01e6 08       		.uleb128 0x8
 600 01e7 390C0000 		.4byte	.LASF64
 601 01eb 4F       		.byte	0x4f
 602 01ec 08       		.uleb128 0x8
 603 01ed 9A010000 		.4byte	.LASF65
 604 01f1 50       		.byte	0x50
 605 01f2 08       		.uleb128 0x8
 606 01f3 5F040000 		.4byte	.LASF66
 607 01f7 51       		.byte	0x51
 608 01f8 08       		.uleb128 0x8
 609 01f9 C80A0000 		.4byte	.LASF67
 610 01fd 52       		.byte	0x52
 611 01fe 08       		.uleb128 0x8
 612 01ff EC0B0000 		.4byte	.LASF68
 613 0203 53       		.byte	0x53
 614 0204 08       		.uleb128 0x8
 615 0205 580C0000 		.4byte	.LASF69
 616 0209 54       		.byte	0x54
 617 020a 08       		.uleb128 0x8
ARM GAS  C:\Users\Lucia\AppData\Local\Temp\cc38IbN4.s 			page 15


 618 020b 07070000 		.4byte	.LASF70
 619 020f 55       		.byte	0x55
 620 0210 08       		.uleb128 0x8
 621 0211 0A060000 		.4byte	.LASF71
 622 0215 56       		.byte	0x56
 623 0216 08       		.uleb128 0x8
 624 0217 350D0000 		.4byte	.LASF72
 625 021b 57       		.byte	0x57
 626 021c 08       		.uleb128 0x8
 627 021d 2B070000 		.4byte	.LASF73
 628 0221 58       		.byte	0x58
 629 0222 08       		.uleb128 0x8
 630 0223 98050000 		.4byte	.LASF74
 631 0227 70       		.byte	0x70
 632 0228 08       		.uleb128 0x8
 633 0229 980F0000 		.4byte	.LASF75
 634 022d 71       		.byte	0x71
 635 022e 08       		.uleb128 0x8
 636 022f 05090000 		.4byte	.LASF76
 637 0233 72       		.byte	0x72
 638 0234 08       		.uleb128 0x8
 639 0235 B9010000 		.4byte	.LASF77
 640 0239 73       		.byte	0x73
 641 023a 08       		.uleb128 0x8
 642 023b 210B0000 		.4byte	.LASF78
 643 023f 74       		.byte	0x74
 644 0240 08       		.uleb128 0x8
 645 0241 85040000 		.4byte	.LASF79
 646 0245 75       		.byte	0x75
 647 0246 08       		.uleb128 0x8
 648 0247 DF000000 		.4byte	.LASF80
 649 024b 76       		.byte	0x76
 650 024c 08       		.uleb128 0x8
 651 024d 53000000 		.4byte	.LASF81
 652 0251 77       		.byte	0x77
 653 0252 08       		.uleb128 0x8
 654 0253 00000000 		.4byte	.LASF82
 655 0257 78       		.byte	0x78
 656 0258 08       		.uleb128 0x8
 657 0259 5E0D0000 		.4byte	.LASF83
 658 025d 79       		.byte	0x79
 659 025e 08       		.uleb128 0x8
 660 025f BE050000 		.4byte	.LASF84
 661 0263 7A       		.byte	0x7a
 662 0264 08       		.uleb128 0x8
 663 0265 61020000 		.4byte	.LASF85
 664 0269 FA       		.byte	0xfa
 665 026a 08       		.uleb128 0x8
 666 026b 4A060000 		.4byte	.LASF86
 667 026f FB       		.byte	0xfb
 668 0270 08       		.uleb128 0x8
 669 0271 0D0C0000 		.4byte	.LASF87
 670 0275 FC       		.byte	0xfc
 671 0276 08       		.uleb128 0x8
 672 0277 72100000 		.4byte	.LASF88
 673 027b FD       		.byte	0xfd
 674 027c 08       		.uleb128 0x8
ARM GAS  C:\Users\Lucia\AppData\Local\Temp\cc38IbN4.s 			page 16


 675 027d 61050000 		.4byte	.LASF89
 676 0281 FF       		.byte	0xff
 677 0282 00       		.byte	0
 678 0283 07       		.uleb128 0x7
 679 0284 02       		.byte	0x2
 680 0285 3A000000 		.4byte	0x3a
 681 0289 03       		.byte	0x3
 682 028a 0204     		.2byte	0x402
 683 028c 5C030000 		.4byte	0x35c
 684 0290 08       		.uleb128 0x8
 685 0291 6F050000 		.4byte	.LASF90
 686 0295 00       		.byte	0
 687 0296 08       		.uleb128 0x8
 688 0297 A6040000 		.4byte	.LASF91
 689 029b 01       		.byte	0x1
 690 029c 08       		.uleb128 0x8
 691 029d 260E0000 		.4byte	.LASF92
 692 02a1 02       		.byte	0x2
 693 02a2 08       		.uleb128 0x8
 694 02a3 91000000 		.4byte	.LASF93
 695 02a7 03       		.byte	0x3
 696 02a8 08       		.uleb128 0x8
 697 02a9 6D0E0000 		.4byte	.LASF94
 698 02ad 04       		.byte	0x4
 699 02ae 08       		.uleb128 0x8
 700 02af 2C060000 		.4byte	.LASF95
 701 02b3 05       		.byte	0x5
 702 02b4 08       		.uleb128 0x8
 703 02b5 1F0C0000 		.4byte	.LASF96
 704 02b9 06       		.byte	0x6
 705 02ba 08       		.uleb128 0x8
 706 02bb 66030000 		.4byte	.LASF97
 707 02bf 07       		.byte	0x7
 708 02c0 08       		.uleb128 0x8
 709 02c1 790C0000 		.4byte	.LASF98
 710 02c5 08       		.byte	0x8
 711 02c6 08       		.uleb128 0x8
 712 02c7 560F0000 		.4byte	.LASF99
 713 02cb 09       		.byte	0x9
 714 02cc 08       		.uleb128 0x8
 715 02cd 6C0B0000 		.4byte	.LASF100
 716 02d1 0A       		.byte	0xa
 717 02d2 08       		.uleb128 0x8
 718 02d3 E60C0000 		.4byte	.LASF101
 719 02d7 0B       		.byte	0xb
 720 02d8 08       		.uleb128 0x8
 721 02d9 A2020000 		.4byte	.LASF102
 722 02dd 0C       		.byte	0xc
 723 02de 08       		.uleb128 0x8
 724 02df 14020000 		.4byte	.LASF103
 725 02e3 0D       		.byte	0xd
 726 02e4 08       		.uleb128 0x8
 727 02e5 7C060000 		.4byte	.LASF104
 728 02e9 0E       		.byte	0xe
 729 02ea 08       		.uleb128 0x8
 730 02eb F40E0000 		.4byte	.LASF105
 731 02ef 0F       		.byte	0xf
ARM GAS  C:\Users\Lucia\AppData\Local\Temp\cc38IbN4.s 			page 17


 732 02f0 08       		.uleb128 0x8
 733 02f1 A60D0000 		.4byte	.LASF106
 734 02f5 10       		.byte	0x10
 735 02f6 08       		.uleb128 0x8
 736 02f7 4E070000 		.4byte	.LASF107
 737 02fb 11       		.byte	0x11
 738 02fc 08       		.uleb128 0x8
 739 02fd 36040000 		.4byte	.LASF108
 740 0301 12       		.byte	0x12
 741 0302 08       		.uleb128 0x8
 742 0303 4A100000 		.4byte	.LASF109
 743 0307 13       		.byte	0x13
 744 0308 08       		.uleb128 0x8
 745 0309 44030000 		.4byte	.LASF110
 746 030d 27       		.byte	0x27
 747 030e 08       		.uleb128 0x8
 748 030f 810D0000 		.4byte	.LASF111
 749 0313 28       		.byte	0x28
 750 0314 08       		.uleb128 0x8
 751 0315 D80E0000 		.4byte	.LASF112
 752 0319 29       		.byte	0x29
 753 031a 08       		.uleb128 0x8
 754 031b F7010000 		.4byte	.LASF113
 755 031f 2A       		.byte	0x2a
 756 0320 08       		.uleb128 0x8
 757 0321 00010000 		.4byte	.LASF114
 758 0325 2B       		.byte	0x2b
 759 0326 08       		.uleb128 0x8
 760 0327 83090000 		.4byte	.LASF115
 761 032b 2C       		.byte	0x2c
 762 032c 08       		.uleb128 0x8
 763 032d BC0E0000 		.4byte	.LASF116
 764 0331 FE       		.byte	0xfe
 765 0332 08       		.uleb128 0x8
 766 0333 73090000 		.4byte	.LASF117
 767 0337 FF       		.byte	0xff
 768 0338 09       		.uleb128 0x9
 769 0339 78070000 		.4byte	.LASF118
 770 033d 0001     		.2byte	0x100
 771 033f 09       		.uleb128 0x9
 772 0340 E90A0000 		.4byte	.LASF119
 773 0344 0101     		.2byte	0x101
 774 0346 09       		.uleb128 0x9
 775 0347 860B0000 		.4byte	.LASF120
 776 034b 0201     		.2byte	0x102
 777 034d 09       		.uleb128 0x9
 778 034e BD030000 		.4byte	.LASF121
 779 0352 0301     		.2byte	0x103
 780 0354 09       		.uleb128 0x9
 781 0355 BE0C0000 		.4byte	.LASF122
 782 0359 0401     		.2byte	0x104
 783 035b 00       		.byte	0
 784 035c 04       		.uleb128 0x4
 785 035d B50A0000 		.4byte	.LASF123
 786 0361 03       		.byte	0x3
 787 0362 7104     		.2byte	0x471
 788 0364 83020000 		.4byte	0x283
ARM GAS  C:\Users\Lucia\AppData\Local\Temp\cc38IbN4.s 			page 18


 789 0368 0A       		.uleb128 0xa
 790 0369 07       		.byte	0x7
 791 036a 03       		.byte	0x3
 792 036b 3F05     		.2byte	0x53f
 793 036d 8C030000 		.4byte	0x38c
 794 0371 0B       		.uleb128 0xb
 795 0372 DF070000 		.4byte	.LASF124
 796 0376 03       		.byte	0x3
 797 0377 4205     		.2byte	0x542
 798 0379 8C030000 		.4byte	0x38c
 799 037d 00       		.byte	0
 800 037e 0B       		.uleb128 0xb
 801 037f D7010000 		.4byte	.LASF125
 802 0383 03       		.byte	0x3
 803 0384 4405     		.2byte	0x544
 804 0386 6B000000 		.4byte	0x6b
 805 038a 06       		.byte	0x6
 806 038b 00       		.byte	0
 807 038c 0C       		.uleb128 0xc
 808 038d 6B000000 		.4byte	0x6b
 809 0391 9C030000 		.4byte	0x39c
 810 0395 0D       		.uleb128 0xd
 811 0396 BC000000 		.4byte	0xbc
 812 039a 05       		.byte	0x5
 813 039b 00       		.byte	0
 814 039c 04       		.uleb128 0x4
 815 039d 8E020000 		.4byte	.LASF126
 816 03a1 03       		.byte	0x3
 817 03a2 4505     		.2byte	0x545
 818 03a4 68030000 		.4byte	0x368
 819 03a8 0E       		.uleb128 0xe
 820 03a9 04       		.byte	0x4
 821 03aa 6B000000 		.4byte	0x6b
 822 03ae 04       		.uleb128 0x4
 823 03af E20F0000 		.4byte	.LASF127
 824 03b3 04       		.byte	0x4
 825 03b4 8901     		.2byte	0x189
 826 03b6 77000000 		.4byte	0x77
 827 03ba 0A       		.uleb128 0xa
 828 03bb 02       		.byte	0x2
 829 03bc 04       		.byte	0x4
 830 03bd 9301     		.2byte	0x193
 831 03bf DE030000 		.4byte	0x3de
 832 03c3 0B       		.uleb128 0xb
 833 03c4 8F0F0000 		.4byte	.LASF128
 834 03c8 04       		.byte	0x4
 835 03c9 9A01     		.2byte	0x19a
 836 03cb 6B000000 		.4byte	0x6b
 837 03cf 00       		.byte	0
 838 03d0 0B       		.uleb128 0xb
 839 03d1 FF080000 		.4byte	.LASF129
 840 03d5 04       		.byte	0x4
 841 03d6 A001     		.2byte	0x1a0
 842 03d8 6B000000 		.4byte	0x6b
 843 03dc 01       		.byte	0x1
 844 03dd 00       		.byte	0
 845 03de 04       		.uleb128 0x4
ARM GAS  C:\Users\Lucia\AppData\Local\Temp\cc38IbN4.s 			page 19


 846 03df 72000000 		.4byte	.LASF130
 847 03e3 04       		.byte	0x4
 848 03e4 A201     		.2byte	0x1a2
 849 03e6 BA030000 		.4byte	0x3ba
 850 03ea 0A       		.uleb128 0xa
 851 03eb 08       		.byte	0x8
 852 03ec 04       		.byte	0x4
 853 03ed BE01     		.2byte	0x1be
 854 03ef 1B040000 		.4byte	0x41b
 855 03f3 0F       		.uleb128 0xf
 856 03f4 76616C00 		.ascii	"val\000"
 857 03f8 04       		.byte	0x4
 858 03f9 C101     		.2byte	0x1c1
 859 03fb A8030000 		.4byte	0x3a8
 860 03ff 00       		.byte	0
 861 0400 0F       		.uleb128 0xf
 862 0401 6C656E00 		.ascii	"len\000"
 863 0405 04       		.byte	0x4
 864 0406 C401     		.2byte	0x1c4
 865 0408 77000000 		.4byte	0x77
 866 040c 04       		.byte	0x4
 867 040d 0B       		.uleb128 0xb
 868 040e 83030000 		.4byte	.LASF131
 869 0412 04       		.byte	0x4
 870 0413 CB01     		.2byte	0x1cb
 871 0415 77000000 		.4byte	0x77
 872 0419 06       		.byte	0x6
 873 041a 00       		.byte	0
 874 041b 04       		.uleb128 0x4
 875 041c 39020000 		.4byte	.LASF132
 876 0420 04       		.byte	0x4
 877 0421 CD01     		.2byte	0x1cd
 878 0423 EA030000 		.4byte	0x3ea
 879 0427 0A       		.uleb128 0xa
 880 0428 0C       		.byte	0xc
 881 0429 04       		.byte	0x4
 882 042a D001     		.2byte	0x1d0
 883 042c 4B040000 		.4byte	0x44b
 884 0430 0B       		.uleb128 0xb
 885 0431 04060000 		.4byte	.LASF133
 886 0435 04       		.byte	0x4
 887 0436 D301     		.2byte	0x1d3
 888 0438 1B040000 		.4byte	0x41b
 889 043c 00       		.byte	0
 890 043d 0B       		.uleb128 0xb
 891 043e E2050000 		.4byte	.LASF134
 892 0442 04       		.byte	0x4
 893 0443 D601     		.2byte	0x1d6
 894 0445 AE030000 		.4byte	0x3ae
 895 0449 08       		.byte	0x8
 896 044a 00       		.byte	0
 897 044b 04       		.uleb128 0x4
 898 044c 020B0000 		.4byte	.LASF135
 899 0450 04       		.byte	0x4
 900 0451 D801     		.2byte	0x1d8
 901 0453 27040000 		.4byte	0x427
 902 0457 10       		.uleb128 0x10
ARM GAS  C:\Users\Lucia\AppData\Local\Temp\cc38IbN4.s 			page 20


 903 0458 10       		.byte	0x10
 904 0459 05       		.byte	0x5
 905 045a 8A       		.byte	0x8a
 906 045b 78040000 		.4byte	0x478
 907 045f 11       		.uleb128 0x11
 908 0460 86000000 		.4byte	.LASF136
 909 0464 05       		.byte	0x5
 910 0465 8D       		.byte	0x8d
 911 0466 DE030000 		.4byte	0x3de
 912 046a 00       		.byte	0
 913 046b 11       		.uleb128 0x11
 914 046c 30090000 		.4byte	.LASF137
 915 0470 05       		.byte	0x5
 916 0471 90       		.byte	0x90
 917 0472 4B040000 		.4byte	0x44b
 918 0476 04       		.byte	0x4
 919 0477 00       		.byte	0
 920 0478 12       		.uleb128 0x12
 921 0479 C5090000 		.4byte	.LASF138
 922 047d 05       		.byte	0x5
 923 047e 92       		.byte	0x92
 924 047f 57040000 		.4byte	0x457
 925 0483 07       		.uleb128 0x7
 926 0484 01       		.byte	0x1
 927 0485 2C000000 		.4byte	0x2c
 928 0489 06       		.byte	0x6
 929 048a 5008     		.2byte	0x850
 930 048c AF040000 		.4byte	0x4af
 931 0490 08       		.uleb128 0x8
 932 0491 3F000000 		.4byte	.LASF139
 933 0495 00       		.byte	0
 934 0496 08       		.uleb128 0x8
 935 0497 E3090000 		.4byte	.LASF140
 936 049b 01       		.byte	0x1
 937 049c 08       		.uleb128 0x8
 938 049d 190F0000 		.4byte	.LASF141
 939 04a1 02       		.byte	0x2
 940 04a2 08       		.uleb128 0x8
 941 04a3 FF020000 		.4byte	.LASF142
 942 04a7 03       		.byte	0x3
 943 04a8 08       		.uleb128 0x8
 944 04a9 F5030000 		.4byte	.LASF143
 945 04ad 04       		.byte	0x4
 946 04ae 00       		.byte	0
 947 04af 04       		.uleb128 0x4
 948 04b0 900E0000 		.4byte	.LASF144
 949 04b4 06       		.byte	0x6
 950 04b5 5E08     		.2byte	0x85e
 951 04b7 83040000 		.4byte	0x483
 952 04bb 13       		.uleb128 0x13
 953 04bc 69060000 		.4byte	.LASF146
 954 04c0 01       		.byte	0x1
 955 04c1 24       		.byte	0x24
 956 04c2 00000000 		.4byte	.LFB38
 957 04c6 9C000000 		.4byte	.LFE38-.LFB38
 958 04ca 01       		.uleb128 0x1
 959 04cb 9C       		.byte	0x9c
ARM GAS  C:\Users\Lucia\AppData\Local\Temp\cc38IbN4.s 			page 21


 960 04cc EB040000 		.4byte	0x4eb
 961 04d0 14       		.uleb128 0x14
 962 04d1 6900     		.ascii	"i\000"
 963 04d3 01       		.byte	0x1
 964 04d4 26       		.byte	0x26
 965 04d5 77000000 		.4byte	0x77
 966 04d9 02       		.uleb128 0x2
 967 04da 91       		.byte	0x91
 968 04db 76       		.sleb128 -10
 969 04dc 15       		.uleb128 0x15
 970 04dd 22100000 		.4byte	.LASF145
 971 04e1 01       		.byte	0x1
 972 04e2 27       		.byte	0x27
 973 04e3 9C030000 		.4byte	0x39c
 974 04e7 02       		.uleb128 0x2
 975 04e8 91       		.byte	0x91
 976 04e9 6C       		.sleb128 -20
 977 04ea 00       		.byte	0
 978 04eb 13       		.uleb128 0x13
 979 04ec 7F020000 		.4byte	.LASF147
 980 04f0 01       		.byte	0x1
 981 04f1 48       		.byte	0x48
 982 04f2 00000000 		.4byte	.LFB39
 983 04f6 20010000 		.4byte	.LFE39-.LFB39
 984 04fa 01       		.uleb128 0x1
 985 04fb 9C       		.byte	0x9c
 986 04fc 29050000 		.4byte	0x529
 987 0500 16       		.uleb128 0x16
 988 0501 72070000 		.4byte	.LASF148
 989 0505 01       		.byte	0x1
 990 0506 48       		.byte	0x48
 991 0507 83000000 		.4byte	0x83
 992 050b 02       		.uleb128 0x2
 993 050c 91       		.byte	0x91
 994 050d 6C       		.sleb128 -20
 995 050e 16       		.uleb128 0x16
 996 050f 620E0000 		.4byte	.LASF149
 997 0513 01       		.byte	0x1
 998 0514 48       		.byte	0x48
 999 0515 C3000000 		.4byte	0xc3
 1000 0519 02       		.uleb128 0x2
 1001 051a 91       		.byte	0x91
 1002 051b 68       		.sleb128 -24
 1003 051c 14       		.uleb128 0x14
 1004 051d 6900     		.ascii	"i\000"
 1005 051f 01       		.byte	0x1
 1006 0520 4A       		.byte	0x4a
 1007 0521 77000000 		.4byte	0x77
 1008 0525 02       		.uleb128 0x2
 1009 0526 91       		.byte	0x91
 1010 0527 76       		.sleb128 -10
 1011 0528 00       		.byte	0
 1012 0529 17       		.uleb128 0x17
 1013 052a 4A080000 		.4byte	.LASF150
 1014 052e 06       		.byte	0x6
 1015 052f A90A     		.2byte	0xaa9
 1016 0531 AF040000 		.4byte	0x4af
ARM GAS  C:\Users\Lucia\AppData\Local\Temp\cc38IbN4.s 			page 22


 1017 0535 18       		.uleb128 0x18
 1018 0536 AB0A0000 		.4byte	.LASF151
 1019 053a 07       		.byte	0x7
 1020 053b 39       		.byte	0x39
 1021 053c 5C030000 		.4byte	0x35c
 1022 0540 00       		.byte	0
 1023              		.section	.debug_abbrev,"",%progbits
 1024              	.Ldebug_abbrev0:
 1025 0000 01       		.uleb128 0x1
 1026 0001 11       		.uleb128 0x11
 1027 0002 01       		.byte	0x1
 1028 0003 25       		.uleb128 0x25
 1029 0004 0E       		.uleb128 0xe
 1030 0005 13       		.uleb128 0x13
 1031 0006 0B       		.uleb128 0xb
 1032 0007 03       		.uleb128 0x3
 1033 0008 0E       		.uleb128 0xe
 1034 0009 1B       		.uleb128 0x1b
 1035 000a 0E       		.uleb128 0xe
 1036 000b 55       		.uleb128 0x55
 1037 000c 17       		.uleb128 0x17
 1038 000d 11       		.uleb128 0x11
 1039 000e 01       		.uleb128 0x1
 1040 000f 10       		.uleb128 0x10
 1041 0010 17       		.uleb128 0x17
 1042 0011 00       		.byte	0
 1043 0012 00       		.byte	0
 1044 0013 02       		.uleb128 0x2
 1045 0014 24       		.uleb128 0x24
 1046 0015 00       		.byte	0
 1047 0016 0B       		.uleb128 0xb
 1048 0017 0B       		.uleb128 0xb
 1049 0018 3E       		.uleb128 0x3e
 1050 0019 0B       		.uleb128 0xb
 1051 001a 03       		.uleb128 0x3
 1052 001b 0E       		.uleb128 0xe
 1053 001c 00       		.byte	0
 1054 001d 00       		.byte	0
 1055 001e 03       		.uleb128 0x3
 1056 001f 24       		.uleb128 0x24
 1057 0020 00       		.byte	0
 1058 0021 0B       		.uleb128 0xb
 1059 0022 0B       		.uleb128 0xb
 1060 0023 3E       		.uleb128 0x3e
 1061 0024 0B       		.uleb128 0xb
 1062 0025 03       		.uleb128 0x3
 1063 0026 08       		.uleb128 0x8
 1064 0027 00       		.byte	0
 1065 0028 00       		.byte	0
 1066 0029 04       		.uleb128 0x4
 1067 002a 16       		.uleb128 0x16
 1068 002b 00       		.byte	0
 1069 002c 03       		.uleb128 0x3
 1070 002d 0E       		.uleb128 0xe
 1071 002e 3A       		.uleb128 0x3a
 1072 002f 0B       		.uleb128 0xb
 1073 0030 3B       		.uleb128 0x3b
ARM GAS  C:\Users\Lucia\AppData\Local\Temp\cc38IbN4.s 			page 23


 1074 0031 05       		.uleb128 0x5
 1075 0032 49       		.uleb128 0x49
 1076 0033 13       		.uleb128 0x13
 1077 0034 00       		.byte	0
 1078 0035 00       		.byte	0
 1079 0036 05       		.uleb128 0x5
 1080 0037 35       		.uleb128 0x35
 1081 0038 00       		.byte	0
 1082 0039 49       		.uleb128 0x49
 1083 003a 13       		.uleb128 0x13
 1084 003b 00       		.byte	0
 1085 003c 00       		.byte	0
 1086 003d 06       		.uleb128 0x6
 1087 003e 0F       		.uleb128 0xf
 1088 003f 00       		.byte	0
 1089 0040 0B       		.uleb128 0xb
 1090 0041 0B       		.uleb128 0xb
 1091 0042 00       		.byte	0
 1092 0043 00       		.byte	0
 1093 0044 07       		.uleb128 0x7
 1094 0045 04       		.uleb128 0x4
 1095 0046 01       		.byte	0x1
 1096 0047 0B       		.uleb128 0xb
 1097 0048 0B       		.uleb128 0xb
 1098 0049 49       		.uleb128 0x49
 1099 004a 13       		.uleb128 0x13
 1100 004b 3A       		.uleb128 0x3a
 1101 004c 0B       		.uleb128 0xb
 1102 004d 3B       		.uleb128 0x3b
 1103 004e 05       		.uleb128 0x5
 1104 004f 01       		.uleb128 0x1
 1105 0050 13       		.uleb128 0x13
 1106 0051 00       		.byte	0
 1107 0052 00       		.byte	0
 1108 0053 08       		.uleb128 0x8
 1109 0054 28       		.uleb128 0x28
 1110 0055 00       		.byte	0
 1111 0056 03       		.uleb128 0x3
 1112 0057 0E       		.uleb128 0xe
 1113 0058 1C       		.uleb128 0x1c
 1114 0059 0B       		.uleb128 0xb
 1115 005a 00       		.byte	0
 1116 005b 00       		.byte	0
 1117 005c 09       		.uleb128 0x9
 1118 005d 28       		.uleb128 0x28
 1119 005e 00       		.byte	0
 1120 005f 03       		.uleb128 0x3
 1121 0060 0E       		.uleb128 0xe
 1122 0061 1C       		.uleb128 0x1c
 1123 0062 05       		.uleb128 0x5
 1124 0063 00       		.byte	0
 1125 0064 00       		.byte	0
 1126 0065 0A       		.uleb128 0xa
 1127 0066 13       		.uleb128 0x13
 1128 0067 01       		.byte	0x1
 1129 0068 0B       		.uleb128 0xb
 1130 0069 0B       		.uleb128 0xb
ARM GAS  C:\Users\Lucia\AppData\Local\Temp\cc38IbN4.s 			page 24


 1131 006a 3A       		.uleb128 0x3a
 1132 006b 0B       		.uleb128 0xb
 1133 006c 3B       		.uleb128 0x3b
 1134 006d 05       		.uleb128 0x5
 1135 006e 01       		.uleb128 0x1
 1136 006f 13       		.uleb128 0x13
 1137 0070 00       		.byte	0
 1138 0071 00       		.byte	0
 1139 0072 0B       		.uleb128 0xb
 1140 0073 0D       		.uleb128 0xd
 1141 0074 00       		.byte	0
 1142 0075 03       		.uleb128 0x3
 1143 0076 0E       		.uleb128 0xe
 1144 0077 3A       		.uleb128 0x3a
 1145 0078 0B       		.uleb128 0xb
 1146 0079 3B       		.uleb128 0x3b
 1147 007a 05       		.uleb128 0x5
 1148 007b 49       		.uleb128 0x49
 1149 007c 13       		.uleb128 0x13
 1150 007d 38       		.uleb128 0x38
 1151 007e 0B       		.uleb128 0xb
 1152 007f 00       		.byte	0
 1153 0080 00       		.byte	0
 1154 0081 0C       		.uleb128 0xc
 1155 0082 01       		.uleb128 0x1
 1156 0083 01       		.byte	0x1
 1157 0084 49       		.uleb128 0x49
 1158 0085 13       		.uleb128 0x13
 1159 0086 01       		.uleb128 0x1
 1160 0087 13       		.uleb128 0x13
 1161 0088 00       		.byte	0
 1162 0089 00       		.byte	0
 1163 008a 0D       		.uleb128 0xd
 1164 008b 21       		.uleb128 0x21
 1165 008c 00       		.byte	0
 1166 008d 49       		.uleb128 0x49
 1167 008e 13       		.uleb128 0x13
 1168 008f 2F       		.uleb128 0x2f
 1169 0090 0B       		.uleb128 0xb
 1170 0091 00       		.byte	0
 1171 0092 00       		.byte	0
 1172 0093 0E       		.uleb128 0xe
 1173 0094 0F       		.uleb128 0xf
 1174 0095 00       		.byte	0
 1175 0096 0B       		.uleb128 0xb
 1176 0097 0B       		.uleb128 0xb
 1177 0098 49       		.uleb128 0x49
 1178 0099 13       		.uleb128 0x13
 1179 009a 00       		.byte	0
 1180 009b 00       		.byte	0
 1181 009c 0F       		.uleb128 0xf
 1182 009d 0D       		.uleb128 0xd
 1183 009e 00       		.byte	0
 1184 009f 03       		.uleb128 0x3
 1185 00a0 08       		.uleb128 0x8
 1186 00a1 3A       		.uleb128 0x3a
 1187 00a2 0B       		.uleb128 0xb
ARM GAS  C:\Users\Lucia\AppData\Local\Temp\cc38IbN4.s 			page 25


 1188 00a3 3B       		.uleb128 0x3b
 1189 00a4 05       		.uleb128 0x5
 1190 00a5 49       		.uleb128 0x49
 1191 00a6 13       		.uleb128 0x13
 1192 00a7 38       		.uleb128 0x38
 1193 00a8 0B       		.uleb128 0xb
 1194 00a9 00       		.byte	0
 1195 00aa 00       		.byte	0
 1196 00ab 10       		.uleb128 0x10
 1197 00ac 13       		.uleb128 0x13
 1198 00ad 01       		.byte	0x1
 1199 00ae 0B       		.uleb128 0xb
 1200 00af 0B       		.uleb128 0xb
 1201 00b0 3A       		.uleb128 0x3a
 1202 00b1 0B       		.uleb128 0xb
 1203 00b2 3B       		.uleb128 0x3b
 1204 00b3 0B       		.uleb128 0xb
 1205 00b4 01       		.uleb128 0x1
 1206 00b5 13       		.uleb128 0x13
 1207 00b6 00       		.byte	0
 1208 00b7 00       		.byte	0
 1209 00b8 11       		.uleb128 0x11
 1210 00b9 0D       		.uleb128 0xd
 1211 00ba 00       		.byte	0
 1212 00bb 03       		.uleb128 0x3
 1213 00bc 0E       		.uleb128 0xe
 1214 00bd 3A       		.uleb128 0x3a
 1215 00be 0B       		.uleb128 0xb
 1216 00bf 3B       		.uleb128 0x3b
 1217 00c0 0B       		.uleb128 0xb
 1218 00c1 49       		.uleb128 0x49
 1219 00c2 13       		.uleb128 0x13
 1220 00c3 38       		.uleb128 0x38
 1221 00c4 0B       		.uleb128 0xb
 1222 00c5 00       		.byte	0
 1223 00c6 00       		.byte	0
 1224 00c7 12       		.uleb128 0x12
 1225 00c8 16       		.uleb128 0x16
 1226 00c9 00       		.byte	0
 1227 00ca 03       		.uleb128 0x3
 1228 00cb 0E       		.uleb128 0xe
 1229 00cc 3A       		.uleb128 0x3a
 1230 00cd 0B       		.uleb128 0xb
 1231 00ce 3B       		.uleb128 0x3b
 1232 00cf 0B       		.uleb128 0xb
 1233 00d0 49       		.uleb128 0x49
 1234 00d1 13       		.uleb128 0x13
 1235 00d2 00       		.byte	0
 1236 00d3 00       		.byte	0
 1237 00d4 13       		.uleb128 0x13
 1238 00d5 2E       		.uleb128 0x2e
 1239 00d6 01       		.byte	0x1
 1240 00d7 3F       		.uleb128 0x3f
 1241 00d8 19       		.uleb128 0x19
 1242 00d9 03       		.uleb128 0x3
 1243 00da 0E       		.uleb128 0xe
 1244 00db 3A       		.uleb128 0x3a
ARM GAS  C:\Users\Lucia\AppData\Local\Temp\cc38IbN4.s 			page 26


 1245 00dc 0B       		.uleb128 0xb
 1246 00dd 3B       		.uleb128 0x3b
 1247 00de 0B       		.uleb128 0xb
 1248 00df 27       		.uleb128 0x27
 1249 00e0 19       		.uleb128 0x19
 1250 00e1 11       		.uleb128 0x11
 1251 00e2 01       		.uleb128 0x1
 1252 00e3 12       		.uleb128 0x12
 1253 00e4 06       		.uleb128 0x6
 1254 00e5 40       		.uleb128 0x40
 1255 00e6 18       		.uleb128 0x18
 1256 00e7 9642     		.uleb128 0x2116
 1257 00e9 19       		.uleb128 0x19
 1258 00ea 01       		.uleb128 0x1
 1259 00eb 13       		.uleb128 0x13
 1260 00ec 00       		.byte	0
 1261 00ed 00       		.byte	0
 1262 00ee 14       		.uleb128 0x14
 1263 00ef 34       		.uleb128 0x34
 1264 00f0 00       		.byte	0
 1265 00f1 03       		.uleb128 0x3
 1266 00f2 08       		.uleb128 0x8
 1267 00f3 3A       		.uleb128 0x3a
 1268 00f4 0B       		.uleb128 0xb
 1269 00f5 3B       		.uleb128 0x3b
 1270 00f6 0B       		.uleb128 0xb
 1271 00f7 49       		.uleb128 0x49
 1272 00f8 13       		.uleb128 0x13
 1273 00f9 02       		.uleb128 0x2
 1274 00fa 18       		.uleb128 0x18
 1275 00fb 00       		.byte	0
 1276 00fc 00       		.byte	0
 1277 00fd 15       		.uleb128 0x15
 1278 00fe 34       		.uleb128 0x34
 1279 00ff 00       		.byte	0
 1280 0100 03       		.uleb128 0x3
 1281 0101 0E       		.uleb128 0xe
 1282 0102 3A       		.uleb128 0x3a
 1283 0103 0B       		.uleb128 0xb
 1284 0104 3B       		.uleb128 0x3b
 1285 0105 0B       		.uleb128 0xb
 1286 0106 49       		.uleb128 0x49
 1287 0107 13       		.uleb128 0x13
 1288 0108 02       		.uleb128 0x2
 1289 0109 18       		.uleb128 0x18
 1290 010a 00       		.byte	0
 1291 010b 00       		.byte	0
 1292 010c 16       		.uleb128 0x16
 1293 010d 05       		.uleb128 0x5
 1294 010e 00       		.byte	0
 1295 010f 03       		.uleb128 0x3
 1296 0110 0E       		.uleb128 0xe
 1297 0111 3A       		.uleb128 0x3a
 1298 0112 0B       		.uleb128 0xb
 1299 0113 3B       		.uleb128 0x3b
 1300 0114 0B       		.uleb128 0xb
 1301 0115 49       		.uleb128 0x49
ARM GAS  C:\Users\Lucia\AppData\Local\Temp\cc38IbN4.s 			page 27


 1302 0116 13       		.uleb128 0x13
 1303 0117 02       		.uleb128 0x2
 1304 0118 18       		.uleb128 0x18
 1305 0119 00       		.byte	0
 1306 011a 00       		.byte	0
 1307 011b 17       		.uleb128 0x17
 1308 011c 34       		.uleb128 0x34
 1309 011d 00       		.byte	0
 1310 011e 03       		.uleb128 0x3
 1311 011f 0E       		.uleb128 0xe
 1312 0120 3A       		.uleb128 0x3a
 1313 0121 0B       		.uleb128 0xb
 1314 0122 3B       		.uleb128 0x3b
 1315 0123 05       		.uleb128 0x5
 1316 0124 49       		.uleb128 0x49
 1317 0125 13       		.uleb128 0x13
 1318 0126 3F       		.uleb128 0x3f
 1319 0127 19       		.uleb128 0x19
 1320 0128 3C       		.uleb128 0x3c
 1321 0129 19       		.uleb128 0x19
 1322 012a 00       		.byte	0
 1323 012b 00       		.byte	0
 1324 012c 18       		.uleb128 0x18
 1325 012d 34       		.uleb128 0x34
 1326 012e 00       		.byte	0
 1327 012f 03       		.uleb128 0x3
 1328 0130 0E       		.uleb128 0xe
 1329 0131 3A       		.uleb128 0x3a
 1330 0132 0B       		.uleb128 0xb
 1331 0133 3B       		.uleb128 0x3b
 1332 0134 0B       		.uleb128 0xb
 1333 0135 49       		.uleb128 0x49
 1334 0136 13       		.uleb128 0x13
 1335 0137 3F       		.uleb128 0x3f
 1336 0138 19       		.uleb128 0x19
 1337 0139 3C       		.uleb128 0x3c
 1338 013a 19       		.uleb128 0x19
 1339 013b 00       		.byte	0
 1340 013c 00       		.byte	0
 1341 013d 00       		.byte	0
 1342              		.section	.debug_aranges,"",%progbits
 1343 0000 24000000 		.4byte	0x24
 1344 0004 0200     		.2byte	0x2
 1345 0006 00000000 		.4byte	.Ldebug_info0
 1346 000a 04       		.byte	0x4
 1347 000b 00       		.byte	0
 1348 000c 0000     		.2byte	0
 1349 000e 0000     		.2byte	0
 1350 0010 00000000 		.4byte	.LFB38
 1351 0014 9C000000 		.4byte	.LFE38-.LFB38
 1352 0018 00000000 		.4byte	.LFB39
 1353 001c 20010000 		.4byte	.LFE39-.LFB39
 1354 0020 00000000 		.4byte	0
 1355 0024 00000000 		.4byte	0
 1356              		.section	.debug_ranges,"",%progbits
 1357              	.Ldebug_ranges0:
 1358 0000 00000000 		.4byte	.LFB38
ARM GAS  C:\Users\Lucia\AppData\Local\Temp\cc38IbN4.s 			page 28


 1359 0004 9C000000 		.4byte	.LFE38
 1360 0008 00000000 		.4byte	.LFB39
 1361 000c 20010000 		.4byte	.LFE39
 1362 0010 00000000 		.4byte	0
 1363 0014 00000000 		.4byte	0
 1364              		.section	.debug_line,"",%progbits
 1365              	.Ldebug_line0:
 1366 0000 37010000 		.section	.debug_str,"MS",%progbits,1
 1366      0200A800 
 1366      00000201 
 1366      FB0E0D00 
 1366      01010101 
 1367              	.LASF82:
 1368 0000 4359424C 		.ascii	"CYBLE_EVT_L2CAP_CBFC_RX_CREDIT_IND\000"
 1368      455F4556 
 1368      545F4C32 
 1368      4341505F 
 1368      43424643 
 1369              	.LASF23:
 1370 0023 4359424C 		.ascii	"CYBLE_EVT_STACK_BUSY_STATUS\000"
 1370      455F4556 
 1370      545F5354 
 1370      41434B5F 
 1370      42555359 
 1371              	.LASF139:
 1372 003f 4359424C 		.ascii	"CYBLE_STATE_STOPPED\000"
 1372      455F5354 
 1372      4154455F 
 1372      53544F50 
 1372      50454400 
 1373              	.LASF81:
 1374 0053 4359424C 		.ascii	"CYBLE_EVT_L2CAP_CBFC_DATA_READ\000"
 1374      455F4556 
 1374      545F4C32 
 1374      4341505F 
 1374      43424643 
 1375              	.LASF130:
 1376 0072 4359424C 		.ascii	"CYBLE_CONN_HANDLE_T\000"
 1376      455F434F 
 1376      4E4E5F48 
 1376      414E444C 
 1376      455F5400 
 1377              	.LASF136:
 1378 0086 636F6E6E 		.ascii	"connHandle\000"
 1378      48616E64 
 1378      6C6500
 1379              	.LASF93:
 1380 0091 4359424C 		.ascii	"CYBLE_ERROR_MEMORY_ALLOCATION_FAILED\000"
 1380      455F4552 
 1380      524F525F 
 1380      4D454D4F 
 1380      52595F41 
 1381              	.LASF35:
 1382 00b6 4359424C 		.ascii	"CYBLE_EVT_GAP_CONNECTION_UPDATE_COMPLETE\000"
 1382      455F4556 
 1382      545F4741 
 1382      505F434F 
ARM GAS  C:\Users\Lucia\AppData\Local\Temp\cc38IbN4.s 			page 29


 1382      4E4E4543 
 1383              	.LASF80:
 1384 00df 4359424C 		.ascii	"CYBLE_EVT_L2CAP_CBFC_DISCONN_CNF\000"
 1384      455F4556 
 1384      545F4C32 
 1384      4341505F 
 1384      43424643 
 1385              	.LASF114:
 1386 0100 4359424C 		.ascii	"CYBLE_ERROR_UNSUPPORTED_FEATURE_OR_PARAMETER_VALUE\000"
 1386      455F4552 
 1386      524F525F 
 1386      554E5355 
 1386      50504F52 
 1387              	.LASF36:
 1388 0133 4359424C 		.ascii	"CYBLE_EVT_GAPC_SCAN_START_STOP\000"
 1388      455F4556 
 1388      545F4741 
 1388      50435F53 
 1388      43414E5F 
 1389              	.LASF40:
 1390 0152 4359424C 		.ascii	"CYBLE_EVT_GAP_OOB_GENERATED_NOTIFICATION\000"
 1390      455F4556 
 1390      545F4741 
 1390      505F4F4F 
 1390      425F4745 
 1391              	.LASF60:
 1392 017b 4359424C 		.ascii	"CYBLE_EVT_GATTC_READ_MULTI_RSP\000"
 1392      455F4556 
 1392      545F4741 
 1392      5454435F 
 1392      52454144 
 1393              	.LASF65:
 1394 019a 4359424C 		.ascii	"CYBLE_EVT_GATTS_EXEC_WRITE_REQ\000"
 1394      455F4556 
 1394      545F4741 
 1394      5454535F 
 1394      45584543 
 1395              	.LASF77:
 1396 01b9 4359424C 		.ascii	"CYBLE_EVT_L2CAP_CBFC_CONN_IND\000"
 1396      455F4556 
 1396      545F4C32 
 1396      4341505F 
 1396      43424643 
 1397              	.LASF125:
 1398 01d7 74797065 		.ascii	"type\000"
 1398      00
 1399              	.LASF20:
 1400 01dc 4359424C 		.ascii	"CYBLE_EVT_TIMEOUT\000"
 1400      455F4556 
 1400      545F5449 
 1400      4D454F55 
 1400      5400
 1401              	.LASF4:
 1402 01ee 6C6F6E67 		.ascii	"long int\000"
 1402      20696E74 
 1402      00
 1403              	.LASF113:
ARM GAS  C:\Users\Lucia\AppData\Local\Temp\cc38IbN4.s 			page 30


 1404 01f7 4359424C 		.ascii	"CYBLE_ERROR_HARDWARE_FAILURE\000"
 1404      455F4552 
 1404      524F525F 
 1404      48415244 
 1404      57415245 
 1405              	.LASF103:
 1406 0214 4359424C 		.ascii	"CYBLE_ERROR_L2CAP_PSM_WRONG_ENCODING\000"
 1406      455F4552 
 1406      524F525F 
 1406      4C324341 
 1406      505F5053 
 1407              	.LASF132:
 1408 0239 4359424C 		.ascii	"CYBLE_GATT_VALUE_T\000"
 1408      455F4741 
 1408      54545F56 
 1408      414C5545 
 1408      5F5400
 1409              	.LASF22:
 1410 024c 4359424C 		.ascii	"CYBLE_EVT_HCI_STATUS\000"
 1410      455F4556 
 1410      545F4843 
 1410      495F5354 
 1410      41545553 
 1411              	.LASF85:
 1412 0261 4359424C 		.ascii	"CYBLE_EVT_PENDING_FLASH_WRITE\000"
 1412      455F4556 
 1412      545F5045 
 1412      4E44494E 
 1412      475F464C 
 1413              	.LASF147:
 1414 027f 53657276 		.ascii	"ServerDebugOut\000"
 1414      65724465 
 1414      6275674F 
 1414      757400
 1415              	.LASF126:
 1416 028e 4359424C 		.ascii	"CYBLE_GAP_BD_ADDR_T\000"
 1416      455F4741 
 1416      505F4244 
 1416      5F414444 
 1416      525F5400 
 1417              	.LASF102:
 1418 02a2 4359424C 		.ascii	"CYBLE_ERROR_SEC_FAILED\000"
 1418      455F4552 
 1418      524F525F 
 1418      5345435F 
 1418      4641494C 
 1419              	.LASF34:
 1420 02b9 4359424C 		.ascii	"CYBLE_EVT_GAP_ENCRYPT_CHANGE\000"
 1420      455F4556 
 1420      545F4741 
 1420      505F454E 
 1420      43525950 
 1421              	.LASF38:
 1422 02d6 4359424C 		.ascii	"CYBLE_EVT_GAP_NUMERIC_COMPARISON_REQUEST\000"
 1422      455F4556 
 1422      545F4741 
 1422      505F4E55 
ARM GAS  C:\Users\Lucia\AppData\Local\Temp\cc38IbN4.s 			page 31


 1422      4D455249 
 1423              	.LASF142:
 1424 02ff 4359424C 		.ascii	"CYBLE_STATE_ADVERTISING\000"
 1424      455F5354 
 1424      4154455F 
 1424      41445645 
 1424      52544953 
 1425              	.LASF6:
 1426 0317 6C6F6E67 		.ascii	"long long int\000"
 1426      206C6F6E 
 1426      6720696E 
 1426      7400
 1427              	.LASF0:
 1428 0325 7369676E 		.ascii	"signed char\000"
 1428      65642063 
 1428      68617200 
 1429              	.LASF19:
 1430 0331 4359424C 		.ascii	"CYBLE_EVT_STACK_ON\000"
 1430      455F4556 
 1430      545F5354 
 1430      41434B5F 
 1430      4F4E00
 1431              	.LASF110:
 1432 0344 4359424C 		.ascii	"CYBLE_ERROR_DEVICE_ALREADY_EXISTS\000"
 1432      455F4552 
 1432      524F525F 
 1432      44455649 
 1432      43455F41 
 1433              	.LASF97:
 1434 0366 4359424C 		.ascii	"CYBLE_ERROR_NO_DEVICE_ENTITY\000"
 1434      455F4552 
 1434      524F525F 
 1434      4E4F5F44 
 1434      45564943 
 1435              	.LASF131:
 1436 0383 61637475 		.ascii	"actualLen\000"
 1436      616C4C65 
 1436      6E00
 1437              	.LASF26:
 1438 038d 4359424C 		.ascii	"CYBLE_EVT_GAP_AUTH_REQ\000"
 1438      455F4556 
 1438      545F4741 
 1438      505F4155 
 1438      54485F52 
 1439              	.LASF58:
 1440 03a4 4359424C 		.ascii	"CYBLE_EVT_GATTC_READ_RSP\000"
 1440      455F4556 
 1440      545F4741 
 1440      5454435F 
 1440      52454144 
 1441              	.LASF121:
 1442 03bd 4359424C 		.ascii	"CYBLE_ERROR_INVALID_STATE\000"
 1442      455F4552 
 1442      524F525F 
 1442      494E5641 
 1442      4C49445F 
 1443              	.LASF63:
ARM GAS  C:\Users\Lucia\AppData\Local\Temp\cc38IbN4.s 			page 32


 1444 03d7 4359424C 		.ascii	"CYBLE_EVT_GATTS_WRITE_CMD_REQ\000"
 1444      455F4556 
 1444      545F4741 
 1444      5454535F 
 1444      57524954 
 1445              	.LASF143:
 1446 03f5 4359424C 		.ascii	"CYBLE_STATE_DISCONNECTED\000"
 1446      455F5354 
 1446      4154455F 
 1446      44495343 
 1446      4F4E4E45 
 1447              	.LASF31:
 1448 040e 4359424C 		.ascii	"CYBLE_EVT_GAPP_ADVERTISEMENT_START_STOP\000"
 1448      455F4556 
 1448      545F4741 
 1448      50505F41 
 1448      44564552 
 1449              	.LASF108:
 1450 0436 4359424C 		.ascii	"CYBLE_ERROR_L2CAP_PSM_NOT_IN_RANGE\000"
 1450      455F4552 
 1450      524F525F 
 1450      4C324341 
 1450      505F5053 
 1451              	.LASF9:
 1452 0459 75696E74 		.ascii	"uint8\000"
 1452      3800
 1453              	.LASF66:
 1454 045f 4359424C 		.ascii	"CYBLE_EVT_GATTC_EXEC_WRITE_RSP\000"
 1454      455F4556 
 1454      545F4741 
 1454      5454435F 
 1454      45584543 
 1455              	.LASF13:
 1456 047e 646F7562 		.ascii	"double\000"
 1456      6C6500
 1457              	.LASF79:
 1458 0485 4359424C 		.ascii	"CYBLE_EVT_L2CAP_CBFC_DISCONN_IND\000"
 1458      455F4556 
 1458      545F4C32 
 1458      4341505F 
 1458      43424643 
 1459              	.LASF91:
 1460 04a6 4359424C 		.ascii	"CYBLE_ERROR_INVALID_PARAMETER\000"
 1460      455F4552 
 1460      524F525F 
 1460      494E5641 
 1460      4C49445F 
 1461              	.LASF11:
 1462 04c4 75696E74 		.ascii	"uint32\000"
 1462      333200
 1463              	.LASF154:
 1464 04cb 413A5C44 		.ascii	"A:\\Documents\\School\\ECEG-721_Embedded_Systems\\L"
 1464      6F63756D 
 1464      656E7473 
 1464      5C536368 
 1464      6F6F6C5C 
 1465 04fa 6162735C 		.ascii	"abs\\Project\\Day002_Heart_Rate_Sensor\\PSoC 4 BLE "
ARM GAS  C:\Users\Lucia\AppData\Local\Temp\cc38IbN4.s 			page 33


 1465      50726F6A 
 1465      6563745C 
 1465      44617930 
 1465      30325F48 
 1466 052a 2D204865 		.ascii	"- Heart Rate Sensor\\PSoC 4 BLE_Heart_Rate_Sensor.c"
 1466      61727420 
 1466      52617465 
 1466      2053656E 
 1466      736F725C 
 1467 055c 7964736E 		.ascii	"ydsn\000"
 1467      00
 1468              	.LASF89:
 1469 0561 4359424C 		.ascii	"CYBLE_EVT_MAX\000"
 1469      455F4556 
 1469      545F4D41 
 1469      5800
 1470              	.LASF90:
 1471 056f 4359424C 		.ascii	"CYBLE_ERROR_OK\000"
 1471      455F4552 
 1471      524F525F 
 1471      4F4B00
 1472              	.LASF49:
 1473 057e 4359424C 		.ascii	"CYBLE_EVT_GATTC_ERROR_RSP\000"
 1473      455F4556 
 1473      545F4741 
 1473      5454435F 
 1473      4552524F 
 1474              	.LASF74:
 1475 0598 4359424C 		.ascii	"CYBLE_EVT_L2CAP_CONN_PARAM_UPDATE_REQ\000"
 1475      455F4556 
 1475      545F4C32 
 1475      4341505F 
 1475      434F4E4E 
 1476              	.LASF84:
 1477 05be 4359424C 		.ascii	"CYBLE_EVT_L2CAP_CBFC_DATA_WRITE_IND\000"
 1477      455F4556 
 1477      545F4C32 
 1477      4341505F 
 1477      43424643 
 1478              	.LASF134:
 1479 05e2 61747472 		.ascii	"attrHandle\000"
 1479      48616E64 
 1479      6C6500
 1480              	.LASF7:
 1481 05ed 6C6F6E67 		.ascii	"long long unsigned int\000"
 1481      206C6F6E 
 1481      6720756E 
 1481      7369676E 
 1481      65642069 
 1482              	.LASF133:
 1483 0604 76616C75 		.ascii	"value\000"
 1483      6500
 1484              	.LASF71:
 1485 060a 4359424C 		.ascii	"CYBLE_EVT_GATTC_STOP_CMD_COMPLETE\000"
 1485      455F4556 
 1485      545F4741 
 1485      5454435F 
ARM GAS  C:\Users\Lucia\AppData\Local\Temp\cc38IbN4.s 			page 34


 1485      53544F50 
 1486              	.LASF95:
 1487 062c 4359424C 		.ascii	"CYBLE_ERROR_OOB_NOT_AVAILABLE\000"
 1487      455F4552 
 1487      524F525F 
 1487      4F4F425F 
 1487      4E4F545F 
 1488              	.LASF86:
 1489 064a 4359424C 		.ascii	"CYBLE_EVT_LE_PING_AUTH_TIMEOUT\000"
 1489      455F4556 
 1489      545F4C45 
 1489      5F50494E 
 1489      475F4155 
 1490              	.LASF146:
 1491 0669 53746172 		.ascii	"StartAdvertisement\000"
 1491      74416476 
 1491      65727469 
 1491      73656D65 
 1491      6E7400
 1492              	.LASF104:
 1493 067c 4359424C 		.ascii	"CYBLE_ERROR_L2CAP_PSM_ALREADY_REGISTERED\000"
 1493      455F4552 
 1493      524F525F 
 1493      4C324341 
 1493      505F5053 
 1494              	.LASF5:
 1495 06a5 6C6F6E67 		.ascii	"long unsigned int\000"
 1495      20756E73 
 1495      69676E65 
 1495      6420696E 
 1495      7400
 1496              	.LASF45:
 1497 06b7 4359424C 		.ascii	"CYBLE_EVT_GAP_CONN_ESTB\000"
 1497      455F4556 
 1497      545F4741 
 1497      505F434F 
 1497      4E4E5F45 
 1498              	.LASF61:
 1499 06cf 4359424C 		.ascii	"CYBLE_EVT_GATTS_WRITE_REQ\000"
 1499      455F4556 
 1499      545F4741 
 1499      5454535F 
 1499      57524954 
 1500              	.LASF53:
 1501 06e9 4359424C 		.ascii	"CYBLE_EVT_GATTC_XCHNG_MTU_RSP\000"
 1501      455F4556 
 1501      545F4741 
 1501      5454435F 
 1501      5843484E 
 1502              	.LASF70:
 1503 0707 4359424C 		.ascii	"CYBLE_EVT_GATTS_DATA_SIGNED_CMD_REQ\000"
 1503      455F4556 
 1503      545F4741 
 1503      5454535F 
 1503      44415441 
 1504              	.LASF73:
 1505 072b 4359424C 		.ascii	"CYBLE_EVT_GATTC_LONG_PROCEDURE_END\000"
ARM GAS  C:\Users\Lucia\AppData\Local\Temp\cc38IbN4.s 			page 35


 1505      455F4556 
 1505      545F4741 
 1505      5454435F 
 1505      4C4F4E47 
 1506              	.LASF107:
 1507 074e 4359424C 		.ascii	"CYBLE_ERROR_L2CAP_CHANNEL_NOT_FOUND\000"
 1507      455F4552 
 1507      524F525F 
 1507      4C324341 
 1507      505F4348 
 1508              	.LASF148:
 1509 0772 6576656E 		.ascii	"event\000"
 1509      7400
 1510              	.LASF118:
 1511 0778 4359424C 		.ascii	"CYBLE_ERROR_NTF_DISABLED\000"
 1511      455F4552 
 1511      524F525F 
 1511      4E54465F 
 1511      44495341 
 1512              	.LASF18:
 1513 0791 4359424C 		.ascii	"CYBLE_EVT_HOST_INVALID\000"
 1513      455F4556 
 1513      545F484F 
 1513      53545F49 
 1513      4E56414C 
 1514              	.LASF56:
 1515 07a8 4359424C 		.ascii	"CYBLE_EVT_GATTC_FIND_INFO_RSP\000"
 1515      455F4556 
 1515      545F4741 
 1515      5454435F 
 1515      46494E44 
 1516              	.LASF24:
 1517 07c6 4359424C 		.ascii	"CYBLE_EVT_MEMORY_REQUEST\000"
 1517      455F4556 
 1517      545F4D45 
 1517      4D4F5259 
 1517      5F524551 
 1518              	.LASF124:
 1519 07df 62644164 		.ascii	"bdAddr\000"
 1519      647200
 1520              	.LASF27:
 1521 07e6 4359424C 		.ascii	"CYBLE_EVT_GAP_PASSKEY_ENTRY_REQUEST\000"
 1521      455F4556 
 1521      545F4741 
 1521      505F5041 
 1521      53534B45 
 1522              	.LASF32:
 1523 080a 4359424C 		.ascii	"CYBLE_EVT_GAP_DEVICE_CONNECTED\000"
 1523      455F4556 
 1523      545F4741 
 1523      505F4445 
 1523      56494345 
 1524              	.LASF47:
 1525 0829 4359424C 		.ascii	"CYBLE_EVT_GAP_AUTH_REQ_REPLY_ERR\000"
 1525      455F4556 
 1525      545F4741 
 1525      505F4155 
ARM GAS  C:\Users\Lucia\AppData\Local\Temp\cc38IbN4.s 			page 36


 1525      54485F52 
 1526              	.LASF150:
 1527 084a 6379426C 		.ascii	"cyBle_state\000"
 1527      655F7374 
 1527      61746500 
 1528              	.LASF152:
 1529 0856 474E5520 		.ascii	"GNU C11 5.4.1 20160609 (release) [ARM/embedded-5-br"
 1529      43313120 
 1529      352E342E 
 1529      31203230 
 1529      31363036 
 1530 0889 616E6368 		.ascii	"anch revision 237715] -mcpu=cortex-m0 -mthumb -g -O"
 1530      20726576 
 1530      6973696F 
 1530      6E203233 
 1530      37373135 
 1531 08bc 30202D66 		.ascii	"0 -ffunction-sections -ffat-lto-objects\000"
 1531      66756E63 
 1531      74696F6E 
 1531      2D736563 
 1531      74696F6E 
 1532              	.LASF50:
 1533 08e4 4359424C 		.ascii	"CYBLE_EVT_GATT_CONNECT_IND\000"
 1533      455F4556 
 1533      545F4741 
 1533      54545F43 
 1533      4F4E4E45 
 1534              	.LASF129:
 1535 08ff 61747449 		.ascii	"attId\000"
 1535      6400
 1536              	.LASF76:
 1537 0905 4359424C 		.ascii	"CYBLE_EVT_L2CAP_COMMAND_REJ\000"
 1537      455F4556 
 1537      545F4C32 
 1537      4341505F 
 1537      434F4D4D 
 1538              	.LASF15:
 1539 0921 72656733 		.ascii	"reg32\000"
 1539      3200
 1540              	.LASF153:
 1541 0927 73657276 		.ascii	"server.c\000"
 1541      65722E63 
 1541      00
 1542              	.LASF137:
 1543 0930 68616E64 		.ascii	"handleValPair\000"
 1543      6C655661 
 1543      6C506169 
 1543      7200
 1544              	.LASF48:
 1545 093e 4359424C 		.ascii	"CYBLE_EVT_GAP_SMP_LOC_P256_KEYS_GEN_AND_SET_COMPLET"
 1545      455F4556 
 1545      545F4741 
 1545      505F534D 
 1545      505F4C4F 
 1546 0971 4500     		.ascii	"E\000"
 1547              	.LASF117:
 1548 0973 4359424C 		.ascii	"CYBLE_ERROR_MAX\000"
ARM GAS  C:\Users\Lucia\AppData\Local\Temp\cc38IbN4.s 			page 37


 1548      455F4552 
 1548      524F525F 
 1548      4D415800 
 1549              	.LASF115:
 1550 0983 4359424C 		.ascii	"CYBLE_ERROR_FLASH_WRITE\000"
 1550      455F4552 
 1550      524F525F 
 1550      464C4153 
 1550      485F5752 
 1551              	.LASF55:
 1552 099b 4359424C 		.ascii	"CYBLE_EVT_GATTC_READ_BY_TYPE_RSP\000"
 1552      455F4556 
 1552      545F4741 
 1552      5454435F 
 1552      52454144 
 1553              	.LASF17:
 1554 09bc 73697A65 		.ascii	"sizetype\000"
 1554      74797065 
 1554      00
 1555              	.LASF138:
 1556 09c5 4359424C 		.ascii	"CYBLE_GATTS_WRITE_REQ_PARAM_T\000"
 1556      455F4741 
 1556      5454535F 
 1556      57524954 
 1556      455F5245 
 1557              	.LASF140:
 1558 09e3 4359424C 		.ascii	"CYBLE_STATE_INITIALIZING\000"
 1558      455F5354 
 1558      4154455F 
 1558      494E4954 
 1558      49414C49 
 1559              	.LASF30:
 1560 09fc 4359424C 		.ascii	"CYBLE_EVT_GAP_AUTH_FAILED\000"
 1560      455F4556 
 1560      545F4741 
 1560      505F4155 
 1560      54485F46 
 1561              	.LASF62:
 1562 0a16 4359424C 		.ascii	"CYBLE_EVT_GATTC_WRITE_RSP\000"
 1562      455F4556 
 1562      545F4741 
 1562      5454435F 
 1562      57524954 
 1563              	.LASF43:
 1564 0a30 4359424C 		.ascii	"CYBLE_EVT_GAPC_DIRECT_ADV_REPORT\000"
 1564      455F4556 
 1564      545F4741 
 1564      50435F44 
 1564      49524543 
 1565              	.LASF41:
 1566 0a51 4359424C 		.ascii	"CYBLE_EVT_GAP_DATA_LENGTH_CHANGE\000"
 1566      455F4556 
 1566      545F4741 
 1566      505F4441 
 1566      54415F4C 
 1567              	.LASF46:
 1568 0a72 4359424C 		.ascii	"CYBLE_EVT_GAP_SCAN_REQ_RECVD\000"
ARM GAS  C:\Users\Lucia\AppData\Local\Temp\cc38IbN4.s 			page 38


 1568      455F4556 
 1568      545F4741 
 1568      505F5343 
 1568      414E5F52 
 1569              	.LASF29:
 1570 0a8f 4359424C 		.ascii	"CYBLE_EVT_GAP_AUTH_COMPLETE\000"
 1570      455F4556 
 1570      545F4741 
 1570      505F4155 
 1570      54485F43 
 1571              	.LASF151:
 1572 0aab 61706952 		.ascii	"apiResult\000"
 1572      6573756C 
 1572      7400
 1573              	.LASF123:
 1574 0ab5 4359424C 		.ascii	"CYBLE_API_RESULT_T\000"
 1574      455F4150 
 1574      495F5245 
 1574      53554C54 
 1574      5F5400
 1575              	.LASF67:
 1576 0ac8 4359424C 		.ascii	"CYBLE_EVT_GATTC_HANDLE_VALUE_NTF\000"
 1576      455F4556 
 1576      545F4741 
 1576      5454435F 
 1576      48414E44 
 1577              	.LASF119:
 1578 0ae9 4359424C 		.ascii	"CYBLE_ERROR_IND_DISABLED\000"
 1578      455F4552 
 1578      524F525F 
 1578      494E445F 
 1578      44495341 
 1579              	.LASF135:
 1580 0b02 4359424C 		.ascii	"CYBLE_GATT_HANDLE_VALUE_PAIR_T\000"
 1580      455F4741 
 1580      54545F48 
 1580      414E444C 
 1580      455F5641 
 1581              	.LASF78:
 1582 0b21 4359424C 		.ascii	"CYBLE_EVT_L2CAP_CBFC_CONN_CNF\000"
 1582      455F4556 
 1582      545F4C32 
 1582      4341505F 
 1582      43424643 
 1583              	.LASF54:
 1584 0b3f 4359424C 		.ascii	"CYBLE_EVT_GATTC_READ_BY_GROUP_TYPE_RSP\000"
 1584      455F4556 
 1584      545F4741 
 1584      5454435F 
 1584      52454144 
 1585              	.LASF12:
 1586 0b66 666C6F61 		.ascii	"float\000"
 1586      7400
 1587              	.LASF100:
 1588 0b6c 4359424C 		.ascii	"CYBLE_ERROR_TX_POWER_READ\000"
 1588      455F4552 
 1588      524F525F 
ARM GAS  C:\Users\Lucia\AppData\Local\Temp\cc38IbN4.s 			page 39


 1588      54585F50 
 1588      4F574552 
 1589              	.LASF120:
 1590 0b86 4359424C 		.ascii	"CYBLE_ERROR_CHAR_IS_NOT_DISCOVERED\000"
 1590      455F4552 
 1590      524F525F 
 1590      43484152 
 1590      5F49535F 
 1591              	.LASF1:
 1592 0ba9 756E7369 		.ascii	"unsigned char\000"
 1592      676E6564 
 1592      20636861 
 1592      7200
 1593              	.LASF10:
 1594 0bb7 75696E74 		.ascii	"uint16\000"
 1594      313600
 1595              	.LASF39:
 1596 0bbe 4359424C 		.ascii	"CYBLE_EVT_GAP_KEYPRESS_NOTIFICATION\000"
 1596      455F4556 
 1596      545F4741 
 1596      505F4B45 
 1596      59505245 
 1597              	.LASF2:
 1598 0be2 73686F72 		.ascii	"short int\000"
 1598      7420696E 
 1598      7400
 1599              	.LASF68:
 1600 0bec 4359424C 		.ascii	"CYBLE_EVT_GATTC_HANDLE_VALUE_IND\000"
 1600      455F4556 
 1600      545F4741 
 1600      5454435F 
 1600      48414E44 
 1601              	.LASF87:
 1602 0c0d 4359424C 		.ascii	"CYBLE_EVT_HCI_PKT\000"
 1602      455F4556 
 1602      545F4843 
 1602      495F504B 
 1602      5400
 1603              	.LASF96:
 1604 0c1f 4359424C 		.ascii	"CYBLE_ERROR_NO_CONNECTION\000"
 1604      455F4552 
 1604      524F525F 
 1604      4E4F5F43 
 1604      4F4E4E45 
 1605              	.LASF64:
 1606 0c39 4359424C 		.ascii	"CYBLE_EVT_GATTS_PREP_WRITE_REQ\000"
 1606      455F4556 
 1606      545F4741 
 1606      5454535F 
 1606      50524550 
 1607              	.LASF69:
 1608 0c58 4359424C 		.ascii	"CYBLE_EVT_GATTS_HANDLE_VALUE_CNF\000"
 1608      455F4556 
 1608      545F4741 
 1608      5454535F 
 1608      48414E44 
 1609              	.LASF98:
ARM GAS  C:\Users\Lucia\AppData\Local\Temp\cc38IbN4.s 			page 40


 1610 0c79 4359424C 		.ascii	"CYBLE_ERROR_REPEATED_ATTEMPTS\000"
 1610      455F4552 
 1610      524F525F 
 1610      52455045 
 1610      41544544 
 1611              	.LASF44:
 1612 0c97 4359424C 		.ascii	"CYBLE_EVT_GAP_SMP_NEGOTIATED_AUTH_INFO\000"
 1612      455F4556 
 1612      545F4741 
 1612      505F534D 
 1612      505F4E45 
 1613              	.LASF122:
 1614 0cbe 4359424C 		.ascii	"CYBLE_ERROR_STACK_BUSY\000"
 1614      455F4552 
 1614      524F525F 
 1614      53544143 
 1614      4B5F4255 
 1615              	.LASF16:
 1616 0cd5 6C6F6E67 		.ascii	"long double\000"
 1616      20646F75 
 1616      626C6500 
 1617              	.LASF14:
 1618 0ce1 63686172 		.ascii	"char\000"
 1618      00
 1619              	.LASF101:
 1620 0ce6 4359424C 		.ascii	"CYBLE_ERROR_BT_ON_NOT_COMPLETED\000"
 1620      455F4552 
 1620      524F525F 
 1620      42545F4F 
 1620      4E5F4E4F 
 1621              	.LASF33:
 1622 0d06 4359424C 		.ascii	"CYBLE_EVT_GAP_DEVICE_DISCONNECTED\000"
 1622      455F4556 
 1622      545F4741 
 1622      505F4445 
 1622      56494345 
 1623              	.LASF8:
 1624 0d28 756E7369 		.ascii	"unsigned int\000"
 1624      676E6564 
 1624      20696E74 
 1624      00
 1625              	.LASF72:
 1626 0d35 4359424C 		.ascii	"CYBLE_EVT_GATTS_READ_CHAR_VAL_ACCESS_REQ\000"
 1626      455F4556 
 1626      545F4741 
 1626      5454535F 
 1626      52454144 
 1627              	.LASF83:
 1628 0d5e 4359424C 		.ascii	"CYBLE_EVT_L2CAP_CBFC_TX_CREDIT_IND\000"
 1628      455F4556 
 1628      545F4C32 
 1628      4341505F 
 1628      43424643 
 1629              	.LASF111:
 1630 0d81 4359424C 		.ascii	"CYBLE_ERROR_FLASH_WRITE_NOT_PERMITED\000"
 1630      455F4552 
 1630      524F525F 
ARM GAS  C:\Users\Lucia\AppData\Local\Temp\cc38IbN4.s 			page 41


 1630      464C4153 
 1630      485F5752 
 1631              	.LASF106:
 1632 0da6 4359424C 		.ascii	"CYBLE_ERROR_L2CAP_CONNECTION_ENTITY_NOT_FOUND\000"
 1632      455F4552 
 1632      524F525F 
 1632      4C324341 
 1632      505F434F 
 1633              	.LASF28:
 1634 0dd4 4359424C 		.ascii	"CYBLE_EVT_GAP_PASSKEY_DISPLAY_REQUEST\000"
 1634      455F4556 
 1634      545F4741 
 1634      505F5041 
 1634      53534B45 
 1635              	.LASF21:
 1636 0dfa 4359424C 		.ascii	"CYBLE_EVT_HARDWARE_ERROR\000"
 1636      455F4556 
 1636      545F4841 
 1636      52445741 
 1636      52455F45 
 1637              	.LASF3:
 1638 0e13 73686F72 		.ascii	"short unsigned int\000"
 1638      7420756E 
 1638      7369676E 
 1638      65642069 
 1638      6E7400
 1639              	.LASF92:
 1640 0e26 4359424C 		.ascii	"CYBLE_ERROR_INVALID_OPERATION\000"
 1640      455F4552 
 1640      524F525F 
 1640      494E5641 
 1640      4C49445F 
 1641              	.LASF52:
 1642 0e44 4359424C 		.ascii	"CYBLE_EVT_GATTS_XCNHG_MTU_REQ\000"
 1642      455F4556 
 1642      545F4741 
 1642      5454535F 
 1642      58434E48 
 1643              	.LASF149:
 1644 0e62 6576656E 		.ascii	"eventParam\000"
 1644      74506172 
 1644      616D00
 1645              	.LASF94:
 1646 0e6d 4359424C 		.ascii	"CYBLE_ERROR_INSUFFICIENT_RESOURCES\000"
 1646      455F4552 
 1646      524F525F 
 1646      494E5355 
 1646      46464943 
 1647              	.LASF144:
 1648 0e90 4359424C 		.ascii	"CYBLE_STATE_T\000"
 1648      455F5354 
 1648      4154455F 
 1648      5400
 1649              	.LASF59:
 1650 0e9e 4359424C 		.ascii	"CYBLE_EVT_GATTC_READ_BLOB_RSP\000"
 1650      455F4556 
 1650      545F4741 
ARM GAS  C:\Users\Lucia\AppData\Local\Temp\cc38IbN4.s 			page 42


 1650      5454435F 
 1650      52454144 
 1651              	.LASF116:
 1652 0ebc 4359424C 		.ascii	"CYBLE_ERROR_CONTROLLER_BUSY\000"
 1652      455F4552 
 1652      524F525F 
 1652      434F4E54 
 1652      524F4C4C 
 1653              	.LASF112:
 1654 0ed8 4359424C 		.ascii	"CYBLE_ERROR_MIC_AUTH_FAILED\000"
 1654      455F4552 
 1654      524F525F 
 1654      4D49435F 
 1654      41555448 
 1655              	.LASF105:
 1656 0ef4 4359424C 		.ascii	"CYBLE_ERROR_L2CAP_PSM_NOT_REGISTERED\000"
 1656      455F4552 
 1656      524F525F 
 1656      4C324341 
 1656      505F5053 
 1657              	.LASF141:
 1658 0f19 4359424C 		.ascii	"CYBLE_STATE_CONNECTED\000"
 1658      455F5354 
 1658      4154455F 
 1658      434F4E4E 
 1658      45435445 
 1659              	.LASF57:
 1660 0f2f 4359424C 		.ascii	"CYBLE_EVT_GATTC_FIND_BY_TYPE_VALUE_RSP\000"
 1660      455F4556 
 1660      545F4741 
 1660      5454435F 
 1660      46494E44 
 1661              	.LASF99:
 1662 0f56 4359424C 		.ascii	"CYBLE_ERROR_GAP_ROLE\000"
 1662      455F4552 
 1662      524F525F 
 1662      4741505F 
 1662      524F4C45 
 1663              	.LASF37:
 1664 0f6b 4359424C 		.ascii	"CYBLE_EVT_GAP_KEYINFO_EXCHNGE_CMPLT\000"
 1664      455F4556 
 1664      545F4741 
 1664      505F4B45 
 1664      59494E46 
 1665              	.LASF128:
 1666 0f8f 62644861 		.ascii	"bdHandle\000"
 1666      6E646C65 
 1666      00
 1667              	.LASF75:
 1668 0f98 4359424C 		.ascii	"CYBLE_EVT_L2CAP_CONN_PARAM_UPDATE_RSP\000"
 1668      455F4556 
 1668      545F4C32 
 1668      4341505F 
 1668      434F4E4E 
 1669              	.LASF42:
 1670 0fbe 4359424C 		.ascii	"CYBLE_EVT_GAP_ENHANCE_CONN_COMPLETE\000"
 1670      455F4556 
ARM GAS  C:\Users\Lucia\AppData\Local\Temp\cc38IbN4.s 			page 43


 1670      545F4741 
 1670      505F454E 
 1670      48414E43 
 1671              	.LASF127:
 1672 0fe2 4359424C 		.ascii	"CYBLE_GATT_DB_ATTR_HANDLE_T\000"
 1672      455F4741 
 1672      54545F44 
 1672      425F4154 
 1672      54525F48 
 1673              	.LASF25:
 1674 0ffe 4359424C 		.ascii	"CYBLE_EVT_GAPC_SCAN_PROGRESS_RESULT\000"
 1674      455F4556 
 1674      545F4741 
 1674      50435F53 
 1674      43414E5F 
 1675              	.LASF145:
 1676 1022 6C6F6361 		.ascii	"localAddr\000"
 1676      6C416464 
 1676      7200
 1677              	.LASF51:
 1678 102c 4359424C 		.ascii	"CYBLE_EVT_GATT_DISCONNECT_IND\000"
 1678      455F4556 
 1678      545F4741 
 1678      54545F44 
 1678      4953434F 
 1679              	.LASF109:
 1680 104a 4359424C 		.ascii	"CYBLE_ERROR_GATT_DB_INVALID_ATTR_HANDLE\000"
 1680      455F4552 
 1680      524F525F 
 1680      47415454 
 1680      5F44425F 
 1681              	.LASF88:
 1682 1072 4359424C 		.ascii	"CYBLE_EVT_FLASH_CORRUPT\000"
 1682      455F4556 
 1682      545F464C 
 1682      4153485F 
 1682      434F5252 
 1683              		.ident	"GCC: (GNU Tools for ARM Embedded Processors) 5.4.1 20160609 (release) [ARM/embedded-5-bran
