ARM GAS  C:\Users\Luci\AppData\Local\Temp\ccFK5B87.s 			page 1


   1              		.cpu cortex-m0
   2              		.fpu softvfp
   3              		.eabi_attribute 20, 1
   4              		.eabi_attribute 21, 1
   5              		.eabi_attribute 23, 3
   6              		.eabi_attribute 24, 1
   7              		.eabi_attribute 25, 1
   8              		.eabi_attribute 26, 1
   9              		.eabi_attribute 30, 1
  10              		.eabi_attribute 34, 0
  11              		.eabi_attribute 18, 4
  12              		.code	16
  13              		.file	"DieTemp.c"
  14              		.text
  15              	.Ltext0:
  16              		.cfi_sections	.debug_frame
  17              		.global	__aeabi_idiv
  18              		.section	.text.DieTemp_CountsTo_Celsius,"ax",%progbits
  19              		.align	2
  20              		.global	DieTemp_CountsTo_Celsius
  21              		.code	16
  22              		.thumb_func
  23              		.type	DieTemp_CountsTo_Celsius, %function
  24              	DieTemp_CountsTo_Celsius:
  25              	.LFB2:
  26              		.file 1 ".\\Generated_Source\\PSoC4\\DieTemp.c"
   1:.\Generated_Source\PSoC4/DieTemp.c **** /*******************************************************************************
   2:.\Generated_Source\PSoC4/DieTemp.c **** * File Name: DieTemp.c
   3:.\Generated_Source\PSoC4/DieTemp.c **** * Version 1.0
   4:.\Generated_Source\PSoC4/DieTemp.c **** *
   5:.\Generated_Source\PSoC4/DieTemp.c **** * Description:
   6:.\Generated_Source\PSoC4/DieTemp.c **** *  This file provides the source code of APIs for the DieTemp_P4 component.
   7:.\Generated_Source\PSoC4/DieTemp.c **** *
   8:.\Generated_Source\PSoC4/DieTemp.c **** *******************************************************************************
   9:.\Generated_Source\PSoC4/DieTemp.c **** * Copyright 2013, Cypress Semiconductor Corporation.  All rights reserved.
  10:.\Generated_Source\PSoC4/DieTemp.c **** * You may use this file only in accordance with the license, terms, conditions,
  11:.\Generated_Source\PSoC4/DieTemp.c **** * disclaimers, and limitations in the end user license agreement accompanying
  12:.\Generated_Source\PSoC4/DieTemp.c **** * the software package with which this file was provided.
  13:.\Generated_Source\PSoC4/DieTemp.c **** *******************************************************************************/
  14:.\Generated_Source\PSoC4/DieTemp.c **** 
  15:.\Generated_Source\PSoC4/DieTemp.c **** #include "DieTemp.h"
  16:.\Generated_Source\PSoC4/DieTemp.c **** 
  17:.\Generated_Source\PSoC4/DieTemp.c **** 
  18:.\Generated_Source\PSoC4/DieTemp.c **** /*******************************************************************************
  19:.\Generated_Source\PSoC4/DieTemp.c **** * Function Name: DieTemp_CountsTo_Celsius
  20:.\Generated_Source\PSoC4/DieTemp.c **** ********************************************************************************
  21:.\Generated_Source\PSoC4/DieTemp.c **** *
  22:.\Generated_Source\PSoC4/DieTemp.c **** * Summary:
  23:.\Generated_Source\PSoC4/DieTemp.c **** *  Converts the ADC output to degrees Celsius.
  24:.\Generated_Source\PSoC4/DieTemp.c **** *
  25:.\Generated_Source\PSoC4/DieTemp.c **** * Parameters:
  26:.\Generated_Source\PSoC4/DieTemp.c **** *  int32 adcCounts:
  27:.\Generated_Source\PSoC4/DieTemp.c **** *   Result from the ADC Conversion
  28:.\Generated_Source\PSoC4/DieTemp.c **** *
  29:.\Generated_Source\PSoC4/DieTemp.c **** * Return:
  30:.\Generated_Source\PSoC4/DieTemp.c **** *  Temperature in degrees Celsius
  31:.\Generated_Source\PSoC4/DieTemp.c **** *
ARM GAS  C:\Users\Luci\AppData\Local\Temp\ccFK5B87.s 			page 2


  32:.\Generated_Source\PSoC4/DieTemp.c **** * Global variables:
  33:.\Generated_Source\PSoC4/DieTemp.c **** *  None
  34:.\Generated_Source\PSoC4/DieTemp.c **** *
  35:.\Generated_Source\PSoC4/DieTemp.c **** *******************************************************************************/
  36:.\Generated_Source\PSoC4/DieTemp.c **** int32 DieTemp_CountsTo_Celsius(int32 adcCounts)
  37:.\Generated_Source\PSoC4/DieTemp.c **** {
  27              		.loc 1 37 0
  28              		.cfi_startproc
  29              	.LVL0:
  30 0000 10B5     		push	{r4, lr}
  31              		.cfi_def_cfa_offset 8
  32              		.cfi_offset 4, -8
  33              		.cfi_offset 14, -4
  38:.\Generated_Source\PSoC4/DieTemp.c ****     int32 tempCelsius;
  39:.\Generated_Source\PSoC4/DieTemp.c ****     int32 tInitial;
  40:.\Generated_Source\PSoC4/DieTemp.c ****     int32 tAdjust;
  41:.\Generated_Source\PSoC4/DieTemp.c ****     int32 offsetReg;
  42:.\Generated_Source\PSoC4/DieTemp.c ****     int32 multReg;
  43:.\Generated_Source\PSoC4/DieTemp.c **** 
  44:.\Generated_Source\PSoC4/DieTemp.c ****     offsetReg = (int16)DieTemp_SAR_TEMP_OFFSET_REG;
  34              		.loc 1 44 0
  35 0002 164B     		ldr	r3, .L4
  36 0004 1A88     		ldrh	r2, [r3]
  37 0006 12B2     		sxth	r2, r2
  38              	.LVL1:
  45:.\Generated_Source\PSoC4/DieTemp.c ****     multReg   = (int16)DieTemp_SAR_TEMP_MULTIPLIER_REG;
  39              		.loc 1 45 0
  40 0008 154B     		ldr	r3, .L4+4
  41 000a 1988     		ldrh	r1, [r3]
  42 000c 0CB2     		sxth	r4, r1
  43              	.LVL2:
  46:.\Generated_Source\PSoC4/DieTemp.c ****     /* Calculate tInitial in Q16.16 */
  47:.\Generated_Source\PSoC4/DieTemp.c ****     tInitial = (adcCounts * multReg) + (offsetReg * DieTemp_SAR_TEMP_OFFSET_MULT);
  44              		.loc 1 47 0
  45 000e 6043     		mul	r0, r4
  46              	.LVL3:
  47 0010 9202     		lsl	r2, r2, #10
  48              	.LVL4:
  49 0012 8418     		add	r4, r0, r2
  50              	.LVL5:
  48:.\Generated_Source\PSoC4/DieTemp.c **** 
  49:.\Generated_Source\PSoC4/DieTemp.c ****     if(tInitial >= DieTemp_DUAL_SLOPE_CORRECTION)
  51              		.loc 1 49 0
  52 0014 134B     		ldr	r3, .L4+8
  53 0016 9C42     		cmp	r4, r3
  54 0018 0BDD     		ble	.L2
  50:.\Generated_Source\PSoC4/DieTemp.c ****     {
  51:.\Generated_Source\PSoC4/DieTemp.c ****         /* Shift (100 - tInitial) by 4 bits to prevent scale-adjustment from overflowing. */
  52:.\Generated_Source\PSoC4/DieTemp.c ****         /* Then divide by the integer bits of (100 - cutoff) to end up with a Q16.16 tAdjust */
  53:.\Generated_Source\PSoC4/DieTemp.c ****         tAdjust = (DieTemp_SCALE_ADJUSTMENT * (((int32)DieTemp_HIGH_TEMPERATURE - tInitial)
  55              		.loc 1 53 0
  56 001a C823     		mov	r3, #200
  57 001c DB03     		lsl	r3, r3, #15
  58 001e 1B1B     		sub	r3, r3, r4
  54:.\Generated_Source\PSoC4/DieTemp.c ****             / (int32)DieTemp_SCALE_ADJUSTMENT_DIVIDER)) /
  59              		.loc 1 54 0
  60 0020 D817     		asr	r0, r3, #31
ARM GAS  C:\Users\Luci\AppData\Local\Temp\ccFK5B87.s 			page 3


  61 0022 000F     		lsr	r0, r0, #28
  62 0024 C018     		add	r0, r0, r3
  63 0026 0011     		asr	r0, r0, #4
  53:.\Generated_Source\PSoC4/DieTemp.c ****             / (int32)DieTemp_SCALE_ADJUSTMENT_DIVIDER)) /
  64              		.loc 1 53 0
  65 0028 C000     		lsl	r0, r0, #3
  66 002a 5521     		mov	r1, #85
  67              	.LVL6:
  68 002c FFF7FEFF 		bl	__aeabi_idiv
  69              	.LVL7:
  70 0030 0AE0     		b	.L3
  71              	.LVL8:
  72              	.L2:
  55:.\Generated_Source\PSoC4/DieTemp.c ****             (((int32)DieTemp_HIGH_TEMPERATURE - (int32)DieTemp_DUAL_SLOPE_CORRECTION) /
  56:.\Generated_Source\PSoC4/DieTemp.c ****             DieTemp_SAR_TEMP_DIVIDER);
  57:.\Generated_Source\PSoC4/DieTemp.c ****     }
  58:.\Generated_Source\PSoC4/DieTemp.c ****     else
  59:.\Generated_Source\PSoC4/DieTemp.c ****     {
  60:.\Generated_Source\PSoC4/DieTemp.c ****         /* Shift (40 + tInitial) by 4 bits to prevent scale-adjustment from overflowing. */
  61:.\Generated_Source\PSoC4/DieTemp.c ****         /* Then divide by the integer bits of (40 + cutoff) to end up with a Q16.16 tAdjust */
  62:.\Generated_Source\PSoC4/DieTemp.c ****         tAdjust = ((int32)DieTemp_SCALE_ADJUSTMENT * (((int32)DieTemp_LOW_TEMPERATURE + tInitial)
  73              		.loc 1 62 0
  74 0032 A023     		mov	r3, #160
  75 0034 9B03     		lsl	r3, r3, #14
  76 0036 E318     		add	r3, r4, r3
  63:.\Generated_Source\PSoC4/DieTemp.c ****            / (int32)DieTemp_SCALE_ADJUSTMENT_DIVIDER)) /
  77              		.loc 1 63 0
  78 0038 D817     		asr	r0, r3, #31
  79 003a 000F     		lsr	r0, r0, #28
  80 003c C018     		add	r0, r0, r3
  81 003e 0011     		asr	r0, r0, #4
  62:.\Generated_Source\PSoC4/DieTemp.c ****            / (int32)DieTemp_SCALE_ADJUSTMENT_DIVIDER)) /
  82              		.loc 1 62 0
  83 0040 C000     		lsl	r0, r0, #3
  84 0042 3721     		mov	r1, #55
  85              	.LVL9:
  86 0044 FFF7FEFF 		bl	__aeabi_idiv
  87              	.LVL10:
  88              	.L3:
  64:.\Generated_Source\PSoC4/DieTemp.c ****             (((int32)DieTemp_LOW_TEMPERATURE + (int32)DieTemp_DUAL_SLOPE_CORRECTION) /
  65:.\Generated_Source\PSoC4/DieTemp.c ****             (int32)DieTemp_SAR_TEMP_DIVIDER);
  66:.\Generated_Source\PSoC4/DieTemp.c ****     }
  67:.\Generated_Source\PSoC4/DieTemp.c **** 
  68:.\Generated_Source\PSoC4/DieTemp.c ****     /* Add tInitial + tAdjust + 0.5 to round to nearest int. Shift off frac bits, and return. */
  69:.\Generated_Source\PSoC4/DieTemp.c ****     tempCelsius = tInitial + tAdjust + DieTemp_HALF_OF_ONE;
  89              		.loc 1 69 0
  90 0048 2318     		add	r3, r4, r0
  91 004a 8022     		mov	r2, #128
  92 004c 1202     		lsl	r2, r2, #8
  93 004e 9446     		mov	ip, r2
  94 0050 6344     		add	r3, r3, ip
  95              	.LVL11:
  70:.\Generated_Source\PSoC4/DieTemp.c **** 
  71:.\Generated_Source\PSoC4/DieTemp.c ****     return (tempCelsius / DieTemp_SAR_TEMP_OFFSET_DIVIDER);
  96              		.loc 1 71 0
  97 0052 D817     		asr	r0, r3, #31
  98              	.LVL12:
ARM GAS  C:\Users\Luci\AppData\Local\Temp\ccFK5B87.s 			page 4


  99 0054 000C     		lsr	r0, r0, #16
 100 0056 C018     		add	r0, r0, r3
 101 0058 0014     		asr	r0, r0, #16
  72:.\Generated_Source\PSoC4/DieTemp.c **** }
 102              		.loc 1 72 0
 103              		@ sp needed
 104              	.LVL13:
 105 005a 10BD     		pop	{r4, pc}
 106              	.L5:
 107              		.align	2
 108              	.L4:
 109 005c 66F2FF0F 		.word	268431974
 110 0060 64F2FF0F 		.word	268431972
 111 0064 FFFF0E00 		.word	983039
 112              		.cfi_endproc
 113              	.LFE2:
 114              		.size	DieTemp_CountsTo_Celsius, .-DieTemp_CountsTo_Celsius
 115              		.text
 116              	.Letext0:
 117              		.file 2 ".\\Generated_Source\\PSoC4\\cytypes.h"
 118              		.section	.debug_info,"",%progbits
 119              	.Ldebug_info0:
 120 0000 24010000 		.4byte	0x124
 121 0004 0400     		.2byte	0x4
 122 0006 00000000 		.4byte	.Ldebug_abbrev0
 123 000a 04       		.byte	0x4
 124 000b 01       		.uleb128 0x1
 125 000c 36010000 		.4byte	.LASF22
 126 0010 01       		.byte	0x1
 127 0011 C4010000 		.4byte	.LASF23
 128 0015 1B000000 		.4byte	.LASF24
 129 0019 00000000 		.4byte	.Ldebug_ranges0+0
 130 001d 00000000 		.4byte	0
 131 0021 00000000 		.4byte	.Ldebug_line0
 132 0025 02       		.uleb128 0x2
 133 0026 01       		.byte	0x1
 134 0027 06       		.byte	0x6
 135 0028 22010000 		.4byte	.LASF0
 136 002c 02       		.uleb128 0x2
 137 002d 01       		.byte	0x1
 138 002e 08       		.byte	0x8
 139 002f BE000000 		.4byte	.LASF1
 140 0033 02       		.uleb128 0x2
 141 0034 02       		.byte	0x2
 142 0035 05       		.byte	0x5
 143 0036 E7010000 		.4byte	.LASF2
 144 003a 02       		.uleb128 0x2
 145 003b 02       		.byte	0x2
 146 003c 07       		.byte	0x7
 147 003d 0F010000 		.4byte	.LASF3
 148 0041 02       		.uleb128 0x2
 149 0042 04       		.byte	0x4
 150 0043 05       		.byte	0x5
 151 0044 D9000000 		.4byte	.LASF4
 152 0048 02       		.uleb128 0x2
 153 0049 04       		.byte	0x4
 154 004a 07       		.byte	0x7
ARM GAS  C:\Users\Luci\AppData\Local\Temp\ccFK5B87.s 			page 5


 155 004b 6D000000 		.4byte	.LASF5
 156 004f 02       		.uleb128 0x2
 157 0050 08       		.byte	0x8
 158 0051 05       		.byte	0x5
 159 0052 00000000 		.4byte	.LASF6
 160 0056 02       		.uleb128 0x2
 161 0057 08       		.byte	0x8
 162 0058 07       		.byte	0x7
 163 0059 7F000000 		.4byte	.LASF7
 164 005d 03       		.uleb128 0x3
 165 005e 04       		.byte	0x4
 166 005f 05       		.byte	0x5
 167 0060 696E7400 		.ascii	"int\000"
 168 0064 02       		.uleb128 0x2
 169 0065 04       		.byte	0x4
 170 0066 07       		.byte	0x7
 171 0067 0E000000 		.4byte	.LASF8
 172 006b 04       		.uleb128 0x4
 173 006c F1010000 		.4byte	.LASF9
 174 0070 02       		.byte	0x2
 175 0071 B4       		.byte	0xb4
 176 0072 3A000000 		.4byte	0x3a
 177 0076 04       		.uleb128 0x4
 178 0077 F8010000 		.4byte	.LASF10
 179 007b 02       		.byte	0x2
 180 007c B7       		.byte	0xb7
 181 007d 33000000 		.4byte	0x33
 182 0081 04       		.uleb128 0x4
 183 0082 07020000 		.4byte	.LASF11
 184 0086 02       		.byte	0x2
 185 0087 B8       		.byte	0xb8
 186 0088 41000000 		.4byte	0x41
 187 008c 02       		.uleb128 0x2
 188 008d 04       		.byte	0x4
 189 008e 04       		.byte	0x4
 190 008f 9F000000 		.4byte	.LASF12
 191 0093 02       		.uleb128 0x2
 192 0094 08       		.byte	0x8
 193 0095 04       		.byte	0x4
 194 0096 F2000000 		.4byte	.LASF13
 195 009a 02       		.uleb128 0x2
 196 009b 01       		.byte	0x1
 197 009c 08       		.byte	0x8
 198 009d CC000000 		.4byte	.LASF14
 199 00a1 05       		.uleb128 0x5
 200 00a2 EC000000 		.4byte	.LASF15
 201 00a6 02       		.byte	0x2
 202 00a7 5E01     		.2byte	0x15e
 203 00a9 AD000000 		.4byte	0xad
 204 00ad 06       		.uleb128 0x6
 205 00ae 6B000000 		.4byte	0x6b
 206 00b2 02       		.uleb128 0x2
 207 00b3 04       		.byte	0x4
 208 00b4 07       		.byte	0x7
 209 00b5 FE010000 		.4byte	.LASF16
 210 00b9 07       		.uleb128 0x7
 211 00ba A5000000 		.4byte	.LASF25
ARM GAS  C:\Users\Luci\AppData\Local\Temp\ccFK5B87.s 			page 6


 212 00be 01       		.byte	0x1
 213 00bf 24       		.byte	0x24
 214 00c0 81000000 		.4byte	0x81
 215 00c4 00000000 		.4byte	.LFB2
 216 00c8 68000000 		.4byte	.LFE2-.LFB2
 217 00cc 01       		.uleb128 0x1
 218 00cd 9C       		.byte	0x9c
 219 00ce 08       		.uleb128 0x8
 220 00cf F9000000 		.4byte	.LASF26
 221 00d3 01       		.byte	0x1
 222 00d4 24       		.byte	0x24
 223 00d5 81000000 		.4byte	0x81
 224 00d9 00000000 		.4byte	.LLST0
 225 00dd 09       		.uleb128 0x9
 226 00de 03010000 		.4byte	.LASF17
 227 00e2 01       		.byte	0x1
 228 00e3 26       		.byte	0x26
 229 00e4 81000000 		.4byte	0x81
 230 00e8 01       		.uleb128 0x1
 231 00e9 53       		.byte	0x53
 232 00ea 0A       		.uleb128 0xa
 233 00eb 96000000 		.4byte	.LASF18
 234 00ef 01       		.byte	0x1
 235 00f0 27       		.byte	0x27
 236 00f1 81000000 		.4byte	0x81
 237 00f5 21000000 		.4byte	.LLST1
 238 00f9 0A       		.uleb128 0xa
 239 00fa D1000000 		.4byte	.LASF19
 240 00fe 01       		.byte	0x1
 241 00ff 28       		.byte	0x28
 242 0100 81000000 		.4byte	0x81
 243 0104 34000000 		.4byte	.LLST2
 244 0108 0A       		.uleb128 0xa
 245 0109 E2000000 		.4byte	.LASF20
 246 010d 01       		.byte	0x1
 247 010e 29       		.byte	0x29
 248 010f 81000000 		.4byte	0x81
 249 0113 52000000 		.4byte	.LLST3
 250 0117 0A       		.uleb128 0xa
 251 0118 2E010000 		.4byte	.LASF21
 252 011c 01       		.byte	0x1
 253 011d 2A       		.byte	0x2a
 254 011e 81000000 		.4byte	0x81
 255 0122 65000000 		.4byte	.LLST4
 256 0126 00       		.byte	0
 257 0127 00       		.byte	0
 258              		.section	.debug_abbrev,"",%progbits
 259              	.Ldebug_abbrev0:
 260 0000 01       		.uleb128 0x1
 261 0001 11       		.uleb128 0x11
 262 0002 01       		.byte	0x1
 263 0003 25       		.uleb128 0x25
 264 0004 0E       		.uleb128 0xe
 265 0005 13       		.uleb128 0x13
 266 0006 0B       		.uleb128 0xb
 267 0007 03       		.uleb128 0x3
 268 0008 0E       		.uleb128 0xe
ARM GAS  C:\Users\Luci\AppData\Local\Temp\ccFK5B87.s 			page 7


 269 0009 1B       		.uleb128 0x1b
 270 000a 0E       		.uleb128 0xe
 271 000b 55       		.uleb128 0x55
 272 000c 17       		.uleb128 0x17
 273 000d 11       		.uleb128 0x11
 274 000e 01       		.uleb128 0x1
 275 000f 10       		.uleb128 0x10
 276 0010 17       		.uleb128 0x17
 277 0011 00       		.byte	0
 278 0012 00       		.byte	0
 279 0013 02       		.uleb128 0x2
 280 0014 24       		.uleb128 0x24
 281 0015 00       		.byte	0
 282 0016 0B       		.uleb128 0xb
 283 0017 0B       		.uleb128 0xb
 284 0018 3E       		.uleb128 0x3e
 285 0019 0B       		.uleb128 0xb
 286 001a 03       		.uleb128 0x3
 287 001b 0E       		.uleb128 0xe
 288 001c 00       		.byte	0
 289 001d 00       		.byte	0
 290 001e 03       		.uleb128 0x3
 291 001f 24       		.uleb128 0x24
 292 0020 00       		.byte	0
 293 0021 0B       		.uleb128 0xb
 294 0022 0B       		.uleb128 0xb
 295 0023 3E       		.uleb128 0x3e
 296 0024 0B       		.uleb128 0xb
 297 0025 03       		.uleb128 0x3
 298 0026 08       		.uleb128 0x8
 299 0027 00       		.byte	0
 300 0028 00       		.byte	0
 301 0029 04       		.uleb128 0x4
 302 002a 16       		.uleb128 0x16
 303 002b 00       		.byte	0
 304 002c 03       		.uleb128 0x3
 305 002d 0E       		.uleb128 0xe
 306 002e 3A       		.uleb128 0x3a
 307 002f 0B       		.uleb128 0xb
 308 0030 3B       		.uleb128 0x3b
 309 0031 0B       		.uleb128 0xb
 310 0032 49       		.uleb128 0x49
 311 0033 13       		.uleb128 0x13
 312 0034 00       		.byte	0
 313 0035 00       		.byte	0
 314 0036 05       		.uleb128 0x5
 315 0037 16       		.uleb128 0x16
 316 0038 00       		.byte	0
 317 0039 03       		.uleb128 0x3
 318 003a 0E       		.uleb128 0xe
 319 003b 3A       		.uleb128 0x3a
 320 003c 0B       		.uleb128 0xb
 321 003d 3B       		.uleb128 0x3b
 322 003e 05       		.uleb128 0x5
 323 003f 49       		.uleb128 0x49
 324 0040 13       		.uleb128 0x13
 325 0041 00       		.byte	0
ARM GAS  C:\Users\Luci\AppData\Local\Temp\ccFK5B87.s 			page 8


 326 0042 00       		.byte	0
 327 0043 06       		.uleb128 0x6
 328 0044 35       		.uleb128 0x35
 329 0045 00       		.byte	0
 330 0046 49       		.uleb128 0x49
 331 0047 13       		.uleb128 0x13
 332 0048 00       		.byte	0
 333 0049 00       		.byte	0
 334 004a 07       		.uleb128 0x7
 335 004b 2E       		.uleb128 0x2e
 336 004c 01       		.byte	0x1
 337 004d 3F       		.uleb128 0x3f
 338 004e 19       		.uleb128 0x19
 339 004f 03       		.uleb128 0x3
 340 0050 0E       		.uleb128 0xe
 341 0051 3A       		.uleb128 0x3a
 342 0052 0B       		.uleb128 0xb
 343 0053 3B       		.uleb128 0x3b
 344 0054 0B       		.uleb128 0xb
 345 0055 27       		.uleb128 0x27
 346 0056 19       		.uleb128 0x19
 347 0057 49       		.uleb128 0x49
 348 0058 13       		.uleb128 0x13
 349 0059 11       		.uleb128 0x11
 350 005a 01       		.uleb128 0x1
 351 005b 12       		.uleb128 0x12
 352 005c 06       		.uleb128 0x6
 353 005d 40       		.uleb128 0x40
 354 005e 18       		.uleb128 0x18
 355 005f 9642     		.uleb128 0x2116
 356 0061 19       		.uleb128 0x19
 357 0062 00       		.byte	0
 358 0063 00       		.byte	0
 359 0064 08       		.uleb128 0x8
 360 0065 05       		.uleb128 0x5
 361 0066 00       		.byte	0
 362 0067 03       		.uleb128 0x3
 363 0068 0E       		.uleb128 0xe
 364 0069 3A       		.uleb128 0x3a
 365 006a 0B       		.uleb128 0xb
 366 006b 3B       		.uleb128 0x3b
 367 006c 0B       		.uleb128 0xb
 368 006d 49       		.uleb128 0x49
 369 006e 13       		.uleb128 0x13
 370 006f 02       		.uleb128 0x2
 371 0070 17       		.uleb128 0x17
 372 0071 00       		.byte	0
 373 0072 00       		.byte	0
 374 0073 09       		.uleb128 0x9
 375 0074 34       		.uleb128 0x34
 376 0075 00       		.byte	0
 377 0076 03       		.uleb128 0x3
 378 0077 0E       		.uleb128 0xe
 379 0078 3A       		.uleb128 0x3a
 380 0079 0B       		.uleb128 0xb
 381 007a 3B       		.uleb128 0x3b
 382 007b 0B       		.uleb128 0xb
ARM GAS  C:\Users\Luci\AppData\Local\Temp\ccFK5B87.s 			page 9


 383 007c 49       		.uleb128 0x49
 384 007d 13       		.uleb128 0x13
 385 007e 02       		.uleb128 0x2
 386 007f 18       		.uleb128 0x18
 387 0080 00       		.byte	0
 388 0081 00       		.byte	0
 389 0082 0A       		.uleb128 0xa
 390 0083 34       		.uleb128 0x34
 391 0084 00       		.byte	0
 392 0085 03       		.uleb128 0x3
 393 0086 0E       		.uleb128 0xe
 394 0087 3A       		.uleb128 0x3a
 395 0088 0B       		.uleb128 0xb
 396 0089 3B       		.uleb128 0x3b
 397 008a 0B       		.uleb128 0xb
 398 008b 49       		.uleb128 0x49
 399 008c 13       		.uleb128 0x13
 400 008d 02       		.uleb128 0x2
 401 008e 17       		.uleb128 0x17
 402 008f 00       		.byte	0
 403 0090 00       		.byte	0
 404 0091 00       		.byte	0
 405              		.section	.debug_loc,"",%progbits
 406              	.Ldebug_loc0:
 407              	.LLST0:
 408 0000 00000000 		.4byte	.LVL0
 409 0004 10000000 		.4byte	.LVL3
 410 0008 0100     		.2byte	0x1
 411 000a 50       		.byte	0x50
 412 000b 10000000 		.4byte	.LVL3
 413 000f 68000000 		.4byte	.LFE2
 414 0013 0400     		.2byte	0x4
 415 0015 F3       		.byte	0xf3
 416 0016 01       		.uleb128 0x1
 417 0017 50       		.byte	0x50
 418 0018 9F       		.byte	0x9f
 419 0019 00000000 		.4byte	0
 420 001d 00000000 		.4byte	0
 421              	.LLST1:
 422 0021 14000000 		.4byte	.LVL5
 423 0025 5A000000 		.4byte	.LVL13
 424 0029 0100     		.2byte	0x1
 425 002b 54       		.byte	0x54
 426 002c 00000000 		.4byte	0
 427 0030 00000000 		.4byte	0
 428              	.LLST2:
 429 0034 30000000 		.4byte	.LVL7
 430 0038 32000000 		.4byte	.LVL8
 431 003c 0100     		.2byte	0x1
 432 003e 50       		.byte	0x50
 433 003f 48000000 		.4byte	.LVL10
 434 0043 54000000 		.4byte	.LVL12
 435 0047 0100     		.2byte	0x1
 436 0049 50       		.byte	0x50
 437 004a 00000000 		.4byte	0
 438 004e 00000000 		.4byte	0
 439              	.LLST3:
ARM GAS  C:\Users\Luci\AppData\Local\Temp\ccFK5B87.s 			page 10


 440 0052 08000000 		.4byte	.LVL1
 441 0056 12000000 		.4byte	.LVL4
 442 005a 0100     		.2byte	0x1
 443 005c 52       		.byte	0x52
 444 005d 00000000 		.4byte	0
 445 0061 00000000 		.4byte	0
 446              	.LLST4:
 447 0065 0E000000 		.4byte	.LVL2
 448 0069 14000000 		.4byte	.LVL5
 449 006d 0100     		.2byte	0x1
 450 006f 54       		.byte	0x54
 451 0070 14000000 		.4byte	.LVL5
 452 0074 2C000000 		.4byte	.LVL6
 453 0078 0700     		.2byte	0x7
 454 007a 71       		.byte	0x71
 455 007b 00       		.sleb128 0
 456 007c 40       		.byte	0x40
 457 007d 24       		.byte	0x24
 458 007e 40       		.byte	0x40
 459 007f 26       		.byte	0x26
 460 0080 9F       		.byte	0x9f
 461 0081 32000000 		.4byte	.LVL8
 462 0085 44000000 		.4byte	.LVL9
 463 0089 0700     		.2byte	0x7
 464 008b 71       		.byte	0x71
 465 008c 00       		.sleb128 0
 466 008d 40       		.byte	0x40
 467 008e 24       		.byte	0x24
 468 008f 40       		.byte	0x40
 469 0090 26       		.byte	0x26
 470 0091 9F       		.byte	0x9f
 471 0092 00000000 		.4byte	0
 472 0096 00000000 		.4byte	0
 473              		.section	.debug_aranges,"",%progbits
 474 0000 1C000000 		.4byte	0x1c
 475 0004 0200     		.2byte	0x2
 476 0006 00000000 		.4byte	.Ldebug_info0
 477 000a 04       		.byte	0x4
 478 000b 00       		.byte	0
 479 000c 0000     		.2byte	0
 480 000e 0000     		.2byte	0
 481 0010 00000000 		.4byte	.LFB2
 482 0014 68000000 		.4byte	.LFE2-.LFB2
 483 0018 00000000 		.4byte	0
 484 001c 00000000 		.4byte	0
 485              		.section	.debug_ranges,"",%progbits
 486              	.Ldebug_ranges0:
 487 0000 00000000 		.4byte	.LFB2
 488 0004 68000000 		.4byte	.LFE2
 489 0008 00000000 		.4byte	0
 490 000c 00000000 		.4byte	0
 491              		.section	.debug_line,"",%progbits
 492              	.Ldebug_line0:
 493 0000 6A000000 		.section	.debug_str,"MS",%progbits,1
 493      02004600 
 493      00000201 
 493      FB0E0D00 
ARM GAS  C:\Users\Luci\AppData\Local\Temp\ccFK5B87.s 			page 11


 493      01010101 
 494              	.LASF6:
 495 0000 6C6F6E67 		.ascii	"long long int\000"
 495      206C6F6E 
 495      6720696E 
 495      7400
 496              	.LASF8:
 497 000e 756E7369 		.ascii	"unsigned int\000"
 497      676E6564 
 497      20696E74 
 497      00
 498              	.LASF24:
 499 001b 413A5C44 		.ascii	"A:\\Documents\\School\\ECEG-721_Embedded_Systems\\L"
 499      6F63756D 
 499      656E7473 
 499      5C536368 
 499      6F6F6C5C 
 500 004a 6162735C 		.ascii	"abs\\Lab7\\BLE Lab 1\\BLE Lab 1.cydsn\000"
 500      4C616237 
 500      5C424C45 
 500      204C6162 
 500      20315C42 
 501              	.LASF5:
 502 006d 6C6F6E67 		.ascii	"long unsigned int\000"
 502      20756E73 
 502      69676E65 
 502      6420696E 
 502      7400
 503              	.LASF7:
 504 007f 6C6F6E67 		.ascii	"long long unsigned int\000"
 504      206C6F6E 
 504      6720756E 
 504      7369676E 
 504      65642069 
 505              	.LASF18:
 506 0096 74496E69 		.ascii	"tInitial\000"
 506      7469616C 
 506      00
 507              	.LASF12:
 508 009f 666C6F61 		.ascii	"float\000"
 508      7400
 509              	.LASF25:
 510 00a5 44696554 		.ascii	"DieTemp_CountsTo_Celsius\000"
 510      656D705F 
 510      436F756E 
 510      7473546F 
 510      5F43656C 
 511              	.LASF1:
 512 00be 756E7369 		.ascii	"unsigned char\000"
 512      676E6564 
 512      20636861 
 512      7200
 513              	.LASF14:
 514 00cc 63686172 		.ascii	"char\000"
 514      00
 515              	.LASF19:
 516 00d1 7441646A 		.ascii	"tAdjust\000"
ARM GAS  C:\Users\Luci\AppData\Local\Temp\ccFK5B87.s 			page 12


 516      75737400 
 517              	.LASF4:
 518 00d9 6C6F6E67 		.ascii	"long int\000"
 518      20696E74 
 518      00
 519              	.LASF20:
 520 00e2 6F666673 		.ascii	"offsetReg\000"
 520      65745265 
 520      6700
 521              	.LASF15:
 522 00ec 72656731 		.ascii	"reg16\000"
 522      3600
 523              	.LASF13:
 524 00f2 646F7562 		.ascii	"double\000"
 524      6C6500
 525              	.LASF26:
 526 00f9 61646343 		.ascii	"adcCounts\000"
 526      6F756E74 
 526      7300
 527              	.LASF17:
 528 0103 74656D70 		.ascii	"tempCelsius\000"
 528      43656C73 
 528      69757300 
 529              	.LASF3:
 530 010f 73686F72 		.ascii	"short unsigned int\000"
 530      7420756E 
 530      7369676E 
 530      65642069 
 530      6E7400
 531              	.LASF0:
 532 0122 7369676E 		.ascii	"signed char\000"
 532      65642063 
 532      68617200 
 533              	.LASF21:
 534 012e 6D756C74 		.ascii	"multReg\000"
 534      52656700 
 535              	.LASF22:
 536 0136 474E5520 		.ascii	"GNU C 4.9.3 20150303 (release) [ARM/embedded-4_9-br"
 536      4320342E 
 536      392E3320 
 536      32303135 
 536      30333033 
 537 0169 616E6368 		.ascii	"anch revision 221220] -mcpu=cortex-m0 -mthumb -g -O"
 537      20726576 
 537      6973696F 
 537      6E203232 
 537      31323230 
 538 019c 67202D66 		.ascii	"g -ffunction-sections -ffat-lto-objects\000"
 538      66756E63 
 538      74696F6E 
 538      2D736563 
 538      74696F6E 
 539              	.LASF23:
 540 01c4 2E5C4765 		.ascii	".\\Generated_Source\\PSoC4\\DieTemp.c\000"
 540      6E657261 
 540      7465645F 
 540      536F7572 
ARM GAS  C:\Users\Luci\AppData\Local\Temp\ccFK5B87.s 			page 13


 540      63655C50 
 541              	.LASF2:
 542 01e7 73686F72 		.ascii	"short int\000"
 542      7420696E 
 542      7400
 543              	.LASF9:
 544 01f1 75696E74 		.ascii	"uint16\000"
 544      313600
 545              	.LASF10:
 546 01f8 696E7431 		.ascii	"int16\000"
 546      3600
 547              	.LASF16:
 548 01fe 73697A65 		.ascii	"sizetype\000"
 548      74797065 
 548      00
 549              	.LASF11:
 550 0207 696E7433 		.ascii	"int32\000"
 550      3200
 551              		.ident	"GCC: (GNU Tools for ARM Embedded Processors) 4.9.3 20150303 (release) [ARM/embedded-4_9-br
