ARM GAS  C:\Users\Luci\AppData\Local\Temp\ccOdc6U7.s 			page 1


   1              		.cpu cortex-m0
   2              		.fpu softvfp
   3              		.eabi_attribute 20, 1
   4              		.eabi_attribute 21, 1
   5              		.eabi_attribute 23, 3
   6              		.eabi_attribute 24, 1
   7              		.eabi_attribute 25, 1
   8              		.eabi_attribute 26, 1
   9              		.eabi_attribute 30, 1
  10              		.eabi_attribute 34, 0
  11              		.eabi_attribute 18, 4
  12              		.code	16
  13              		.file	"I2C_I2C_SLAVE.c"
  14              		.text
  15              	.Ltext0:
  16              		.cfi_sections	.debug_frame
  17              		.section	.text.I2C_I2CSlaveStatus,"ax",%progbits
  18              		.align	2
  19              		.global	I2C_I2CSlaveStatus
  20              		.code	16
  21              		.thumb_func
  22              		.type	I2C_I2CSlaveStatus, %function
  23              	I2C_I2CSlaveStatus:
  24              	.LFB2:
  25              		.file 1 ".\\Generated_Source\\PSoC4\\I2C_I2C_SLAVE.c"
   1:.\Generated_Source\PSoC4/I2C_I2C_SLAVE.c **** /*******************************************************************************
   2:.\Generated_Source\PSoC4/I2C_I2C_SLAVE.c **** * File Name: I2C_I2C_SLAVE.c
   3:.\Generated_Source\PSoC4/I2C_I2C_SLAVE.c **** * Version 3.0
   4:.\Generated_Source\PSoC4/I2C_I2C_SLAVE.c **** *
   5:.\Generated_Source\PSoC4/I2C_I2C_SLAVE.c **** * Description:
   6:.\Generated_Source\PSoC4/I2C_I2C_SLAVE.c **** *  This file provides the source code to the API for the SCB Component in
   7:.\Generated_Source\PSoC4/I2C_I2C_SLAVE.c **** *  I2C Slave mode.
   8:.\Generated_Source\PSoC4/I2C_I2C_SLAVE.c **** *
   9:.\Generated_Source\PSoC4/I2C_I2C_SLAVE.c **** * Note:
  10:.\Generated_Source\PSoC4/I2C_I2C_SLAVE.c **** *
  11:.\Generated_Source\PSoC4/I2C_I2C_SLAVE.c **** *******************************************************************************
  12:.\Generated_Source\PSoC4/I2C_I2C_SLAVE.c **** * Copyright 2013-2015, Cypress Semiconductor Corporation.  All rights reserved.
  13:.\Generated_Source\PSoC4/I2C_I2C_SLAVE.c **** * You may use this file only in accordance with the license, terms, conditions,
  14:.\Generated_Source\PSoC4/I2C_I2C_SLAVE.c **** * disclaimers, and limitations in the end user license agreement accompanying
  15:.\Generated_Source\PSoC4/I2C_I2C_SLAVE.c **** * the software package with which this file was provided.
  16:.\Generated_Source\PSoC4/I2C_I2C_SLAVE.c **** *******************************************************************************/
  17:.\Generated_Source\PSoC4/I2C_I2C_SLAVE.c **** 
  18:.\Generated_Source\PSoC4/I2C_I2C_SLAVE.c **** #include "I2C_I2C_PVT.h"
  19:.\Generated_Source\PSoC4/I2C_I2C_SLAVE.c **** 
  20:.\Generated_Source\PSoC4/I2C_I2C_SLAVE.c **** #if(I2C_I2C_SLAVE_CONST)
  21:.\Generated_Source\PSoC4/I2C_I2C_SLAVE.c **** 
  22:.\Generated_Source\PSoC4/I2C_I2C_SLAVE.c **** /***************************************
  23:.\Generated_Source\PSoC4/I2C_I2C_SLAVE.c **** *      I2C Slave Private Vars
  24:.\Generated_Source\PSoC4/I2C_I2C_SLAVE.c **** ***************************************/
  25:.\Generated_Source\PSoC4/I2C_I2C_SLAVE.c **** 
  26:.\Generated_Source\PSoC4/I2C_I2C_SLAVE.c **** volatile uint8 I2C_slStatus;          /* Slave Status */
  27:.\Generated_Source\PSoC4/I2C_I2C_SLAVE.c **** 
  28:.\Generated_Source\PSoC4/I2C_I2C_SLAVE.c **** /* Receive buffer variables */
  29:.\Generated_Source\PSoC4/I2C_I2C_SLAVE.c **** volatile uint8 * I2C_slWrBufPtr;      /* Pointer to Receive buffer  */
  30:.\Generated_Source\PSoC4/I2C_I2C_SLAVE.c **** volatile uint32  I2C_slWrBufSize;     /* Slave Receive buffer size  */
  31:.\Generated_Source\PSoC4/I2C_I2C_SLAVE.c **** volatile uint32  I2C_slWrBufIndex;    /* Slave Receive buffer Index */
  32:.\Generated_Source\PSoC4/I2C_I2C_SLAVE.c **** 
ARM GAS  C:\Users\Luci\AppData\Local\Temp\ccOdc6U7.s 			page 2


  33:.\Generated_Source\PSoC4/I2C_I2C_SLAVE.c **** /* Transmit buffer variables */
  34:.\Generated_Source\PSoC4/I2C_I2C_SLAVE.c **** volatile uint8 * I2C_slRdBufPtr;      /* Pointer to Transmit buffer  */
  35:.\Generated_Source\PSoC4/I2C_I2C_SLAVE.c **** volatile uint32  I2C_slRdBufSize;     /* Slave Transmit buffer size  */
  36:.\Generated_Source\PSoC4/I2C_I2C_SLAVE.c **** volatile uint32  I2C_slRdBufIndex;    /* Slave Transmit buffer Index */
  37:.\Generated_Source\PSoC4/I2C_I2C_SLAVE.c **** volatile uint32  I2C_slRdBufIndexTmp; /* Slave Transmit buffer Index Tmp */
  38:.\Generated_Source\PSoC4/I2C_I2C_SLAVE.c **** volatile uint8   I2C_slOverFlowCount; /* Slave Transmit Overflow counter */
  39:.\Generated_Source\PSoC4/I2C_I2C_SLAVE.c **** 
  40:.\Generated_Source\PSoC4/I2C_I2C_SLAVE.c **** #if (I2C_I2C_CUSTOM_ADDRESS_HANDLER_CONST)
  41:.\Generated_Source\PSoC4/I2C_I2C_SLAVE.c **** 
  42:.\Generated_Source\PSoC4/I2C_I2C_SLAVE.c ****     uint32 (*I2C_customAddressHandler)(void) = NULL;
  43:.\Generated_Source\PSoC4/I2C_I2C_SLAVE.c **** 
  44:.\Generated_Source\PSoC4/I2C_I2C_SLAVE.c **** 
  45:.\Generated_Source\PSoC4/I2C_I2C_SLAVE.c ****     /*******************************************************************************
  46:.\Generated_Source\PSoC4/I2C_I2C_SLAVE.c ****     * Function Name: I2C_SetI2cAddressCustomInterruptHandler
  47:.\Generated_Source\PSoC4/I2C_I2C_SLAVE.c ****     ********************************************************************************
  48:.\Generated_Source\PSoC4/I2C_I2C_SLAVE.c ****     *
  49:.\Generated_Source\PSoC4/I2C_I2C_SLAVE.c ****     * Summary:
  50:.\Generated_Source\PSoC4/I2C_I2C_SLAVE.c ****     *  Registers a function to be called by the I2C slave interrupt handler during
  51:.\Generated_Source\PSoC4/I2C_I2C_SLAVE.c ****     *  the I2C interrupt address processing. This function should be used when
  52:.\Generated_Source\PSoC4/I2C_I2C_SLAVE.c ****     *  multiple I2C addresses need to be decoded or general call address supported.
  53:.\Generated_Source\PSoC4/I2C_I2C_SLAVE.c ****     *  The registered function must return decision whether to ACK or NACK address.
  54:.\Generated_Source\PSoC4/I2C_I2C_SLAVE.c ****     *  Only one I2C address handler is supported, which is the function provided
  55:.\Generated_Source\PSoC4/I2C_I2C_SLAVE.c ****     *  by the most recent call.
  56:.\Generated_Source\PSoC4/I2C_I2C_SLAVE.c ****     *  At initialization time no I2C address handler is registered.
  57:.\Generated_Source\PSoC4/I2C_I2C_SLAVE.c ****     *
  58:.\Generated_Source\PSoC4/I2C_I2C_SLAVE.c ****     * Parameters:
  59:.\Generated_Source\PSoC4/I2C_I2C_SLAVE.c ****     *  func: Pointer to the function to register.
  60:.\Generated_Source\PSoC4/I2C_I2C_SLAVE.c ****     *        The value NULL indicates to remove the current custom interrupt
  61:.\Generated_Source\PSoC4/I2C_I2C_SLAVE.c ****     *        handler.
  62:.\Generated_Source\PSoC4/I2C_I2C_SLAVE.c ****     *
  63:.\Generated_Source\PSoC4/I2C_I2C_SLAVE.c ****     * Return:
  64:.\Generated_Source\PSoC4/I2C_I2C_SLAVE.c ****     *  None
  65:.\Generated_Source\PSoC4/I2C_I2C_SLAVE.c ****     *
  66:.\Generated_Source\PSoC4/I2C_I2C_SLAVE.c ****     *******************************************************************************/
  67:.\Generated_Source\PSoC4/I2C_I2C_SLAVE.c ****     void I2C_SetI2cAddressCustomInterruptHandler(uint32 (*func) (void))
  68:.\Generated_Source\PSoC4/I2C_I2C_SLAVE.c ****     {
  69:.\Generated_Source\PSoC4/I2C_I2C_SLAVE.c ****         /* Register custom address handler */
  70:.\Generated_Source\PSoC4/I2C_I2C_SLAVE.c ****         I2C_customAddressHandler = func;
  71:.\Generated_Source\PSoC4/I2C_I2C_SLAVE.c ****     }
  72:.\Generated_Source\PSoC4/I2C_I2C_SLAVE.c **** #endif /* (I2C_I2C_CUSTOM_ADDRESS_HANDLER_CONST) */
  73:.\Generated_Source\PSoC4/I2C_I2C_SLAVE.c **** 
  74:.\Generated_Source\PSoC4/I2C_I2C_SLAVE.c **** 
  75:.\Generated_Source\PSoC4/I2C_I2C_SLAVE.c **** /*******************************************************************************
  76:.\Generated_Source\PSoC4/I2C_I2C_SLAVE.c **** * Function Name: I2C_I2CSlaveStatus
  77:.\Generated_Source\PSoC4/I2C_I2C_SLAVE.c **** ********************************************************************************
  78:.\Generated_Source\PSoC4/I2C_I2C_SLAVE.c **** *
  79:.\Generated_Source\PSoC4/I2C_I2C_SLAVE.c **** * Summary:
  80:.\Generated_Source\PSoC4/I2C_I2C_SLAVE.c **** *  Returns the I2C slave's communication status.
  81:.\Generated_Source\PSoC4/I2C_I2C_SLAVE.c **** *
  82:.\Generated_Source\PSoC4/I2C_I2C_SLAVE.c **** * Parameters:
  83:.\Generated_Source\PSoC4/I2C_I2C_SLAVE.c **** *  None
  84:.\Generated_Source\PSoC4/I2C_I2C_SLAVE.c **** *
  85:.\Generated_Source\PSoC4/I2C_I2C_SLAVE.c **** * Return:
  86:.\Generated_Source\PSoC4/I2C_I2C_SLAVE.c **** *  Current status of I2C slave.
  87:.\Generated_Source\PSoC4/I2C_I2C_SLAVE.c **** *
  88:.\Generated_Source\PSoC4/I2C_I2C_SLAVE.c **** * Global variables:
  89:.\Generated_Source\PSoC4/I2C_I2C_SLAVE.c **** *  I2C_slStatus - used to store current status of I2C slave.
ARM GAS  C:\Users\Luci\AppData\Local\Temp\ccOdc6U7.s 			page 3


  90:.\Generated_Source\PSoC4/I2C_I2C_SLAVE.c **** *
  91:.\Generated_Source\PSoC4/I2C_I2C_SLAVE.c **** *******************************************************************************/
  92:.\Generated_Source\PSoC4/I2C_I2C_SLAVE.c **** uint32 I2C_I2CSlaveStatus(void)
  93:.\Generated_Source\PSoC4/I2C_I2C_SLAVE.c **** {
  26              		.loc 1 93 0
  27              		.cfi_startproc
  94:.\Generated_Source\PSoC4/I2C_I2C_SLAVE.c ****     return((uint32) I2C_slStatus);
  28              		.loc 1 94 0
  29 0000 014B     		ldr	r3, .L2
  30 0002 1878     		ldrb	r0, [r3]
  31 0004 C0B2     		uxtb	r0, r0
  95:.\Generated_Source\PSoC4/I2C_I2C_SLAVE.c **** }
  32              		.loc 1 95 0
  33              		@ sp needed
  34 0006 7047     		bx	lr
  35              	.L3:
  36              		.align	2
  37              	.L2:
  38 0008 00000000 		.word	I2C_slStatus
  39              		.cfi_endproc
  40              	.LFE2:
  41              		.size	I2C_I2CSlaveStatus, .-I2C_I2CSlaveStatus
  42              		.section	.text.I2C_I2CSlaveClearReadStatus,"ax",%progbits
  43              		.align	2
  44              		.global	I2C_I2CSlaveClearReadStatus
  45              		.code	16
  46              		.thumb_func
  47              		.type	I2C_I2CSlaveClearReadStatus, %function
  48              	I2C_I2CSlaveClearReadStatus:
  49              	.LFB3:
  96:.\Generated_Source\PSoC4/I2C_I2C_SLAVE.c **** 
  97:.\Generated_Source\PSoC4/I2C_I2C_SLAVE.c **** 
  98:.\Generated_Source\PSoC4/I2C_I2C_SLAVE.c **** /*******************************************************************************
  99:.\Generated_Source\PSoC4/I2C_I2C_SLAVE.c **** * Function Name: I2C_I2CSlaveClearReadStatus
 100:.\Generated_Source\PSoC4/I2C_I2C_SLAVE.c **** ********************************************************************************
 101:.\Generated_Source\PSoC4/I2C_I2C_SLAVE.c **** *
 102:.\Generated_Source\PSoC4/I2C_I2C_SLAVE.c **** * Summary:
 103:.\Generated_Source\PSoC4/I2C_I2C_SLAVE.c **** *  Clears the read status flags and returns their values. No other status flags
 104:.\Generated_Source\PSoC4/I2C_I2C_SLAVE.c **** *  are affected.
 105:.\Generated_Source\PSoC4/I2C_I2C_SLAVE.c **** *
 106:.\Generated_Source\PSoC4/I2C_I2C_SLAVE.c **** * Parameters:
 107:.\Generated_Source\PSoC4/I2C_I2C_SLAVE.c **** *  None
 108:.\Generated_Source\PSoC4/I2C_I2C_SLAVE.c **** *
 109:.\Generated_Source\PSoC4/I2C_I2C_SLAVE.c **** * Return:
 110:.\Generated_Source\PSoC4/I2C_I2C_SLAVE.c **** *  Current read status of I2C slave.
 111:.\Generated_Source\PSoC4/I2C_I2C_SLAVE.c **** *
 112:.\Generated_Source\PSoC4/I2C_I2C_SLAVE.c **** * Global variables:
 113:.\Generated_Source\PSoC4/I2C_I2C_SLAVE.c **** *  I2C_slStatus  - used to store current status of I2C slave.
 114:.\Generated_Source\PSoC4/I2C_I2C_SLAVE.c **** *
 115:.\Generated_Source\PSoC4/I2C_I2C_SLAVE.c **** *******************************************************************************/
 116:.\Generated_Source\PSoC4/I2C_I2C_SLAVE.c **** uint32 I2C_I2CSlaveClearReadStatus(void)
 117:.\Generated_Source\PSoC4/I2C_I2C_SLAVE.c **** {
  50              		.loc 1 117 0
  51              		.cfi_startproc
  52 0000 10B5     		push	{r4, lr}
  53              		.cfi_def_cfa_offset 8
  54              		.cfi_offset 4, -8
ARM GAS  C:\Users\Luci\AppData\Local\Temp\ccOdc6U7.s 			page 4


  55              		.cfi_offset 14, -4
 118:.\Generated_Source\PSoC4/I2C_I2C_SLAVE.c ****     uint32 status;
 119:.\Generated_Source\PSoC4/I2C_I2C_SLAVE.c **** 
 120:.\Generated_Source\PSoC4/I2C_I2C_SLAVE.c ****     I2C_DisableInt();  /* Lock from interruption */
  56              		.loc 1 120 0
  57 0002 0A20     		mov	r0, #10
  58 0004 FFF7FEFF 		bl	CyIntDisable
  59              	.LVL0:
 121:.\Generated_Source\PSoC4/I2C_I2C_SLAVE.c **** 
 122:.\Generated_Source\PSoC4/I2C_I2C_SLAVE.c ****     /* Mask of transfer complete flag and error status */
 123:.\Generated_Source\PSoC4/I2C_I2C_SLAVE.c ****     status = ((uint32) I2C_slStatus & I2C_I2C_SSTAT_RD_MASK);
  60              		.loc 1 123 0
  61 0008 064B     		ldr	r3, .L5
  62 000a 1C78     		ldrb	r4, [r3]
  63 000c 0F22     		mov	r2, #15
  64 000e 1440     		and	r4, r2
  65              	.LVL1:
 124:.\Generated_Source\PSoC4/I2C_I2C_SLAVE.c ****     I2C_slStatus &= (uint8) ~I2C_I2C_SSTAT_RD_CLEAR;
  66              		.loc 1 124 0
  67 0010 1A78     		ldrb	r2, [r3]
  68 0012 0D21     		mov	r1, #13
  69 0014 8A43     		bic	r2, r1
  70 0016 1A70     		strb	r2, [r3]
 125:.\Generated_Source\PSoC4/I2C_I2C_SLAVE.c **** 
 126:.\Generated_Source\PSoC4/I2C_I2C_SLAVE.c ****     I2C_EnableInt();   /* Release lock */
  71              		.loc 1 126 0
  72 0018 0A20     		mov	r0, #10
  73 001a FFF7FEFF 		bl	CyIntEnable
  74              	.LVL2:
 127:.\Generated_Source\PSoC4/I2C_I2C_SLAVE.c **** 
 128:.\Generated_Source\PSoC4/I2C_I2C_SLAVE.c ****     return(status);
 129:.\Generated_Source\PSoC4/I2C_I2C_SLAVE.c **** }
  75              		.loc 1 129 0
  76 001e 201C     		mov	r0, r4
  77              		@ sp needed
  78              	.LVL3:
  79 0020 10BD     		pop	{r4, pc}
  80              	.L6:
  81 0022 C046     		.align	2
  82              	.L5:
  83 0024 00000000 		.word	I2C_slStatus
  84              		.cfi_endproc
  85              	.LFE3:
  86              		.size	I2C_I2CSlaveClearReadStatus, .-I2C_I2CSlaveClearReadStatus
  87              		.section	.text.I2C_I2CSlaveClearWriteStatus,"ax",%progbits
  88              		.align	2
  89              		.global	I2C_I2CSlaveClearWriteStatus
  90              		.code	16
  91              		.thumb_func
  92              		.type	I2C_I2CSlaveClearWriteStatus, %function
  93              	I2C_I2CSlaveClearWriteStatus:
  94              	.LFB4:
 130:.\Generated_Source\PSoC4/I2C_I2C_SLAVE.c **** 
 131:.\Generated_Source\PSoC4/I2C_I2C_SLAVE.c **** 
 132:.\Generated_Source\PSoC4/I2C_I2C_SLAVE.c **** /*******************************************************************************
 133:.\Generated_Source\PSoC4/I2C_I2C_SLAVE.c **** * Function Name: I2C_I2CSlaveClearWriteStatus
 134:.\Generated_Source\PSoC4/I2C_I2C_SLAVE.c **** ********************************************************************************
ARM GAS  C:\Users\Luci\AppData\Local\Temp\ccOdc6U7.s 			page 5


 135:.\Generated_Source\PSoC4/I2C_I2C_SLAVE.c **** *
 136:.\Generated_Source\PSoC4/I2C_I2C_SLAVE.c **** * Summary:
 137:.\Generated_Source\PSoC4/I2C_I2C_SLAVE.c **** *  Clears the write status flags and returns their values. No other status flags
 138:.\Generated_Source\PSoC4/I2C_I2C_SLAVE.c **** *  are affected.
 139:.\Generated_Source\PSoC4/I2C_I2C_SLAVE.c **** *
 140:.\Generated_Source\PSoC4/I2C_I2C_SLAVE.c **** * Parameters:
 141:.\Generated_Source\PSoC4/I2C_I2C_SLAVE.c **** *  None
 142:.\Generated_Source\PSoC4/I2C_I2C_SLAVE.c **** *
 143:.\Generated_Source\PSoC4/I2C_I2C_SLAVE.c **** * Return:
 144:.\Generated_Source\PSoC4/I2C_I2C_SLAVE.c **** *  Current write status of I2C slave.
 145:.\Generated_Source\PSoC4/I2C_I2C_SLAVE.c **** *
 146:.\Generated_Source\PSoC4/I2C_I2C_SLAVE.c **** * Global variables:
 147:.\Generated_Source\PSoC4/I2C_I2C_SLAVE.c **** *  I2C_slStatus  - used to store current status of I2C slave.
 148:.\Generated_Source\PSoC4/I2C_I2C_SLAVE.c **** *
 149:.\Generated_Source\PSoC4/I2C_I2C_SLAVE.c **** *******************************************************************************/
 150:.\Generated_Source\PSoC4/I2C_I2C_SLAVE.c **** uint32 I2C_I2CSlaveClearWriteStatus(void)
 151:.\Generated_Source\PSoC4/I2C_I2C_SLAVE.c **** {
  95              		.loc 1 151 0
  96              		.cfi_startproc
  97 0000 10B5     		push	{r4, lr}
  98              		.cfi_def_cfa_offset 8
  99              		.cfi_offset 4, -8
 100              		.cfi_offset 14, -4
 152:.\Generated_Source\PSoC4/I2C_I2C_SLAVE.c ****     uint32 status;
 153:.\Generated_Source\PSoC4/I2C_I2C_SLAVE.c **** 
 154:.\Generated_Source\PSoC4/I2C_I2C_SLAVE.c ****     I2C_DisableInt();  /* Lock from interruption */
 101              		.loc 1 154 0
 102 0002 0A20     		mov	r0, #10
 103 0004 FFF7FEFF 		bl	CyIntDisable
 104              	.LVL4:
 155:.\Generated_Source\PSoC4/I2C_I2C_SLAVE.c **** 
 156:.\Generated_Source\PSoC4/I2C_I2C_SLAVE.c ****     /* Mask of transfer complete flag and Error status */
 157:.\Generated_Source\PSoC4/I2C_I2C_SLAVE.c ****     status = ((uint32) I2C_slStatus & I2C_I2C_SSTAT_WR_MASK);
 105              		.loc 1 157 0
 106 0008 064B     		ldr	r3, .L8
 107 000a 1C78     		ldrb	r4, [r3]
 108 000c 0F22     		mov	r2, #15
 109 000e 9443     		bic	r4, r2
 110              	.LVL5:
 158:.\Generated_Source\PSoC4/I2C_I2C_SLAVE.c ****     I2C_slStatus &= (uint8) ~I2C_I2C_SSTAT_WR_CLEAR;
 111              		.loc 1 158 0
 112 0010 1978     		ldrb	r1, [r3]
 113 0012 2F22     		mov	r2, #47
 114 0014 0A40     		and	r2, r1
 115 0016 1A70     		strb	r2, [r3]
 159:.\Generated_Source\PSoC4/I2C_I2C_SLAVE.c **** 
 160:.\Generated_Source\PSoC4/I2C_I2C_SLAVE.c ****     I2C_EnableInt();   /* Release lock */
 116              		.loc 1 160 0
 117 0018 0A20     		mov	r0, #10
 118 001a FFF7FEFF 		bl	CyIntEnable
 119              	.LVL6:
 161:.\Generated_Source\PSoC4/I2C_I2C_SLAVE.c **** 
 162:.\Generated_Source\PSoC4/I2C_I2C_SLAVE.c ****     return(status);
 163:.\Generated_Source\PSoC4/I2C_I2C_SLAVE.c **** }
 120              		.loc 1 163 0
 121 001e 201C     		mov	r0, r4
 122              		@ sp needed
ARM GAS  C:\Users\Luci\AppData\Local\Temp\ccOdc6U7.s 			page 6


 123              	.LVL7:
 124 0020 10BD     		pop	{r4, pc}
 125              	.L9:
 126 0022 C046     		.align	2
 127              	.L8:
 128 0024 00000000 		.word	I2C_slStatus
 129              		.cfi_endproc
 130              	.LFE4:
 131              		.size	I2C_I2CSlaveClearWriteStatus, .-I2C_I2CSlaveClearWriteStatus
 132              		.section	.text.I2C_I2CSlaveSetAddress,"ax",%progbits
 133              		.align	2
 134              		.global	I2C_I2CSlaveSetAddress
 135              		.code	16
 136              		.thumb_func
 137              		.type	I2C_I2CSlaveSetAddress, %function
 138              	I2C_I2CSlaveSetAddress:
 139              	.LFB5:
 164:.\Generated_Source\PSoC4/I2C_I2C_SLAVE.c **** 
 165:.\Generated_Source\PSoC4/I2C_I2C_SLAVE.c **** 
 166:.\Generated_Source\PSoC4/I2C_I2C_SLAVE.c **** /*******************************************************************************
 167:.\Generated_Source\PSoC4/I2C_I2C_SLAVE.c **** * Function Name: I2C_I2CSlaveSetAddress
 168:.\Generated_Source\PSoC4/I2C_I2C_SLAVE.c **** ********************************************************************************
 169:.\Generated_Source\PSoC4/I2C_I2C_SLAVE.c **** *
 170:.\Generated_Source\PSoC4/I2C_I2C_SLAVE.c **** * Summary:
 171:.\Generated_Source\PSoC4/I2C_I2C_SLAVE.c **** *  Sets the I2C slave address.
 172:.\Generated_Source\PSoC4/I2C_I2C_SLAVE.c **** *
 173:.\Generated_Source\PSoC4/I2C_I2C_SLAVE.c **** * Parameters:
 174:.\Generated_Source\PSoC4/I2C_I2C_SLAVE.c **** *  address: I2C slave address for the primary device. This value may be any
 175:.\Generated_Source\PSoC4/I2C_I2C_SLAVE.c **** *  address between 0 and 127.
 176:.\Generated_Source\PSoC4/I2C_I2C_SLAVE.c **** *
 177:.\Generated_Source\PSoC4/I2C_I2C_SLAVE.c **** * Return:
 178:.\Generated_Source\PSoC4/I2C_I2C_SLAVE.c **** *  None
 179:.\Generated_Source\PSoC4/I2C_I2C_SLAVE.c **** *
 180:.\Generated_Source\PSoC4/I2C_I2C_SLAVE.c **** *******************************************************************************/
 181:.\Generated_Source\PSoC4/I2C_I2C_SLAVE.c **** void I2C_I2CSlaveSetAddress(uint32 address)
 182:.\Generated_Source\PSoC4/I2C_I2C_SLAVE.c **** {
 140              		.loc 1 182 0
 141              		.cfi_startproc
 142              	.LVL8:
 183:.\Generated_Source\PSoC4/I2C_I2C_SLAVE.c ****     uint32 matchReg;
 184:.\Generated_Source\PSoC4/I2C_I2C_SLAVE.c **** 
 185:.\Generated_Source\PSoC4/I2C_I2C_SLAVE.c ****     matchReg = I2C_RX_MATCH_REG;
 143              		.loc 1 185 0
 144 0000 044B     		ldr	r3, .L11
 145 0002 1968     		ldr	r1, [r3]
 146              	.LVL9:
 186:.\Generated_Source\PSoC4/I2C_I2C_SLAVE.c **** 
 187:.\Generated_Source\PSoC4/I2C_I2C_SLAVE.c ****     matchReg &= ((uint32) ~I2C_RX_MATCH_ADDR_MASK); /* Clear address bits */
 147              		.loc 1 187 0
 148 0004 FF22     		mov	r2, #255
 149 0006 9143     		bic	r1, r2
 150              	.LVL10:
 188:.\Generated_Source\PSoC4/I2C_I2C_SLAVE.c ****     matchReg |= ((uint32)  I2C_GET_I2C_8BIT_ADDRESS(address));
 151              		.loc 1 188 0
 152 0008 4000     		lsl	r0, r0, #1
 153              	.LVL11:
 154 000a 0240     		and	r2, r0
ARM GAS  C:\Users\Luci\AppData\Local\Temp\ccOdc6U7.s 			page 7


 155 000c 0A43     		orr	r2, r1
 156              	.LVL12:
 189:.\Generated_Source\PSoC4/I2C_I2C_SLAVE.c **** 
 190:.\Generated_Source\PSoC4/I2C_I2C_SLAVE.c ****     I2C_RX_MATCH_REG = matchReg;
 157              		.loc 1 190 0
 158 000e 1A60     		str	r2, [r3]
 191:.\Generated_Source\PSoC4/I2C_I2C_SLAVE.c **** }
 159              		.loc 1 191 0
 160              		@ sp needed
 161 0010 7047     		bx	lr
 162              	.L12:
 163 0012 C046     		.align	2
 164              	.L11:
 165 0014 10032540 		.word	1076167440
 166              		.cfi_endproc
 167              	.LFE5:
 168              		.size	I2C_I2CSlaveSetAddress, .-I2C_I2CSlaveSetAddress
 169              		.section	.text.I2C_I2CSlaveSetAddressMask,"ax",%progbits
 170              		.align	2
 171              		.global	I2C_I2CSlaveSetAddressMask
 172              		.code	16
 173              		.thumb_func
 174              		.type	I2C_I2CSlaveSetAddressMask, %function
 175              	I2C_I2CSlaveSetAddressMask:
 176              	.LFB6:
 192:.\Generated_Source\PSoC4/I2C_I2C_SLAVE.c **** 
 193:.\Generated_Source\PSoC4/I2C_I2C_SLAVE.c **** 
 194:.\Generated_Source\PSoC4/I2C_I2C_SLAVE.c **** /*******************************************************************************
 195:.\Generated_Source\PSoC4/I2C_I2C_SLAVE.c **** * Function Name: I2C_I2CSlaveSetAddressMask
 196:.\Generated_Source\PSoC4/I2C_I2C_SLAVE.c **** ********************************************************************************
 197:.\Generated_Source\PSoC4/I2C_I2C_SLAVE.c **** *
 198:.\Generated_Source\PSoC4/I2C_I2C_SLAVE.c **** * Summary:
 199:.\Generated_Source\PSoC4/I2C_I2C_SLAVE.c **** *  Sets the I2C slave address mask.
 200:.\Generated_Source\PSoC4/I2C_I2C_SLAVE.c **** *
 201:.\Generated_Source\PSoC4/I2C_I2C_SLAVE.c **** * Parameters:
 202:.\Generated_Source\PSoC4/I2C_I2C_SLAVE.c **** *  addressMask: Address mask.
 203:.\Generated_Source\PSoC4/I2C_I2C_SLAVE.c **** *   0 - address bit does not care while comparison.
 204:.\Generated_Source\PSoC4/I2C_I2C_SLAVE.c **** *   1 - address bit is significant while comparison.
 205:.\Generated_Source\PSoC4/I2C_I2C_SLAVE.c **** *
 206:.\Generated_Source\PSoC4/I2C_I2C_SLAVE.c **** * Return:
 207:.\Generated_Source\PSoC4/I2C_I2C_SLAVE.c **** *  None
 208:.\Generated_Source\PSoC4/I2C_I2C_SLAVE.c **** *
 209:.\Generated_Source\PSoC4/I2C_I2C_SLAVE.c **** *******************************************************************************/
 210:.\Generated_Source\PSoC4/I2C_I2C_SLAVE.c **** void I2C_I2CSlaveSetAddressMask(uint32 addressMask)
 211:.\Generated_Source\PSoC4/I2C_I2C_SLAVE.c **** {
 177              		.loc 1 211 0
 178              		.cfi_startproc
 179              	.LVL13:
 212:.\Generated_Source\PSoC4/I2C_I2C_SLAVE.c ****     uint32 matchReg;
 213:.\Generated_Source\PSoC4/I2C_I2C_SLAVE.c **** 
 214:.\Generated_Source\PSoC4/I2C_I2C_SLAVE.c ****     matchReg = I2C_RX_MATCH_REG;
 180              		.loc 1 214 0
 181 0000 034B     		ldr	r3, .L14
 182 0002 1968     		ldr	r1, [r3]
 183              	.LVL14:
 215:.\Generated_Source\PSoC4/I2C_I2C_SLAVE.c **** 
 216:.\Generated_Source\PSoC4/I2C_I2C_SLAVE.c ****     matchReg &= ((uint32) ~I2C_RX_MATCH_MASK_MASK); /* Clear address mask bits */
ARM GAS  C:\Users\Luci\AppData\Local\Temp\ccOdc6U7.s 			page 8


 184              		.loc 1 216 0
 185 0004 034A     		ldr	r2, .L14+4
 186 0006 0A40     		and	r2, r1
 187              	.LVL15:
 217:.\Generated_Source\PSoC4/I2C_I2C_SLAVE.c ****     matchReg |= ((uint32) (addressMask << I2C_RX_MATCH_MASK_POS));
 188              		.loc 1 217 0
 189 0008 0004     		lsl	r0, r0, #16
 190              	.LVL16:
 191 000a 1043     		orr	r0, r2
 192              	.LVL17:
 218:.\Generated_Source\PSoC4/I2C_I2C_SLAVE.c **** 
 219:.\Generated_Source\PSoC4/I2C_I2C_SLAVE.c ****     I2C_RX_MATCH_REG = matchReg;
 193              		.loc 1 219 0
 194 000c 1860     		str	r0, [r3]
 220:.\Generated_Source\PSoC4/I2C_I2C_SLAVE.c **** }
 195              		.loc 1 220 0
 196              		@ sp needed
 197 000e 7047     		bx	lr
 198              	.L15:
 199              		.align	2
 200              	.L14:
 201 0010 10032540 		.word	1076167440
 202 0014 FFFF00FF 		.word	-16711681
 203              		.cfi_endproc
 204              	.LFE6:
 205              		.size	I2C_I2CSlaveSetAddressMask, .-I2C_I2CSlaveSetAddressMask
 206              		.section	.text.I2C_I2CSlaveInitReadBuf,"ax",%progbits
 207              		.align	2
 208              		.global	I2C_I2CSlaveInitReadBuf
 209              		.code	16
 210              		.thumb_func
 211              		.type	I2C_I2CSlaveInitReadBuf, %function
 212              	I2C_I2CSlaveInitReadBuf:
 213              	.LFB7:
 221:.\Generated_Source\PSoC4/I2C_I2C_SLAVE.c **** 
 222:.\Generated_Source\PSoC4/I2C_I2C_SLAVE.c **** 
 223:.\Generated_Source\PSoC4/I2C_I2C_SLAVE.c **** /*******************************************************************************
 224:.\Generated_Source\PSoC4/I2C_I2C_SLAVE.c **** * Function Name: I2C_I2CSlaveInitReadBuf
 225:.\Generated_Source\PSoC4/I2C_I2C_SLAVE.c **** ********************************************************************************
 226:.\Generated_Source\PSoC4/I2C_I2C_SLAVE.c **** *
 227:.\Generated_Source\PSoC4/I2C_I2C_SLAVE.c **** * Summary:
 228:.\Generated_Source\PSoC4/I2C_I2C_SLAVE.c **** *  Sets the buffer pointer and size of the read buffer. This function also
 229:.\Generated_Source\PSoC4/I2C_I2C_SLAVE.c **** *  resets the transfer count returned with the I2C_SlaveGetReadBufSize function.
 230:.\Generated_Source\PSoC4/I2C_I2C_SLAVE.c **** *
 231:.\Generated_Source\PSoC4/I2C_I2C_SLAVE.c **** * Parameters:
 232:.\Generated_Source\PSoC4/I2C_I2C_SLAVE.c **** *  readBuf:  Pointer to the data buffer to be read by the master.
 233:.\Generated_Source\PSoC4/I2C_I2C_SLAVE.c **** *  bufSize:  Size of the read buffer exposed to the I2C master.
 234:.\Generated_Source\PSoC4/I2C_I2C_SLAVE.c **** *
 235:.\Generated_Source\PSoC4/I2C_I2C_SLAVE.c **** * Return:
 236:.\Generated_Source\PSoC4/I2C_I2C_SLAVE.c **** *  None
 237:.\Generated_Source\PSoC4/I2C_I2C_SLAVE.c **** *
 238:.\Generated_Source\PSoC4/I2C_I2C_SLAVE.c **** * Global variables:
 239:.\Generated_Source\PSoC4/I2C_I2C_SLAVE.c **** *  I2C_slRdBufPtr   - used to store pointer to slave read buffer.
 240:.\Generated_Source\PSoC4/I2C_I2C_SLAVE.c **** *  I2C_slRdBufSize  - used to store salve read buffer size.
 241:.\Generated_Source\PSoC4/I2C_I2C_SLAVE.c **** *  I2C_slRdBufIndex - used to store current index within slave
 242:.\Generated_Source\PSoC4/I2C_I2C_SLAVE.c **** *  read buffer.
 243:.\Generated_Source\PSoC4/I2C_I2C_SLAVE.c **** *
ARM GAS  C:\Users\Luci\AppData\Local\Temp\ccOdc6U7.s 			page 9


 244:.\Generated_Source\PSoC4/I2C_I2C_SLAVE.c **** * Side Effects:
 245:.\Generated_Source\PSoC4/I2C_I2C_SLAVE.c **** *  If this function is called during a bus transaction, data from the previous
 246:.\Generated_Source\PSoC4/I2C_I2C_SLAVE.c **** *  buffer location and the beginning of current buffer may be transmitted.
 247:.\Generated_Source\PSoC4/I2C_I2C_SLAVE.c **** *
 248:.\Generated_Source\PSoC4/I2C_I2C_SLAVE.c **** *******************************************************************************/
 249:.\Generated_Source\PSoC4/I2C_I2C_SLAVE.c **** void I2C_I2CSlaveInitReadBuf(uint8 * rdBuf, uint32 bufSize)
 250:.\Generated_Source\PSoC4/I2C_I2C_SLAVE.c **** {
 214              		.loc 1 250 0
 215              		.cfi_startproc
 216              	.LVL18:
 217 0000 38B5     		push	{r3, r4, r5, lr}
 218              		.cfi_def_cfa_offset 16
 219              		.cfi_offset 3, -16
 220              		.cfi_offset 4, -12
 221              		.cfi_offset 5, -8
 222              		.cfi_offset 14, -4
 223 0002 041C     		mov	r4, r0
 224 0004 0D1C     		mov	r5, r1
 251:.\Generated_Source\PSoC4/I2C_I2C_SLAVE.c ****     /* Check for proper buffer */
 252:.\Generated_Source\PSoC4/I2C_I2C_SLAVE.c ****     if(NULL != rdBuf)
 225              		.loc 1 252 0
 226 0006 0028     		cmp	r0, #0
 227 0008 0ED0     		beq	.L16
 253:.\Generated_Source\PSoC4/I2C_I2C_SLAVE.c ****     {
 254:.\Generated_Source\PSoC4/I2C_I2C_SLAVE.c ****         I2C_DisableInt();  /* Lock from interruption */
 228              		.loc 1 254 0
 229 000a 0A20     		mov	r0, #10
 230              	.LVL19:
 231 000c FFF7FEFF 		bl	CyIntDisable
 232              	.LVL20:
 255:.\Generated_Source\PSoC4/I2C_I2C_SLAVE.c **** 
 256:.\Generated_Source\PSoC4/I2C_I2C_SLAVE.c ****         I2C_slRdBufPtr      = (volatile uint8 *) rdBuf; /* Set buffer pointer  */
 233              		.loc 1 256 0
 234 0010 064B     		ldr	r3, .L18
 235 0012 1C60     		str	r4, [r3]
 257:.\Generated_Source\PSoC4/I2C_I2C_SLAVE.c ****         I2C_slRdBufSize     = bufSize;                  /* Set buffer size     */
 236              		.loc 1 257 0
 237 0014 064B     		ldr	r3, .L18+4
 238 0016 1D60     		str	r5, [r3]
 258:.\Generated_Source\PSoC4/I2C_I2C_SLAVE.c ****         I2C_slRdBufIndex    = 0u;                       /* Clear buffer index  */
 239              		.loc 1 258 0
 240 0018 0023     		mov	r3, #0
 241 001a 064A     		ldr	r2, .L18+8
 242 001c 1360     		str	r3, [r2]
 259:.\Generated_Source\PSoC4/I2C_I2C_SLAVE.c ****         I2C_slRdBufIndexTmp = 0u;                       /* Clear buffer index  */
 243              		.loc 1 259 0
 244 001e 064A     		ldr	r2, .L18+12
 245 0020 1360     		str	r3, [r2]
 260:.\Generated_Source\PSoC4/I2C_I2C_SLAVE.c **** 
 261:.\Generated_Source\PSoC4/I2C_I2C_SLAVE.c ****         I2C_EnableInt();   /* Release lock */
 246              		.loc 1 261 0
 247 0022 0A20     		mov	r0, #10
 248 0024 FFF7FEFF 		bl	CyIntEnable
 249              	.LVL21:
 250              	.L16:
 262:.\Generated_Source\PSoC4/I2C_I2C_SLAVE.c ****     }
 263:.\Generated_Source\PSoC4/I2C_I2C_SLAVE.c **** }
ARM GAS  C:\Users\Luci\AppData\Local\Temp\ccOdc6U7.s 			page 10


 251              		.loc 1 263 0
 252              		@ sp needed
 253              	.LVL22:
 254              	.LVL23:
 255 0028 38BD     		pop	{r3, r4, r5, pc}
 256              	.L19:
 257 002a C046     		.align	2
 258              	.L18:
 259 002c 00000000 		.word	I2C_slRdBufPtr
 260 0030 00000000 		.word	I2C_slRdBufSize
 261 0034 00000000 		.word	I2C_slRdBufIndex
 262 0038 00000000 		.word	I2C_slRdBufIndexTmp
 263              		.cfi_endproc
 264              	.LFE7:
 265              		.size	I2C_I2CSlaveInitReadBuf, .-I2C_I2CSlaveInitReadBuf
 266              		.section	.text.I2C_I2CSlaveInitWriteBuf,"ax",%progbits
 267              		.align	2
 268              		.global	I2C_I2CSlaveInitWriteBuf
 269              		.code	16
 270              		.thumb_func
 271              		.type	I2C_I2CSlaveInitWriteBuf, %function
 272              	I2C_I2CSlaveInitWriteBuf:
 273              	.LFB8:
 264:.\Generated_Source\PSoC4/I2C_I2C_SLAVE.c **** 
 265:.\Generated_Source\PSoC4/I2C_I2C_SLAVE.c **** 
 266:.\Generated_Source\PSoC4/I2C_I2C_SLAVE.c **** /*******************************************************************************
 267:.\Generated_Source\PSoC4/I2C_I2C_SLAVE.c **** * Function Name: I2C_I2CSlaveInitWriteBuf
 268:.\Generated_Source\PSoC4/I2C_I2C_SLAVE.c **** ********************************************************************************
 269:.\Generated_Source\PSoC4/I2C_I2C_SLAVE.c **** *
 270:.\Generated_Source\PSoC4/I2C_I2C_SLAVE.c **** * Summary:
 271:.\Generated_Source\PSoC4/I2C_I2C_SLAVE.c **** *  Sets the buffer pointer and size of the read buffer. This function also
 272:.\Generated_Source\PSoC4/I2C_I2C_SLAVE.c **** *  resets the transfer count returned with the I2C_SlaveGetReadBufSize function.
 273:.\Generated_Source\PSoC4/I2C_I2C_SLAVE.c **** *
 274:.\Generated_Source\PSoC4/I2C_I2C_SLAVE.c **** * Parameters:
 275:.\Generated_Source\PSoC4/I2C_I2C_SLAVE.c **** *  writeBuf:  Pointer to the data buffer to be read by the master.
 276:.\Generated_Source\PSoC4/I2C_I2C_SLAVE.c **** *  bufSize:  Size of the buffer exposed to the I2C master.
 277:.\Generated_Source\PSoC4/I2C_I2C_SLAVE.c **** *
 278:.\Generated_Source\PSoC4/I2C_I2C_SLAVE.c **** * Return:
 279:.\Generated_Source\PSoC4/I2C_I2C_SLAVE.c **** *  None
 280:.\Generated_Source\PSoC4/I2C_I2C_SLAVE.c **** *
 281:.\Generated_Source\PSoC4/I2C_I2C_SLAVE.c **** * Global variables:
 282:.\Generated_Source\PSoC4/I2C_I2C_SLAVE.c **** *  I2C_slWrBufPtr   - used to store pointer to slave write buffer.
 283:.\Generated_Source\PSoC4/I2C_I2C_SLAVE.c **** *  I2C_slWrBufSize  - used to store salve write buffer size.
 284:.\Generated_Source\PSoC4/I2C_I2C_SLAVE.c **** *  I2C_slWrBufIndex - used to store current index within slave
 285:.\Generated_Source\PSoC4/I2C_I2C_SLAVE.c **** *  write buffer.
 286:.\Generated_Source\PSoC4/I2C_I2C_SLAVE.c **** *
 287:.\Generated_Source\PSoC4/I2C_I2C_SLAVE.c **** * Side Effects:
 288:.\Generated_Source\PSoC4/I2C_I2C_SLAVE.c **** *  If this function is called during a bus transaction, data from the previous
 289:.\Generated_Source\PSoC4/I2C_I2C_SLAVE.c **** *  buffer location and the beginning of current buffer may be transmitted.
 290:.\Generated_Source\PSoC4/I2C_I2C_SLAVE.c **** *
 291:.\Generated_Source\PSoC4/I2C_I2C_SLAVE.c **** *******************************************************************************/
 292:.\Generated_Source\PSoC4/I2C_I2C_SLAVE.c **** void I2C_I2CSlaveInitWriteBuf(uint8 * wrBuf, uint32 bufSize)
 293:.\Generated_Source\PSoC4/I2C_I2C_SLAVE.c **** {
 274              		.loc 1 293 0
 275              		.cfi_startproc
 276              	.LVL24:
 277 0000 38B5     		push	{r3, r4, r5, lr}
ARM GAS  C:\Users\Luci\AppData\Local\Temp\ccOdc6U7.s 			page 11


 278              		.cfi_def_cfa_offset 16
 279              		.cfi_offset 3, -16
 280              		.cfi_offset 4, -12
 281              		.cfi_offset 5, -8
 282              		.cfi_offset 14, -4
 283 0002 041C     		mov	r4, r0
 284 0004 0D1C     		mov	r5, r1
 294:.\Generated_Source\PSoC4/I2C_I2C_SLAVE.c ****     /* Check buffer pointer */
 295:.\Generated_Source\PSoC4/I2C_I2C_SLAVE.c ****     if(NULL != wrBuf)
 285              		.loc 1 295 0
 286 0006 0028     		cmp	r0, #0
 287 0008 0CD0     		beq	.L20
 296:.\Generated_Source\PSoC4/I2C_I2C_SLAVE.c ****     {
 297:.\Generated_Source\PSoC4/I2C_I2C_SLAVE.c ****         I2C_DisableInt();  /* Lock from interruption */
 288              		.loc 1 297 0
 289 000a 0A20     		mov	r0, #10
 290              	.LVL25:
 291 000c FFF7FEFF 		bl	CyIntDisable
 292              	.LVL26:
 298:.\Generated_Source\PSoC4/I2C_I2C_SLAVE.c **** 
 299:.\Generated_Source\PSoC4/I2C_I2C_SLAVE.c ****         I2C_slWrBufPtr   = (volatile uint8 *) wrBuf; /* Set buffer pointer  */
 293              		.loc 1 299 0
 294 0010 054B     		ldr	r3, .L22
 295 0012 1C60     		str	r4, [r3]
 300:.\Generated_Source\PSoC4/I2C_I2C_SLAVE.c ****         I2C_slWrBufSize  = bufSize;                  /* Set buffer size     */
 296              		.loc 1 300 0
 297 0014 054B     		ldr	r3, .L22+4
 298 0016 1D60     		str	r5, [r3]
 301:.\Generated_Source\PSoC4/I2C_I2C_SLAVE.c ****         I2C_slWrBufIndex = 0u;                       /* Clear buffer index  */
 299              		.loc 1 301 0
 300 0018 0022     		mov	r2, #0
 301 001a 054B     		ldr	r3, .L22+8
 302 001c 1A60     		str	r2, [r3]
 302:.\Generated_Source\PSoC4/I2C_I2C_SLAVE.c **** 
 303:.\Generated_Source\PSoC4/I2C_I2C_SLAVE.c ****         I2C_EnableInt();   /* Release lock */
 303              		.loc 1 303 0
 304 001e 0A20     		mov	r0, #10
 305 0020 FFF7FEFF 		bl	CyIntEnable
 306              	.LVL27:
 307              	.L20:
 304:.\Generated_Source\PSoC4/I2C_I2C_SLAVE.c ****     }
 305:.\Generated_Source\PSoC4/I2C_I2C_SLAVE.c **** }
 308              		.loc 1 305 0
 309              		@ sp needed
 310              	.LVL28:
 311              	.LVL29:
 312 0024 38BD     		pop	{r3, r4, r5, pc}
 313              	.L23:
 314 0026 C046     		.align	2
 315              	.L22:
 316 0028 00000000 		.word	I2C_slWrBufPtr
 317 002c 00000000 		.word	I2C_slWrBufSize
 318 0030 00000000 		.word	I2C_slWrBufIndex
 319              		.cfi_endproc
 320              	.LFE8:
 321              		.size	I2C_I2CSlaveInitWriteBuf, .-I2C_I2CSlaveInitWriteBuf
 322              		.section	.text.I2C_I2CSlaveGetReadBufSize,"ax",%progbits
ARM GAS  C:\Users\Luci\AppData\Local\Temp\ccOdc6U7.s 			page 12


 323              		.align	2
 324              		.global	I2C_I2CSlaveGetReadBufSize
 325              		.code	16
 326              		.thumb_func
 327              		.type	I2C_I2CSlaveGetReadBufSize, %function
 328              	I2C_I2CSlaveGetReadBufSize:
 329              	.LFB9:
 306:.\Generated_Source\PSoC4/I2C_I2C_SLAVE.c **** 
 307:.\Generated_Source\PSoC4/I2C_I2C_SLAVE.c **** 
 308:.\Generated_Source\PSoC4/I2C_I2C_SLAVE.c **** /*******************************************************************************
 309:.\Generated_Source\PSoC4/I2C_I2C_SLAVE.c **** * Function Name: I2C_I2CSlaveGetReadBufSize
 310:.\Generated_Source\PSoC4/I2C_I2C_SLAVE.c **** ********************************************************************************
 311:.\Generated_Source\PSoC4/I2C_I2C_SLAVE.c **** *
 312:.\Generated_Source\PSoC4/I2C_I2C_SLAVE.c **** * Summary:
 313:.\Generated_Source\PSoC4/I2C_I2C_SLAVE.c **** *  Returns the number of bytes read by the I2C master since an
 314:.\Generated_Source\PSoC4/I2C_I2C_SLAVE.c **** *  I2C_SlaveInitReadBuf or I2C_SlaveClearReadBuf function was executed.
 315:.\Generated_Source\PSoC4/I2C_I2C_SLAVE.c **** *  The maximum return value will be the size of the read buffer.
 316:.\Generated_Source\PSoC4/I2C_I2C_SLAVE.c **** *
 317:.\Generated_Source\PSoC4/I2C_I2C_SLAVE.c **** * Parameters:
 318:.\Generated_Source\PSoC4/I2C_I2C_SLAVE.c **** *  None
 319:.\Generated_Source\PSoC4/I2C_I2C_SLAVE.c **** *
 320:.\Generated_Source\PSoC4/I2C_I2C_SLAVE.c **** * Return:
 321:.\Generated_Source\PSoC4/I2C_I2C_SLAVE.c **** *  Bytes read by master.
 322:.\Generated_Source\PSoC4/I2C_I2C_SLAVE.c **** *
 323:.\Generated_Source\PSoC4/I2C_I2C_SLAVE.c **** * Global variables:
 324:.\Generated_Source\PSoC4/I2C_I2C_SLAVE.c **** *  I2C_slRdBufIndex - used to store current index within slave
 325:.\Generated_Source\PSoC4/I2C_I2C_SLAVE.c **** *  read buffer.
 326:.\Generated_Source\PSoC4/I2C_I2C_SLAVE.c **** *
 327:.\Generated_Source\PSoC4/I2C_I2C_SLAVE.c **** *******************************************************************************/
 328:.\Generated_Source\PSoC4/I2C_I2C_SLAVE.c **** uint32 I2C_I2CSlaveGetReadBufSize(void)
 329:.\Generated_Source\PSoC4/I2C_I2C_SLAVE.c **** {
 330              		.loc 1 329 0
 331              		.cfi_startproc
 330:.\Generated_Source\PSoC4/I2C_I2C_SLAVE.c ****     return(I2C_slRdBufIndex);
 332              		.loc 1 330 0
 333 0000 014B     		ldr	r3, .L25
 334 0002 1868     		ldr	r0, [r3]
 331:.\Generated_Source\PSoC4/I2C_I2C_SLAVE.c **** }
 335              		.loc 1 331 0
 336              		@ sp needed
 337 0004 7047     		bx	lr
 338              	.L26:
 339 0006 C046     		.align	2
 340              	.L25:
 341 0008 00000000 		.word	I2C_slRdBufIndex
 342              		.cfi_endproc
 343              	.LFE9:
 344              		.size	I2C_I2CSlaveGetReadBufSize, .-I2C_I2CSlaveGetReadBufSize
 345              		.section	.text.I2C_I2CSlaveGetWriteBufSize,"ax",%progbits
 346              		.align	2
 347              		.global	I2C_I2CSlaveGetWriteBufSize
 348              		.code	16
 349              		.thumb_func
 350              		.type	I2C_I2CSlaveGetWriteBufSize, %function
 351              	I2C_I2CSlaveGetWriteBufSize:
 352              	.LFB10:
 332:.\Generated_Source\PSoC4/I2C_I2C_SLAVE.c **** 
ARM GAS  C:\Users\Luci\AppData\Local\Temp\ccOdc6U7.s 			page 13


 333:.\Generated_Source\PSoC4/I2C_I2C_SLAVE.c **** 
 334:.\Generated_Source\PSoC4/I2C_I2C_SLAVE.c **** /*******************************************************************************
 335:.\Generated_Source\PSoC4/I2C_I2C_SLAVE.c **** * Function Name: I2C_I2CSlaveGetWriteBufSize
 336:.\Generated_Source\PSoC4/I2C_I2C_SLAVE.c **** ********************************************************************************
 337:.\Generated_Source\PSoC4/I2C_I2C_SLAVE.c **** *
 338:.\Generated_Source\PSoC4/I2C_I2C_SLAVE.c **** * Summary:
 339:.\Generated_Source\PSoC4/I2C_I2C_SLAVE.c **** *  Returns the number of bytes written by the I2C master since an
 340:.\Generated_Source\PSoC4/I2C_I2C_SLAVE.c **** *  I2C_SlaveInitWriteBuf or I2C_SlaveClearWriteBuf function was executed.
 341:.\Generated_Source\PSoC4/I2C_I2C_SLAVE.c **** *  The maximum return value will be the size of the write buffer.
 342:.\Generated_Source\PSoC4/I2C_I2C_SLAVE.c **** *
 343:.\Generated_Source\PSoC4/I2C_I2C_SLAVE.c **** * Parameters:
 344:.\Generated_Source\PSoC4/I2C_I2C_SLAVE.c **** *  None
 345:.\Generated_Source\PSoC4/I2C_I2C_SLAVE.c **** *
 346:.\Generated_Source\PSoC4/I2C_I2C_SLAVE.c **** * Return:
 347:.\Generated_Source\PSoC4/I2C_I2C_SLAVE.c **** *  Bytes written by master.
 348:.\Generated_Source\PSoC4/I2C_I2C_SLAVE.c **** *
 349:.\Generated_Source\PSoC4/I2C_I2C_SLAVE.c **** * Global variables:
 350:.\Generated_Source\PSoC4/I2C_I2C_SLAVE.c **** *  I2C_slWrBufIndex - used to store current index within slave
 351:.\Generated_Source\PSoC4/I2C_I2C_SLAVE.c **** *  write buffer.
 352:.\Generated_Source\PSoC4/I2C_I2C_SLAVE.c **** *
 353:.\Generated_Source\PSoC4/I2C_I2C_SLAVE.c **** *******************************************************************************/
 354:.\Generated_Source\PSoC4/I2C_I2C_SLAVE.c **** uint32 I2C_I2CSlaveGetWriteBufSize(void)
 355:.\Generated_Source\PSoC4/I2C_I2C_SLAVE.c **** {
 353              		.loc 1 355 0
 354              		.cfi_startproc
 356:.\Generated_Source\PSoC4/I2C_I2C_SLAVE.c ****     return(I2C_slWrBufIndex);
 355              		.loc 1 356 0
 356 0000 014B     		ldr	r3, .L28
 357 0002 1868     		ldr	r0, [r3]
 357:.\Generated_Source\PSoC4/I2C_I2C_SLAVE.c **** }
 358              		.loc 1 357 0
 359              		@ sp needed
 360 0004 7047     		bx	lr
 361              	.L29:
 362 0006 C046     		.align	2
 363              	.L28:
 364 0008 00000000 		.word	I2C_slWrBufIndex
 365              		.cfi_endproc
 366              	.LFE10:
 367              		.size	I2C_I2CSlaveGetWriteBufSize, .-I2C_I2CSlaveGetWriteBufSize
 368              		.section	.text.I2C_I2CSlaveClearReadBuf,"ax",%progbits
 369              		.align	2
 370              		.global	I2C_I2CSlaveClearReadBuf
 371              		.code	16
 372              		.thumb_func
 373              		.type	I2C_I2CSlaveClearReadBuf, %function
 374              	I2C_I2CSlaveClearReadBuf:
 375              	.LFB11:
 358:.\Generated_Source\PSoC4/I2C_I2C_SLAVE.c **** 
 359:.\Generated_Source\PSoC4/I2C_I2C_SLAVE.c **** 
 360:.\Generated_Source\PSoC4/I2C_I2C_SLAVE.c **** /*******************************************************************************
 361:.\Generated_Source\PSoC4/I2C_I2C_SLAVE.c **** * Function Name: I2C_I2CSlaveClearReadBuf
 362:.\Generated_Source\PSoC4/I2C_I2C_SLAVE.c **** ********************************************************************************
 363:.\Generated_Source\PSoC4/I2C_I2C_SLAVE.c **** *
 364:.\Generated_Source\PSoC4/I2C_I2C_SLAVE.c **** * Summary:
 365:.\Generated_Source\PSoC4/I2C_I2C_SLAVE.c **** *  Resets the read pointer to the first byte in the read buffer. The next byte
 366:.\Generated_Source\PSoC4/I2C_I2C_SLAVE.c **** *  read by the master will be the first byte in the read buffer.
ARM GAS  C:\Users\Luci\AppData\Local\Temp\ccOdc6U7.s 			page 14


 367:.\Generated_Source\PSoC4/I2C_I2C_SLAVE.c **** *
 368:.\Generated_Source\PSoC4/I2C_I2C_SLAVE.c **** * Parameters:
 369:.\Generated_Source\PSoC4/I2C_I2C_SLAVE.c **** *  None
 370:.\Generated_Source\PSoC4/I2C_I2C_SLAVE.c **** *
 371:.\Generated_Source\PSoC4/I2C_I2C_SLAVE.c **** * Return:
 372:.\Generated_Source\PSoC4/I2C_I2C_SLAVE.c **** *  None
 373:.\Generated_Source\PSoC4/I2C_I2C_SLAVE.c **** *
 374:.\Generated_Source\PSoC4/I2C_I2C_SLAVE.c **** * Global variables:
 375:.\Generated_Source\PSoC4/I2C_I2C_SLAVE.c **** *  I2C_slRdBufIndex - used to store current index within slave
 376:.\Generated_Source\PSoC4/I2C_I2C_SLAVE.c **** *  read buffer.
 377:.\Generated_Source\PSoC4/I2C_I2C_SLAVE.c **** *
 378:.\Generated_Source\PSoC4/I2C_I2C_SLAVE.c **** *******************************************************************************/
 379:.\Generated_Source\PSoC4/I2C_I2C_SLAVE.c **** void I2C_I2CSlaveClearReadBuf(void)
 380:.\Generated_Source\PSoC4/I2C_I2C_SLAVE.c **** {
 376              		.loc 1 380 0
 377              		.cfi_startproc
 381:.\Generated_Source\PSoC4/I2C_I2C_SLAVE.c ****     I2C_slRdBufIndex = 0u;
 378              		.loc 1 381 0
 379 0000 0022     		mov	r2, #0
 380 0002 014B     		ldr	r3, .L31
 381 0004 1A60     		str	r2, [r3]
 382:.\Generated_Source\PSoC4/I2C_I2C_SLAVE.c **** }
 382              		.loc 1 382 0
 383              		@ sp needed
 384 0006 7047     		bx	lr
 385              	.L32:
 386              		.align	2
 387              	.L31:
 388 0008 00000000 		.word	I2C_slRdBufIndex
 389              		.cfi_endproc
 390              	.LFE11:
 391              		.size	I2C_I2CSlaveClearReadBuf, .-I2C_I2CSlaveClearReadBuf
 392              		.section	.text.I2C_I2CSlaveClearWriteBuf,"ax",%progbits
 393              		.align	2
 394              		.global	I2C_I2CSlaveClearWriteBuf
 395              		.code	16
 396              		.thumb_func
 397              		.type	I2C_I2CSlaveClearWriteBuf, %function
 398              	I2C_I2CSlaveClearWriteBuf:
 399              	.LFB12:
 383:.\Generated_Source\PSoC4/I2C_I2C_SLAVE.c **** 
 384:.\Generated_Source\PSoC4/I2C_I2C_SLAVE.c **** 
 385:.\Generated_Source\PSoC4/I2C_I2C_SLAVE.c **** /*******************************************************************************
 386:.\Generated_Source\PSoC4/I2C_I2C_SLAVE.c **** * Function Name: I2C_I2CSlaveClearWriteBuf
 387:.\Generated_Source\PSoC4/I2C_I2C_SLAVE.c **** ********************************************************************************
 388:.\Generated_Source\PSoC4/I2C_I2C_SLAVE.c **** *
 389:.\Generated_Source\PSoC4/I2C_I2C_SLAVE.c **** * Summary:
 390:.\Generated_Source\PSoC4/I2C_I2C_SLAVE.c **** *  Resets the write pointer to the first byte in the write buffer. The next byte
 391:.\Generated_Source\PSoC4/I2C_I2C_SLAVE.c **** *  written by the master will be the first byte in the write buffer.
 392:.\Generated_Source\PSoC4/I2C_I2C_SLAVE.c **** *
 393:.\Generated_Source\PSoC4/I2C_I2C_SLAVE.c **** * Parameters:
 394:.\Generated_Source\PSoC4/I2C_I2C_SLAVE.c **** *  None
 395:.\Generated_Source\PSoC4/I2C_I2C_SLAVE.c **** *
 396:.\Generated_Source\PSoC4/I2C_I2C_SLAVE.c **** * Return:
 397:.\Generated_Source\PSoC4/I2C_I2C_SLAVE.c **** *  None
 398:.\Generated_Source\PSoC4/I2C_I2C_SLAVE.c **** *
 399:.\Generated_Source\PSoC4/I2C_I2C_SLAVE.c **** * Global variables:
ARM GAS  C:\Users\Luci\AppData\Local\Temp\ccOdc6U7.s 			page 15


 400:.\Generated_Source\PSoC4/I2C_I2C_SLAVE.c **** *  I2C_slWrBufIndex - used to store current index within slave
 401:.\Generated_Source\PSoC4/I2C_I2C_SLAVE.c **** *  write buffer.
 402:.\Generated_Source\PSoC4/I2C_I2C_SLAVE.c **** *
 403:.\Generated_Source\PSoC4/I2C_I2C_SLAVE.c **** *******************************************************************************/
 404:.\Generated_Source\PSoC4/I2C_I2C_SLAVE.c **** void I2C_I2CSlaveClearWriteBuf(void)
 405:.\Generated_Source\PSoC4/I2C_I2C_SLAVE.c **** {
 400              		.loc 1 405 0
 401              		.cfi_startproc
 406:.\Generated_Source\PSoC4/I2C_I2C_SLAVE.c ****     I2C_slWrBufIndex = 0u;
 402              		.loc 1 406 0
 403 0000 0022     		mov	r2, #0
 404 0002 014B     		ldr	r3, .L34
 405 0004 1A60     		str	r2, [r3]
 407:.\Generated_Source\PSoC4/I2C_I2C_SLAVE.c **** }
 406              		.loc 1 407 0
 407              		@ sp needed
 408 0006 7047     		bx	lr
 409              	.L35:
 410              		.align	2
 411              	.L34:
 412 0008 00000000 		.word	I2C_slWrBufIndex
 413              		.cfi_endproc
 414              	.LFE12:
 415              		.size	I2C_I2CSlaveClearWriteBuf, .-I2C_I2CSlaveClearWriteBuf
 416              		.comm	I2C_slOverFlowCount,1,1
 417              		.comm	I2C_slRdBufIndexTmp,4,4
 418              		.comm	I2C_slRdBufIndex,4,4
 419              		.comm	I2C_slRdBufSize,4,4
 420              		.comm	I2C_slRdBufPtr,4,4
 421              		.comm	I2C_slWrBufIndex,4,4
 422              		.comm	I2C_slWrBufSize,4,4
 423              		.comm	I2C_slWrBufPtr,4,4
 424              		.comm	I2C_slStatus,1,1
 425              		.text
 426              	.Letext0:
 427              		.file 2 "Generated_Source\\PSoC4/cytypes.h"
 428              		.file 3 "Generated_Source\\PSoC4/CyLib.h"
 429              		.section	.debug_info,"",%progbits
 430              	.Ldebug_info0:
 431 0000 85030000 		.4byte	0x385
 432 0004 0400     		.2byte	0x4
 433 0006 00000000 		.4byte	.Ldebug_abbrev0
 434 000a 04       		.byte	0x4
 435 000b 01       		.uleb128 0x1
 436 000c 08020000 		.4byte	.LASF43
 437 0010 01       		.byte	0x1
 438 0011 A7010000 		.4byte	.LASF44
 439 0015 80000000 		.4byte	.LASF45
 440 0019 00000000 		.4byte	.Ldebug_ranges0+0
 441 001d 00000000 		.4byte	0
 442 0021 00000000 		.4byte	.Ldebug_line0
 443 0025 02       		.uleb128 0x2
 444 0026 01       		.byte	0x1
 445 0027 06       		.byte	0x6
 446 0028 88030000 		.4byte	.LASF0
 447 002c 02       		.uleb128 0x2
 448 002d 01       		.byte	0x1
ARM GAS  C:\Users\Luci\AppData\Local\Temp\ccOdc6U7.s 			page 16


 449 002e 08       		.byte	0x8
 450 002f 01010000 		.4byte	.LASF1
 451 0033 02       		.uleb128 0x2
 452 0034 02       		.byte	0x2
 453 0035 05       		.byte	0x5
 454 0036 1F030000 		.4byte	.LASF2
 455 003a 02       		.uleb128 0x2
 456 003b 02       		.byte	0x2
 457 003c 07       		.byte	0x7
 458 003d 4D000000 		.4byte	.LASF3
 459 0041 02       		.uleb128 0x2
 460 0042 04       		.byte	0x4
 461 0043 05       		.byte	0x5
 462 0044 5D030000 		.4byte	.LASF4
 463 0048 02       		.uleb128 0x2
 464 0049 04       		.byte	0x4
 465 004a 07       		.byte	0x7
 466 004b 1E010000 		.4byte	.LASF5
 467 004f 02       		.uleb128 0x2
 468 0050 08       		.byte	0x8
 469 0051 05       		.byte	0x5
 470 0052 B6020000 		.4byte	.LASF6
 471 0056 02       		.uleb128 0x2
 472 0057 08       		.byte	0x8
 473 0058 07       		.byte	0x7
 474 0059 E5010000 		.4byte	.LASF7
 475 005d 03       		.uleb128 0x3
 476 005e 04       		.byte	0x4
 477 005f 05       		.byte	0x5
 478 0060 696E7400 		.ascii	"int\000"
 479 0064 02       		.uleb128 0x2
 480 0065 04       		.byte	0x4
 481 0066 07       		.byte	0x7
 482 0067 D0010000 		.4byte	.LASF8
 483 006b 04       		.uleb128 0x4
 484 006c 30010000 		.4byte	.LASF9
 485 0070 02       		.byte	0x2
 486 0071 B3       		.byte	0xb3
 487 0072 2C000000 		.4byte	0x2c
 488 0076 04       		.uleb128 0x4
 489 0077 A0010000 		.4byte	.LASF10
 490 007b 02       		.byte	0x2
 491 007c B5       		.byte	0xb5
 492 007d 48000000 		.4byte	0x48
 493 0081 02       		.uleb128 0x2
 494 0082 04       		.byte	0x4
 495 0083 04       		.byte	0x4
 496 0084 EE000000 		.4byte	.LASF11
 497 0088 02       		.uleb128 0x2
 498 0089 08       		.byte	0x8
 499 008a 04       		.byte	0x4
 500 008b 7C010000 		.4byte	.LASF12
 501 008f 02       		.uleb128 0x2
 502 0090 01       		.byte	0x1
 503 0091 08       		.byte	0x8
 504 0092 DE020000 		.4byte	.LASF13
 505 0096 05       		.uleb128 0x5
ARM GAS  C:\Users\Luci\AppData\Local\Temp\ccOdc6U7.s 			page 17


 506 0097 6B000000 		.4byte	0x6b
 507 009b 06       		.uleb128 0x6
 508 009c 2A000000 		.4byte	.LASF14
 509 00a0 02       		.byte	0x2
 510 00a1 5F01     		.2byte	0x15f
 511 00a3 A7000000 		.4byte	0xa7
 512 00a7 05       		.uleb128 0x5
 513 00a8 76000000 		.4byte	0x76
 514 00ac 02       		.uleb128 0x2
 515 00ad 04       		.byte	0x4
 516 00ae 07       		.byte	0x7
 517 00af AD020000 		.4byte	.LASF15
 518 00b3 07       		.uleb128 0x7
 519 00b4 6D000000 		.4byte	.LASF29
 520 00b8 01       		.byte	0x1
 521 00b9 5C       		.byte	0x5c
 522 00ba 76000000 		.4byte	0x76
 523 00be 00000000 		.4byte	.LFB2
 524 00c2 0C000000 		.4byte	.LFE2-.LFB2
 525 00c6 01       		.uleb128 0x1
 526 00c7 9C       		.byte	0x9c
 527 00c8 08       		.uleb128 0x8
 528 00c9 36010000 		.4byte	.LASF16
 529 00cd 01       		.byte	0x1
 530 00ce 74       		.byte	0x74
 531 00cf 76000000 		.4byte	0x76
 532 00d3 00000000 		.4byte	.LFB3
 533 00d7 28000000 		.4byte	.LFE3-.LFB3
 534 00db 01       		.uleb128 0x1
 535 00dc 9C       		.byte	0x9c
 536 00dd 13010000 		.4byte	0x113
 537 00e1 09       		.uleb128 0x9
 538 00e2 60000000 		.4byte	.LASF18
 539 00e6 01       		.byte	0x1
 540 00e7 76       		.byte	0x76
 541 00e8 76000000 		.4byte	0x76
 542 00ec 00000000 		.4byte	.LLST0
 543 00f0 0A       		.uleb128 0xa
 544 00f1 08000000 		.4byte	.LVL0
 545 00f5 6A030000 		.4byte	0x36a
 546 00f9 03010000 		.4byte	0x103
 547 00fd 0B       		.uleb128 0xb
 548 00fe 01       		.uleb128 0x1
 549 00ff 50       		.byte	0x50
 550 0100 01       		.uleb128 0x1
 551 0101 3A       		.byte	0x3a
 552 0102 00       		.byte	0
 553 0103 0C       		.uleb128 0xc
 554 0104 1E000000 		.4byte	.LVL2
 555 0108 7B030000 		.4byte	0x37b
 556 010c 0B       		.uleb128 0xb
 557 010d 01       		.uleb128 0x1
 558 010e 50       		.byte	0x50
 559 010f 01       		.uleb128 0x1
 560 0110 3A       		.byte	0x3a
 561 0111 00       		.byte	0
 562 0112 00       		.byte	0
ARM GAS  C:\Users\Luci\AppData\Local\Temp\ccOdc6U7.s 			page 18


 563 0113 08       		.uleb128 0x8
 564 0114 30000000 		.4byte	.LASF17
 565 0118 01       		.byte	0x1
 566 0119 96       		.byte	0x96
 567 011a 76000000 		.4byte	0x76
 568 011e 00000000 		.4byte	.LFB4
 569 0122 28000000 		.4byte	.LFE4-.LFB4
 570 0126 01       		.uleb128 0x1
 571 0127 9C       		.byte	0x9c
 572 0128 5E010000 		.4byte	0x15e
 573 012c 09       		.uleb128 0x9
 574 012d 60000000 		.4byte	.LASF18
 575 0131 01       		.byte	0x1
 576 0132 98       		.byte	0x98
 577 0133 76000000 		.4byte	0x76
 578 0137 1E000000 		.4byte	.LLST1
 579 013b 0A       		.uleb128 0xa
 580 013c 08000000 		.4byte	.LVL4
 581 0140 6A030000 		.4byte	0x36a
 582 0144 4E010000 		.4byte	0x14e
 583 0148 0B       		.uleb128 0xb
 584 0149 01       		.uleb128 0x1
 585 014a 50       		.byte	0x50
 586 014b 01       		.uleb128 0x1
 587 014c 3A       		.byte	0x3a
 588 014d 00       		.byte	0
 589 014e 0C       		.uleb128 0xc
 590 014f 1E000000 		.4byte	.LVL6
 591 0153 7B030000 		.4byte	0x37b
 592 0157 0B       		.uleb128 0xb
 593 0158 01       		.uleb128 0x1
 594 0159 50       		.byte	0x50
 595 015a 01       		.uleb128 0x1
 596 015b 3A       		.byte	0x3a
 597 015c 00       		.byte	0
 598 015d 00       		.byte	0
 599 015e 0D       		.uleb128 0xd
 600 015f E3020000 		.4byte	.LASF20
 601 0163 01       		.byte	0x1
 602 0164 B5       		.byte	0xb5
 603 0165 00000000 		.4byte	.LFB5
 604 0169 18000000 		.4byte	.LFE5-.LFB5
 605 016d 01       		.uleb128 0x1
 606 016e 9C       		.byte	0x9c
 607 016f 92010000 		.4byte	0x192
 608 0173 0E       		.uleb128 0xe
 609 0174 DD010000 		.4byte	.LASF22
 610 0178 01       		.byte	0x1
 611 0179 B5       		.byte	0xb5
 612 017a 76000000 		.4byte	0x76
 613 017e 3C000000 		.4byte	.LLST2
 614 0182 09       		.uleb128 0x9
 615 0183 7F030000 		.4byte	.LASF19
 616 0187 01       		.byte	0x1
 617 0188 B7       		.byte	0xb7
 618 0189 76000000 		.4byte	0x76
 619 018d 5D000000 		.4byte	.LLST3
ARM GAS  C:\Users\Luci\AppData\Local\Temp\ccOdc6U7.s 			page 19


 620 0191 00       		.byte	0
 621 0192 0D       		.uleb128 0xd
 622 0193 0F000000 		.4byte	.LASF21
 623 0197 01       		.byte	0x1
 624 0198 D2       		.byte	0xd2
 625 0199 00000000 		.4byte	.LFB6
 626 019d 18000000 		.4byte	.LFE6-.LFB6
 627 01a1 01       		.uleb128 0x1
 628 01a2 9C       		.byte	0x9c
 629 01a3 C6010000 		.4byte	0x1c6
 630 01a7 0E       		.uleb128 0xe
 631 01a8 FC010000 		.4byte	.LASF23
 632 01ac 01       		.byte	0x1
 633 01ad D2       		.byte	0xd2
 634 01ae 76000000 		.4byte	0x76
 635 01b2 7B000000 		.4byte	.LLST4
 636 01b6 09       		.uleb128 0x9
 637 01b7 7F030000 		.4byte	.LASF19
 638 01bb 01       		.byte	0x1
 639 01bc D4       		.byte	0xd4
 640 01bd 76000000 		.4byte	0x76
 641 01c1 9C000000 		.4byte	.LLST5
 642 01c5 00       		.byte	0
 643 01c6 0D       		.uleb128 0xd
 644 01c7 07030000 		.4byte	.LASF24
 645 01cb 01       		.byte	0x1
 646 01cc F9       		.byte	0xf9
 647 01cd 00000000 		.4byte	.LFB7
 648 01d1 3C000000 		.4byte	.LFE7-.LFB7
 649 01d5 01       		.uleb128 0x1
 650 01d6 9C       		.byte	0x9c
 651 01d7 1C020000 		.4byte	0x21c
 652 01db 0E       		.uleb128 0xe
 653 01dc 67000000 		.4byte	.LASF25
 654 01e0 01       		.byte	0x1
 655 01e1 F9       		.byte	0xf9
 656 01e2 1C020000 		.4byte	0x21c
 657 01e6 C5000000 		.4byte	.LLST6
 658 01ea 0E       		.uleb128 0xe
 659 01eb 29030000 		.4byte	.LASF26
 660 01ef 01       		.byte	0x1
 661 01f0 F9       		.byte	0xf9
 662 01f1 76000000 		.4byte	0x76
 663 01f5 F1000000 		.4byte	.LLST7
 664 01f9 0A       		.uleb128 0xa
 665 01fa 10000000 		.4byte	.LVL20
 666 01fe 6A030000 		.4byte	0x36a
 667 0202 0C020000 		.4byte	0x20c
 668 0206 0B       		.uleb128 0xb
 669 0207 01       		.uleb128 0x1
 670 0208 50       		.byte	0x50
 671 0209 01       		.uleb128 0x1
 672 020a 3A       		.byte	0x3a
 673 020b 00       		.byte	0
 674 020c 0C       		.uleb128 0xc
 675 020d 28000000 		.4byte	.LVL21
 676 0211 7B030000 		.4byte	0x37b
ARM GAS  C:\Users\Luci\AppData\Local\Temp\ccOdc6U7.s 			page 20


 677 0215 0B       		.uleb128 0xb
 678 0216 01       		.uleb128 0x1
 679 0217 50       		.byte	0x50
 680 0218 01       		.uleb128 0x1
 681 0219 3A       		.byte	0x3a
 682 021a 00       		.byte	0
 683 021b 00       		.byte	0
 684 021c 0F       		.uleb128 0xf
 685 021d 04       		.byte	0x4
 686 021e 6B000000 		.4byte	0x6b
 687 0222 10       		.uleb128 0x10
 688 0223 94020000 		.4byte	.LASF27
 689 0227 01       		.byte	0x1
 690 0228 2401     		.2byte	0x124
 691 022a 00000000 		.4byte	.LFB8
 692 022e 34000000 		.4byte	.LFE8-.LFB8
 693 0232 01       		.uleb128 0x1
 694 0233 9C       		.byte	0x9c
 695 0234 7B020000 		.4byte	0x27b
 696 0238 11       		.uleb128 0x11
 697 0239 62010000 		.4byte	.LASF28
 698 023d 01       		.byte	0x1
 699 023e 2401     		.2byte	0x124
 700 0240 1C020000 		.4byte	0x21c
 701 0244 1D010000 		.4byte	.LLST8
 702 0248 11       		.uleb128 0x11
 703 0249 29030000 		.4byte	.LASF26
 704 024d 01       		.byte	0x1
 705 024e 2401     		.2byte	0x124
 706 0250 76000000 		.4byte	0x76
 707 0254 49010000 		.4byte	.LLST9
 708 0258 0A       		.uleb128 0xa
 709 0259 10000000 		.4byte	.LVL26
 710 025d 6A030000 		.4byte	0x36a
 711 0261 6B020000 		.4byte	0x26b
 712 0265 0B       		.uleb128 0xb
 713 0266 01       		.uleb128 0x1
 714 0267 50       		.byte	0x50
 715 0268 01       		.uleb128 0x1
 716 0269 3A       		.byte	0x3a
 717 026a 00       		.byte	0
 718 026b 0C       		.uleb128 0xc
 719 026c 24000000 		.4byte	.LVL27
 720 0270 7B030000 		.4byte	0x37b
 721 0274 0B       		.uleb128 0xb
 722 0275 01       		.uleb128 0x1
 723 0276 50       		.byte	0x50
 724 0277 01       		.uleb128 0x1
 725 0278 3A       		.byte	0x3a
 726 0279 00       		.byte	0
 727 027a 00       		.byte	0
 728 027b 12       		.uleb128 0x12
 729 027c 42030000 		.4byte	.LASF30
 730 0280 01       		.byte	0x1
 731 0281 4801     		.2byte	0x148
 732 0283 76000000 		.4byte	0x76
 733 0287 00000000 		.4byte	.LFB9
ARM GAS  C:\Users\Luci\AppData\Local\Temp\ccOdc6U7.s 			page 21


 734 028b 0C000000 		.4byte	.LFE9-.LFB9
 735 028f 01       		.uleb128 0x1
 736 0290 9C       		.byte	0x9c
 737 0291 12       		.uleb128 0x12
 738 0292 D2000000 		.4byte	.LASF31
 739 0296 01       		.byte	0x1
 740 0297 6201     		.2byte	0x162
 741 0299 76000000 		.4byte	0x76
 742 029d 00000000 		.4byte	.LFB10
 743 02a1 0C000000 		.4byte	.LFE10-.LFB10
 744 02a5 01       		.uleb128 0x1
 745 02a6 9C       		.byte	0x9c
 746 02a7 13       		.uleb128 0x13
 747 02a8 66030000 		.4byte	.LASF32
 748 02ac 01       		.byte	0x1
 749 02ad 7B01     		.2byte	0x17b
 750 02af 00000000 		.4byte	.LFB11
 751 02b3 0C000000 		.4byte	.LFE11-.LFB11
 752 02b7 01       		.uleb128 0x1
 753 02b8 9C       		.byte	0x9c
 754 02b9 13       		.uleb128 0x13
 755 02ba C4020000 		.4byte	.LASF33
 756 02be 01       		.byte	0x1
 757 02bf 9401     		.2byte	0x194
 758 02c1 00000000 		.4byte	.LFB12
 759 02c5 0C000000 		.4byte	.LFE12-.LFB12
 760 02c9 01       		.uleb128 0x1
 761 02ca 9C       		.byte	0x9c
 762 02cb 14       		.uleb128 0x14
 763 02cc F4000000 		.4byte	.LASF34
 764 02d0 01       		.byte	0x1
 765 02d1 1A       		.byte	0x1a
 766 02d2 96000000 		.4byte	0x96
 767 02d6 05       		.uleb128 0x5
 768 02d7 03       		.byte	0x3
 769 02d8 00000000 		.4byte	I2C_slStatus
 770 02dc 14       		.uleb128 0x14
 771 02dd 00000000 		.4byte	.LASF35
 772 02e1 01       		.byte	0x1
 773 02e2 1D       		.byte	0x1d
 774 02e3 ED020000 		.4byte	0x2ed
 775 02e7 05       		.uleb128 0x5
 776 02e8 03       		.byte	0x3
 777 02e9 00000000 		.4byte	I2C_slWrBufPtr
 778 02ed 0F       		.uleb128 0xf
 779 02ee 04       		.byte	0x4
 780 02ef 96000000 		.4byte	0x96
 781 02f3 14       		.uleb128 0x14
 782 02f4 84020000 		.4byte	.LASF36
 783 02f8 01       		.byte	0x1
 784 02f9 1E       		.byte	0x1e
 785 02fa A7000000 		.4byte	0xa7
 786 02fe 05       		.uleb128 0x5
 787 02ff 03       		.byte	0x3
 788 0300 00000000 		.4byte	I2C_slWrBufSize
 789 0304 14       		.uleb128 0x14
 790 0305 83010000 		.4byte	.LASF37
ARM GAS  C:\Users\Luci\AppData\Local\Temp\ccOdc6U7.s 			page 22


 791 0309 01       		.byte	0x1
 792 030a 1F       		.byte	0x1f
 793 030b A7000000 		.4byte	0xa7
 794 030f 05       		.uleb128 0x5
 795 0310 03       		.byte	0x3
 796 0311 00000000 		.4byte	I2C_slWrBufIndex
 797 0315 14       		.uleb128 0x14
 798 0316 0F010000 		.4byte	.LASF38
 799 031a 01       		.byte	0x1
 800 031b 22       		.byte	0x22
 801 031c ED020000 		.4byte	0x2ed
 802 0320 05       		.uleb128 0x5
 803 0321 03       		.byte	0x3
 804 0322 00000000 		.4byte	I2C_slRdBufPtr
 805 0326 14       		.uleb128 0x14
 806 0327 52010000 		.4byte	.LASF39
 807 032b 01       		.byte	0x1
 808 032c 23       		.byte	0x23
 809 032d A7000000 		.4byte	0xa7
 810 0331 05       		.uleb128 0x5
 811 0332 03       		.byte	0x3
 812 0333 00000000 		.4byte	I2C_slRdBufSize
 813 0337 14       		.uleb128 0x14
 814 0338 31030000 		.4byte	.LASF40
 815 033c 01       		.byte	0x1
 816 033d 24       		.byte	0x24
 817 033e A7000000 		.4byte	0xa7
 818 0342 05       		.uleb128 0x5
 819 0343 03       		.byte	0x3
 820 0344 00000000 		.4byte	I2C_slRdBufIndex
 821 0348 14       		.uleb128 0x14
 822 0349 94030000 		.4byte	.LASF41
 823 034d 01       		.byte	0x1
 824 034e 25       		.byte	0x25
 825 034f A7000000 		.4byte	0xa7
 826 0353 05       		.uleb128 0x5
 827 0354 03       		.byte	0x3
 828 0355 00000000 		.4byte	I2C_slRdBufIndexTmp
 829 0359 14       		.uleb128 0x14
 830 035a 68010000 		.4byte	.LASF42
 831 035e 01       		.byte	0x1
 832 035f 26       		.byte	0x26
 833 0360 96000000 		.4byte	0x96
 834 0364 05       		.uleb128 0x5
 835 0365 03       		.byte	0x3
 836 0366 00000000 		.4byte	I2C_slOverFlowCount
 837 036a 15       		.uleb128 0x15
 838 036b FA020000 		.4byte	.LASF46
 839 036f 03       		.byte	0x3
 840 0370 4E       		.byte	0x4e
 841 0371 7B030000 		.4byte	0x37b
 842 0375 16       		.uleb128 0x16
 843 0376 6B000000 		.4byte	0x6b
 844 037a 00       		.byte	0
 845 037b 17       		.uleb128 0x17
 846 037c 94010000 		.4byte	.LASF47
 847 0380 03       		.byte	0x3
ARM GAS  C:\Users\Luci\AppData\Local\Temp\ccOdc6U7.s 			page 23


 848 0381 4C       		.byte	0x4c
 849 0382 16       		.uleb128 0x16
 850 0383 6B000000 		.4byte	0x6b
 851 0387 00       		.byte	0
 852 0388 00       		.byte	0
 853              		.section	.debug_abbrev,"",%progbits
 854              	.Ldebug_abbrev0:
 855 0000 01       		.uleb128 0x1
 856 0001 11       		.uleb128 0x11
 857 0002 01       		.byte	0x1
 858 0003 25       		.uleb128 0x25
 859 0004 0E       		.uleb128 0xe
 860 0005 13       		.uleb128 0x13
 861 0006 0B       		.uleb128 0xb
 862 0007 03       		.uleb128 0x3
 863 0008 0E       		.uleb128 0xe
 864 0009 1B       		.uleb128 0x1b
 865 000a 0E       		.uleb128 0xe
 866 000b 55       		.uleb128 0x55
 867 000c 17       		.uleb128 0x17
 868 000d 11       		.uleb128 0x11
 869 000e 01       		.uleb128 0x1
 870 000f 10       		.uleb128 0x10
 871 0010 17       		.uleb128 0x17
 872 0011 00       		.byte	0
 873 0012 00       		.byte	0
 874 0013 02       		.uleb128 0x2
 875 0014 24       		.uleb128 0x24
 876 0015 00       		.byte	0
 877 0016 0B       		.uleb128 0xb
 878 0017 0B       		.uleb128 0xb
 879 0018 3E       		.uleb128 0x3e
 880 0019 0B       		.uleb128 0xb
 881 001a 03       		.uleb128 0x3
 882 001b 0E       		.uleb128 0xe
 883 001c 00       		.byte	0
 884 001d 00       		.byte	0
 885 001e 03       		.uleb128 0x3
 886 001f 24       		.uleb128 0x24
 887 0020 00       		.byte	0
 888 0021 0B       		.uleb128 0xb
 889 0022 0B       		.uleb128 0xb
 890 0023 3E       		.uleb128 0x3e
 891 0024 0B       		.uleb128 0xb
 892 0025 03       		.uleb128 0x3
 893 0026 08       		.uleb128 0x8
 894 0027 00       		.byte	0
 895 0028 00       		.byte	0
 896 0029 04       		.uleb128 0x4
 897 002a 16       		.uleb128 0x16
 898 002b 00       		.byte	0
 899 002c 03       		.uleb128 0x3
 900 002d 0E       		.uleb128 0xe
 901 002e 3A       		.uleb128 0x3a
 902 002f 0B       		.uleb128 0xb
 903 0030 3B       		.uleb128 0x3b
 904 0031 0B       		.uleb128 0xb
ARM GAS  C:\Users\Luci\AppData\Local\Temp\ccOdc6U7.s 			page 24


 905 0032 49       		.uleb128 0x49
 906 0033 13       		.uleb128 0x13
 907 0034 00       		.byte	0
 908 0035 00       		.byte	0
 909 0036 05       		.uleb128 0x5
 910 0037 35       		.uleb128 0x35
 911 0038 00       		.byte	0
 912 0039 49       		.uleb128 0x49
 913 003a 13       		.uleb128 0x13
 914 003b 00       		.byte	0
 915 003c 00       		.byte	0
 916 003d 06       		.uleb128 0x6
 917 003e 16       		.uleb128 0x16
 918 003f 00       		.byte	0
 919 0040 03       		.uleb128 0x3
 920 0041 0E       		.uleb128 0xe
 921 0042 3A       		.uleb128 0x3a
 922 0043 0B       		.uleb128 0xb
 923 0044 3B       		.uleb128 0x3b
 924 0045 05       		.uleb128 0x5
 925 0046 49       		.uleb128 0x49
 926 0047 13       		.uleb128 0x13
 927 0048 00       		.byte	0
 928 0049 00       		.byte	0
 929 004a 07       		.uleb128 0x7
 930 004b 2E       		.uleb128 0x2e
 931 004c 00       		.byte	0
 932 004d 3F       		.uleb128 0x3f
 933 004e 19       		.uleb128 0x19
 934 004f 03       		.uleb128 0x3
 935 0050 0E       		.uleb128 0xe
 936 0051 3A       		.uleb128 0x3a
 937 0052 0B       		.uleb128 0xb
 938 0053 3B       		.uleb128 0x3b
 939 0054 0B       		.uleb128 0xb
 940 0055 27       		.uleb128 0x27
 941 0056 19       		.uleb128 0x19
 942 0057 49       		.uleb128 0x49
 943 0058 13       		.uleb128 0x13
 944 0059 11       		.uleb128 0x11
 945 005a 01       		.uleb128 0x1
 946 005b 12       		.uleb128 0x12
 947 005c 06       		.uleb128 0x6
 948 005d 40       		.uleb128 0x40
 949 005e 18       		.uleb128 0x18
 950 005f 9742     		.uleb128 0x2117
 951 0061 19       		.uleb128 0x19
 952 0062 00       		.byte	0
 953 0063 00       		.byte	0
 954 0064 08       		.uleb128 0x8
 955 0065 2E       		.uleb128 0x2e
 956 0066 01       		.byte	0x1
 957 0067 3F       		.uleb128 0x3f
 958 0068 19       		.uleb128 0x19
 959 0069 03       		.uleb128 0x3
 960 006a 0E       		.uleb128 0xe
 961 006b 3A       		.uleb128 0x3a
ARM GAS  C:\Users\Luci\AppData\Local\Temp\ccOdc6U7.s 			page 25


 962 006c 0B       		.uleb128 0xb
 963 006d 3B       		.uleb128 0x3b
 964 006e 0B       		.uleb128 0xb
 965 006f 27       		.uleb128 0x27
 966 0070 19       		.uleb128 0x19
 967 0071 49       		.uleb128 0x49
 968 0072 13       		.uleb128 0x13
 969 0073 11       		.uleb128 0x11
 970 0074 01       		.uleb128 0x1
 971 0075 12       		.uleb128 0x12
 972 0076 06       		.uleb128 0x6
 973 0077 40       		.uleb128 0x40
 974 0078 18       		.uleb128 0x18
 975 0079 9742     		.uleb128 0x2117
 976 007b 19       		.uleb128 0x19
 977 007c 01       		.uleb128 0x1
 978 007d 13       		.uleb128 0x13
 979 007e 00       		.byte	0
 980 007f 00       		.byte	0
 981 0080 09       		.uleb128 0x9
 982 0081 34       		.uleb128 0x34
 983 0082 00       		.byte	0
 984 0083 03       		.uleb128 0x3
 985 0084 0E       		.uleb128 0xe
 986 0085 3A       		.uleb128 0x3a
 987 0086 0B       		.uleb128 0xb
 988 0087 3B       		.uleb128 0x3b
 989 0088 0B       		.uleb128 0xb
 990 0089 49       		.uleb128 0x49
 991 008a 13       		.uleb128 0x13
 992 008b 02       		.uleb128 0x2
 993 008c 17       		.uleb128 0x17
 994 008d 00       		.byte	0
 995 008e 00       		.byte	0
 996 008f 0A       		.uleb128 0xa
 997 0090 898201   		.uleb128 0x4109
 998 0093 01       		.byte	0x1
 999 0094 11       		.uleb128 0x11
 1000 0095 01       		.uleb128 0x1
 1001 0096 31       		.uleb128 0x31
 1002 0097 13       		.uleb128 0x13
 1003 0098 01       		.uleb128 0x1
 1004 0099 13       		.uleb128 0x13
 1005 009a 00       		.byte	0
 1006 009b 00       		.byte	0
 1007 009c 0B       		.uleb128 0xb
 1008 009d 8A8201   		.uleb128 0x410a
 1009 00a0 00       		.byte	0
 1010 00a1 02       		.uleb128 0x2
 1011 00a2 18       		.uleb128 0x18
 1012 00a3 9142     		.uleb128 0x2111
 1013 00a5 18       		.uleb128 0x18
 1014 00a6 00       		.byte	0
 1015 00a7 00       		.byte	0
 1016 00a8 0C       		.uleb128 0xc
 1017 00a9 898201   		.uleb128 0x4109
 1018 00ac 01       		.byte	0x1
ARM GAS  C:\Users\Luci\AppData\Local\Temp\ccOdc6U7.s 			page 26


 1019 00ad 11       		.uleb128 0x11
 1020 00ae 01       		.uleb128 0x1
 1021 00af 31       		.uleb128 0x31
 1022 00b0 13       		.uleb128 0x13
 1023 00b1 00       		.byte	0
 1024 00b2 00       		.byte	0
 1025 00b3 0D       		.uleb128 0xd
 1026 00b4 2E       		.uleb128 0x2e
 1027 00b5 01       		.byte	0x1
 1028 00b6 3F       		.uleb128 0x3f
 1029 00b7 19       		.uleb128 0x19
 1030 00b8 03       		.uleb128 0x3
 1031 00b9 0E       		.uleb128 0xe
 1032 00ba 3A       		.uleb128 0x3a
 1033 00bb 0B       		.uleb128 0xb
 1034 00bc 3B       		.uleb128 0x3b
 1035 00bd 0B       		.uleb128 0xb
 1036 00be 27       		.uleb128 0x27
 1037 00bf 19       		.uleb128 0x19
 1038 00c0 11       		.uleb128 0x11
 1039 00c1 01       		.uleb128 0x1
 1040 00c2 12       		.uleb128 0x12
 1041 00c3 06       		.uleb128 0x6
 1042 00c4 40       		.uleb128 0x40
 1043 00c5 18       		.uleb128 0x18
 1044 00c6 9742     		.uleb128 0x2117
 1045 00c8 19       		.uleb128 0x19
 1046 00c9 01       		.uleb128 0x1
 1047 00ca 13       		.uleb128 0x13
 1048 00cb 00       		.byte	0
 1049 00cc 00       		.byte	0
 1050 00cd 0E       		.uleb128 0xe
 1051 00ce 05       		.uleb128 0x5
 1052 00cf 00       		.byte	0
 1053 00d0 03       		.uleb128 0x3
 1054 00d1 0E       		.uleb128 0xe
 1055 00d2 3A       		.uleb128 0x3a
 1056 00d3 0B       		.uleb128 0xb
 1057 00d4 3B       		.uleb128 0x3b
 1058 00d5 0B       		.uleb128 0xb
 1059 00d6 49       		.uleb128 0x49
 1060 00d7 13       		.uleb128 0x13
 1061 00d8 02       		.uleb128 0x2
 1062 00d9 17       		.uleb128 0x17
 1063 00da 00       		.byte	0
 1064 00db 00       		.byte	0
 1065 00dc 0F       		.uleb128 0xf
 1066 00dd 0F       		.uleb128 0xf
 1067 00de 00       		.byte	0
 1068 00df 0B       		.uleb128 0xb
 1069 00e0 0B       		.uleb128 0xb
 1070 00e1 49       		.uleb128 0x49
 1071 00e2 13       		.uleb128 0x13
 1072 00e3 00       		.byte	0
 1073 00e4 00       		.byte	0
 1074 00e5 10       		.uleb128 0x10
 1075 00e6 2E       		.uleb128 0x2e
ARM GAS  C:\Users\Luci\AppData\Local\Temp\ccOdc6U7.s 			page 27


 1076 00e7 01       		.byte	0x1
 1077 00e8 3F       		.uleb128 0x3f
 1078 00e9 19       		.uleb128 0x19
 1079 00ea 03       		.uleb128 0x3
 1080 00eb 0E       		.uleb128 0xe
 1081 00ec 3A       		.uleb128 0x3a
 1082 00ed 0B       		.uleb128 0xb
 1083 00ee 3B       		.uleb128 0x3b
 1084 00ef 05       		.uleb128 0x5
 1085 00f0 27       		.uleb128 0x27
 1086 00f1 19       		.uleb128 0x19
 1087 00f2 11       		.uleb128 0x11
 1088 00f3 01       		.uleb128 0x1
 1089 00f4 12       		.uleb128 0x12
 1090 00f5 06       		.uleb128 0x6
 1091 00f6 40       		.uleb128 0x40
 1092 00f7 18       		.uleb128 0x18
 1093 00f8 9742     		.uleb128 0x2117
 1094 00fa 19       		.uleb128 0x19
 1095 00fb 01       		.uleb128 0x1
 1096 00fc 13       		.uleb128 0x13
 1097 00fd 00       		.byte	0
 1098 00fe 00       		.byte	0
 1099 00ff 11       		.uleb128 0x11
 1100 0100 05       		.uleb128 0x5
 1101 0101 00       		.byte	0
 1102 0102 03       		.uleb128 0x3
 1103 0103 0E       		.uleb128 0xe
 1104 0104 3A       		.uleb128 0x3a
 1105 0105 0B       		.uleb128 0xb
 1106 0106 3B       		.uleb128 0x3b
 1107 0107 05       		.uleb128 0x5
 1108 0108 49       		.uleb128 0x49
 1109 0109 13       		.uleb128 0x13
 1110 010a 02       		.uleb128 0x2
 1111 010b 17       		.uleb128 0x17
 1112 010c 00       		.byte	0
 1113 010d 00       		.byte	0
 1114 010e 12       		.uleb128 0x12
 1115 010f 2E       		.uleb128 0x2e
 1116 0110 00       		.byte	0
 1117 0111 3F       		.uleb128 0x3f
 1118 0112 19       		.uleb128 0x19
 1119 0113 03       		.uleb128 0x3
 1120 0114 0E       		.uleb128 0xe
 1121 0115 3A       		.uleb128 0x3a
 1122 0116 0B       		.uleb128 0xb
 1123 0117 3B       		.uleb128 0x3b
 1124 0118 05       		.uleb128 0x5
 1125 0119 27       		.uleb128 0x27
 1126 011a 19       		.uleb128 0x19
 1127 011b 49       		.uleb128 0x49
 1128 011c 13       		.uleb128 0x13
 1129 011d 11       		.uleb128 0x11
 1130 011e 01       		.uleb128 0x1
 1131 011f 12       		.uleb128 0x12
 1132 0120 06       		.uleb128 0x6
ARM GAS  C:\Users\Luci\AppData\Local\Temp\ccOdc6U7.s 			page 28


 1133 0121 40       		.uleb128 0x40
 1134 0122 18       		.uleb128 0x18
 1135 0123 9742     		.uleb128 0x2117
 1136 0125 19       		.uleb128 0x19
 1137 0126 00       		.byte	0
 1138 0127 00       		.byte	0
 1139 0128 13       		.uleb128 0x13
 1140 0129 2E       		.uleb128 0x2e
 1141 012a 00       		.byte	0
 1142 012b 3F       		.uleb128 0x3f
 1143 012c 19       		.uleb128 0x19
 1144 012d 03       		.uleb128 0x3
 1145 012e 0E       		.uleb128 0xe
 1146 012f 3A       		.uleb128 0x3a
 1147 0130 0B       		.uleb128 0xb
 1148 0131 3B       		.uleb128 0x3b
 1149 0132 05       		.uleb128 0x5
 1150 0133 27       		.uleb128 0x27
 1151 0134 19       		.uleb128 0x19
 1152 0135 11       		.uleb128 0x11
 1153 0136 01       		.uleb128 0x1
 1154 0137 12       		.uleb128 0x12
 1155 0138 06       		.uleb128 0x6
 1156 0139 40       		.uleb128 0x40
 1157 013a 18       		.uleb128 0x18
 1158 013b 9742     		.uleb128 0x2117
 1159 013d 19       		.uleb128 0x19
 1160 013e 00       		.byte	0
 1161 013f 00       		.byte	0
 1162 0140 14       		.uleb128 0x14
 1163 0141 34       		.uleb128 0x34
 1164 0142 00       		.byte	0
 1165 0143 03       		.uleb128 0x3
 1166 0144 0E       		.uleb128 0xe
 1167 0145 3A       		.uleb128 0x3a
 1168 0146 0B       		.uleb128 0xb
 1169 0147 3B       		.uleb128 0x3b
 1170 0148 0B       		.uleb128 0xb
 1171 0149 49       		.uleb128 0x49
 1172 014a 13       		.uleb128 0x13
 1173 014b 3F       		.uleb128 0x3f
 1174 014c 19       		.uleb128 0x19
 1175 014d 02       		.uleb128 0x2
 1176 014e 18       		.uleb128 0x18
 1177 014f 00       		.byte	0
 1178 0150 00       		.byte	0
 1179 0151 15       		.uleb128 0x15
 1180 0152 2E       		.uleb128 0x2e
 1181 0153 01       		.byte	0x1
 1182 0154 3F       		.uleb128 0x3f
 1183 0155 19       		.uleb128 0x19
 1184 0156 03       		.uleb128 0x3
 1185 0157 0E       		.uleb128 0xe
 1186 0158 3A       		.uleb128 0x3a
 1187 0159 0B       		.uleb128 0xb
 1188 015a 3B       		.uleb128 0x3b
 1189 015b 0B       		.uleb128 0xb
ARM GAS  C:\Users\Luci\AppData\Local\Temp\ccOdc6U7.s 			page 29


 1190 015c 27       		.uleb128 0x27
 1191 015d 19       		.uleb128 0x19
 1192 015e 3C       		.uleb128 0x3c
 1193 015f 19       		.uleb128 0x19
 1194 0160 01       		.uleb128 0x1
 1195 0161 13       		.uleb128 0x13
 1196 0162 00       		.byte	0
 1197 0163 00       		.byte	0
 1198 0164 16       		.uleb128 0x16
 1199 0165 05       		.uleb128 0x5
 1200 0166 00       		.byte	0
 1201 0167 49       		.uleb128 0x49
 1202 0168 13       		.uleb128 0x13
 1203 0169 00       		.byte	0
 1204 016a 00       		.byte	0
 1205 016b 17       		.uleb128 0x17
 1206 016c 2E       		.uleb128 0x2e
 1207 016d 01       		.byte	0x1
 1208 016e 3F       		.uleb128 0x3f
 1209 016f 19       		.uleb128 0x19
 1210 0170 03       		.uleb128 0x3
 1211 0171 0E       		.uleb128 0xe
 1212 0172 3A       		.uleb128 0x3a
 1213 0173 0B       		.uleb128 0xb
 1214 0174 3B       		.uleb128 0x3b
 1215 0175 0B       		.uleb128 0xb
 1216 0176 27       		.uleb128 0x27
 1217 0177 19       		.uleb128 0x19
 1218 0178 3C       		.uleb128 0x3c
 1219 0179 19       		.uleb128 0x19
 1220 017a 00       		.byte	0
 1221 017b 00       		.byte	0
 1222 017c 00       		.byte	0
 1223              		.section	.debug_loc,"",%progbits
 1224              	.Ldebug_loc0:
 1225              	.LLST0:
 1226 0000 10000000 		.4byte	.LVL1
 1227 0004 20000000 		.4byte	.LVL3
 1228 0008 0100     		.2byte	0x1
 1229 000a 54       		.byte	0x54
 1230 000b 20000000 		.4byte	.LVL3
 1231 000f 28000000 		.4byte	.LFE3
 1232 0013 0100     		.2byte	0x1
 1233 0015 50       		.byte	0x50
 1234 0016 00000000 		.4byte	0
 1235 001a 00000000 		.4byte	0
 1236              	.LLST1:
 1237 001e 10000000 		.4byte	.LVL5
 1238 0022 20000000 		.4byte	.LVL7
 1239 0026 0100     		.2byte	0x1
 1240 0028 54       		.byte	0x54
 1241 0029 20000000 		.4byte	.LVL7
 1242 002d 28000000 		.4byte	.LFE4
 1243 0031 0100     		.2byte	0x1
 1244 0033 50       		.byte	0x50
 1245 0034 00000000 		.4byte	0
 1246 0038 00000000 		.4byte	0
ARM GAS  C:\Users\Luci\AppData\Local\Temp\ccOdc6U7.s 			page 30


 1247              	.LLST2:
 1248 003c 00000000 		.4byte	.LVL8
 1249 0040 0A000000 		.4byte	.LVL11
 1250 0044 0100     		.2byte	0x1
 1251 0046 50       		.byte	0x50
 1252 0047 0A000000 		.4byte	.LVL11
 1253 004b 18000000 		.4byte	.LFE5
 1254 004f 0400     		.2byte	0x4
 1255 0051 F3       		.byte	0xf3
 1256 0052 01       		.uleb128 0x1
 1257 0053 50       		.byte	0x50
 1258 0054 9F       		.byte	0x9f
 1259 0055 00000000 		.4byte	0
 1260 0059 00000000 		.4byte	0
 1261              	.LLST3:
 1262 005d 04000000 		.4byte	.LVL9
 1263 0061 0E000000 		.4byte	.LVL12
 1264 0065 0100     		.2byte	0x1
 1265 0067 51       		.byte	0x51
 1266 0068 0E000000 		.4byte	.LVL12
 1267 006c 18000000 		.4byte	.LFE5
 1268 0070 0100     		.2byte	0x1
 1269 0072 52       		.byte	0x52
 1270 0073 00000000 		.4byte	0
 1271 0077 00000000 		.4byte	0
 1272              	.LLST4:
 1273 007b 00000000 		.4byte	.LVL13
 1274 007f 0A000000 		.4byte	.LVL16
 1275 0083 0100     		.2byte	0x1
 1276 0085 50       		.byte	0x50
 1277 0086 0A000000 		.4byte	.LVL16
 1278 008a 18000000 		.4byte	.LFE6
 1279 008e 0400     		.2byte	0x4
 1280 0090 F3       		.byte	0xf3
 1281 0091 01       		.uleb128 0x1
 1282 0092 50       		.byte	0x50
 1283 0093 9F       		.byte	0x9f
 1284 0094 00000000 		.4byte	0
 1285 0098 00000000 		.4byte	0
 1286              	.LLST5:
 1287 009c 04000000 		.4byte	.LVL14
 1288 00a0 08000000 		.4byte	.LVL15
 1289 00a4 0100     		.2byte	0x1
 1290 00a6 51       		.byte	0x51
 1291 00a7 08000000 		.4byte	.LVL15
 1292 00ab 0C000000 		.4byte	.LVL17
 1293 00af 0100     		.2byte	0x1
 1294 00b1 52       		.byte	0x52
 1295 00b2 0C000000 		.4byte	.LVL17
 1296 00b6 18000000 		.4byte	.LFE6
 1297 00ba 0100     		.2byte	0x1
 1298 00bc 50       		.byte	0x50
 1299 00bd 00000000 		.4byte	0
 1300 00c1 00000000 		.4byte	0
 1301              	.LLST6:
 1302 00c5 00000000 		.4byte	.LVL18
 1303 00c9 0C000000 		.4byte	.LVL19
ARM GAS  C:\Users\Luci\AppData\Local\Temp\ccOdc6U7.s 			page 31


 1304 00cd 0100     		.2byte	0x1
 1305 00cf 50       		.byte	0x50
 1306 00d0 0C000000 		.4byte	.LVL19
 1307 00d4 28000000 		.4byte	.LVL22
 1308 00d8 0100     		.2byte	0x1
 1309 00da 54       		.byte	0x54
 1310 00db 28000000 		.4byte	.LVL22
 1311 00df 3C000000 		.4byte	.LFE7
 1312 00e3 0400     		.2byte	0x4
 1313 00e5 F3       		.byte	0xf3
 1314 00e6 01       		.uleb128 0x1
 1315 00e7 50       		.byte	0x50
 1316 00e8 9F       		.byte	0x9f
 1317 00e9 00000000 		.4byte	0
 1318 00ed 00000000 		.4byte	0
 1319              	.LLST7:
 1320 00f1 00000000 		.4byte	.LVL18
 1321 00f5 0F000000 		.4byte	.LVL20-1
 1322 00f9 0100     		.2byte	0x1
 1323 00fb 51       		.byte	0x51
 1324 00fc 0F000000 		.4byte	.LVL20-1
 1325 0100 28000000 		.4byte	.LVL23
 1326 0104 0100     		.2byte	0x1
 1327 0106 55       		.byte	0x55
 1328 0107 28000000 		.4byte	.LVL23
 1329 010b 3C000000 		.4byte	.LFE7
 1330 010f 0400     		.2byte	0x4
 1331 0111 F3       		.byte	0xf3
 1332 0112 01       		.uleb128 0x1
 1333 0113 51       		.byte	0x51
 1334 0114 9F       		.byte	0x9f
 1335 0115 00000000 		.4byte	0
 1336 0119 00000000 		.4byte	0
 1337              	.LLST8:
 1338 011d 00000000 		.4byte	.LVL24
 1339 0121 0C000000 		.4byte	.LVL25
 1340 0125 0100     		.2byte	0x1
 1341 0127 50       		.byte	0x50
 1342 0128 0C000000 		.4byte	.LVL25
 1343 012c 24000000 		.4byte	.LVL28
 1344 0130 0100     		.2byte	0x1
 1345 0132 54       		.byte	0x54
 1346 0133 24000000 		.4byte	.LVL28
 1347 0137 34000000 		.4byte	.LFE8
 1348 013b 0400     		.2byte	0x4
 1349 013d F3       		.byte	0xf3
 1350 013e 01       		.uleb128 0x1
 1351 013f 50       		.byte	0x50
 1352 0140 9F       		.byte	0x9f
 1353 0141 00000000 		.4byte	0
 1354 0145 00000000 		.4byte	0
 1355              	.LLST9:
 1356 0149 00000000 		.4byte	.LVL24
 1357 014d 0F000000 		.4byte	.LVL26-1
 1358 0151 0100     		.2byte	0x1
 1359 0153 51       		.byte	0x51
 1360 0154 0F000000 		.4byte	.LVL26-1
ARM GAS  C:\Users\Luci\AppData\Local\Temp\ccOdc6U7.s 			page 32


 1361 0158 24000000 		.4byte	.LVL29
 1362 015c 0100     		.2byte	0x1
 1363 015e 55       		.byte	0x55
 1364 015f 24000000 		.4byte	.LVL29
 1365 0163 34000000 		.4byte	.LFE8
 1366 0167 0400     		.2byte	0x4
 1367 0169 F3       		.byte	0xf3
 1368 016a 01       		.uleb128 0x1
 1369 016b 51       		.byte	0x51
 1370 016c 9F       		.byte	0x9f
 1371 016d 00000000 		.4byte	0
 1372 0171 00000000 		.4byte	0
 1373              		.section	.debug_aranges,"",%progbits
 1374 0000 6C000000 		.4byte	0x6c
 1375 0004 0200     		.2byte	0x2
 1376 0006 00000000 		.4byte	.Ldebug_info0
 1377 000a 04       		.byte	0x4
 1378 000b 00       		.byte	0
 1379 000c 0000     		.2byte	0
 1380 000e 0000     		.2byte	0
 1381 0010 00000000 		.4byte	.LFB2
 1382 0014 0C000000 		.4byte	.LFE2-.LFB2
 1383 0018 00000000 		.4byte	.LFB3
 1384 001c 28000000 		.4byte	.LFE3-.LFB3
 1385 0020 00000000 		.4byte	.LFB4
 1386 0024 28000000 		.4byte	.LFE4-.LFB4
 1387 0028 00000000 		.4byte	.LFB5
 1388 002c 18000000 		.4byte	.LFE5-.LFB5
 1389 0030 00000000 		.4byte	.LFB6
 1390 0034 18000000 		.4byte	.LFE6-.LFB6
 1391 0038 00000000 		.4byte	.LFB7
 1392 003c 3C000000 		.4byte	.LFE7-.LFB7
 1393 0040 00000000 		.4byte	.LFB8
 1394 0044 34000000 		.4byte	.LFE8-.LFB8
 1395 0048 00000000 		.4byte	.LFB9
 1396 004c 0C000000 		.4byte	.LFE9-.LFB9
 1397 0050 00000000 		.4byte	.LFB10
 1398 0054 0C000000 		.4byte	.LFE10-.LFB10
 1399 0058 00000000 		.4byte	.LFB11
 1400 005c 0C000000 		.4byte	.LFE11-.LFB11
 1401 0060 00000000 		.4byte	.LFB12
 1402 0064 0C000000 		.4byte	.LFE12-.LFB12
 1403 0068 00000000 		.4byte	0
 1404 006c 00000000 		.4byte	0
 1405              		.section	.debug_ranges,"",%progbits
 1406              	.Ldebug_ranges0:
 1407 0000 00000000 		.4byte	.LFB2
 1408 0004 0C000000 		.4byte	.LFE2
 1409 0008 00000000 		.4byte	.LFB3
 1410 000c 28000000 		.4byte	.LFE3
 1411 0010 00000000 		.4byte	.LFB4
 1412 0014 28000000 		.4byte	.LFE4
 1413 0018 00000000 		.4byte	.LFB5
 1414 001c 18000000 		.4byte	.LFE5
 1415 0020 00000000 		.4byte	.LFB6
 1416 0024 18000000 		.4byte	.LFE6
 1417 0028 00000000 		.4byte	.LFB7
ARM GAS  C:\Users\Luci\AppData\Local\Temp\ccOdc6U7.s 			page 33


 1418 002c 3C000000 		.4byte	.LFE7
 1419 0030 00000000 		.4byte	.LFB8
 1420 0034 34000000 		.4byte	.LFE8
 1421 0038 00000000 		.4byte	.LFB9
 1422 003c 0C000000 		.4byte	.LFE9
 1423 0040 00000000 		.4byte	.LFB10
 1424 0044 0C000000 		.4byte	.LFE10
 1425 0048 00000000 		.4byte	.LFB11
 1426 004c 0C000000 		.4byte	.LFE11
 1427 0050 00000000 		.4byte	.LFB12
 1428 0054 0C000000 		.4byte	.LFE12
 1429 0058 00000000 		.4byte	0
 1430 005c 00000000 		.4byte	0
 1431              		.section	.debug_line,"",%progbits
 1432              	.Ldebug_line0:
 1433 0000 51010000 		.section	.debug_str,"MS",%progbits,1
 1433      02006E00 
 1433      00000201 
 1433      FB0E0D00 
 1433      01010101 
 1434              	.LASF35:
 1435 0000 4932435F 		.ascii	"I2C_slWrBufPtr\000"
 1435      736C5772 
 1435      42756650 
 1435      747200
 1436              	.LASF21:
 1437 000f 4932435F 		.ascii	"I2C_I2CSlaveSetAddressMask\000"
 1437      49324353 
 1437      6C617665 
 1437      53657441 
 1437      64647265 
 1438              	.LASF14:
 1439 002a 72656733 		.ascii	"reg32\000"
 1439      3200
 1440              	.LASF17:
 1441 0030 4932435F 		.ascii	"I2C_I2CSlaveClearWriteStatus\000"
 1441      49324353 
 1441      6C617665 
 1441      436C6561 
 1441      72577269 
 1442              	.LASF3:
 1443 004d 73686F72 		.ascii	"short unsigned int\000"
 1443      7420756E 
 1443      7369676E 
 1443      65642069 
 1443      6E7400
 1444              	.LASF18:
 1445 0060 73746174 		.ascii	"status\000"
 1445      757300
 1446              	.LASF25:
 1447 0067 72644275 		.ascii	"rdBuf\000"
 1447      6600
 1448              	.LASF29:
 1449 006d 4932435F 		.ascii	"I2C_I2CSlaveStatus\000"
 1449      49324353 
 1449      6C617665 
 1449      53746174 
ARM GAS  C:\Users\Luci\AppData\Local\Temp\ccOdc6U7.s 			page 34


 1449      757300
 1450              	.LASF45:
 1451 0080 413A5C44 		.ascii	"A:\\Documents\\School\\ECEG-721_Embedded_Systems\\L"
 1451      6F63756D 
 1451      656E7473 
 1451      5C536368 
 1451      6F6F6C5C 
 1452 00af 6162735C 		.ascii	"abs\\Lab7\\BLE Lab 1\\BLE Lab 1.cydsn\000"
 1452      4C616237 
 1452      5C424C45 
 1452      204C6162 
 1452      20315C42 
 1453              	.LASF31:
 1454 00d2 4932435F 		.ascii	"I2C_I2CSlaveGetWriteBufSize\000"
 1454      49324353 
 1454      6C617665 
 1454      47657457 
 1454      72697465 
 1455              	.LASF11:
 1456 00ee 666C6F61 		.ascii	"float\000"
 1456      7400
 1457              	.LASF34:
 1458 00f4 4932435F 		.ascii	"I2C_slStatus\000"
 1458      736C5374 
 1458      61747573 
 1458      00
 1459              	.LASF1:
 1460 0101 756E7369 		.ascii	"unsigned char\000"
 1460      676E6564 
 1460      20636861 
 1460      7200
 1461              	.LASF38:
 1462 010f 4932435F 		.ascii	"I2C_slRdBufPtr\000"
 1462      736C5264 
 1462      42756650 
 1462      747200
 1463              	.LASF5:
 1464 011e 6C6F6E67 		.ascii	"long unsigned int\000"
 1464      20756E73 
 1464      69676E65 
 1464      6420696E 
 1464      7400
 1465              	.LASF9:
 1466 0130 75696E74 		.ascii	"uint8\000"
 1466      3800
 1467              	.LASF16:
 1468 0136 4932435F 		.ascii	"I2C_I2CSlaveClearReadStatus\000"
 1468      49324353 
 1468      6C617665 
 1468      436C6561 
 1468      72526561 
 1469              	.LASF39:
 1470 0152 4932435F 		.ascii	"I2C_slRdBufSize\000"
 1470      736C5264 
 1470      42756653 
 1470      697A6500 
 1471              	.LASF28:
ARM GAS  C:\Users\Luci\AppData\Local\Temp\ccOdc6U7.s 			page 35


 1472 0162 77724275 		.ascii	"wrBuf\000"
 1472      6600
 1473              	.LASF42:
 1474 0168 4932435F 		.ascii	"I2C_slOverFlowCount\000"
 1474      736C4F76 
 1474      6572466C 
 1474      6F77436F 
 1474      756E7400 
 1475              	.LASF12:
 1476 017c 646F7562 		.ascii	"double\000"
 1476      6C6500
 1477              	.LASF37:
 1478 0183 4932435F 		.ascii	"I2C_slWrBufIndex\000"
 1478      736C5772 
 1478      42756649 
 1478      6E646578 
 1478      00
 1479              	.LASF47:
 1480 0194 4379496E 		.ascii	"CyIntEnable\000"
 1480      74456E61 
 1480      626C6500 
 1481              	.LASF10:
 1482 01a0 75696E74 		.ascii	"uint32\000"
 1482      333200
 1483              	.LASF44:
 1484 01a7 2E5C4765 		.ascii	".\\Generated_Source\\PSoC4\\I2C_I2C_SLAVE.c\000"
 1484      6E657261 
 1484      7465645F 
 1484      536F7572 
 1484      63655C50 
 1485              	.LASF8:
 1486 01d0 756E7369 		.ascii	"unsigned int\000"
 1486      676E6564 
 1486      20696E74 
 1486      00
 1487              	.LASF22:
 1488 01dd 61646472 		.ascii	"address\000"
 1488      65737300 
 1489              	.LASF7:
 1490 01e5 6C6F6E67 		.ascii	"long long unsigned int\000"
 1490      206C6F6E 
 1490      6720756E 
 1490      7369676E 
 1490      65642069 
 1491              	.LASF23:
 1492 01fc 61646472 		.ascii	"addressMask\000"
 1492      6573734D 
 1492      61736B00 
 1493              	.LASF43:
 1494 0208 474E5520 		.ascii	"GNU C 4.8.4 20140526 (release) [ARM/embedded-4_8-br"
 1494      4320342E 
 1494      382E3420 
 1494      32303134 
 1494      30353236 
 1495 023b 616E6368 		.ascii	"anch revision 211358] -mcpu=cortex-m0 -mthumb -g -O"
 1495      20726576 
 1495      6973696F 
ARM GAS  C:\Users\Luci\AppData\Local\Temp\ccOdc6U7.s 			page 36


 1495      6E203231 
 1495      31333538 
 1496 026e 67202D66 		.ascii	"g -ffunction-sections\000"
 1496      66756E63 
 1496      74696F6E 
 1496      2D736563 
 1496      74696F6E 
 1497              	.LASF36:
 1498 0284 4932435F 		.ascii	"I2C_slWrBufSize\000"
 1498      736C5772 
 1498      42756653 
 1498      697A6500 
 1499              	.LASF27:
 1500 0294 4932435F 		.ascii	"I2C_I2CSlaveInitWriteBuf\000"
 1500      49324353 
 1500      6C617665 
 1500      496E6974 
 1500      57726974 
 1501              	.LASF15:
 1502 02ad 73697A65 		.ascii	"sizetype\000"
 1502      74797065 
 1502      00
 1503              	.LASF6:
 1504 02b6 6C6F6E67 		.ascii	"long long int\000"
 1504      206C6F6E 
 1504      6720696E 
 1504      7400
 1505              	.LASF33:
 1506 02c4 4932435F 		.ascii	"I2C_I2CSlaveClearWriteBuf\000"
 1506      49324353 
 1506      6C617665 
 1506      436C6561 
 1506      72577269 
 1507              	.LASF13:
 1508 02de 63686172 		.ascii	"char\000"
 1508      00
 1509              	.LASF20:
 1510 02e3 4932435F 		.ascii	"I2C_I2CSlaveSetAddress\000"
 1510      49324353 
 1510      6C617665 
 1510      53657441 
 1510      64647265 
 1511              	.LASF46:
 1512 02fa 4379496E 		.ascii	"CyIntDisable\000"
 1512      74446973 
 1512      61626C65 
 1512      00
 1513              	.LASF24:
 1514 0307 4932435F 		.ascii	"I2C_I2CSlaveInitReadBuf\000"
 1514      49324353 
 1514      6C617665 
 1514      496E6974 
 1514      52656164 
 1515              	.LASF2:
 1516 031f 73686F72 		.ascii	"short int\000"
 1516      7420696E 
 1516      7400
ARM GAS  C:\Users\Luci\AppData\Local\Temp\ccOdc6U7.s 			page 37


 1517              	.LASF26:
 1518 0329 62756653 		.ascii	"bufSize\000"
 1518      697A6500 
 1519              	.LASF40:
 1520 0331 4932435F 		.ascii	"I2C_slRdBufIndex\000"
 1520      736C5264 
 1520      42756649 
 1520      6E646578 
 1520      00
 1521              	.LASF30:
 1522 0342 4932435F 		.ascii	"I2C_I2CSlaveGetReadBufSize\000"
 1522      49324353 
 1522      6C617665 
 1522      47657452 
 1522      65616442 
 1523              	.LASF4:
 1524 035d 6C6F6E67 		.ascii	"long int\000"
 1524      20696E74 
 1524      00
 1525              	.LASF32:
 1526 0366 4932435F 		.ascii	"I2C_I2CSlaveClearReadBuf\000"
 1526      49324353 
 1526      6C617665 
 1526      436C6561 
 1526      72526561 
 1527              	.LASF19:
 1528 037f 6D617463 		.ascii	"matchReg\000"
 1528      68526567 
 1528      00
 1529              	.LASF0:
 1530 0388 7369676E 		.ascii	"signed char\000"
 1530      65642063 
 1530      68617200 
 1531              	.LASF41:
 1532 0394 4932435F 		.ascii	"I2C_slRdBufIndexTmp\000"
 1532      736C5264 
 1532      42756649 
 1532      6E646578 
 1532      546D7000 
 1533              		.ident	"GCC: (GNU Tools for ARM Embedded Processors) 4.8.4 20140526 (release) [ARM/embedded-4_8-br
