ARM GAS  C:\Users\Luci\AppData\Local\Temp\cctLD3qM.s 			page 1


   1              		.cpu cortex-m0
   2              		.fpu softvfp
   3              		.eabi_attribute 20, 1
   4              		.eabi_attribute 21, 1
   5              		.eabi_attribute 23, 3
   6              		.eabi_attribute 24, 1
   7              		.eabi_attribute 25, 1
   8              		.eabi_attribute 26, 1
   9              		.eabi_attribute 30, 1
  10              		.eabi_attribute 34, 0
  11              		.eabi_attribute 18, 4
  12              		.code	16
  13              		.file	"UART_tx.c"
  14              		.text
  15              	.Ltext0:
  16              		.cfi_sections	.debug_frame
  17              		.section	.text.UART_tx_Write,"ax",%progbits
  18              		.align	2
  19              		.global	UART_tx_Write
  20              		.code	16
  21              		.thumb_func
  22              		.type	UART_tx_Write, %function
  23              	UART_tx_Write:
  24              	.LFB0:
  25              		.file 1 ".\\Generated_Source\\PSoC4\\UART_tx.c"
   1:.\Generated_Source\PSoC4/UART_tx.c **** /*******************************************************************************
   2:.\Generated_Source\PSoC4/UART_tx.c **** * File Name: UART_tx.c  
   3:.\Generated_Source\PSoC4/UART_tx.c **** * Version 2.10
   4:.\Generated_Source\PSoC4/UART_tx.c **** *
   5:.\Generated_Source\PSoC4/UART_tx.c **** * Description:
   6:.\Generated_Source\PSoC4/UART_tx.c **** *  This file contains API to enable firmware control of a Pins component.
   7:.\Generated_Source\PSoC4/UART_tx.c **** *
   8:.\Generated_Source\PSoC4/UART_tx.c **** * Note:
   9:.\Generated_Source\PSoC4/UART_tx.c **** *
  10:.\Generated_Source\PSoC4/UART_tx.c **** ********************************************************************************
  11:.\Generated_Source\PSoC4/UART_tx.c **** * Copyright 2008-2014, Cypress Semiconductor Corporation.  All rights reserved.
  12:.\Generated_Source\PSoC4/UART_tx.c **** * You may use this file only in accordance with the license, terms, conditions, 
  13:.\Generated_Source\PSoC4/UART_tx.c **** * disclaimers, and limitations in the end user license agreement accompanying 
  14:.\Generated_Source\PSoC4/UART_tx.c **** * the software package with which this file was provided.
  15:.\Generated_Source\PSoC4/UART_tx.c **** *******************************************************************************/
  16:.\Generated_Source\PSoC4/UART_tx.c **** 
  17:.\Generated_Source\PSoC4/UART_tx.c **** #include "cytypes.h"
  18:.\Generated_Source\PSoC4/UART_tx.c **** #include "UART_tx.h"
  19:.\Generated_Source\PSoC4/UART_tx.c **** 
  20:.\Generated_Source\PSoC4/UART_tx.c **** #define SetP4PinDriveMode(shift, mode)  \
  21:.\Generated_Source\PSoC4/UART_tx.c ****     do { \
  22:.\Generated_Source\PSoC4/UART_tx.c ****         UART_tx_PC =   (UART_tx_PC & \
  23:.\Generated_Source\PSoC4/UART_tx.c ****                                 (uint32)(~(uint32)(UART_tx_DRIVE_MODE_IND_MASK << (UART_tx_DRIVE_MO
  24:.\Generated_Source\PSoC4/UART_tx.c ****                                 (uint32)((uint32)(mode) << (UART_tx_DRIVE_MODE_BITS * (shift))); \
  25:.\Generated_Source\PSoC4/UART_tx.c ****     } while (0)
  26:.\Generated_Source\PSoC4/UART_tx.c **** 
  27:.\Generated_Source\PSoC4/UART_tx.c **** 
  28:.\Generated_Source\PSoC4/UART_tx.c **** /*******************************************************************************
  29:.\Generated_Source\PSoC4/UART_tx.c **** * Function Name: UART_tx_Write
  30:.\Generated_Source\PSoC4/UART_tx.c **** ********************************************************************************
  31:.\Generated_Source\PSoC4/UART_tx.c **** *
  32:.\Generated_Source\PSoC4/UART_tx.c **** * Summary:
ARM GAS  C:\Users\Luci\AppData\Local\Temp\cctLD3qM.s 			page 2


  33:.\Generated_Source\PSoC4/UART_tx.c **** *  Assign a new value to the digital port's data output register.  
  34:.\Generated_Source\PSoC4/UART_tx.c **** *
  35:.\Generated_Source\PSoC4/UART_tx.c **** * Parameters:  
  36:.\Generated_Source\PSoC4/UART_tx.c **** *  prtValue:  The value to be assigned to the Digital Port. 
  37:.\Generated_Source\PSoC4/UART_tx.c **** *
  38:.\Generated_Source\PSoC4/UART_tx.c **** * Return: 
  39:.\Generated_Source\PSoC4/UART_tx.c **** *  None 
  40:.\Generated_Source\PSoC4/UART_tx.c **** *  
  41:.\Generated_Source\PSoC4/UART_tx.c **** *******************************************************************************/
  42:.\Generated_Source\PSoC4/UART_tx.c **** void UART_tx_Write(uint8 value) 
  43:.\Generated_Source\PSoC4/UART_tx.c **** {
  26              		.loc 1 43 0
  27              		.cfi_startproc
  28              	.LVL0:
  44:.\Generated_Source\PSoC4/UART_tx.c ****     uint8 drVal = (uint8)(UART_tx_DR & (uint8)(~UART_tx_MASK));
  29              		.loc 1 44 0
  30 0000 044B     		ldr	r3, .L2
  31 0002 1968     		ldr	r1, [r3]
  32 0004 DF22     		mov	r2, #223
  33 0006 0A40     		and	r2, r1
  34              	.LVL1:
  45:.\Generated_Source\PSoC4/UART_tx.c ****     drVal = (drVal | ((uint8)(value << UART_tx_SHIFT) & UART_tx_MASK));
  35              		.loc 1 45 0
  36 0008 4001     		lsl	r0, r0, #5
  37              	.LVL2:
  38 000a 2021     		mov	r1, #32
  39 000c 0840     		and	r0, r1
  40 000e 1043     		orr	r0, r2
  41              	.LVL3:
  46:.\Generated_Source\PSoC4/UART_tx.c ****     UART_tx_DR = (uint32)drVal;
  42              		.loc 1 46 0
  43 0010 1860     		str	r0, [r3]
  47:.\Generated_Source\PSoC4/UART_tx.c **** }
  44              		.loc 1 47 0
  45              		@ sp needed
  46 0012 7047     		bx	lr
  47              	.L3:
  48              		.align	2
  49              	.L2:
  50 0014 00010440 		.word	1074004224
  51              		.cfi_endproc
  52              	.LFE0:
  53              		.size	UART_tx_Write, .-UART_tx_Write
  54              		.section	.text.UART_tx_SetDriveMode,"ax",%progbits
  55              		.align	2
  56              		.global	UART_tx_SetDriveMode
  57              		.code	16
  58              		.thumb_func
  59              		.type	UART_tx_SetDriveMode, %function
  60              	UART_tx_SetDriveMode:
  61              	.LFB1:
  48:.\Generated_Source\PSoC4/UART_tx.c **** 
  49:.\Generated_Source\PSoC4/UART_tx.c **** 
  50:.\Generated_Source\PSoC4/UART_tx.c **** /*******************************************************************************
  51:.\Generated_Source\PSoC4/UART_tx.c **** * Function Name: UART_tx_SetDriveMode
  52:.\Generated_Source\PSoC4/UART_tx.c **** ********************************************************************************
  53:.\Generated_Source\PSoC4/UART_tx.c **** *
ARM GAS  C:\Users\Luci\AppData\Local\Temp\cctLD3qM.s 			page 3


  54:.\Generated_Source\PSoC4/UART_tx.c **** * Summary:
  55:.\Generated_Source\PSoC4/UART_tx.c **** *  Change the drive mode on the pins of the port.
  56:.\Generated_Source\PSoC4/UART_tx.c **** * 
  57:.\Generated_Source\PSoC4/UART_tx.c **** * Parameters:  
  58:.\Generated_Source\PSoC4/UART_tx.c **** *  mode:  Change the pins to one of the following drive modes.
  59:.\Generated_Source\PSoC4/UART_tx.c **** *
  60:.\Generated_Source\PSoC4/UART_tx.c **** *  UART_tx_DM_STRONG     Strong Drive 
  61:.\Generated_Source\PSoC4/UART_tx.c **** *  UART_tx_DM_OD_HI      Open Drain, Drives High 
  62:.\Generated_Source\PSoC4/UART_tx.c **** *  UART_tx_DM_OD_LO      Open Drain, Drives Low 
  63:.\Generated_Source\PSoC4/UART_tx.c **** *  UART_tx_DM_RES_UP     Resistive Pull Up 
  64:.\Generated_Source\PSoC4/UART_tx.c **** *  UART_tx_DM_RES_DWN    Resistive Pull Down 
  65:.\Generated_Source\PSoC4/UART_tx.c **** *  UART_tx_DM_RES_UPDWN  Resistive Pull Up/Down 
  66:.\Generated_Source\PSoC4/UART_tx.c **** *  UART_tx_DM_DIG_HIZ    High Impedance Digital 
  67:.\Generated_Source\PSoC4/UART_tx.c **** *  UART_tx_DM_ALG_HIZ    High Impedance Analog 
  68:.\Generated_Source\PSoC4/UART_tx.c **** *
  69:.\Generated_Source\PSoC4/UART_tx.c **** * Return: 
  70:.\Generated_Source\PSoC4/UART_tx.c **** *  None
  71:.\Generated_Source\PSoC4/UART_tx.c **** *
  72:.\Generated_Source\PSoC4/UART_tx.c **** *******************************************************************************/
  73:.\Generated_Source\PSoC4/UART_tx.c **** void UART_tx_SetDriveMode(uint8 mode) 
  74:.\Generated_Source\PSoC4/UART_tx.c **** {
  62              		.loc 1 74 0
  63              		.cfi_startproc
  64              	.LVL4:
  75:.\Generated_Source\PSoC4/UART_tx.c **** 	SetP4PinDriveMode(UART_tx__0__SHIFT, mode);
  65              		.loc 1 75 0
  66 0000 044B     		ldr	r3, .L5
  67 0002 1968     		ldr	r1, [r3]
  68 0004 044A     		ldr	r2, .L5+4
  69 0006 1140     		and	r1, r2
  70 0008 C203     		lsl	r2, r0, #15
  71 000a 081C     		mov	r0, r1
  72              	.LVL5:
  73 000c 1043     		orr	r0, r2
  74 000e 1860     		str	r0, [r3]
  76:.\Generated_Source\PSoC4/UART_tx.c **** }
  75              		.loc 1 76 0
  76              		@ sp needed
  77 0010 7047     		bx	lr
  78              	.L6:
  79 0012 C046     		.align	2
  80              	.L5:
  81 0014 08010440 		.word	1074004232
  82 0018 FF7FFCFF 		.word	-229377
  83              		.cfi_endproc
  84              	.LFE1:
  85              		.size	UART_tx_SetDriveMode, .-UART_tx_SetDriveMode
  86              		.section	.text.UART_tx_Read,"ax",%progbits
  87              		.align	2
  88              		.global	UART_tx_Read
  89              		.code	16
  90              		.thumb_func
  91              		.type	UART_tx_Read, %function
  92              	UART_tx_Read:
  93              	.LFB2:
  77:.\Generated_Source\PSoC4/UART_tx.c **** 
  78:.\Generated_Source\PSoC4/UART_tx.c **** 
ARM GAS  C:\Users\Luci\AppData\Local\Temp\cctLD3qM.s 			page 4


  79:.\Generated_Source\PSoC4/UART_tx.c **** /*******************************************************************************
  80:.\Generated_Source\PSoC4/UART_tx.c **** * Function Name: UART_tx_Read
  81:.\Generated_Source\PSoC4/UART_tx.c **** ********************************************************************************
  82:.\Generated_Source\PSoC4/UART_tx.c **** *
  83:.\Generated_Source\PSoC4/UART_tx.c **** * Summary:
  84:.\Generated_Source\PSoC4/UART_tx.c **** *  Read the current value on the pins of the Digital Port in right justified 
  85:.\Generated_Source\PSoC4/UART_tx.c **** *  form.
  86:.\Generated_Source\PSoC4/UART_tx.c **** *
  87:.\Generated_Source\PSoC4/UART_tx.c **** * Parameters:  
  88:.\Generated_Source\PSoC4/UART_tx.c **** *  None 
  89:.\Generated_Source\PSoC4/UART_tx.c **** *
  90:.\Generated_Source\PSoC4/UART_tx.c **** * Return: 
  91:.\Generated_Source\PSoC4/UART_tx.c **** *  Returns the current value of the Digital Port as a right justified number
  92:.\Generated_Source\PSoC4/UART_tx.c **** *  
  93:.\Generated_Source\PSoC4/UART_tx.c **** * Note:
  94:.\Generated_Source\PSoC4/UART_tx.c **** *  Macro UART_tx_ReadPS calls this function. 
  95:.\Generated_Source\PSoC4/UART_tx.c **** *  
  96:.\Generated_Source\PSoC4/UART_tx.c **** *******************************************************************************/
  97:.\Generated_Source\PSoC4/UART_tx.c **** uint8 UART_tx_Read(void) 
  98:.\Generated_Source\PSoC4/UART_tx.c **** {
  94              		.loc 1 98 0
  95              		.cfi_startproc
  99:.\Generated_Source\PSoC4/UART_tx.c ****     return (uint8)((UART_tx_PS & UART_tx_MASK) >> UART_tx_SHIFT);
  96              		.loc 1 99 0
  97 0000 024B     		ldr	r3, .L8
  98 0002 1868     		ldr	r0, [r3]
  99 0004 8006     		lsl	r0, r0, #26
 100 0006 C00F     		lsr	r0, r0, #31
 100:.\Generated_Source\PSoC4/UART_tx.c **** }
 101              		.loc 1 100 0
 102              		@ sp needed
 103 0008 7047     		bx	lr
 104              	.L9:
 105 000a C046     		.align	2
 106              	.L8:
 107 000c 04010440 		.word	1074004228
 108              		.cfi_endproc
 109              	.LFE2:
 110              		.size	UART_tx_Read, .-UART_tx_Read
 111              		.section	.text.UART_tx_ReadDataReg,"ax",%progbits
 112              		.align	2
 113              		.global	UART_tx_ReadDataReg
 114              		.code	16
 115              		.thumb_func
 116              		.type	UART_tx_ReadDataReg, %function
 117              	UART_tx_ReadDataReg:
 118              	.LFB3:
 101:.\Generated_Source\PSoC4/UART_tx.c **** 
 102:.\Generated_Source\PSoC4/UART_tx.c **** 
 103:.\Generated_Source\PSoC4/UART_tx.c **** /*******************************************************************************
 104:.\Generated_Source\PSoC4/UART_tx.c **** * Function Name: UART_tx_ReadDataReg
 105:.\Generated_Source\PSoC4/UART_tx.c **** ********************************************************************************
 106:.\Generated_Source\PSoC4/UART_tx.c **** *
 107:.\Generated_Source\PSoC4/UART_tx.c **** * Summary:
 108:.\Generated_Source\PSoC4/UART_tx.c **** *  Read the current value assigned to a Digital Port's data output register
 109:.\Generated_Source\PSoC4/UART_tx.c **** *
 110:.\Generated_Source\PSoC4/UART_tx.c **** * Parameters:  
ARM GAS  C:\Users\Luci\AppData\Local\Temp\cctLD3qM.s 			page 5


 111:.\Generated_Source\PSoC4/UART_tx.c **** *  None 
 112:.\Generated_Source\PSoC4/UART_tx.c **** *
 113:.\Generated_Source\PSoC4/UART_tx.c **** * Return: 
 114:.\Generated_Source\PSoC4/UART_tx.c **** *  Returns the current value assigned to the Digital Port's data output register
 115:.\Generated_Source\PSoC4/UART_tx.c **** *  
 116:.\Generated_Source\PSoC4/UART_tx.c **** *******************************************************************************/
 117:.\Generated_Source\PSoC4/UART_tx.c **** uint8 UART_tx_ReadDataReg(void) 
 118:.\Generated_Source\PSoC4/UART_tx.c **** {
 119              		.loc 1 118 0
 120              		.cfi_startproc
 119:.\Generated_Source\PSoC4/UART_tx.c ****     return (uint8)((UART_tx_DR & UART_tx_MASK) >> UART_tx_SHIFT);
 121              		.loc 1 119 0
 122 0000 024B     		ldr	r3, .L11
 123 0002 1868     		ldr	r0, [r3]
 124 0004 8006     		lsl	r0, r0, #26
 125 0006 C00F     		lsr	r0, r0, #31
 120:.\Generated_Source\PSoC4/UART_tx.c **** }
 126              		.loc 1 120 0
 127              		@ sp needed
 128 0008 7047     		bx	lr
 129              	.L12:
 130 000a C046     		.align	2
 131              	.L11:
 132 000c 00010440 		.word	1074004224
 133              		.cfi_endproc
 134              	.LFE3:
 135              		.size	UART_tx_ReadDataReg, .-UART_tx_ReadDataReg
 136              		.section	.text.UART_tx_ClearInterrupt,"ax",%progbits
 137              		.align	2
 138              		.global	UART_tx_ClearInterrupt
 139              		.code	16
 140              		.thumb_func
 141              		.type	UART_tx_ClearInterrupt, %function
 142              	UART_tx_ClearInterrupt:
 143              	.LFB4:
 121:.\Generated_Source\PSoC4/UART_tx.c **** 
 122:.\Generated_Source\PSoC4/UART_tx.c **** 
 123:.\Generated_Source\PSoC4/UART_tx.c **** /* If Interrupts Are Enabled for this Pins component */ 
 124:.\Generated_Source\PSoC4/UART_tx.c **** #if defined(UART_tx_INTSTAT) 
 125:.\Generated_Source\PSoC4/UART_tx.c **** 
 126:.\Generated_Source\PSoC4/UART_tx.c ****     /*******************************************************************************
 127:.\Generated_Source\PSoC4/UART_tx.c ****     * Function Name: UART_tx_ClearInterrupt
 128:.\Generated_Source\PSoC4/UART_tx.c ****     ********************************************************************************
 129:.\Generated_Source\PSoC4/UART_tx.c ****     *
 130:.\Generated_Source\PSoC4/UART_tx.c ****     * Summary:
 131:.\Generated_Source\PSoC4/UART_tx.c ****     *  Clears any active interrupts attached to port and returns the value of the 
 132:.\Generated_Source\PSoC4/UART_tx.c ****     *  interrupt status register.
 133:.\Generated_Source\PSoC4/UART_tx.c ****     *
 134:.\Generated_Source\PSoC4/UART_tx.c ****     * Parameters:  
 135:.\Generated_Source\PSoC4/UART_tx.c ****     *  None 
 136:.\Generated_Source\PSoC4/UART_tx.c ****     *
 137:.\Generated_Source\PSoC4/UART_tx.c ****     * Return: 
 138:.\Generated_Source\PSoC4/UART_tx.c ****     *  Returns the value of the interrupt status register
 139:.\Generated_Source\PSoC4/UART_tx.c ****     *  
 140:.\Generated_Source\PSoC4/UART_tx.c ****     *******************************************************************************/
 141:.\Generated_Source\PSoC4/UART_tx.c ****     uint8 UART_tx_ClearInterrupt(void) 
 142:.\Generated_Source\PSoC4/UART_tx.c ****     {
ARM GAS  C:\Users\Luci\AppData\Local\Temp\cctLD3qM.s 			page 6


 144              		.loc 1 142 0
 145              		.cfi_startproc
 143:.\Generated_Source\PSoC4/UART_tx.c **** 		uint8 maskedStatus = (uint8)(UART_tx_INTSTAT & UART_tx_MASK);
 146              		.loc 1 143 0
 147 0000 034B     		ldr	r3, .L14
 148 0002 1868     		ldr	r0, [r3]
 149 0004 2022     		mov	r2, #32
 150 0006 1040     		and	r0, r2
 151              	.LVL6:
 144:.\Generated_Source\PSoC4/UART_tx.c **** 		UART_tx_INTSTAT = maskedStatus;
 152              		.loc 1 144 0
 153 0008 1860     		str	r0, [r3]
 145:.\Generated_Source\PSoC4/UART_tx.c ****         return maskedStatus >> UART_tx_SHIFT;
 154              		.loc 1 145 0
 155 000a 4009     		lsr	r0, r0, #5
 156              	.LVL7:
 157 000c C0B2     		uxtb	r0, r0
 146:.\Generated_Source\PSoC4/UART_tx.c ****     }
 158              		.loc 1 146 0
 159              		@ sp needed
 160 000e 7047     		bx	lr
 161              	.L15:
 162              		.align	2
 163              	.L14:
 164 0010 10010440 		.word	1074004240
 165              		.cfi_endproc
 166              	.LFE4:
 167              		.size	UART_tx_ClearInterrupt, .-UART_tx_ClearInterrupt
 168              		.text
 169              	.Letext0:
 170              		.file 2 ".\\Generated_Source\\PSoC4\\cytypes.h"
 171              		.section	.debug_info,"",%progbits
 172              	.Ldebug_info0:
 173 0000 4C010000 		.4byte	0x14c
 174 0004 0400     		.2byte	0x4
 175 0006 00000000 		.4byte	.Ldebug_abbrev0
 176 000a 04       		.byte	0x4
 177 000b 01       		.uleb128 0x1
 178 000c 17010000 		.4byte	.LASF24
 179 0010 01       		.byte	0x1
 180 0011 C2000000 		.4byte	.LASF25
 181 0015 0C000000 		.4byte	.LASF26
 182 0019 00000000 		.4byte	.Ldebug_ranges0+0
 183 001d 00000000 		.4byte	0
 184 0021 00000000 		.4byte	.Ldebug_line0
 185 0025 02       		.uleb128 0x2
 186 0026 01       		.byte	0x1
 187 0027 06       		.byte	0x6
 188 0028 07020000 		.4byte	.LASF0
 189 002c 02       		.uleb128 0x2
 190 002d 01       		.byte	0x1
 191 002e 08       		.byte	0x8
 192 002f 64000000 		.4byte	.LASF1
 193 0033 02       		.uleb128 0x2
 194 0034 02       		.byte	0x2
 195 0035 05       		.byte	0x5
 196 0036 EE010000 		.4byte	.LASF2
ARM GAS  C:\Users\Luci\AppData\Local\Temp\cctLD3qM.s 			page 7


 197 003a 02       		.uleb128 0x2
 198 003b 02       		.byte	0x2
 199 003c 07       		.byte	0x7
 200 003d 98000000 		.4byte	.LASF3
 201 0041 02       		.uleb128 0x2
 202 0042 04       		.byte	0x4
 203 0043 05       		.byte	0x5
 204 0044 FE010000 		.4byte	.LASF4
 205 0048 02       		.uleb128 0x2
 206 0049 04       		.byte	0x4
 207 004a 07       		.byte	0x7
 208 004b 78000000 		.4byte	.LASF5
 209 004f 02       		.uleb128 0x2
 210 0050 08       		.byte	0x8
 211 0051 05       		.byte	0x5
 212 0052 B9010000 		.4byte	.LASF6
 213 0056 02       		.uleb128 0x2
 214 0057 08       		.byte	0x8
 215 0058 07       		.byte	0x7
 216 0059 00010000 		.4byte	.LASF7
 217 005d 03       		.uleb128 0x3
 218 005e 04       		.byte	0x4
 219 005f 05       		.byte	0x5
 220 0060 696E7400 		.ascii	"int\000"
 221 0064 02       		.uleb128 0x2
 222 0065 04       		.byte	0x4
 223 0066 07       		.byte	0x7
 224 0067 F3000000 		.4byte	.LASF8
 225 006b 04       		.uleb128 0x4
 226 006c F8010000 		.4byte	.LASF9
 227 0070 02       		.byte	0x2
 228 0071 B3       		.byte	0xb3
 229 0072 2C000000 		.4byte	0x2c
 230 0076 04       		.uleb128 0x4
 231 0077 EC000000 		.4byte	.LASF10
 232 007b 02       		.byte	0x2
 233 007c B5       		.byte	0xb5
 234 007d 48000000 		.4byte	0x48
 235 0081 02       		.uleb128 0x2
 236 0082 04       		.byte	0x4
 237 0083 04       		.byte	0x4
 238 0084 5E000000 		.4byte	.LASF11
 239 0088 02       		.uleb128 0x2
 240 0089 08       		.byte	0x8
 241 008a 04       		.byte	0x4
 242 008b E5000000 		.4byte	.LASF12
 243 008f 02       		.uleb128 0x2
 244 0090 01       		.byte	0x1
 245 0091 08       		.byte	0x8
 246 0092 E9010000 		.4byte	.LASF13
 247 0096 05       		.uleb128 0x5
 248 0097 00000000 		.4byte	.LASF14
 249 009b 02       		.byte	0x2
 250 009c 5F01     		.2byte	0x15f
 251 009e A2000000 		.4byte	0xa2
 252 00a2 06       		.uleb128 0x6
 253 00a3 76000000 		.4byte	0x76
ARM GAS  C:\Users\Luci\AppData\Local\Temp\cctLD3qM.s 			page 8


 254 00a7 07       		.uleb128 0x7
 255 00a8 8A000000 		.4byte	.LASF15
 256 00ac 01       		.byte	0x1
 257 00ad 2A       		.byte	0x2a
 258 00ae 00000000 		.4byte	.LFB0
 259 00b2 18000000 		.4byte	.LFE0-.LFB0
 260 00b6 01       		.uleb128 0x1
 261 00b7 9C       		.byte	0x9c
 262 00b8 DB000000 		.4byte	0xdb
 263 00bc 08       		.uleb128 0x8
 264 00bd 06000000 		.4byte	.LASF17
 265 00c1 01       		.byte	0x1
 266 00c2 2A       		.byte	0x2a
 267 00c3 6B000000 		.4byte	0x6b
 268 00c7 00000000 		.4byte	.LLST0
 269 00cb 09       		.uleb128 0x9
 270 00cc 72000000 		.4byte	.LASF22
 271 00d0 01       		.byte	0x1
 272 00d1 2C       		.byte	0x2c
 273 00d2 6B000000 		.4byte	0x6b
 274 00d6 21000000 		.4byte	.LLST1
 275 00da 00       		.byte	0
 276 00db 07       		.uleb128 0x7
 277 00dc C7010000 		.4byte	.LASF16
 278 00e0 01       		.byte	0x1
 279 00e1 49       		.byte	0x49
 280 00e2 00000000 		.4byte	.LFB1
 281 00e6 1C000000 		.4byte	.LFE1-.LFB1
 282 00ea 01       		.uleb128 0x1
 283 00eb 9C       		.byte	0x9c
 284 00ec 00010000 		.4byte	0x100
 285 00f0 08       		.uleb128 0x8
 286 00f1 B4010000 		.4byte	.LASF18
 287 00f5 01       		.byte	0x1
 288 00f6 49       		.byte	0x49
 289 00f7 6B000000 		.4byte	0x6b
 290 00fb 3F000000 		.4byte	.LLST2
 291 00ff 00       		.byte	0
 292 0100 0A       		.uleb128 0xa
 293 0101 A7010000 		.4byte	.LASF19
 294 0105 01       		.byte	0x1
 295 0106 61       		.byte	0x61
 296 0107 6B000000 		.4byte	0x6b
 297 010b 00000000 		.4byte	.LFB2
 298 010f 10000000 		.4byte	.LFE2-.LFB2
 299 0113 01       		.uleb128 0x1
 300 0114 9C       		.byte	0x9c
 301 0115 0A       		.uleb128 0xa
 302 0116 93010000 		.4byte	.LASF20
 303 011a 01       		.byte	0x1
 304 011b 75       		.byte	0x75
 305 011c 6B000000 		.4byte	0x6b
 306 0120 00000000 		.4byte	.LFB3
 307 0124 10000000 		.4byte	.LFE3-.LFB3
 308 0128 01       		.uleb128 0x1
 309 0129 9C       		.byte	0x9c
 310 012a 0B       		.uleb128 0xb
ARM GAS  C:\Users\Luci\AppData\Local\Temp\cctLD3qM.s 			page 9


 311 012b AB000000 		.4byte	.LASF21
 312 012f 01       		.byte	0x1
 313 0130 8D       		.byte	0x8d
 314 0131 6B000000 		.4byte	0x6b
 315 0135 00000000 		.4byte	.LFB4
 316 0139 14000000 		.4byte	.LFE4-.LFB4
 317 013d 01       		.uleb128 0x1
 318 013e 9C       		.byte	0x9c
 319 013f 09       		.uleb128 0x9
 320 0140 DC010000 		.4byte	.LASF23
 321 0144 01       		.byte	0x1
 322 0145 8F       		.byte	0x8f
 323 0146 6B000000 		.4byte	0x6b
 324 014a 60000000 		.4byte	.LLST3
 325 014e 00       		.byte	0
 326 014f 00       		.byte	0
 327              		.section	.debug_abbrev,"",%progbits
 328              	.Ldebug_abbrev0:
 329 0000 01       		.uleb128 0x1
 330 0001 11       		.uleb128 0x11
 331 0002 01       		.byte	0x1
 332 0003 25       		.uleb128 0x25
 333 0004 0E       		.uleb128 0xe
 334 0005 13       		.uleb128 0x13
 335 0006 0B       		.uleb128 0xb
 336 0007 03       		.uleb128 0x3
 337 0008 0E       		.uleb128 0xe
 338 0009 1B       		.uleb128 0x1b
 339 000a 0E       		.uleb128 0xe
 340 000b 55       		.uleb128 0x55
 341 000c 17       		.uleb128 0x17
 342 000d 11       		.uleb128 0x11
 343 000e 01       		.uleb128 0x1
 344 000f 10       		.uleb128 0x10
 345 0010 17       		.uleb128 0x17
 346 0011 00       		.byte	0
 347 0012 00       		.byte	0
 348 0013 02       		.uleb128 0x2
 349 0014 24       		.uleb128 0x24
 350 0015 00       		.byte	0
 351 0016 0B       		.uleb128 0xb
 352 0017 0B       		.uleb128 0xb
 353 0018 3E       		.uleb128 0x3e
 354 0019 0B       		.uleb128 0xb
 355 001a 03       		.uleb128 0x3
 356 001b 0E       		.uleb128 0xe
 357 001c 00       		.byte	0
 358 001d 00       		.byte	0
 359 001e 03       		.uleb128 0x3
 360 001f 24       		.uleb128 0x24
 361 0020 00       		.byte	0
 362 0021 0B       		.uleb128 0xb
 363 0022 0B       		.uleb128 0xb
 364 0023 3E       		.uleb128 0x3e
 365 0024 0B       		.uleb128 0xb
 366 0025 03       		.uleb128 0x3
 367 0026 08       		.uleb128 0x8
ARM GAS  C:\Users\Luci\AppData\Local\Temp\cctLD3qM.s 			page 10


 368 0027 00       		.byte	0
 369 0028 00       		.byte	0
 370 0029 04       		.uleb128 0x4
 371 002a 16       		.uleb128 0x16
 372 002b 00       		.byte	0
 373 002c 03       		.uleb128 0x3
 374 002d 0E       		.uleb128 0xe
 375 002e 3A       		.uleb128 0x3a
 376 002f 0B       		.uleb128 0xb
 377 0030 3B       		.uleb128 0x3b
 378 0031 0B       		.uleb128 0xb
 379 0032 49       		.uleb128 0x49
 380 0033 13       		.uleb128 0x13
 381 0034 00       		.byte	0
 382 0035 00       		.byte	0
 383 0036 05       		.uleb128 0x5
 384 0037 16       		.uleb128 0x16
 385 0038 00       		.byte	0
 386 0039 03       		.uleb128 0x3
 387 003a 0E       		.uleb128 0xe
 388 003b 3A       		.uleb128 0x3a
 389 003c 0B       		.uleb128 0xb
 390 003d 3B       		.uleb128 0x3b
 391 003e 05       		.uleb128 0x5
 392 003f 49       		.uleb128 0x49
 393 0040 13       		.uleb128 0x13
 394 0041 00       		.byte	0
 395 0042 00       		.byte	0
 396 0043 06       		.uleb128 0x6
 397 0044 35       		.uleb128 0x35
 398 0045 00       		.byte	0
 399 0046 49       		.uleb128 0x49
 400 0047 13       		.uleb128 0x13
 401 0048 00       		.byte	0
 402 0049 00       		.byte	0
 403 004a 07       		.uleb128 0x7
 404 004b 2E       		.uleb128 0x2e
 405 004c 01       		.byte	0x1
 406 004d 3F       		.uleb128 0x3f
 407 004e 19       		.uleb128 0x19
 408 004f 03       		.uleb128 0x3
 409 0050 0E       		.uleb128 0xe
 410 0051 3A       		.uleb128 0x3a
 411 0052 0B       		.uleb128 0xb
 412 0053 3B       		.uleb128 0x3b
 413 0054 0B       		.uleb128 0xb
 414 0055 27       		.uleb128 0x27
 415 0056 19       		.uleb128 0x19
 416 0057 11       		.uleb128 0x11
 417 0058 01       		.uleb128 0x1
 418 0059 12       		.uleb128 0x12
 419 005a 06       		.uleb128 0x6
 420 005b 40       		.uleb128 0x40
 421 005c 18       		.uleb128 0x18
 422 005d 9742     		.uleb128 0x2117
 423 005f 19       		.uleb128 0x19
 424 0060 01       		.uleb128 0x1
ARM GAS  C:\Users\Luci\AppData\Local\Temp\cctLD3qM.s 			page 11


 425 0061 13       		.uleb128 0x13
 426 0062 00       		.byte	0
 427 0063 00       		.byte	0
 428 0064 08       		.uleb128 0x8
 429 0065 05       		.uleb128 0x5
 430 0066 00       		.byte	0
 431 0067 03       		.uleb128 0x3
 432 0068 0E       		.uleb128 0xe
 433 0069 3A       		.uleb128 0x3a
 434 006a 0B       		.uleb128 0xb
 435 006b 3B       		.uleb128 0x3b
 436 006c 0B       		.uleb128 0xb
 437 006d 49       		.uleb128 0x49
 438 006e 13       		.uleb128 0x13
 439 006f 02       		.uleb128 0x2
 440 0070 17       		.uleb128 0x17
 441 0071 00       		.byte	0
 442 0072 00       		.byte	0
 443 0073 09       		.uleb128 0x9
 444 0074 34       		.uleb128 0x34
 445 0075 00       		.byte	0
 446 0076 03       		.uleb128 0x3
 447 0077 0E       		.uleb128 0xe
 448 0078 3A       		.uleb128 0x3a
 449 0079 0B       		.uleb128 0xb
 450 007a 3B       		.uleb128 0x3b
 451 007b 0B       		.uleb128 0xb
 452 007c 49       		.uleb128 0x49
 453 007d 13       		.uleb128 0x13
 454 007e 02       		.uleb128 0x2
 455 007f 17       		.uleb128 0x17
 456 0080 00       		.byte	0
 457 0081 00       		.byte	0
 458 0082 0A       		.uleb128 0xa
 459 0083 2E       		.uleb128 0x2e
 460 0084 00       		.byte	0
 461 0085 3F       		.uleb128 0x3f
 462 0086 19       		.uleb128 0x19
 463 0087 03       		.uleb128 0x3
 464 0088 0E       		.uleb128 0xe
 465 0089 3A       		.uleb128 0x3a
 466 008a 0B       		.uleb128 0xb
 467 008b 3B       		.uleb128 0x3b
 468 008c 0B       		.uleb128 0xb
 469 008d 27       		.uleb128 0x27
 470 008e 19       		.uleb128 0x19
 471 008f 49       		.uleb128 0x49
 472 0090 13       		.uleb128 0x13
 473 0091 11       		.uleb128 0x11
 474 0092 01       		.uleb128 0x1
 475 0093 12       		.uleb128 0x12
 476 0094 06       		.uleb128 0x6
 477 0095 40       		.uleb128 0x40
 478 0096 18       		.uleb128 0x18
 479 0097 9742     		.uleb128 0x2117
 480 0099 19       		.uleb128 0x19
 481 009a 00       		.byte	0
ARM GAS  C:\Users\Luci\AppData\Local\Temp\cctLD3qM.s 			page 12


 482 009b 00       		.byte	0
 483 009c 0B       		.uleb128 0xb
 484 009d 2E       		.uleb128 0x2e
 485 009e 01       		.byte	0x1
 486 009f 3F       		.uleb128 0x3f
 487 00a0 19       		.uleb128 0x19
 488 00a1 03       		.uleb128 0x3
 489 00a2 0E       		.uleb128 0xe
 490 00a3 3A       		.uleb128 0x3a
 491 00a4 0B       		.uleb128 0xb
 492 00a5 3B       		.uleb128 0x3b
 493 00a6 0B       		.uleb128 0xb
 494 00a7 27       		.uleb128 0x27
 495 00a8 19       		.uleb128 0x19
 496 00a9 49       		.uleb128 0x49
 497 00aa 13       		.uleb128 0x13
 498 00ab 11       		.uleb128 0x11
 499 00ac 01       		.uleb128 0x1
 500 00ad 12       		.uleb128 0x12
 501 00ae 06       		.uleb128 0x6
 502 00af 40       		.uleb128 0x40
 503 00b0 18       		.uleb128 0x18
 504 00b1 9742     		.uleb128 0x2117
 505 00b3 19       		.uleb128 0x19
 506 00b4 00       		.byte	0
 507 00b5 00       		.byte	0
 508 00b6 00       		.byte	0
 509              		.section	.debug_loc,"",%progbits
 510              	.Ldebug_loc0:
 511              	.LLST0:
 512 0000 00000000 		.4byte	.LVL0
 513 0004 0A000000 		.4byte	.LVL2
 514 0008 0100     		.2byte	0x1
 515 000a 50       		.byte	0x50
 516 000b 0A000000 		.4byte	.LVL2
 517 000f 18000000 		.4byte	.LFE0
 518 0013 0400     		.2byte	0x4
 519 0015 F3       		.byte	0xf3
 520 0016 01       		.uleb128 0x1
 521 0017 50       		.byte	0x50
 522 0018 9F       		.byte	0x9f
 523 0019 00000000 		.4byte	0
 524 001d 00000000 		.4byte	0
 525              	.LLST1:
 526 0021 08000000 		.4byte	.LVL1
 527 0025 10000000 		.4byte	.LVL3
 528 0029 0100     		.2byte	0x1
 529 002b 52       		.byte	0x52
 530 002c 10000000 		.4byte	.LVL3
 531 0030 18000000 		.4byte	.LFE0
 532 0034 0100     		.2byte	0x1
 533 0036 50       		.byte	0x50
 534 0037 00000000 		.4byte	0
 535 003b 00000000 		.4byte	0
 536              	.LLST2:
 537 003f 00000000 		.4byte	.LVL4
 538 0043 0C000000 		.4byte	.LVL5
ARM GAS  C:\Users\Luci\AppData\Local\Temp\cctLD3qM.s 			page 13


 539 0047 0100     		.2byte	0x1
 540 0049 50       		.byte	0x50
 541 004a 0C000000 		.4byte	.LVL5
 542 004e 1C000000 		.4byte	.LFE1
 543 0052 0400     		.2byte	0x4
 544 0054 F3       		.byte	0xf3
 545 0055 01       		.uleb128 0x1
 546 0056 50       		.byte	0x50
 547 0057 9F       		.byte	0x9f
 548 0058 00000000 		.4byte	0
 549 005c 00000000 		.4byte	0
 550              	.LLST3:
 551 0060 08000000 		.4byte	.LVL6
 552 0064 0C000000 		.4byte	.LVL7
 553 0068 0100     		.2byte	0x1
 554 006a 50       		.byte	0x50
 555 006b 0C000000 		.4byte	.LVL7
 556 006f 14000000 		.4byte	.LFE4
 557 0073 0400     		.2byte	0x4
 558 0075 73       		.byte	0x73
 559 0076 00       		.sleb128 0
 560 0077 06       		.byte	0x6
 561 0078 9F       		.byte	0x9f
 562 0079 00000000 		.4byte	0
 563 007d 00000000 		.4byte	0
 564              		.section	.debug_aranges,"",%progbits
 565 0000 3C000000 		.4byte	0x3c
 566 0004 0200     		.2byte	0x2
 567 0006 00000000 		.4byte	.Ldebug_info0
 568 000a 04       		.byte	0x4
 569 000b 00       		.byte	0
 570 000c 0000     		.2byte	0
 571 000e 0000     		.2byte	0
 572 0010 00000000 		.4byte	.LFB0
 573 0014 18000000 		.4byte	.LFE0-.LFB0
 574 0018 00000000 		.4byte	.LFB1
 575 001c 1C000000 		.4byte	.LFE1-.LFB1
 576 0020 00000000 		.4byte	.LFB2
 577 0024 10000000 		.4byte	.LFE2-.LFB2
 578 0028 00000000 		.4byte	.LFB3
 579 002c 10000000 		.4byte	.LFE3-.LFB3
 580 0030 00000000 		.4byte	.LFB4
 581 0034 14000000 		.4byte	.LFE4-.LFB4
 582 0038 00000000 		.4byte	0
 583 003c 00000000 		.4byte	0
 584              		.section	.debug_ranges,"",%progbits
 585              	.Ldebug_ranges0:
 586 0000 00000000 		.4byte	.LFB0
 587 0004 18000000 		.4byte	.LFE0
 588 0008 00000000 		.4byte	.LFB1
 589 000c 1C000000 		.4byte	.LFE1
 590 0010 00000000 		.4byte	.LFB2
 591 0014 10000000 		.4byte	.LFE2
 592 0018 00000000 		.4byte	.LFB3
 593 001c 10000000 		.4byte	.LFE3
 594 0020 00000000 		.4byte	.LFB4
 595 0024 14000000 		.4byte	.LFE4
ARM GAS  C:\Users\Luci\AppData\Local\Temp\cctLD3qM.s 			page 14


 596 0028 00000000 		.4byte	0
 597 002c 00000000 		.4byte	0
 598              		.section	.debug_line,"",%progbits
 599              	.Ldebug_line0:
 600 0000 A9000000 		.section	.debug_str,"MS",%progbits,1
 600      02004600 
 600      00000201 
 600      FB0E0D00 
 600      01010101 
 601              	.LASF14:
 602 0000 72656733 		.ascii	"reg32\000"
 602      3200
 603              	.LASF17:
 604 0006 76616C75 		.ascii	"value\000"
 604      6500
 605              	.LASF26:
 606 000c 413A5C44 		.ascii	"A:\\Documents\\School\\ECEG-721_Embedded_Systems\\L"
 606      6F63756D 
 606      656E7473 
 606      5C536368 
 606      6F6F6C5C 
 607 003b 6162735C 		.ascii	"abs\\Lab7\\BLE Lab 1\\BLE Lab 1.cydsn\000"
 607      4C616237 
 607      5C424C45 
 607      204C6162 
 607      20315C42 
 608              	.LASF11:
 609 005e 666C6F61 		.ascii	"float\000"
 609      7400
 610              	.LASF1:
 611 0064 756E7369 		.ascii	"unsigned char\000"
 611      676E6564 
 611      20636861 
 611      7200
 612              	.LASF22:
 613 0072 64725661 		.ascii	"drVal\000"
 613      6C00
 614              	.LASF5:
 615 0078 6C6F6E67 		.ascii	"long unsigned int\000"
 615      20756E73 
 615      69676E65 
 615      6420696E 
 615      7400
 616              	.LASF15:
 617 008a 55415254 		.ascii	"UART_tx_Write\000"
 617      5F74785F 
 617      57726974 
 617      6500
 618              	.LASF3:
 619 0098 73686F72 		.ascii	"short unsigned int\000"
 619      7420756E 
 619      7369676E 
 619      65642069 
 619      6E7400
 620              	.LASF21:
 621 00ab 55415254 		.ascii	"UART_tx_ClearInterrupt\000"
 621      5F74785F 
ARM GAS  C:\Users\Luci\AppData\Local\Temp\cctLD3qM.s 			page 15


 621      436C6561 
 621      72496E74 
 621      65727275 
 622              	.LASF25:
 623 00c2 2E5C4765 		.ascii	".\\Generated_Source\\PSoC4\\UART_tx.c\000"
 623      6E657261 
 623      7465645F 
 623      536F7572 
 623      63655C50 
 624              	.LASF12:
 625 00e5 646F7562 		.ascii	"double\000"
 625      6C6500
 626              	.LASF10:
 627 00ec 75696E74 		.ascii	"uint32\000"
 627      333200
 628              	.LASF8:
 629 00f3 756E7369 		.ascii	"unsigned int\000"
 629      676E6564 
 629      20696E74 
 629      00
 630              	.LASF7:
 631 0100 6C6F6E67 		.ascii	"long long unsigned int\000"
 631      206C6F6E 
 631      6720756E 
 631      7369676E 
 631      65642069 
 632              	.LASF24:
 633 0117 474E5520 		.ascii	"GNU C 4.8.4 20140526 (release) [ARM/embedded-4_8-br"
 633      4320342E 
 633      382E3420 
 633      32303134 
 633      30353236 
 634 014a 616E6368 		.ascii	"anch revision 211358] -mcpu=cortex-m0 -mthumb -g -O"
 634      20726576 
 634      6973696F 
 634      6E203231 
 634      31333538 
 635 017d 67202D66 		.ascii	"g -ffunction-sections\000"
 635      66756E63 
 635      74696F6E 
 635      2D736563 
 635      74696F6E 
 636              	.LASF20:
 637 0193 55415254 		.ascii	"UART_tx_ReadDataReg\000"
 637      5F74785F 
 637      52656164 
 637      44617461 
 637      52656700 
 638              	.LASF19:
 639 01a7 55415254 		.ascii	"UART_tx_Read\000"
 639      5F74785F 
 639      52656164 
 639      00
 640              	.LASF18:
 641 01b4 6D6F6465 		.ascii	"mode\000"
 641      00
 642              	.LASF6:
ARM GAS  C:\Users\Luci\AppData\Local\Temp\cctLD3qM.s 			page 16


 643 01b9 6C6F6E67 		.ascii	"long long int\000"
 643      206C6F6E 
 643      6720696E 
 643      7400
 644              	.LASF16:
 645 01c7 55415254 		.ascii	"UART_tx_SetDriveMode\000"
 645      5F74785F 
 645      53657444 
 645      72697665 
 645      4D6F6465 
 646              	.LASF23:
 647 01dc 6D61736B 		.ascii	"maskedStatus\000"
 647      65645374 
 647      61747573 
 647      00
 648              	.LASF13:
 649 01e9 63686172 		.ascii	"char\000"
 649      00
 650              	.LASF2:
 651 01ee 73686F72 		.ascii	"short int\000"
 651      7420696E 
 651      7400
 652              	.LASF9:
 653 01f8 75696E74 		.ascii	"uint8\000"
 653      3800
 654              	.LASF4:
 655 01fe 6C6F6E67 		.ascii	"long int\000"
 655      20696E74 
 655      00
 656              	.LASF0:
 657 0207 7369676E 		.ascii	"signed char\000"
 657      65642063 
 657      68617200 
 658              		.ident	"GCC: (GNU Tools for ARM Embedded Processors) 4.8.4 20140526 (release) [ARM/embedded-4_8-br
