ARM GAS  C:\Users\Luci\AppData\Local\Temp\ccQTS4PI.s 			page 1


   1              		.cpu cortex-m0
   2              		.fpu softvfp
   3              		.eabi_attribute 20, 1
   4              		.eabi_attribute 21, 1
   5              		.eabi_attribute 23, 3
   6              		.eabi_attribute 24, 1
   7              		.eabi_attribute 25, 1
   8              		.eabi_attribute 26, 1
   9              		.eabi_attribute 30, 1
  10              		.eabi_attribute 34, 0
  11              		.eabi_attribute 18, 4
  12              		.code	16
  13              		.file	"Wakeup_Pin_Int.c"
  14              		.text
  15              	.Ltext0:
  16              		.cfi_sections	.debug_frame
  17              		.section	.text.Wakeup_Pin_Int_Interrupt,"ax",%progbits
  18              		.align	2
  19              		.global	Wakeup_Pin_Int_Interrupt
  20              		.code	16
  21              		.thumb_func
  22              		.type	Wakeup_Pin_Int_Interrupt, %function
  23              	Wakeup_Pin_Int_Interrupt:
  24              	.LFB5:
  25              		.file 1 ".\\Generated_Source\\PSoC4\\Wakeup_Pin_Int.c"
   1:.\Generated_Source\PSoC4/Wakeup_Pin_Int.c **** /*******************************************************************************
   2:.\Generated_Source\PSoC4/Wakeup_Pin_Int.c **** * File Name: Wakeup_Pin_Int.c  
   3:.\Generated_Source\PSoC4/Wakeup_Pin_Int.c **** * Version 1.70
   4:.\Generated_Source\PSoC4/Wakeup_Pin_Int.c **** *
   5:.\Generated_Source\PSoC4/Wakeup_Pin_Int.c **** *  Description:
   6:.\Generated_Source\PSoC4/Wakeup_Pin_Int.c **** *   API for controlling the state of an interrupt.
   7:.\Generated_Source\PSoC4/Wakeup_Pin_Int.c **** *
   8:.\Generated_Source\PSoC4/Wakeup_Pin_Int.c **** *
   9:.\Generated_Source\PSoC4/Wakeup_Pin_Int.c **** *  Note:
  10:.\Generated_Source\PSoC4/Wakeup_Pin_Int.c **** *
  11:.\Generated_Source\PSoC4/Wakeup_Pin_Int.c **** ********************************************************************************
  12:.\Generated_Source\PSoC4/Wakeup_Pin_Int.c **** * Copyright 2008-2015, Cypress Semiconductor Corporation.  All rights reserved.
  13:.\Generated_Source\PSoC4/Wakeup_Pin_Int.c **** * You may use this file only in accordance with the license, terms, conditions, 
  14:.\Generated_Source\PSoC4/Wakeup_Pin_Int.c **** * disclaimers, and limitations in the end user license agreement accompanying 
  15:.\Generated_Source\PSoC4/Wakeup_Pin_Int.c **** * the software package with which this file was provided.
  16:.\Generated_Source\PSoC4/Wakeup_Pin_Int.c **** *******************************************************************************/
  17:.\Generated_Source\PSoC4/Wakeup_Pin_Int.c **** 
  18:.\Generated_Source\PSoC4/Wakeup_Pin_Int.c **** 
  19:.\Generated_Source\PSoC4/Wakeup_Pin_Int.c **** #include <cydevice_trm.h>
  20:.\Generated_Source\PSoC4/Wakeup_Pin_Int.c **** #include <CyLib.h>
  21:.\Generated_Source\PSoC4/Wakeup_Pin_Int.c **** #include <Wakeup_Pin_Int.h>
  22:.\Generated_Source\PSoC4/Wakeup_Pin_Int.c **** 
  23:.\Generated_Source\PSoC4/Wakeup_Pin_Int.c **** #if !defined(Wakeup_Pin_Int__REMOVED) /* Check for removal by optimization */
  24:.\Generated_Source\PSoC4/Wakeup_Pin_Int.c **** 
  25:.\Generated_Source\PSoC4/Wakeup_Pin_Int.c **** /*******************************************************************************
  26:.\Generated_Source\PSoC4/Wakeup_Pin_Int.c **** *  Place your includes, defines and code here 
  27:.\Generated_Source\PSoC4/Wakeup_Pin_Int.c **** ********************************************************************************/
  28:.\Generated_Source\PSoC4/Wakeup_Pin_Int.c **** /* `#START Wakeup_Pin_Int_intc` */
  29:.\Generated_Source\PSoC4/Wakeup_Pin_Int.c **** 
  30:.\Generated_Source\PSoC4/Wakeup_Pin_Int.c **** /* `#END` */
  31:.\Generated_Source\PSoC4/Wakeup_Pin_Int.c **** 
  32:.\Generated_Source\PSoC4/Wakeup_Pin_Int.c **** extern cyisraddress CyRamVectors[CYINT_IRQ_BASE + CY_NUM_INTERRUPTS];
ARM GAS  C:\Users\Luci\AppData\Local\Temp\ccQTS4PI.s 			page 2


  33:.\Generated_Source\PSoC4/Wakeup_Pin_Int.c **** 
  34:.\Generated_Source\PSoC4/Wakeup_Pin_Int.c **** /* Declared in startup, used to set unused interrupts to. */
  35:.\Generated_Source\PSoC4/Wakeup_Pin_Int.c **** CY_ISR_PROTO(IntDefaultHandler);
  36:.\Generated_Source\PSoC4/Wakeup_Pin_Int.c **** 
  37:.\Generated_Source\PSoC4/Wakeup_Pin_Int.c **** 
  38:.\Generated_Source\PSoC4/Wakeup_Pin_Int.c **** /*******************************************************************************
  39:.\Generated_Source\PSoC4/Wakeup_Pin_Int.c **** * Function Name: Wakeup_Pin_Int_Start
  40:.\Generated_Source\PSoC4/Wakeup_Pin_Int.c **** ********************************************************************************
  41:.\Generated_Source\PSoC4/Wakeup_Pin_Int.c **** *
  42:.\Generated_Source\PSoC4/Wakeup_Pin_Int.c **** * Summary:
  43:.\Generated_Source\PSoC4/Wakeup_Pin_Int.c **** *  Set up the interrupt and enable it. This function disables the interrupt, 
  44:.\Generated_Source\PSoC4/Wakeup_Pin_Int.c **** *  sets the default interrupt vector, sets the priority from the value in the
  45:.\Generated_Source\PSoC4/Wakeup_Pin_Int.c **** *  Design Wide Resources Interrupt Editor, then enables the interrupt to the 
  46:.\Generated_Source\PSoC4/Wakeup_Pin_Int.c **** *  interrupt controller.
  47:.\Generated_Source\PSoC4/Wakeup_Pin_Int.c **** *
  48:.\Generated_Source\PSoC4/Wakeup_Pin_Int.c **** * Parameters:  
  49:.\Generated_Source\PSoC4/Wakeup_Pin_Int.c **** *   None
  50:.\Generated_Source\PSoC4/Wakeup_Pin_Int.c **** *
  51:.\Generated_Source\PSoC4/Wakeup_Pin_Int.c **** * Return:
  52:.\Generated_Source\PSoC4/Wakeup_Pin_Int.c **** *   None
  53:.\Generated_Source\PSoC4/Wakeup_Pin_Int.c **** *
  54:.\Generated_Source\PSoC4/Wakeup_Pin_Int.c **** *******************************************************************************/
  55:.\Generated_Source\PSoC4/Wakeup_Pin_Int.c **** void Wakeup_Pin_Int_Start(void)
  56:.\Generated_Source\PSoC4/Wakeup_Pin_Int.c **** {
  57:.\Generated_Source\PSoC4/Wakeup_Pin_Int.c ****     /* For all we know the interrupt is active. */
  58:.\Generated_Source\PSoC4/Wakeup_Pin_Int.c ****     Wakeup_Pin_Int_Disable();
  59:.\Generated_Source\PSoC4/Wakeup_Pin_Int.c **** 
  60:.\Generated_Source\PSoC4/Wakeup_Pin_Int.c ****     /* Set the ISR to point to the Wakeup_Pin_Int Interrupt. */
  61:.\Generated_Source\PSoC4/Wakeup_Pin_Int.c ****     Wakeup_Pin_Int_SetVector(&Wakeup_Pin_Int_Interrupt);
  62:.\Generated_Source\PSoC4/Wakeup_Pin_Int.c **** 
  63:.\Generated_Source\PSoC4/Wakeup_Pin_Int.c ****     /* Set the priority. */
  64:.\Generated_Source\PSoC4/Wakeup_Pin_Int.c ****     Wakeup_Pin_Int_SetPriority((uint8)Wakeup_Pin_Int_INTC_PRIOR_NUMBER);
  65:.\Generated_Source\PSoC4/Wakeup_Pin_Int.c **** 
  66:.\Generated_Source\PSoC4/Wakeup_Pin_Int.c ****     /* Enable it. */
  67:.\Generated_Source\PSoC4/Wakeup_Pin_Int.c ****     Wakeup_Pin_Int_Enable();
  68:.\Generated_Source\PSoC4/Wakeup_Pin_Int.c **** }
  69:.\Generated_Source\PSoC4/Wakeup_Pin_Int.c **** 
  70:.\Generated_Source\PSoC4/Wakeup_Pin_Int.c **** 
  71:.\Generated_Source\PSoC4/Wakeup_Pin_Int.c **** /*******************************************************************************
  72:.\Generated_Source\PSoC4/Wakeup_Pin_Int.c **** * Function Name: Wakeup_Pin_Int_StartEx
  73:.\Generated_Source\PSoC4/Wakeup_Pin_Int.c **** ********************************************************************************
  74:.\Generated_Source\PSoC4/Wakeup_Pin_Int.c **** *
  75:.\Generated_Source\PSoC4/Wakeup_Pin_Int.c **** * Summary:
  76:.\Generated_Source\PSoC4/Wakeup_Pin_Int.c **** *  Sets up the interrupt and enables it. This function disables the interrupt,
  77:.\Generated_Source\PSoC4/Wakeup_Pin_Int.c **** *  sets the interrupt vector based on the address passed in, sets the priority 
  78:.\Generated_Source\PSoC4/Wakeup_Pin_Int.c **** *  from the value in the Design Wide Resources Interrupt Editor, then enables 
  79:.\Generated_Source\PSoC4/Wakeup_Pin_Int.c **** *  the interrupt to the interrupt controller.
  80:.\Generated_Source\PSoC4/Wakeup_Pin_Int.c **** *  
  81:.\Generated_Source\PSoC4/Wakeup_Pin_Int.c **** *  When defining ISR functions, the CY_ISR and CY_ISR_PROTO macros should be 
  82:.\Generated_Source\PSoC4/Wakeup_Pin_Int.c **** *  used to provide consistent definition across compilers:
  83:.\Generated_Source\PSoC4/Wakeup_Pin_Int.c **** *  
  84:.\Generated_Source\PSoC4/Wakeup_Pin_Int.c **** *  Function definition example:
  85:.\Generated_Source\PSoC4/Wakeup_Pin_Int.c **** *   CY_ISR(MyISR)
  86:.\Generated_Source\PSoC4/Wakeup_Pin_Int.c **** *   {
  87:.\Generated_Source\PSoC4/Wakeup_Pin_Int.c **** *   }
  88:.\Generated_Source\PSoC4/Wakeup_Pin_Int.c **** *   Function prototype example:
  89:.\Generated_Source\PSoC4/Wakeup_Pin_Int.c **** *   CY_ISR_PROTO(MyISR);
ARM GAS  C:\Users\Luci\AppData\Local\Temp\ccQTS4PI.s 			page 3


  90:.\Generated_Source\PSoC4/Wakeup_Pin_Int.c **** *
  91:.\Generated_Source\PSoC4/Wakeup_Pin_Int.c **** * Parameters:  
  92:.\Generated_Source\PSoC4/Wakeup_Pin_Int.c **** *   address: Address of the ISR to set in the interrupt vector table.
  93:.\Generated_Source\PSoC4/Wakeup_Pin_Int.c **** *
  94:.\Generated_Source\PSoC4/Wakeup_Pin_Int.c **** * Return:
  95:.\Generated_Source\PSoC4/Wakeup_Pin_Int.c **** *   None
  96:.\Generated_Source\PSoC4/Wakeup_Pin_Int.c **** *
  97:.\Generated_Source\PSoC4/Wakeup_Pin_Int.c **** *******************************************************************************/
  98:.\Generated_Source\PSoC4/Wakeup_Pin_Int.c **** void Wakeup_Pin_Int_StartEx(cyisraddress address)
  99:.\Generated_Source\PSoC4/Wakeup_Pin_Int.c **** {
 100:.\Generated_Source\PSoC4/Wakeup_Pin_Int.c ****     /* For all we know the interrupt is active. */
 101:.\Generated_Source\PSoC4/Wakeup_Pin_Int.c ****     Wakeup_Pin_Int_Disable();
 102:.\Generated_Source\PSoC4/Wakeup_Pin_Int.c **** 
 103:.\Generated_Source\PSoC4/Wakeup_Pin_Int.c ****     /* Set the ISR to point to the Wakeup_Pin_Int Interrupt. */
 104:.\Generated_Source\PSoC4/Wakeup_Pin_Int.c ****     Wakeup_Pin_Int_SetVector(address);
 105:.\Generated_Source\PSoC4/Wakeup_Pin_Int.c **** 
 106:.\Generated_Source\PSoC4/Wakeup_Pin_Int.c ****     /* Set the priority. */
 107:.\Generated_Source\PSoC4/Wakeup_Pin_Int.c ****     Wakeup_Pin_Int_SetPriority((uint8)Wakeup_Pin_Int_INTC_PRIOR_NUMBER);
 108:.\Generated_Source\PSoC4/Wakeup_Pin_Int.c **** 
 109:.\Generated_Source\PSoC4/Wakeup_Pin_Int.c ****     /* Enable it. */
 110:.\Generated_Source\PSoC4/Wakeup_Pin_Int.c ****     Wakeup_Pin_Int_Enable();
 111:.\Generated_Source\PSoC4/Wakeup_Pin_Int.c **** }
 112:.\Generated_Source\PSoC4/Wakeup_Pin_Int.c **** 
 113:.\Generated_Source\PSoC4/Wakeup_Pin_Int.c **** 
 114:.\Generated_Source\PSoC4/Wakeup_Pin_Int.c **** /*******************************************************************************
 115:.\Generated_Source\PSoC4/Wakeup_Pin_Int.c **** * Function Name: Wakeup_Pin_Int_Stop
 116:.\Generated_Source\PSoC4/Wakeup_Pin_Int.c **** ********************************************************************************
 117:.\Generated_Source\PSoC4/Wakeup_Pin_Int.c **** *
 118:.\Generated_Source\PSoC4/Wakeup_Pin_Int.c **** * Summary:
 119:.\Generated_Source\PSoC4/Wakeup_Pin_Int.c **** *   Disables and removes the interrupt.
 120:.\Generated_Source\PSoC4/Wakeup_Pin_Int.c **** *
 121:.\Generated_Source\PSoC4/Wakeup_Pin_Int.c **** * Parameters:  
 122:.\Generated_Source\PSoC4/Wakeup_Pin_Int.c **** *   None
 123:.\Generated_Source\PSoC4/Wakeup_Pin_Int.c **** *
 124:.\Generated_Source\PSoC4/Wakeup_Pin_Int.c **** * Return:
 125:.\Generated_Source\PSoC4/Wakeup_Pin_Int.c **** *   None
 126:.\Generated_Source\PSoC4/Wakeup_Pin_Int.c **** *
 127:.\Generated_Source\PSoC4/Wakeup_Pin_Int.c **** *******************************************************************************/
 128:.\Generated_Source\PSoC4/Wakeup_Pin_Int.c **** void Wakeup_Pin_Int_Stop(void)
 129:.\Generated_Source\PSoC4/Wakeup_Pin_Int.c **** {
 130:.\Generated_Source\PSoC4/Wakeup_Pin_Int.c ****     /* Disable this interrupt. */
 131:.\Generated_Source\PSoC4/Wakeup_Pin_Int.c ****     Wakeup_Pin_Int_Disable();
 132:.\Generated_Source\PSoC4/Wakeup_Pin_Int.c **** 
 133:.\Generated_Source\PSoC4/Wakeup_Pin_Int.c ****     /* Set the ISR to point to the passive one. */
 134:.\Generated_Source\PSoC4/Wakeup_Pin_Int.c ****     Wakeup_Pin_Int_SetVector(&IntDefaultHandler);
 135:.\Generated_Source\PSoC4/Wakeup_Pin_Int.c **** }
 136:.\Generated_Source\PSoC4/Wakeup_Pin_Int.c **** 
 137:.\Generated_Source\PSoC4/Wakeup_Pin_Int.c **** 
 138:.\Generated_Source\PSoC4/Wakeup_Pin_Int.c **** /*******************************************************************************
 139:.\Generated_Source\PSoC4/Wakeup_Pin_Int.c **** * Function Name: Wakeup_Pin_Int_Interrupt
 140:.\Generated_Source\PSoC4/Wakeup_Pin_Int.c **** ********************************************************************************
 141:.\Generated_Source\PSoC4/Wakeup_Pin_Int.c **** *
 142:.\Generated_Source\PSoC4/Wakeup_Pin_Int.c **** * Summary:
 143:.\Generated_Source\PSoC4/Wakeup_Pin_Int.c **** *   The default Interrupt Service Routine for Wakeup_Pin_Int.
 144:.\Generated_Source\PSoC4/Wakeup_Pin_Int.c **** *
 145:.\Generated_Source\PSoC4/Wakeup_Pin_Int.c **** *   Add custom code between the START and END comments to keep the next version
 146:.\Generated_Source\PSoC4/Wakeup_Pin_Int.c **** *   of this file from over-writing your code.
ARM GAS  C:\Users\Luci\AppData\Local\Temp\ccQTS4PI.s 			page 4


 147:.\Generated_Source\PSoC4/Wakeup_Pin_Int.c **** *
 148:.\Generated_Source\PSoC4/Wakeup_Pin_Int.c **** *   Note You may use either the default ISR by using this API, or you may define
 149:.\Generated_Source\PSoC4/Wakeup_Pin_Int.c **** *   your own separate ISR through ISR_StartEx().
 150:.\Generated_Source\PSoC4/Wakeup_Pin_Int.c **** *
 151:.\Generated_Source\PSoC4/Wakeup_Pin_Int.c **** * Parameters:  
 152:.\Generated_Source\PSoC4/Wakeup_Pin_Int.c **** *   None
 153:.\Generated_Source\PSoC4/Wakeup_Pin_Int.c **** *
 154:.\Generated_Source\PSoC4/Wakeup_Pin_Int.c **** * Return:
 155:.\Generated_Source\PSoC4/Wakeup_Pin_Int.c **** *   None
 156:.\Generated_Source\PSoC4/Wakeup_Pin_Int.c **** *
 157:.\Generated_Source\PSoC4/Wakeup_Pin_Int.c **** *******************************************************************************/
 158:.\Generated_Source\PSoC4/Wakeup_Pin_Int.c **** CY_ISR(Wakeup_Pin_Int_Interrupt)
 159:.\Generated_Source\PSoC4/Wakeup_Pin_Int.c **** {
  26              		.loc 1 159 0
  27              		.cfi_startproc
 160:.\Generated_Source\PSoC4/Wakeup_Pin_Int.c ****     /*  Place your Interrupt code here. */
 161:.\Generated_Source\PSoC4/Wakeup_Pin_Int.c ****     /* `#START Wakeup_Pin_Int_Interrupt` */
 162:.\Generated_Source\PSoC4/Wakeup_Pin_Int.c **** 
 163:.\Generated_Source\PSoC4/Wakeup_Pin_Int.c ****     /* `#END` */
 164:.\Generated_Source\PSoC4/Wakeup_Pin_Int.c **** }
  28              		.loc 1 164 0
  29              		@ sp needed
  30 0000 7047     		bx	lr
  31              		.cfi_endproc
  32              	.LFE5:
  33              		.size	Wakeup_Pin_Int_Interrupt, .-Wakeup_Pin_Int_Interrupt
  34 0002 C046     		.section	.text.Wakeup_Pin_Int_SetVector,"ax",%progbits
  35              		.align	2
  36              		.global	Wakeup_Pin_Int_SetVector
  37              		.code	16
  38              		.thumb_func
  39              		.type	Wakeup_Pin_Int_SetVector, %function
  40              	Wakeup_Pin_Int_SetVector:
  41              	.LFB6:
 165:.\Generated_Source\PSoC4/Wakeup_Pin_Int.c **** 
 166:.\Generated_Source\PSoC4/Wakeup_Pin_Int.c **** 
 167:.\Generated_Source\PSoC4/Wakeup_Pin_Int.c **** /*******************************************************************************
 168:.\Generated_Source\PSoC4/Wakeup_Pin_Int.c **** * Function Name: Wakeup_Pin_Int_SetVector
 169:.\Generated_Source\PSoC4/Wakeup_Pin_Int.c **** ********************************************************************************
 170:.\Generated_Source\PSoC4/Wakeup_Pin_Int.c **** *
 171:.\Generated_Source\PSoC4/Wakeup_Pin_Int.c **** * Summary:
 172:.\Generated_Source\PSoC4/Wakeup_Pin_Int.c **** *   Change the ISR vector for the Interrupt. Note calling Wakeup_Pin_Int_Start
 173:.\Generated_Source\PSoC4/Wakeup_Pin_Int.c **** *   will override any effect this method would have had. To set the vector 
 174:.\Generated_Source\PSoC4/Wakeup_Pin_Int.c **** *   before the component has been started use Wakeup_Pin_Int_StartEx instead.
 175:.\Generated_Source\PSoC4/Wakeup_Pin_Int.c **** * 
 176:.\Generated_Source\PSoC4/Wakeup_Pin_Int.c **** *   When defining ISR functions, the CY_ISR and CY_ISR_PROTO macros should be 
 177:.\Generated_Source\PSoC4/Wakeup_Pin_Int.c **** *   used to provide consistent definition across compilers:
 178:.\Generated_Source\PSoC4/Wakeup_Pin_Int.c **** *
 179:.\Generated_Source\PSoC4/Wakeup_Pin_Int.c **** *   Function definition example:
 180:.\Generated_Source\PSoC4/Wakeup_Pin_Int.c **** *   CY_ISR(MyISR)
 181:.\Generated_Source\PSoC4/Wakeup_Pin_Int.c **** *   {
 182:.\Generated_Source\PSoC4/Wakeup_Pin_Int.c **** *   }
 183:.\Generated_Source\PSoC4/Wakeup_Pin_Int.c **** *
 184:.\Generated_Source\PSoC4/Wakeup_Pin_Int.c **** *   Function prototype example:
 185:.\Generated_Source\PSoC4/Wakeup_Pin_Int.c **** *     CY_ISR_PROTO(MyISR);
 186:.\Generated_Source\PSoC4/Wakeup_Pin_Int.c **** *
 187:.\Generated_Source\PSoC4/Wakeup_Pin_Int.c **** * Parameters:
ARM GAS  C:\Users\Luci\AppData\Local\Temp\ccQTS4PI.s 			page 5


 188:.\Generated_Source\PSoC4/Wakeup_Pin_Int.c **** *   address: Address of the ISR to set in the interrupt vector table.
 189:.\Generated_Source\PSoC4/Wakeup_Pin_Int.c **** *
 190:.\Generated_Source\PSoC4/Wakeup_Pin_Int.c **** * Return:
 191:.\Generated_Source\PSoC4/Wakeup_Pin_Int.c **** *   None
 192:.\Generated_Source\PSoC4/Wakeup_Pin_Int.c **** *
 193:.\Generated_Source\PSoC4/Wakeup_Pin_Int.c **** *******************************************************************************/
 194:.\Generated_Source\PSoC4/Wakeup_Pin_Int.c **** void Wakeup_Pin_Int_SetVector(cyisraddress address)
 195:.\Generated_Source\PSoC4/Wakeup_Pin_Int.c **** {
  42              		.loc 1 195 0
  43              		.cfi_startproc
  44              	.LVL0:
 196:.\Generated_Source\PSoC4/Wakeup_Pin_Int.c ****     CyRamVectors[CYINT_IRQ_BASE + Wakeup_Pin_Int__INTC_NUMBER] = address;
  45              		.loc 1 196 0
  46 0000 014B     		ldr	r3, .L3
  47 0002 1864     		str	r0, [r3, #64]
 197:.\Generated_Source\PSoC4/Wakeup_Pin_Int.c **** }
  48              		.loc 1 197 0
  49              		@ sp needed
  50 0004 7047     		bx	lr
  51              	.L4:
  52 0006 C046     		.align	2
  53              	.L3:
  54 0008 00000000 		.word	CyRamVectors
  55              		.cfi_endproc
  56              	.LFE6:
  57              		.size	Wakeup_Pin_Int_SetVector, .-Wakeup_Pin_Int_SetVector
  58              		.section	.text.Wakeup_Pin_Int_GetVector,"ax",%progbits
  59              		.align	2
  60              		.global	Wakeup_Pin_Int_GetVector
  61              		.code	16
  62              		.thumb_func
  63              		.type	Wakeup_Pin_Int_GetVector, %function
  64              	Wakeup_Pin_Int_GetVector:
  65              	.LFB7:
 198:.\Generated_Source\PSoC4/Wakeup_Pin_Int.c **** 
 199:.\Generated_Source\PSoC4/Wakeup_Pin_Int.c **** 
 200:.\Generated_Source\PSoC4/Wakeup_Pin_Int.c **** /*******************************************************************************
 201:.\Generated_Source\PSoC4/Wakeup_Pin_Int.c **** * Function Name: Wakeup_Pin_Int_GetVector
 202:.\Generated_Source\PSoC4/Wakeup_Pin_Int.c **** ********************************************************************************
 203:.\Generated_Source\PSoC4/Wakeup_Pin_Int.c **** *
 204:.\Generated_Source\PSoC4/Wakeup_Pin_Int.c **** * Summary:
 205:.\Generated_Source\PSoC4/Wakeup_Pin_Int.c **** *   Gets the "address" of the current ISR vector for the Interrupt.
 206:.\Generated_Source\PSoC4/Wakeup_Pin_Int.c **** *
 207:.\Generated_Source\PSoC4/Wakeup_Pin_Int.c **** * Parameters:
 208:.\Generated_Source\PSoC4/Wakeup_Pin_Int.c **** *   None
 209:.\Generated_Source\PSoC4/Wakeup_Pin_Int.c **** *
 210:.\Generated_Source\PSoC4/Wakeup_Pin_Int.c **** * Return:
 211:.\Generated_Source\PSoC4/Wakeup_Pin_Int.c **** *   Address of the ISR in the interrupt vector table.
 212:.\Generated_Source\PSoC4/Wakeup_Pin_Int.c **** *
 213:.\Generated_Source\PSoC4/Wakeup_Pin_Int.c **** *******************************************************************************/
 214:.\Generated_Source\PSoC4/Wakeup_Pin_Int.c **** cyisraddress Wakeup_Pin_Int_GetVector(void)
 215:.\Generated_Source\PSoC4/Wakeup_Pin_Int.c **** {
  66              		.loc 1 215 0
  67              		.cfi_startproc
 216:.\Generated_Source\PSoC4/Wakeup_Pin_Int.c ****     return CyRamVectors[CYINT_IRQ_BASE + Wakeup_Pin_Int__INTC_NUMBER];
  68              		.loc 1 216 0
  69 0000 014B     		ldr	r3, .L6
ARM GAS  C:\Users\Luci\AppData\Local\Temp\ccQTS4PI.s 			page 6


  70 0002 186C     		ldr	r0, [r3, #64]
 217:.\Generated_Source\PSoC4/Wakeup_Pin_Int.c **** }
  71              		.loc 1 217 0
  72              		@ sp needed
  73 0004 7047     		bx	lr
  74              	.L7:
  75 0006 C046     		.align	2
  76              	.L6:
  77 0008 00000000 		.word	CyRamVectors
  78              		.cfi_endproc
  79              	.LFE7:
  80              		.size	Wakeup_Pin_Int_GetVector, .-Wakeup_Pin_Int_GetVector
  81              		.section	.text.Wakeup_Pin_Int_SetPriority,"ax",%progbits
  82              		.align	2
  83              		.global	Wakeup_Pin_Int_SetPriority
  84              		.code	16
  85              		.thumb_func
  86              		.type	Wakeup_Pin_Int_SetPriority, %function
  87              	Wakeup_Pin_Int_SetPriority:
  88              	.LFB8:
 218:.\Generated_Source\PSoC4/Wakeup_Pin_Int.c **** 
 219:.\Generated_Source\PSoC4/Wakeup_Pin_Int.c **** 
 220:.\Generated_Source\PSoC4/Wakeup_Pin_Int.c **** /*******************************************************************************
 221:.\Generated_Source\PSoC4/Wakeup_Pin_Int.c **** * Function Name: Wakeup_Pin_Int_SetPriority
 222:.\Generated_Source\PSoC4/Wakeup_Pin_Int.c **** ********************************************************************************
 223:.\Generated_Source\PSoC4/Wakeup_Pin_Int.c **** *
 224:.\Generated_Source\PSoC4/Wakeup_Pin_Int.c **** * Summary:
 225:.\Generated_Source\PSoC4/Wakeup_Pin_Int.c **** *   Sets the Priority of the Interrupt. 
 226:.\Generated_Source\PSoC4/Wakeup_Pin_Int.c **** *
 227:.\Generated_Source\PSoC4/Wakeup_Pin_Int.c **** *   Note calling Wakeup_Pin_Int_Start or Wakeup_Pin_Int_StartEx will 
 228:.\Generated_Source\PSoC4/Wakeup_Pin_Int.c **** *   override any effect this API would have had. This API should only be called
 229:.\Generated_Source\PSoC4/Wakeup_Pin_Int.c **** *   after Wakeup_Pin_Int_Start or Wakeup_Pin_Int_StartEx has been called. 
 230:.\Generated_Source\PSoC4/Wakeup_Pin_Int.c **** *   To set the initial priority for the component, use the Design-Wide Resources
 231:.\Generated_Source\PSoC4/Wakeup_Pin_Int.c **** *   Interrupt Editor.
 232:.\Generated_Source\PSoC4/Wakeup_Pin_Int.c **** *
 233:.\Generated_Source\PSoC4/Wakeup_Pin_Int.c **** *   Note This API has no effect on Non-maskable interrupt NMI).
 234:.\Generated_Source\PSoC4/Wakeup_Pin_Int.c **** *
 235:.\Generated_Source\PSoC4/Wakeup_Pin_Int.c **** * Parameters:
 236:.\Generated_Source\PSoC4/Wakeup_Pin_Int.c **** *   priority: Priority of the interrupt, 0 being the highest priority
 237:.\Generated_Source\PSoC4/Wakeup_Pin_Int.c **** *             PSoC 3 and PSoC 5LP: Priority is from 0 to 7.
 238:.\Generated_Source\PSoC4/Wakeup_Pin_Int.c **** *             PSoC 4: Priority is from 0 to 3.
 239:.\Generated_Source\PSoC4/Wakeup_Pin_Int.c **** *
 240:.\Generated_Source\PSoC4/Wakeup_Pin_Int.c **** * Return:
 241:.\Generated_Source\PSoC4/Wakeup_Pin_Int.c **** *   None
 242:.\Generated_Source\PSoC4/Wakeup_Pin_Int.c **** *
 243:.\Generated_Source\PSoC4/Wakeup_Pin_Int.c **** *******************************************************************************/
 244:.\Generated_Source\PSoC4/Wakeup_Pin_Int.c **** void Wakeup_Pin_Int_SetPriority(uint8 priority)
 245:.\Generated_Source\PSoC4/Wakeup_Pin_Int.c **** {
  89              		.loc 1 245 0
  90              		.cfi_startproc
  91              	.LVL1:
  92 0000 10B5     		push	{r4, lr}
  93              		.cfi_def_cfa_offset 8
  94              		.cfi_offset 4, -8
  95              		.cfi_offset 14, -4
  96 0002 041C     		mov	r4, r0
  97              	.LVL2:
ARM GAS  C:\Users\Luci\AppData\Local\Temp\ccQTS4PI.s 			page 7


 246:.\Generated_Source\PSoC4/Wakeup_Pin_Int.c **** 	uint8 interruptState;
 247:.\Generated_Source\PSoC4/Wakeup_Pin_Int.c ****     uint32 priorityOffset = ((Wakeup_Pin_Int__INTC_NUMBER % 4u) * 8u) + 6u;
 248:.\Generated_Source\PSoC4/Wakeup_Pin_Int.c ****     
 249:.\Generated_Source\PSoC4/Wakeup_Pin_Int.c **** 	interruptState = CyEnterCriticalSection();
  98              		.loc 1 249 0
  99 0004 FFF7FEFF 		bl	CyEnterCriticalSection
 100              	.LVL3:
 250:.\Generated_Source\PSoC4/Wakeup_Pin_Int.c ****     *Wakeup_Pin_Int_INTC_PRIOR = (*Wakeup_Pin_Int_INTC_PRIOR & (uint32)(~Wakeup_Pin_Int__INTC_PRIOR
 101              		.loc 1 250 0
 102 0008 054B     		ldr	r3, .L9
 103 000a 1968     		ldr	r1, [r3]
 104 000c C022     		mov	r2, #192
 105 000e 9143     		bic	r1, r2
 251:.\Generated_Source\PSoC4/Wakeup_Pin_Int.c ****                                     ((uint32)priority << priorityOffset);
 106              		.loc 1 251 0
 107 0010 A201     		lsl	r2, r4, #6
 250:.\Generated_Source\PSoC4/Wakeup_Pin_Int.c ****     *Wakeup_Pin_Int_INTC_PRIOR = (*Wakeup_Pin_Int_INTC_PRIOR & (uint32)(~Wakeup_Pin_Int__INTC_PRIOR
 108              		.loc 1 250 0
 109 0012 0C1C     		mov	r4, r1
 110 0014 1443     		orr	r4, r2
 111 0016 1C60     		str	r4, [r3]
 252:.\Generated_Source\PSoC4/Wakeup_Pin_Int.c **** 	CyExitCriticalSection(interruptState);
 112              		.loc 1 252 0
 113 0018 FFF7FEFF 		bl	CyExitCriticalSection
 114              	.LVL4:
 253:.\Generated_Source\PSoC4/Wakeup_Pin_Int.c **** }
 115              		.loc 1 253 0
 116              		@ sp needed
 117 001c 10BD     		pop	{r4, pc}
 118              	.L10:
 119 001e C046     		.align	2
 120              	.L9:
 121 0020 00E400E0 		.word	-536812544
 122              		.cfi_endproc
 123              	.LFE8:
 124              		.size	Wakeup_Pin_Int_SetPriority, .-Wakeup_Pin_Int_SetPriority
 125              		.section	.text.Wakeup_Pin_Int_GetPriority,"ax",%progbits
 126              		.align	2
 127              		.global	Wakeup_Pin_Int_GetPriority
 128              		.code	16
 129              		.thumb_func
 130              		.type	Wakeup_Pin_Int_GetPriority, %function
 131              	Wakeup_Pin_Int_GetPriority:
 132              	.LFB9:
 254:.\Generated_Source\PSoC4/Wakeup_Pin_Int.c **** 
 255:.\Generated_Source\PSoC4/Wakeup_Pin_Int.c **** 
 256:.\Generated_Source\PSoC4/Wakeup_Pin_Int.c **** /*******************************************************************************
 257:.\Generated_Source\PSoC4/Wakeup_Pin_Int.c **** * Function Name: Wakeup_Pin_Int_GetPriority
 258:.\Generated_Source\PSoC4/Wakeup_Pin_Int.c **** ********************************************************************************
 259:.\Generated_Source\PSoC4/Wakeup_Pin_Int.c **** *
 260:.\Generated_Source\PSoC4/Wakeup_Pin_Int.c **** * Summary:
 261:.\Generated_Source\PSoC4/Wakeup_Pin_Int.c **** *   Gets the Priority of the Interrupt.
 262:.\Generated_Source\PSoC4/Wakeup_Pin_Int.c **** *
 263:.\Generated_Source\PSoC4/Wakeup_Pin_Int.c **** * Parameters:
 264:.\Generated_Source\PSoC4/Wakeup_Pin_Int.c **** *   None
 265:.\Generated_Source\PSoC4/Wakeup_Pin_Int.c **** *
 266:.\Generated_Source\PSoC4/Wakeup_Pin_Int.c **** * Return:
ARM GAS  C:\Users\Luci\AppData\Local\Temp\ccQTS4PI.s 			page 8


 267:.\Generated_Source\PSoC4/Wakeup_Pin_Int.c **** *   Priority of the interrupt, 0 being the highest priority
 268:.\Generated_Source\PSoC4/Wakeup_Pin_Int.c **** *    PSoC 3 and PSoC 5LP: Priority is from 0 to 7.
 269:.\Generated_Source\PSoC4/Wakeup_Pin_Int.c **** *    PSoC 4: Priority is from 0 to 3.
 270:.\Generated_Source\PSoC4/Wakeup_Pin_Int.c **** *
 271:.\Generated_Source\PSoC4/Wakeup_Pin_Int.c **** *******************************************************************************/
 272:.\Generated_Source\PSoC4/Wakeup_Pin_Int.c **** uint8 Wakeup_Pin_Int_GetPriority(void)
 273:.\Generated_Source\PSoC4/Wakeup_Pin_Int.c **** {
 133              		.loc 1 273 0
 134              		.cfi_startproc
 135              	.LVL5:
 274:.\Generated_Source\PSoC4/Wakeup_Pin_Int.c ****     uint32 priority;
 275:.\Generated_Source\PSoC4/Wakeup_Pin_Int.c **** 	uint32 priorityOffset = ((Wakeup_Pin_Int__INTC_NUMBER % 4u) * 8u) + 6u;
 276:.\Generated_Source\PSoC4/Wakeup_Pin_Int.c **** 
 277:.\Generated_Source\PSoC4/Wakeup_Pin_Int.c ****     priority = (*Wakeup_Pin_Int_INTC_PRIOR & Wakeup_Pin_Int__INTC_PRIOR_MASK) >> priorityOffset;
 136              		.loc 1 277 0
 137 0000 024B     		ldr	r3, .L12
 138 0002 1868     		ldr	r0, [r3]
 139 0004 0006     		lsl	r0, r0, #24
 140              	.LVL6:
 278:.\Generated_Source\PSoC4/Wakeup_Pin_Int.c **** 
 279:.\Generated_Source\PSoC4/Wakeup_Pin_Int.c ****     return (uint8)priority;
 141              		.loc 1 279 0
 142 0006 800F     		lsr	r0, r0, #30
 143              	.LVL7:
 280:.\Generated_Source\PSoC4/Wakeup_Pin_Int.c **** }
 144              		.loc 1 280 0
 145              		@ sp needed
 146 0008 7047     		bx	lr
 147              	.L13:
 148 000a C046     		.align	2
 149              	.L12:
 150 000c 00E400E0 		.word	-536812544
 151              		.cfi_endproc
 152              	.LFE9:
 153              		.size	Wakeup_Pin_Int_GetPriority, .-Wakeup_Pin_Int_GetPriority
 154              		.section	.text.Wakeup_Pin_Int_Enable,"ax",%progbits
 155              		.align	2
 156              		.global	Wakeup_Pin_Int_Enable
 157              		.code	16
 158              		.thumb_func
 159              		.type	Wakeup_Pin_Int_Enable, %function
 160              	Wakeup_Pin_Int_Enable:
 161              	.LFB10:
 281:.\Generated_Source\PSoC4/Wakeup_Pin_Int.c **** 
 282:.\Generated_Source\PSoC4/Wakeup_Pin_Int.c **** 
 283:.\Generated_Source\PSoC4/Wakeup_Pin_Int.c **** /*******************************************************************************
 284:.\Generated_Source\PSoC4/Wakeup_Pin_Int.c **** * Function Name: Wakeup_Pin_Int_Enable
 285:.\Generated_Source\PSoC4/Wakeup_Pin_Int.c **** ********************************************************************************
 286:.\Generated_Source\PSoC4/Wakeup_Pin_Int.c **** *
 287:.\Generated_Source\PSoC4/Wakeup_Pin_Int.c **** * Summary:
 288:.\Generated_Source\PSoC4/Wakeup_Pin_Int.c **** *   Enables the interrupt to the interrupt controller. Do not call this function
 289:.\Generated_Source\PSoC4/Wakeup_Pin_Int.c **** *   unless ISR_Start() has been called or the functionality of the ISR_Start() 
 290:.\Generated_Source\PSoC4/Wakeup_Pin_Int.c **** *   function, which sets the vector and the priority, has been called.
 291:.\Generated_Source\PSoC4/Wakeup_Pin_Int.c **** *
 292:.\Generated_Source\PSoC4/Wakeup_Pin_Int.c **** * Parameters:
 293:.\Generated_Source\PSoC4/Wakeup_Pin_Int.c **** *   None
 294:.\Generated_Source\PSoC4/Wakeup_Pin_Int.c **** *
ARM GAS  C:\Users\Luci\AppData\Local\Temp\ccQTS4PI.s 			page 9


 295:.\Generated_Source\PSoC4/Wakeup_Pin_Int.c **** * Return:
 296:.\Generated_Source\PSoC4/Wakeup_Pin_Int.c **** *   None
 297:.\Generated_Source\PSoC4/Wakeup_Pin_Int.c **** *
 298:.\Generated_Source\PSoC4/Wakeup_Pin_Int.c **** *******************************************************************************/
 299:.\Generated_Source\PSoC4/Wakeup_Pin_Int.c **** void Wakeup_Pin_Int_Enable(void)
 300:.\Generated_Source\PSoC4/Wakeup_Pin_Int.c **** {
 162              		.loc 1 300 0
 163              		.cfi_startproc
 301:.\Generated_Source\PSoC4/Wakeup_Pin_Int.c ****     /* Enable the general interrupt. */
 302:.\Generated_Source\PSoC4/Wakeup_Pin_Int.c ****     *Wakeup_Pin_Int_INTC_SET_EN = Wakeup_Pin_Int__INTC_MASK;
 164              		.loc 1 302 0
 165 0000 0122     		mov	r2, #1
 166 0002 014B     		ldr	r3, .L15
 167 0004 1A60     		str	r2, [r3]
 303:.\Generated_Source\PSoC4/Wakeup_Pin_Int.c **** }
 168              		.loc 1 303 0
 169              		@ sp needed
 170 0006 7047     		bx	lr
 171              	.L16:
 172              		.align	2
 173              	.L15:
 174 0008 00E100E0 		.word	-536813312
 175              		.cfi_endproc
 176              	.LFE10:
 177              		.size	Wakeup_Pin_Int_Enable, .-Wakeup_Pin_Int_Enable
 178              		.section	.text.Wakeup_Pin_Int_GetState,"ax",%progbits
 179              		.align	2
 180              		.global	Wakeup_Pin_Int_GetState
 181              		.code	16
 182              		.thumb_func
 183              		.type	Wakeup_Pin_Int_GetState, %function
 184              	Wakeup_Pin_Int_GetState:
 185              	.LFB11:
 304:.\Generated_Source\PSoC4/Wakeup_Pin_Int.c **** 
 305:.\Generated_Source\PSoC4/Wakeup_Pin_Int.c **** 
 306:.\Generated_Source\PSoC4/Wakeup_Pin_Int.c **** /*******************************************************************************
 307:.\Generated_Source\PSoC4/Wakeup_Pin_Int.c **** * Function Name: Wakeup_Pin_Int_GetState
 308:.\Generated_Source\PSoC4/Wakeup_Pin_Int.c **** ********************************************************************************
 309:.\Generated_Source\PSoC4/Wakeup_Pin_Int.c **** *
 310:.\Generated_Source\PSoC4/Wakeup_Pin_Int.c **** * Summary:
 311:.\Generated_Source\PSoC4/Wakeup_Pin_Int.c **** *   Gets the state (enabled, disabled) of the Interrupt.
 312:.\Generated_Source\PSoC4/Wakeup_Pin_Int.c **** *
 313:.\Generated_Source\PSoC4/Wakeup_Pin_Int.c **** * Parameters:
 314:.\Generated_Source\PSoC4/Wakeup_Pin_Int.c **** *   None
 315:.\Generated_Source\PSoC4/Wakeup_Pin_Int.c **** *
 316:.\Generated_Source\PSoC4/Wakeup_Pin_Int.c **** * Return:
 317:.\Generated_Source\PSoC4/Wakeup_Pin_Int.c **** *   1 if enabled, 0 if disabled.
 318:.\Generated_Source\PSoC4/Wakeup_Pin_Int.c **** *
 319:.\Generated_Source\PSoC4/Wakeup_Pin_Int.c **** *******************************************************************************/
 320:.\Generated_Source\PSoC4/Wakeup_Pin_Int.c **** uint8 Wakeup_Pin_Int_GetState(void)
 321:.\Generated_Source\PSoC4/Wakeup_Pin_Int.c **** {
 186              		.loc 1 321 0
 187              		.cfi_startproc
 322:.\Generated_Source\PSoC4/Wakeup_Pin_Int.c ****     /* Get the state of the general interrupt. */
 323:.\Generated_Source\PSoC4/Wakeup_Pin_Int.c ****     return ((*Wakeup_Pin_Int_INTC_SET_EN & (uint32)Wakeup_Pin_Int__INTC_MASK) != 0u) ? 1u:0u;
 188              		.loc 1 323 0
 189 0000 024B     		ldr	r3, .L18
ARM GAS  C:\Users\Luci\AppData\Local\Temp\ccQTS4PI.s 			page 10


 190 0002 1B68     		ldr	r3, [r3]
 191 0004 0120     		mov	r0, #1
 192 0006 1840     		and	r0, r3
 324:.\Generated_Source\PSoC4/Wakeup_Pin_Int.c **** }
 193              		.loc 1 324 0
 194              		@ sp needed
 195 0008 7047     		bx	lr
 196              	.L19:
 197 000a C046     		.align	2
 198              	.L18:
 199 000c 00E100E0 		.word	-536813312
 200              		.cfi_endproc
 201              	.LFE11:
 202              		.size	Wakeup_Pin_Int_GetState, .-Wakeup_Pin_Int_GetState
 203              		.section	.text.Wakeup_Pin_Int_Disable,"ax",%progbits
 204              		.align	2
 205              		.global	Wakeup_Pin_Int_Disable
 206              		.code	16
 207              		.thumb_func
 208              		.type	Wakeup_Pin_Int_Disable, %function
 209              	Wakeup_Pin_Int_Disable:
 210              	.LFB12:
 325:.\Generated_Source\PSoC4/Wakeup_Pin_Int.c **** 
 326:.\Generated_Source\PSoC4/Wakeup_Pin_Int.c **** 
 327:.\Generated_Source\PSoC4/Wakeup_Pin_Int.c **** /*******************************************************************************
 328:.\Generated_Source\PSoC4/Wakeup_Pin_Int.c **** * Function Name: Wakeup_Pin_Int_Disable
 329:.\Generated_Source\PSoC4/Wakeup_Pin_Int.c **** ********************************************************************************
 330:.\Generated_Source\PSoC4/Wakeup_Pin_Int.c **** *
 331:.\Generated_Source\PSoC4/Wakeup_Pin_Int.c **** * Summary:
 332:.\Generated_Source\PSoC4/Wakeup_Pin_Int.c **** *   Disables the Interrupt in the interrupt controller.
 333:.\Generated_Source\PSoC4/Wakeup_Pin_Int.c **** *
 334:.\Generated_Source\PSoC4/Wakeup_Pin_Int.c **** * Parameters:
 335:.\Generated_Source\PSoC4/Wakeup_Pin_Int.c **** *   None
 336:.\Generated_Source\PSoC4/Wakeup_Pin_Int.c **** *
 337:.\Generated_Source\PSoC4/Wakeup_Pin_Int.c **** * Return:
 338:.\Generated_Source\PSoC4/Wakeup_Pin_Int.c **** *   None
 339:.\Generated_Source\PSoC4/Wakeup_Pin_Int.c **** *
 340:.\Generated_Source\PSoC4/Wakeup_Pin_Int.c **** *******************************************************************************/
 341:.\Generated_Source\PSoC4/Wakeup_Pin_Int.c **** void Wakeup_Pin_Int_Disable(void)
 342:.\Generated_Source\PSoC4/Wakeup_Pin_Int.c **** {
 211              		.loc 1 342 0
 212              		.cfi_startproc
 343:.\Generated_Source\PSoC4/Wakeup_Pin_Int.c ****     /* Disable the general interrupt. */
 344:.\Generated_Source\PSoC4/Wakeup_Pin_Int.c ****     *Wakeup_Pin_Int_INTC_CLR_EN = Wakeup_Pin_Int__INTC_MASK;
 213              		.loc 1 344 0
 214 0000 0122     		mov	r2, #1
 215 0002 014B     		ldr	r3, .L21
 216 0004 1A60     		str	r2, [r3]
 345:.\Generated_Source\PSoC4/Wakeup_Pin_Int.c **** }
 217              		.loc 1 345 0
 218              		@ sp needed
 219 0006 7047     		bx	lr
 220              	.L22:
 221              		.align	2
 222              	.L21:
 223 0008 80E100E0 		.word	-536813184
 224              		.cfi_endproc
ARM GAS  C:\Users\Luci\AppData\Local\Temp\ccQTS4PI.s 			page 11


 225              	.LFE12:
 226              		.size	Wakeup_Pin_Int_Disable, .-Wakeup_Pin_Int_Disable
 227              		.section	.text.Wakeup_Pin_Int_Start,"ax",%progbits
 228              		.align	2
 229              		.global	Wakeup_Pin_Int_Start
 230              		.code	16
 231              		.thumb_func
 232              		.type	Wakeup_Pin_Int_Start, %function
 233              	Wakeup_Pin_Int_Start:
 234              	.LFB2:
  56:.\Generated_Source\PSoC4/Wakeup_Pin_Int.c **** {
 235              		.loc 1 56 0
 236              		.cfi_startproc
 237 0000 08B5     		push	{r3, lr}
 238              		.cfi_def_cfa_offset 8
 239              		.cfi_offset 3, -8
 240              		.cfi_offset 14, -4
  58:.\Generated_Source\PSoC4/Wakeup_Pin_Int.c ****     Wakeup_Pin_Int_Disable();
 241              		.loc 1 58 0
 242 0002 FFF7FEFF 		bl	Wakeup_Pin_Int_Disable
 243              	.LVL8:
  61:.\Generated_Source\PSoC4/Wakeup_Pin_Int.c ****     Wakeup_Pin_Int_SetVector(&Wakeup_Pin_Int_Interrupt);
 244              		.loc 1 61 0
 245 0006 0448     		ldr	r0, .L24
 246 0008 FFF7FEFF 		bl	Wakeup_Pin_Int_SetVector
 247              	.LVL9:
  64:.\Generated_Source\PSoC4/Wakeup_Pin_Int.c ****     Wakeup_Pin_Int_SetPriority((uint8)Wakeup_Pin_Int_INTC_PRIOR_NUMBER);
 248              		.loc 1 64 0
 249 000c 0320     		mov	r0, #3
 250 000e FFF7FEFF 		bl	Wakeup_Pin_Int_SetPriority
 251              	.LVL10:
  67:.\Generated_Source\PSoC4/Wakeup_Pin_Int.c ****     Wakeup_Pin_Int_Enable();
 252              		.loc 1 67 0
 253 0012 FFF7FEFF 		bl	Wakeup_Pin_Int_Enable
 254              	.LVL11:
  68:.\Generated_Source\PSoC4/Wakeup_Pin_Int.c **** }
 255              		.loc 1 68 0
 256              		@ sp needed
 257 0016 08BD     		pop	{r3, pc}
 258              	.L25:
 259              		.align	2
 260              	.L24:
 261 0018 00000000 		.word	Wakeup_Pin_Int_Interrupt
 262              		.cfi_endproc
 263              	.LFE2:
 264              		.size	Wakeup_Pin_Int_Start, .-Wakeup_Pin_Int_Start
 265              		.section	.text.Wakeup_Pin_Int_StartEx,"ax",%progbits
 266              		.align	2
 267              		.global	Wakeup_Pin_Int_StartEx
 268              		.code	16
 269              		.thumb_func
 270              		.type	Wakeup_Pin_Int_StartEx, %function
 271              	Wakeup_Pin_Int_StartEx:
 272              	.LFB3:
  99:.\Generated_Source\PSoC4/Wakeup_Pin_Int.c **** {
 273              		.loc 1 99 0
 274              		.cfi_startproc
ARM GAS  C:\Users\Luci\AppData\Local\Temp\ccQTS4PI.s 			page 12


 275              	.LVL12:
 276 0000 10B5     		push	{r4, lr}
 277              		.cfi_def_cfa_offset 8
 278              		.cfi_offset 4, -8
 279              		.cfi_offset 14, -4
 280 0002 041C     		mov	r4, r0
 101:.\Generated_Source\PSoC4/Wakeup_Pin_Int.c ****     Wakeup_Pin_Int_Disable();
 281              		.loc 1 101 0
 282 0004 FFF7FEFF 		bl	Wakeup_Pin_Int_Disable
 283              	.LVL13:
 104:.\Generated_Source\PSoC4/Wakeup_Pin_Int.c ****     Wakeup_Pin_Int_SetVector(address);
 284              		.loc 1 104 0
 285 0008 201C     		mov	r0, r4
 286 000a FFF7FEFF 		bl	Wakeup_Pin_Int_SetVector
 287              	.LVL14:
 107:.\Generated_Source\PSoC4/Wakeup_Pin_Int.c ****     Wakeup_Pin_Int_SetPriority((uint8)Wakeup_Pin_Int_INTC_PRIOR_NUMBER);
 288              		.loc 1 107 0
 289 000e 0320     		mov	r0, #3
 290 0010 FFF7FEFF 		bl	Wakeup_Pin_Int_SetPriority
 291              	.LVL15:
 110:.\Generated_Source\PSoC4/Wakeup_Pin_Int.c ****     Wakeup_Pin_Int_Enable();
 292              		.loc 1 110 0
 293 0014 FFF7FEFF 		bl	Wakeup_Pin_Int_Enable
 294              	.LVL16:
 111:.\Generated_Source\PSoC4/Wakeup_Pin_Int.c **** }
 295              		.loc 1 111 0
 296              		@ sp needed
 297              	.LVL17:
 298 0018 10BD     		pop	{r4, pc}
 299              		.cfi_endproc
 300              	.LFE3:
 301              		.size	Wakeup_Pin_Int_StartEx, .-Wakeup_Pin_Int_StartEx
 302 001a C046     		.section	.text.Wakeup_Pin_Int_Stop,"ax",%progbits
 303              		.align	2
 304              		.global	Wakeup_Pin_Int_Stop
 305              		.code	16
 306              		.thumb_func
 307              		.type	Wakeup_Pin_Int_Stop, %function
 308              	Wakeup_Pin_Int_Stop:
 309              	.LFB4:
 129:.\Generated_Source\PSoC4/Wakeup_Pin_Int.c **** {
 310              		.loc 1 129 0
 311              		.cfi_startproc
 312 0000 08B5     		push	{r3, lr}
 313              		.cfi_def_cfa_offset 8
 314              		.cfi_offset 3, -8
 315              		.cfi_offset 14, -4
 131:.\Generated_Source\PSoC4/Wakeup_Pin_Int.c ****     Wakeup_Pin_Int_Disable();
 316              		.loc 1 131 0
 317 0002 FFF7FEFF 		bl	Wakeup_Pin_Int_Disable
 318              	.LVL18:
 134:.\Generated_Source\PSoC4/Wakeup_Pin_Int.c ****     Wakeup_Pin_Int_SetVector(&IntDefaultHandler);
 319              		.loc 1 134 0
 320 0006 0248     		ldr	r0, .L28
 321 0008 FFF7FEFF 		bl	Wakeup_Pin_Int_SetVector
 322              	.LVL19:
 135:.\Generated_Source\PSoC4/Wakeup_Pin_Int.c **** }
ARM GAS  C:\Users\Luci\AppData\Local\Temp\ccQTS4PI.s 			page 13


 323              		.loc 1 135 0
 324              		@ sp needed
 325 000c 08BD     		pop	{r3, pc}
 326              	.L29:
 327 000e C046     		.align	2
 328              	.L28:
 329 0010 00000000 		.word	IntDefaultHandler
 330              		.cfi_endproc
 331              	.LFE4:
 332              		.size	Wakeup_Pin_Int_Stop, .-Wakeup_Pin_Int_Stop
 333              		.section	.text.Wakeup_Pin_Int_SetPending,"ax",%progbits
 334              		.align	2
 335              		.global	Wakeup_Pin_Int_SetPending
 336              		.code	16
 337              		.thumb_func
 338              		.type	Wakeup_Pin_Int_SetPending, %function
 339              	Wakeup_Pin_Int_SetPending:
 340              	.LFB13:
 346:.\Generated_Source\PSoC4/Wakeup_Pin_Int.c **** 
 347:.\Generated_Source\PSoC4/Wakeup_Pin_Int.c **** 
 348:.\Generated_Source\PSoC4/Wakeup_Pin_Int.c **** /*******************************************************************************
 349:.\Generated_Source\PSoC4/Wakeup_Pin_Int.c **** * Function Name: Wakeup_Pin_Int_SetPending
 350:.\Generated_Source\PSoC4/Wakeup_Pin_Int.c **** ********************************************************************************
 351:.\Generated_Source\PSoC4/Wakeup_Pin_Int.c **** *
 352:.\Generated_Source\PSoC4/Wakeup_Pin_Int.c **** * Summary:
 353:.\Generated_Source\PSoC4/Wakeup_Pin_Int.c **** *   Causes the Interrupt to enter the pending state, a software method of
 354:.\Generated_Source\PSoC4/Wakeup_Pin_Int.c **** *   generating the interrupt.
 355:.\Generated_Source\PSoC4/Wakeup_Pin_Int.c **** *
 356:.\Generated_Source\PSoC4/Wakeup_Pin_Int.c **** * Parameters:
 357:.\Generated_Source\PSoC4/Wakeup_Pin_Int.c **** *   None
 358:.\Generated_Source\PSoC4/Wakeup_Pin_Int.c **** *
 359:.\Generated_Source\PSoC4/Wakeup_Pin_Int.c **** * Return:
 360:.\Generated_Source\PSoC4/Wakeup_Pin_Int.c **** *   None
 361:.\Generated_Source\PSoC4/Wakeup_Pin_Int.c **** *
 362:.\Generated_Source\PSoC4/Wakeup_Pin_Int.c **** * Side Effects:
 363:.\Generated_Source\PSoC4/Wakeup_Pin_Int.c **** *   If interrupts are enabled and the interrupt is set up properly, the ISR is
 364:.\Generated_Source\PSoC4/Wakeup_Pin_Int.c **** *   entered (depending on the priority of this interrupt and other pending 
 365:.\Generated_Source\PSoC4/Wakeup_Pin_Int.c **** *   interrupts).
 366:.\Generated_Source\PSoC4/Wakeup_Pin_Int.c **** *
 367:.\Generated_Source\PSoC4/Wakeup_Pin_Int.c **** *******************************************************************************/
 368:.\Generated_Source\PSoC4/Wakeup_Pin_Int.c **** void Wakeup_Pin_Int_SetPending(void)
 369:.\Generated_Source\PSoC4/Wakeup_Pin_Int.c **** {
 341              		.loc 1 369 0
 342              		.cfi_startproc
 370:.\Generated_Source\PSoC4/Wakeup_Pin_Int.c ****     *Wakeup_Pin_Int_INTC_SET_PD = Wakeup_Pin_Int__INTC_MASK;
 343              		.loc 1 370 0
 344 0000 0122     		mov	r2, #1
 345 0002 014B     		ldr	r3, .L31
 346 0004 1A60     		str	r2, [r3]
 371:.\Generated_Source\PSoC4/Wakeup_Pin_Int.c **** }
 347              		.loc 1 371 0
 348              		@ sp needed
 349 0006 7047     		bx	lr
 350              	.L32:
 351              		.align	2
 352              	.L31:
 353 0008 00E200E0 		.word	-536813056
ARM GAS  C:\Users\Luci\AppData\Local\Temp\ccQTS4PI.s 			page 14


 354              		.cfi_endproc
 355              	.LFE13:
 356              		.size	Wakeup_Pin_Int_SetPending, .-Wakeup_Pin_Int_SetPending
 357              		.section	.text.Wakeup_Pin_Int_ClearPending,"ax",%progbits
 358              		.align	2
 359              		.global	Wakeup_Pin_Int_ClearPending
 360              		.code	16
 361              		.thumb_func
 362              		.type	Wakeup_Pin_Int_ClearPending, %function
 363              	Wakeup_Pin_Int_ClearPending:
 364              	.LFB14:
 372:.\Generated_Source\PSoC4/Wakeup_Pin_Int.c **** 
 373:.\Generated_Source\PSoC4/Wakeup_Pin_Int.c **** 
 374:.\Generated_Source\PSoC4/Wakeup_Pin_Int.c **** /*******************************************************************************
 375:.\Generated_Source\PSoC4/Wakeup_Pin_Int.c **** * Function Name: Wakeup_Pin_Int_ClearPending
 376:.\Generated_Source\PSoC4/Wakeup_Pin_Int.c **** ********************************************************************************
 377:.\Generated_Source\PSoC4/Wakeup_Pin_Int.c **** *
 378:.\Generated_Source\PSoC4/Wakeup_Pin_Int.c **** * Summary:
 379:.\Generated_Source\PSoC4/Wakeup_Pin_Int.c **** *   Clears a pending interrupt in the interrupt controller.
 380:.\Generated_Source\PSoC4/Wakeup_Pin_Int.c **** *
 381:.\Generated_Source\PSoC4/Wakeup_Pin_Int.c **** *   Note Some interrupt sources are clear-on-read and require the block 
 382:.\Generated_Source\PSoC4/Wakeup_Pin_Int.c **** *   interrupt/status register to be read/cleared with the appropriate block API 
 383:.\Generated_Source\PSoC4/Wakeup_Pin_Int.c **** *   (GPIO, UART, and so on). Otherwise the ISR will continue to remain in 
 384:.\Generated_Source\PSoC4/Wakeup_Pin_Int.c **** *   pending state even though the interrupt itself is cleared using this API.
 385:.\Generated_Source\PSoC4/Wakeup_Pin_Int.c **** *
 386:.\Generated_Source\PSoC4/Wakeup_Pin_Int.c **** * Parameters:
 387:.\Generated_Source\PSoC4/Wakeup_Pin_Int.c **** *   None
 388:.\Generated_Source\PSoC4/Wakeup_Pin_Int.c **** *
 389:.\Generated_Source\PSoC4/Wakeup_Pin_Int.c **** * Return:
 390:.\Generated_Source\PSoC4/Wakeup_Pin_Int.c **** *   None
 391:.\Generated_Source\PSoC4/Wakeup_Pin_Int.c **** *
 392:.\Generated_Source\PSoC4/Wakeup_Pin_Int.c **** *******************************************************************************/
 393:.\Generated_Source\PSoC4/Wakeup_Pin_Int.c **** void Wakeup_Pin_Int_ClearPending(void)
 394:.\Generated_Source\PSoC4/Wakeup_Pin_Int.c **** {
 365              		.loc 1 394 0
 366              		.cfi_startproc
 395:.\Generated_Source\PSoC4/Wakeup_Pin_Int.c ****     *Wakeup_Pin_Int_INTC_CLR_PD = Wakeup_Pin_Int__INTC_MASK;
 367              		.loc 1 395 0
 368 0000 0122     		mov	r2, #1
 369 0002 014B     		ldr	r3, .L34
 370 0004 1A60     		str	r2, [r3]
 396:.\Generated_Source\PSoC4/Wakeup_Pin_Int.c **** }
 371              		.loc 1 396 0
 372              		@ sp needed
 373 0006 7047     		bx	lr
 374              	.L35:
 375              		.align	2
 376              	.L34:
 377 0008 80E200E0 		.word	-536812928
 378              		.cfi_endproc
 379              	.LFE14:
 380              		.size	Wakeup_Pin_Int_ClearPending, .-Wakeup_Pin_Int_ClearPending
 381              		.text
 382              	.Letext0:
 383              		.file 2 "Generated_Source\\PSoC4/cytypes.h"
 384              		.file 3 "Generated_Source\\PSoC4/CyLib.h"
 385              		.section	.debug_info,"",%progbits
ARM GAS  C:\Users\Luci\AppData\Local\Temp\ccQTS4PI.s 			page 15


 386              	.Ldebug_info0:
 387 0000 FA020000 		.4byte	0x2fa
 388 0004 0400     		.2byte	0x4
 389 0006 00000000 		.4byte	.Ldebug_abbrev0
 390 000a 04       		.byte	0x4
 391 000b 01       		.uleb128 0x1
 392 000c 0E020000 		.4byte	.LASF33
 393 0010 01       		.byte	0x1
 394 0011 BA000000 		.4byte	.LASF34
 395 0015 68000000 		.4byte	.LASF35
 396 0019 00000000 		.4byte	.Ldebug_ranges0+0
 397 001d 00000000 		.4byte	0
 398 0021 00000000 		.4byte	.Ldebug_line0
 399 0025 02       		.uleb128 0x2
 400 0026 01       		.byte	0x1
 401 0027 06       		.byte	0x6
 402 0028 50030000 		.4byte	.LASF0
 403 002c 02       		.uleb128 0x2
 404 002d 01       		.byte	0x1
 405 002e 08       		.byte	0x8
 406 002f 01010000 		.4byte	.LASF1
 407 0033 02       		.uleb128 0x2
 408 0034 02       		.byte	0x2
 409 0035 05       		.byte	0x5
 410 0036 2E030000 		.4byte	.LASF2
 411 003a 02       		.uleb128 0x2
 412 003b 02       		.byte	0x2
 413 003c 07       		.byte	0x7
 414 003d 2A000000 		.4byte	.LASF3
 415 0041 02       		.uleb128 0x2
 416 0042 04       		.byte	0x4
 417 0043 05       		.byte	0x5
 418 0044 47030000 		.4byte	.LASF4
 419 0048 02       		.uleb128 0x2
 420 0049 04       		.byte	0x4
 421 004a 07       		.byte	0x7
 422 004b 39010000 		.4byte	.LASF5
 423 004f 02       		.uleb128 0x2
 424 0050 08       		.byte	0x8
 425 0051 05       		.byte	0x5
 426 0052 B5020000 		.4byte	.LASF6
 427 0056 02       		.uleb128 0x2
 428 0057 08       		.byte	0x8
 429 0058 07       		.byte	0x7
 430 0059 EA000000 		.4byte	.LASF7
 431 005d 03       		.uleb128 0x3
 432 005e 04       		.byte	0x4
 433 005f 05       		.byte	0x5
 434 0060 696E7400 		.ascii	"int\000"
 435 0064 02       		.uleb128 0x2
 436 0065 04       		.byte	0x4
 437 0066 07       		.byte	0x7
 438 0067 AE010000 		.4byte	.LASF8
 439 006b 04       		.uleb128 0x4
 440 006c 4B010000 		.4byte	.LASF9
 441 0070 02       		.byte	0x2
 442 0071 B3       		.byte	0xb3
ARM GAS  C:\Users\Luci\AppData\Local\Temp\ccQTS4PI.s 			page 16


 443 0072 2C000000 		.4byte	0x2c
 444 0076 04       		.uleb128 0x4
 445 0077 90010000 		.4byte	.LASF10
 446 007b 02       		.byte	0x2
 447 007c B5       		.byte	0xb5
 448 007d 48000000 		.4byte	0x48
 449 0081 02       		.uleb128 0x2
 450 0082 04       		.byte	0x4
 451 0083 04       		.byte	0x4
 452 0084 E4000000 		.4byte	.LASF11
 453 0088 02       		.uleb128 0x2
 454 0089 08       		.byte	0x8
 455 008a 04       		.byte	0x4
 456 008b 73010000 		.4byte	.LASF12
 457 008f 02       		.uleb128 0x2
 458 0090 01       		.byte	0x1
 459 0091 08       		.byte	0x8
 460 0092 DB020000 		.4byte	.LASF13
 461 0096 05       		.uleb128 0x5
 462 0097 00000000 		.4byte	.LASF14
 463 009b 02       		.byte	0x2
 464 009c 5F01     		.2byte	0x15f
 465 009e A2000000 		.4byte	0xa2
 466 00a2 06       		.uleb128 0x6
 467 00a3 76000000 		.4byte	0x76
 468 00a7 05       		.uleb128 0x5
 469 00a8 8A020000 		.4byte	.LASF15
 470 00ac 02       		.byte	0x2
 471 00ad 6F01     		.2byte	0x16f
 472 00af B3000000 		.4byte	0xb3
 473 00b3 07       		.uleb128 0x7
 474 00b4 04       		.byte	0x4
 475 00b5 B9000000 		.4byte	0xb9
 476 00b9 08       		.uleb128 0x8
 477 00ba 02       		.uleb128 0x2
 478 00bb 04       		.byte	0x4
 479 00bc 07       		.byte	0x7
 480 00bd 97020000 		.4byte	.LASF16
 481 00c1 09       		.uleb128 0x9
 482 00c2 15030000 		.4byte	.LASF23
 483 00c6 01       		.byte	0x1
 484 00c7 9E       		.byte	0x9e
 485 00c8 00000000 		.4byte	.LFB5
 486 00cc 02000000 		.4byte	.LFE5-.LFB5
 487 00d0 01       		.uleb128 0x1
 488 00d1 9C       		.byte	0x9c
 489 00d2 0A       		.uleb128 0xa
 490 00d3 51010000 		.4byte	.LASF17
 491 00d7 01       		.byte	0x1
 492 00d8 C2       		.byte	0xc2
 493 00d9 00000000 		.4byte	.LFB6
 494 00dd 0C000000 		.4byte	.LFE6-.LFB6
 495 00e1 01       		.uleb128 0x1
 496 00e2 9C       		.byte	0x9c
 497 00e3 F5000000 		.4byte	0xf5
 498 00e7 0B       		.uleb128 0xb
 499 00e8 BB010000 		.4byte	.LASF19
ARM GAS  C:\Users\Luci\AppData\Local\Temp\ccQTS4PI.s 			page 17


 500 00ec 01       		.byte	0x1
 501 00ed C2       		.byte	0xc2
 502 00ee A7000000 		.4byte	0xa7
 503 00f2 01       		.uleb128 0x1
 504 00f3 50       		.byte	0x50
 505 00f4 00       		.byte	0
 506 00f5 0C       		.uleb128 0xc
 507 00f6 E0020000 		.4byte	.LASF25
 508 00fa 01       		.byte	0x1
 509 00fb D6       		.byte	0xd6
 510 00fc A7000000 		.4byte	0xa7
 511 0100 00000000 		.4byte	.LFB7
 512 0104 0C000000 		.4byte	.LFE7-.LFB7
 513 0108 01       		.uleb128 0x1
 514 0109 9C       		.byte	0x9c
 515 010a 0A       		.uleb128 0xa
 516 010b F3010000 		.4byte	.LASF18
 517 010f 01       		.byte	0x1
 518 0110 F4       		.byte	0xf4
 519 0111 00000000 		.4byte	.LFB8
 520 0115 24000000 		.4byte	.LFE8-.LFB8
 521 0119 01       		.uleb128 0x1
 522 011a 9C       		.byte	0x9c
 523 011b 5C010000 		.4byte	0x15c
 524 011f 0D       		.uleb128 0xd
 525 0120 6A010000 		.4byte	.LASF20
 526 0124 01       		.byte	0x1
 527 0125 F4       		.byte	0xf4
 528 0126 6B000000 		.4byte	0x6b
 529 012a 00000000 		.4byte	.LLST0
 530 012e 0E       		.uleb128 0xe
 531 012f 2A010000 		.4byte	.LASF21
 532 0133 01       		.byte	0x1
 533 0134 F6       		.byte	0xf6
 534 0135 6B000000 		.4byte	0x6b
 535 0139 21000000 		.4byte	.LLST1
 536 013d 0F       		.uleb128 0xf
 537 013e 38030000 		.4byte	.LASF22
 538 0142 01       		.byte	0x1
 539 0143 F7       		.byte	0xf7
 540 0144 76000000 		.4byte	0x76
 541 0148 06       		.byte	0x6
 542 0149 10       		.uleb128 0x10
 543 014a 08000000 		.4byte	.LVL3
 544 014e E5020000 		.4byte	0x2e5
 545 0152 10       		.uleb128 0x10
 546 0153 1C000000 		.4byte	.LVL4
 547 0157 F0020000 		.4byte	0x2f0
 548 015b 00       		.byte	0
 549 015c 11       		.uleb128 0x11
 550 015d 0F010000 		.4byte	.LASF36
 551 0161 01       		.byte	0x1
 552 0162 1001     		.2byte	0x110
 553 0164 6B000000 		.4byte	0x6b
 554 0168 00000000 		.4byte	.LFB9
 555 016c 10000000 		.4byte	.LFE9-.LFB9
 556 0170 01       		.uleb128 0x1
ARM GAS  C:\Users\Luci\AppData\Local\Temp\ccQTS4PI.s 			page 18


 557 0171 9C       		.byte	0x9c
 558 0172 94010000 		.4byte	0x194
 559 0176 12       		.uleb128 0x12
 560 0177 6A010000 		.4byte	.LASF20
 561 017b 01       		.byte	0x1
 562 017c 1201     		.2byte	0x112
 563 017e 76000000 		.4byte	0x76
 564 0182 34000000 		.4byte	.LLST2
 565 0186 13       		.uleb128 0x13
 566 0187 38030000 		.4byte	.LASF22
 567 018b 01       		.byte	0x1
 568 018c 1301     		.2byte	0x113
 569 018e 76000000 		.4byte	0x76
 570 0192 06       		.byte	0x6
 571 0193 00       		.byte	0
 572 0194 14       		.uleb128 0x14
 573 0195 7A010000 		.4byte	.LASF24
 574 0199 01       		.byte	0x1
 575 019a 2B01     		.2byte	0x12b
 576 019c 00000000 		.4byte	.LFB10
 577 01a0 0C000000 		.4byte	.LFE10-.LFB10
 578 01a4 01       		.uleb128 0x1
 579 01a5 9C       		.byte	0x9c
 580 01a6 15       		.uleb128 0x15
 581 01a7 C3020000 		.4byte	.LASF26
 582 01ab 01       		.byte	0x1
 583 01ac 4001     		.2byte	0x140
 584 01ae 6B000000 		.4byte	0x6b
 585 01b2 00000000 		.4byte	.LFB11
 586 01b6 10000000 		.4byte	.LFE11-.LFB11
 587 01ba 01       		.uleb128 0x1
 588 01bb 9C       		.byte	0x9c
 589 01bc 14       		.uleb128 0x14
 590 01bd 51000000 		.4byte	.LASF27
 591 01c1 01       		.byte	0x1
 592 01c2 5501     		.2byte	0x155
 593 01c4 00000000 		.4byte	.LFB12
 594 01c8 0C000000 		.4byte	.LFE12-.LFB12
 595 01cc 01       		.uleb128 0x1
 596 01cd 9C       		.byte	0x9c
 597 01ce 0A       		.uleb128 0xa
 598 01cf A0020000 		.4byte	.LASF28
 599 01d3 01       		.byte	0x1
 600 01d4 37       		.byte	0x37
 601 01d5 00000000 		.4byte	.LFB2
 602 01d9 1C000000 		.4byte	.LFE2-.LFB2
 603 01dd 01       		.uleb128 0x1
 604 01de 9C       		.byte	0x9c
 605 01df 20020000 		.4byte	0x220
 606 01e3 10       		.uleb128 0x10
 607 01e4 06000000 		.4byte	.LVL8
 608 01e8 BC010000 		.4byte	0x1bc
 609 01ec 16       		.uleb128 0x16
 610 01ed 0C000000 		.4byte	.LVL9
 611 01f1 D2000000 		.4byte	0xd2
 612 01f5 03020000 		.4byte	0x203
 613 01f9 17       		.uleb128 0x17
ARM GAS  C:\Users\Luci\AppData\Local\Temp\ccQTS4PI.s 			page 19


 614 01fa 01       		.uleb128 0x1
 615 01fb 50       		.byte	0x50
 616 01fc 05       		.uleb128 0x5
 617 01fd 03       		.byte	0x3
 618 01fe 00000000 		.4byte	Wakeup_Pin_Int_Interrupt
 619 0202 00       		.byte	0
 620 0203 16       		.uleb128 0x16
 621 0204 12000000 		.4byte	.LVL10
 622 0208 0A010000 		.4byte	0x10a
 623 020c 16020000 		.4byte	0x216
 624 0210 17       		.uleb128 0x17
 625 0211 01       		.uleb128 0x1
 626 0212 50       		.byte	0x50
 627 0213 01       		.uleb128 0x1
 628 0214 33       		.byte	0x33
 629 0215 00       		.byte	0
 630 0216 10       		.uleb128 0x10
 631 0217 16000000 		.4byte	.LVL11
 632 021b 94010000 		.4byte	0x194
 633 021f 00       		.byte	0
 634 0220 0A       		.uleb128 0xa
 635 0221 13000000 		.4byte	.LASF29
 636 0225 01       		.byte	0x1
 637 0226 62       		.byte	0x62
 638 0227 00000000 		.4byte	.LFB3
 639 022b 1A000000 		.4byte	.LFE3-.LFB3
 640 022f 01       		.uleb128 0x1
 641 0230 9C       		.byte	0x9c
 642 0231 7E020000 		.4byte	0x27e
 643 0235 0D       		.uleb128 0xd
 644 0236 BB010000 		.4byte	.LASF19
 645 023a 01       		.byte	0x1
 646 023b 62       		.byte	0x62
 647 023c A7000000 		.4byte	0xa7
 648 0240 56000000 		.4byte	.LLST3
 649 0244 10       		.uleb128 0x10
 650 0245 08000000 		.4byte	.LVL13
 651 0249 BC010000 		.4byte	0x1bc
 652 024d 16       		.uleb128 0x16
 653 024e 0E000000 		.4byte	.LVL14
 654 0252 D2000000 		.4byte	0xd2
 655 0256 61020000 		.4byte	0x261
 656 025a 17       		.uleb128 0x17
 657 025b 01       		.uleb128 0x1
 658 025c 50       		.byte	0x50
 659 025d 02       		.uleb128 0x2
 660 025e 74       		.byte	0x74
 661 025f 00       		.sleb128 0
 662 0260 00       		.byte	0
 663 0261 16       		.uleb128 0x16
 664 0262 14000000 		.4byte	.LVL15
 665 0266 0A010000 		.4byte	0x10a
 666 026a 74020000 		.4byte	0x274
 667 026e 17       		.uleb128 0x17
 668 026f 01       		.uleb128 0x1
 669 0270 50       		.byte	0x50
 670 0271 01       		.uleb128 0x1
ARM GAS  C:\Users\Luci\AppData\Local\Temp\ccQTS4PI.s 			page 20


 671 0272 33       		.byte	0x33
 672 0273 00       		.byte	0
 673 0274 10       		.uleb128 0x10
 674 0275 18000000 		.4byte	.LVL16
 675 0279 94010000 		.4byte	0x194
 676 027d 00       		.byte	0
 677 027e 0A       		.uleb128 0xa
 678 027f 3D000000 		.4byte	.LASF30
 679 0283 01       		.byte	0x1
 680 0284 80       		.byte	0x80
 681 0285 00000000 		.4byte	.LFB4
 682 0289 14000000 		.4byte	.LFE4-.LFB4
 683 028d 01       		.uleb128 0x1
 684 028e 9C       		.byte	0x9c
 685 028f A6020000 		.4byte	0x2a6
 686 0293 10       		.uleb128 0x10
 687 0294 06000000 		.4byte	.LVL18
 688 0298 BC010000 		.4byte	0x1bc
 689 029c 10       		.uleb128 0x10
 690 029d 0C000000 		.4byte	.LVL19
 691 02a1 D2000000 		.4byte	0xd2
 692 02a5 00       		.byte	0
 693 02a6 14       		.uleb128 0x14
 694 02a7 D9010000 		.4byte	.LASF31
 695 02ab 01       		.byte	0x1
 696 02ac 7001     		.2byte	0x170
 697 02ae 00000000 		.4byte	.LFB13
 698 02b2 0C000000 		.4byte	.LFE13-.LFB13
 699 02b6 01       		.uleb128 0x1
 700 02b7 9C       		.byte	0x9c
 701 02b8 14       		.uleb128 0x14
 702 02b9 F9020000 		.4byte	.LASF32
 703 02bd 01       		.byte	0x1
 704 02be 8901     		.2byte	0x189
 705 02c0 00000000 		.4byte	.LFB14
 706 02c4 0C000000 		.4byte	.LFE14-.LFB14
 707 02c8 01       		.uleb128 0x1
 708 02c9 9C       		.byte	0x9c
 709 02ca 18       		.uleb128 0x18
 710 02cb A7000000 		.4byte	0xa7
 711 02cf DA020000 		.4byte	0x2da
 712 02d3 19       		.uleb128 0x19
 713 02d4 BA000000 		.4byte	0xba
 714 02d8 2F       		.byte	0x2f
 715 02d9 00       		.byte	0
 716 02da 1A       		.uleb128 0x1a
 717 02db 06000000 		.4byte	.LASF37
 718 02df 01       		.byte	0x1
 719 02e0 20       		.byte	0x20
 720 02e1 CA020000 		.4byte	0x2ca
 721 02e5 1B       		.uleb128 0x1b
 722 02e6 97010000 		.4byte	.LASF38
 723 02ea 03       		.byte	0x3
 724 02eb 5E       		.byte	0x5e
 725 02ec 6B000000 		.4byte	0x6b
 726 02f0 1C       		.uleb128 0x1c
 727 02f1 C3010000 		.4byte	.LASF39
ARM GAS  C:\Users\Luci\AppData\Local\Temp\ccQTS4PI.s 			page 21


 728 02f5 03       		.byte	0x3
 729 02f6 5F       		.byte	0x5f
 730 02f7 1D       		.uleb128 0x1d
 731 02f8 6B000000 		.4byte	0x6b
 732 02fc 00       		.byte	0
 733 02fd 00       		.byte	0
 734              		.section	.debug_abbrev,"",%progbits
 735              	.Ldebug_abbrev0:
 736 0000 01       		.uleb128 0x1
 737 0001 11       		.uleb128 0x11
 738 0002 01       		.byte	0x1
 739 0003 25       		.uleb128 0x25
 740 0004 0E       		.uleb128 0xe
 741 0005 13       		.uleb128 0x13
 742 0006 0B       		.uleb128 0xb
 743 0007 03       		.uleb128 0x3
 744 0008 0E       		.uleb128 0xe
 745 0009 1B       		.uleb128 0x1b
 746 000a 0E       		.uleb128 0xe
 747 000b 55       		.uleb128 0x55
 748 000c 17       		.uleb128 0x17
 749 000d 11       		.uleb128 0x11
 750 000e 01       		.uleb128 0x1
 751 000f 10       		.uleb128 0x10
 752 0010 17       		.uleb128 0x17
 753 0011 00       		.byte	0
 754 0012 00       		.byte	0
 755 0013 02       		.uleb128 0x2
 756 0014 24       		.uleb128 0x24
 757 0015 00       		.byte	0
 758 0016 0B       		.uleb128 0xb
 759 0017 0B       		.uleb128 0xb
 760 0018 3E       		.uleb128 0x3e
 761 0019 0B       		.uleb128 0xb
 762 001a 03       		.uleb128 0x3
 763 001b 0E       		.uleb128 0xe
 764 001c 00       		.byte	0
 765 001d 00       		.byte	0
 766 001e 03       		.uleb128 0x3
 767 001f 24       		.uleb128 0x24
 768 0020 00       		.byte	0
 769 0021 0B       		.uleb128 0xb
 770 0022 0B       		.uleb128 0xb
 771 0023 3E       		.uleb128 0x3e
 772 0024 0B       		.uleb128 0xb
 773 0025 03       		.uleb128 0x3
 774 0026 08       		.uleb128 0x8
 775 0027 00       		.byte	0
 776 0028 00       		.byte	0
 777 0029 04       		.uleb128 0x4
 778 002a 16       		.uleb128 0x16
 779 002b 00       		.byte	0
 780 002c 03       		.uleb128 0x3
 781 002d 0E       		.uleb128 0xe
 782 002e 3A       		.uleb128 0x3a
 783 002f 0B       		.uleb128 0xb
 784 0030 3B       		.uleb128 0x3b
ARM GAS  C:\Users\Luci\AppData\Local\Temp\ccQTS4PI.s 			page 22


 785 0031 0B       		.uleb128 0xb
 786 0032 49       		.uleb128 0x49
 787 0033 13       		.uleb128 0x13
 788 0034 00       		.byte	0
 789 0035 00       		.byte	0
 790 0036 05       		.uleb128 0x5
 791 0037 16       		.uleb128 0x16
 792 0038 00       		.byte	0
 793 0039 03       		.uleb128 0x3
 794 003a 0E       		.uleb128 0xe
 795 003b 3A       		.uleb128 0x3a
 796 003c 0B       		.uleb128 0xb
 797 003d 3B       		.uleb128 0x3b
 798 003e 05       		.uleb128 0x5
 799 003f 49       		.uleb128 0x49
 800 0040 13       		.uleb128 0x13
 801 0041 00       		.byte	0
 802 0042 00       		.byte	0
 803 0043 06       		.uleb128 0x6
 804 0044 35       		.uleb128 0x35
 805 0045 00       		.byte	0
 806 0046 49       		.uleb128 0x49
 807 0047 13       		.uleb128 0x13
 808 0048 00       		.byte	0
 809 0049 00       		.byte	0
 810 004a 07       		.uleb128 0x7
 811 004b 0F       		.uleb128 0xf
 812 004c 00       		.byte	0
 813 004d 0B       		.uleb128 0xb
 814 004e 0B       		.uleb128 0xb
 815 004f 49       		.uleb128 0x49
 816 0050 13       		.uleb128 0x13
 817 0051 00       		.byte	0
 818 0052 00       		.byte	0
 819 0053 08       		.uleb128 0x8
 820 0054 15       		.uleb128 0x15
 821 0055 00       		.byte	0
 822 0056 27       		.uleb128 0x27
 823 0057 19       		.uleb128 0x19
 824 0058 00       		.byte	0
 825 0059 00       		.byte	0
 826 005a 09       		.uleb128 0x9
 827 005b 2E       		.uleb128 0x2e
 828 005c 00       		.byte	0
 829 005d 3F       		.uleb128 0x3f
 830 005e 19       		.uleb128 0x19
 831 005f 03       		.uleb128 0x3
 832 0060 0E       		.uleb128 0xe
 833 0061 3A       		.uleb128 0x3a
 834 0062 0B       		.uleb128 0xb
 835 0063 3B       		.uleb128 0x3b
 836 0064 0B       		.uleb128 0xb
 837 0065 27       		.uleb128 0x27
 838 0066 19       		.uleb128 0x19
 839 0067 11       		.uleb128 0x11
 840 0068 01       		.uleb128 0x1
 841 0069 12       		.uleb128 0x12
ARM GAS  C:\Users\Luci\AppData\Local\Temp\ccQTS4PI.s 			page 23


 842 006a 06       		.uleb128 0x6
 843 006b 40       		.uleb128 0x40
 844 006c 18       		.uleb128 0x18
 845 006d 9742     		.uleb128 0x2117
 846 006f 19       		.uleb128 0x19
 847 0070 00       		.byte	0
 848 0071 00       		.byte	0
 849 0072 0A       		.uleb128 0xa
 850 0073 2E       		.uleb128 0x2e
 851 0074 01       		.byte	0x1
 852 0075 3F       		.uleb128 0x3f
 853 0076 19       		.uleb128 0x19
 854 0077 03       		.uleb128 0x3
 855 0078 0E       		.uleb128 0xe
 856 0079 3A       		.uleb128 0x3a
 857 007a 0B       		.uleb128 0xb
 858 007b 3B       		.uleb128 0x3b
 859 007c 0B       		.uleb128 0xb
 860 007d 27       		.uleb128 0x27
 861 007e 19       		.uleb128 0x19
 862 007f 11       		.uleb128 0x11
 863 0080 01       		.uleb128 0x1
 864 0081 12       		.uleb128 0x12
 865 0082 06       		.uleb128 0x6
 866 0083 40       		.uleb128 0x40
 867 0084 18       		.uleb128 0x18
 868 0085 9742     		.uleb128 0x2117
 869 0087 19       		.uleb128 0x19
 870 0088 01       		.uleb128 0x1
 871 0089 13       		.uleb128 0x13
 872 008a 00       		.byte	0
 873 008b 00       		.byte	0
 874 008c 0B       		.uleb128 0xb
 875 008d 05       		.uleb128 0x5
 876 008e 00       		.byte	0
 877 008f 03       		.uleb128 0x3
 878 0090 0E       		.uleb128 0xe
 879 0091 3A       		.uleb128 0x3a
 880 0092 0B       		.uleb128 0xb
 881 0093 3B       		.uleb128 0x3b
 882 0094 0B       		.uleb128 0xb
 883 0095 49       		.uleb128 0x49
 884 0096 13       		.uleb128 0x13
 885 0097 02       		.uleb128 0x2
 886 0098 18       		.uleb128 0x18
 887 0099 00       		.byte	0
 888 009a 00       		.byte	0
 889 009b 0C       		.uleb128 0xc
 890 009c 2E       		.uleb128 0x2e
 891 009d 00       		.byte	0
 892 009e 3F       		.uleb128 0x3f
 893 009f 19       		.uleb128 0x19
 894 00a0 03       		.uleb128 0x3
 895 00a1 0E       		.uleb128 0xe
 896 00a2 3A       		.uleb128 0x3a
 897 00a3 0B       		.uleb128 0xb
 898 00a4 3B       		.uleb128 0x3b
ARM GAS  C:\Users\Luci\AppData\Local\Temp\ccQTS4PI.s 			page 24


 899 00a5 0B       		.uleb128 0xb
 900 00a6 27       		.uleb128 0x27
 901 00a7 19       		.uleb128 0x19
 902 00a8 49       		.uleb128 0x49
 903 00a9 13       		.uleb128 0x13
 904 00aa 11       		.uleb128 0x11
 905 00ab 01       		.uleb128 0x1
 906 00ac 12       		.uleb128 0x12
 907 00ad 06       		.uleb128 0x6
 908 00ae 40       		.uleb128 0x40
 909 00af 18       		.uleb128 0x18
 910 00b0 9742     		.uleb128 0x2117
 911 00b2 19       		.uleb128 0x19
 912 00b3 00       		.byte	0
 913 00b4 00       		.byte	0
 914 00b5 0D       		.uleb128 0xd
 915 00b6 05       		.uleb128 0x5
 916 00b7 00       		.byte	0
 917 00b8 03       		.uleb128 0x3
 918 00b9 0E       		.uleb128 0xe
 919 00ba 3A       		.uleb128 0x3a
 920 00bb 0B       		.uleb128 0xb
 921 00bc 3B       		.uleb128 0x3b
 922 00bd 0B       		.uleb128 0xb
 923 00be 49       		.uleb128 0x49
 924 00bf 13       		.uleb128 0x13
 925 00c0 02       		.uleb128 0x2
 926 00c1 17       		.uleb128 0x17
 927 00c2 00       		.byte	0
 928 00c3 00       		.byte	0
 929 00c4 0E       		.uleb128 0xe
 930 00c5 34       		.uleb128 0x34
 931 00c6 00       		.byte	0
 932 00c7 03       		.uleb128 0x3
 933 00c8 0E       		.uleb128 0xe
 934 00c9 3A       		.uleb128 0x3a
 935 00ca 0B       		.uleb128 0xb
 936 00cb 3B       		.uleb128 0x3b
 937 00cc 0B       		.uleb128 0xb
 938 00cd 49       		.uleb128 0x49
 939 00ce 13       		.uleb128 0x13
 940 00cf 02       		.uleb128 0x2
 941 00d0 17       		.uleb128 0x17
 942 00d1 00       		.byte	0
 943 00d2 00       		.byte	0
 944 00d3 0F       		.uleb128 0xf
 945 00d4 34       		.uleb128 0x34
 946 00d5 00       		.byte	0
 947 00d6 03       		.uleb128 0x3
 948 00d7 0E       		.uleb128 0xe
 949 00d8 3A       		.uleb128 0x3a
 950 00d9 0B       		.uleb128 0xb
 951 00da 3B       		.uleb128 0x3b
 952 00db 0B       		.uleb128 0xb
 953 00dc 49       		.uleb128 0x49
 954 00dd 13       		.uleb128 0x13
 955 00de 1C       		.uleb128 0x1c
ARM GAS  C:\Users\Luci\AppData\Local\Temp\ccQTS4PI.s 			page 25


 956 00df 0B       		.uleb128 0xb
 957 00e0 00       		.byte	0
 958 00e1 00       		.byte	0
 959 00e2 10       		.uleb128 0x10
 960 00e3 898201   		.uleb128 0x4109
 961 00e6 00       		.byte	0
 962 00e7 11       		.uleb128 0x11
 963 00e8 01       		.uleb128 0x1
 964 00e9 31       		.uleb128 0x31
 965 00ea 13       		.uleb128 0x13
 966 00eb 00       		.byte	0
 967 00ec 00       		.byte	0
 968 00ed 11       		.uleb128 0x11
 969 00ee 2E       		.uleb128 0x2e
 970 00ef 01       		.byte	0x1
 971 00f0 3F       		.uleb128 0x3f
 972 00f1 19       		.uleb128 0x19
 973 00f2 03       		.uleb128 0x3
 974 00f3 0E       		.uleb128 0xe
 975 00f4 3A       		.uleb128 0x3a
 976 00f5 0B       		.uleb128 0xb
 977 00f6 3B       		.uleb128 0x3b
 978 00f7 05       		.uleb128 0x5
 979 00f8 27       		.uleb128 0x27
 980 00f9 19       		.uleb128 0x19
 981 00fa 49       		.uleb128 0x49
 982 00fb 13       		.uleb128 0x13
 983 00fc 11       		.uleb128 0x11
 984 00fd 01       		.uleb128 0x1
 985 00fe 12       		.uleb128 0x12
 986 00ff 06       		.uleb128 0x6
 987 0100 40       		.uleb128 0x40
 988 0101 18       		.uleb128 0x18
 989 0102 9742     		.uleb128 0x2117
 990 0104 19       		.uleb128 0x19
 991 0105 01       		.uleb128 0x1
 992 0106 13       		.uleb128 0x13
 993 0107 00       		.byte	0
 994 0108 00       		.byte	0
 995 0109 12       		.uleb128 0x12
 996 010a 34       		.uleb128 0x34
 997 010b 00       		.byte	0
 998 010c 03       		.uleb128 0x3
 999 010d 0E       		.uleb128 0xe
 1000 010e 3A       		.uleb128 0x3a
 1001 010f 0B       		.uleb128 0xb
 1002 0110 3B       		.uleb128 0x3b
 1003 0111 05       		.uleb128 0x5
 1004 0112 49       		.uleb128 0x49
 1005 0113 13       		.uleb128 0x13
 1006 0114 02       		.uleb128 0x2
 1007 0115 17       		.uleb128 0x17
 1008 0116 00       		.byte	0
 1009 0117 00       		.byte	0
 1010 0118 13       		.uleb128 0x13
 1011 0119 34       		.uleb128 0x34
 1012 011a 00       		.byte	0
ARM GAS  C:\Users\Luci\AppData\Local\Temp\ccQTS4PI.s 			page 26


 1013 011b 03       		.uleb128 0x3
 1014 011c 0E       		.uleb128 0xe
 1015 011d 3A       		.uleb128 0x3a
 1016 011e 0B       		.uleb128 0xb
 1017 011f 3B       		.uleb128 0x3b
 1018 0120 05       		.uleb128 0x5
 1019 0121 49       		.uleb128 0x49
 1020 0122 13       		.uleb128 0x13
 1021 0123 1C       		.uleb128 0x1c
 1022 0124 0B       		.uleb128 0xb
 1023 0125 00       		.byte	0
 1024 0126 00       		.byte	0
 1025 0127 14       		.uleb128 0x14
 1026 0128 2E       		.uleb128 0x2e
 1027 0129 00       		.byte	0
 1028 012a 3F       		.uleb128 0x3f
 1029 012b 19       		.uleb128 0x19
 1030 012c 03       		.uleb128 0x3
 1031 012d 0E       		.uleb128 0xe
 1032 012e 3A       		.uleb128 0x3a
 1033 012f 0B       		.uleb128 0xb
 1034 0130 3B       		.uleb128 0x3b
 1035 0131 05       		.uleb128 0x5
 1036 0132 27       		.uleb128 0x27
 1037 0133 19       		.uleb128 0x19
 1038 0134 11       		.uleb128 0x11
 1039 0135 01       		.uleb128 0x1
 1040 0136 12       		.uleb128 0x12
 1041 0137 06       		.uleb128 0x6
 1042 0138 40       		.uleb128 0x40
 1043 0139 18       		.uleb128 0x18
 1044 013a 9742     		.uleb128 0x2117
 1045 013c 19       		.uleb128 0x19
 1046 013d 00       		.byte	0
 1047 013e 00       		.byte	0
 1048 013f 15       		.uleb128 0x15
 1049 0140 2E       		.uleb128 0x2e
 1050 0141 00       		.byte	0
 1051 0142 3F       		.uleb128 0x3f
 1052 0143 19       		.uleb128 0x19
 1053 0144 03       		.uleb128 0x3
 1054 0145 0E       		.uleb128 0xe
 1055 0146 3A       		.uleb128 0x3a
 1056 0147 0B       		.uleb128 0xb
 1057 0148 3B       		.uleb128 0x3b
 1058 0149 05       		.uleb128 0x5
 1059 014a 27       		.uleb128 0x27
 1060 014b 19       		.uleb128 0x19
 1061 014c 49       		.uleb128 0x49
 1062 014d 13       		.uleb128 0x13
 1063 014e 11       		.uleb128 0x11
 1064 014f 01       		.uleb128 0x1
 1065 0150 12       		.uleb128 0x12
 1066 0151 06       		.uleb128 0x6
 1067 0152 40       		.uleb128 0x40
 1068 0153 18       		.uleb128 0x18
 1069 0154 9742     		.uleb128 0x2117
ARM GAS  C:\Users\Luci\AppData\Local\Temp\ccQTS4PI.s 			page 27


 1070 0156 19       		.uleb128 0x19
 1071 0157 00       		.byte	0
 1072 0158 00       		.byte	0
 1073 0159 16       		.uleb128 0x16
 1074 015a 898201   		.uleb128 0x4109
 1075 015d 01       		.byte	0x1
 1076 015e 11       		.uleb128 0x11
 1077 015f 01       		.uleb128 0x1
 1078 0160 31       		.uleb128 0x31
 1079 0161 13       		.uleb128 0x13
 1080 0162 01       		.uleb128 0x1
 1081 0163 13       		.uleb128 0x13
 1082 0164 00       		.byte	0
 1083 0165 00       		.byte	0
 1084 0166 17       		.uleb128 0x17
 1085 0167 8A8201   		.uleb128 0x410a
 1086 016a 00       		.byte	0
 1087 016b 02       		.uleb128 0x2
 1088 016c 18       		.uleb128 0x18
 1089 016d 9142     		.uleb128 0x2111
 1090 016f 18       		.uleb128 0x18
 1091 0170 00       		.byte	0
 1092 0171 00       		.byte	0
 1093 0172 18       		.uleb128 0x18
 1094 0173 01       		.uleb128 0x1
 1095 0174 01       		.byte	0x1
 1096 0175 49       		.uleb128 0x49
 1097 0176 13       		.uleb128 0x13
 1098 0177 01       		.uleb128 0x1
 1099 0178 13       		.uleb128 0x13
 1100 0179 00       		.byte	0
 1101 017a 00       		.byte	0
 1102 017b 19       		.uleb128 0x19
 1103 017c 21       		.uleb128 0x21
 1104 017d 00       		.byte	0
 1105 017e 49       		.uleb128 0x49
 1106 017f 13       		.uleb128 0x13
 1107 0180 2F       		.uleb128 0x2f
 1108 0181 0B       		.uleb128 0xb
 1109 0182 00       		.byte	0
 1110 0183 00       		.byte	0
 1111 0184 1A       		.uleb128 0x1a
 1112 0185 34       		.uleb128 0x34
 1113 0186 00       		.byte	0
 1114 0187 03       		.uleb128 0x3
 1115 0188 0E       		.uleb128 0xe
 1116 0189 3A       		.uleb128 0x3a
 1117 018a 0B       		.uleb128 0xb
 1118 018b 3B       		.uleb128 0x3b
 1119 018c 0B       		.uleb128 0xb
 1120 018d 49       		.uleb128 0x49
 1121 018e 13       		.uleb128 0x13
 1122 018f 3F       		.uleb128 0x3f
 1123 0190 19       		.uleb128 0x19
 1124 0191 3C       		.uleb128 0x3c
 1125 0192 19       		.uleb128 0x19
 1126 0193 00       		.byte	0
ARM GAS  C:\Users\Luci\AppData\Local\Temp\ccQTS4PI.s 			page 28


 1127 0194 00       		.byte	0
 1128 0195 1B       		.uleb128 0x1b
 1129 0196 2E       		.uleb128 0x2e
 1130 0197 00       		.byte	0
 1131 0198 3F       		.uleb128 0x3f
 1132 0199 19       		.uleb128 0x19
 1133 019a 03       		.uleb128 0x3
 1134 019b 0E       		.uleb128 0xe
 1135 019c 3A       		.uleb128 0x3a
 1136 019d 0B       		.uleb128 0xb
 1137 019e 3B       		.uleb128 0x3b
 1138 019f 0B       		.uleb128 0xb
 1139 01a0 27       		.uleb128 0x27
 1140 01a1 19       		.uleb128 0x19
 1141 01a2 49       		.uleb128 0x49
 1142 01a3 13       		.uleb128 0x13
 1143 01a4 3C       		.uleb128 0x3c
 1144 01a5 19       		.uleb128 0x19
 1145 01a6 00       		.byte	0
 1146 01a7 00       		.byte	0
 1147 01a8 1C       		.uleb128 0x1c
 1148 01a9 2E       		.uleb128 0x2e
 1149 01aa 01       		.byte	0x1
 1150 01ab 3F       		.uleb128 0x3f
 1151 01ac 19       		.uleb128 0x19
 1152 01ad 03       		.uleb128 0x3
 1153 01ae 0E       		.uleb128 0xe
 1154 01af 3A       		.uleb128 0x3a
 1155 01b0 0B       		.uleb128 0xb
 1156 01b1 3B       		.uleb128 0x3b
 1157 01b2 0B       		.uleb128 0xb
 1158 01b3 27       		.uleb128 0x27
 1159 01b4 19       		.uleb128 0x19
 1160 01b5 3C       		.uleb128 0x3c
 1161 01b6 19       		.uleb128 0x19
 1162 01b7 00       		.byte	0
 1163 01b8 00       		.byte	0
 1164 01b9 1D       		.uleb128 0x1d
 1165 01ba 05       		.uleb128 0x5
 1166 01bb 00       		.byte	0
 1167 01bc 49       		.uleb128 0x49
 1168 01bd 13       		.uleb128 0x13
 1169 01be 00       		.byte	0
 1170 01bf 00       		.byte	0
 1171 01c0 00       		.byte	0
 1172              		.section	.debug_loc,"",%progbits
 1173              	.Ldebug_loc0:
 1174              	.LLST0:
 1175 0000 00000000 		.4byte	.LVL1
 1176 0004 07000000 		.4byte	.LVL3-1
 1177 0008 0100     		.2byte	0x1
 1178 000a 50       		.byte	0x50
 1179 000b 07000000 		.4byte	.LVL3-1
 1180 000f 24000000 		.4byte	.LFE8
 1181 0013 0400     		.2byte	0x4
 1182 0015 F3       		.byte	0xf3
 1183 0016 01       		.uleb128 0x1
ARM GAS  C:\Users\Luci\AppData\Local\Temp\ccQTS4PI.s 			page 29


 1184 0017 50       		.byte	0x50
 1185 0018 9F       		.byte	0x9f
 1186 0019 00000000 		.4byte	0
 1187 001d 00000000 		.4byte	0
 1188              	.LLST1:
 1189 0021 08000000 		.4byte	.LVL3
 1190 0025 1B000000 		.4byte	.LVL4-1
 1191 0029 0100     		.2byte	0x1
 1192 002b 50       		.byte	0x50
 1193 002c 00000000 		.4byte	0
 1194 0030 00000000 		.4byte	0
 1195              	.LLST2:
 1196 0034 06000000 		.4byte	.LVL6
 1197 0038 08000000 		.4byte	.LVL7
 1198 003c 0500     		.2byte	0x5
 1199 003e 70       		.byte	0x70
 1200 003f 00       		.sleb128 0
 1201 0040 4E       		.byte	0x4e
 1202 0041 25       		.byte	0x25
 1203 0042 9F       		.byte	0x9f
 1204 0043 08000000 		.4byte	.LVL7
 1205 0047 10000000 		.4byte	.LFE9
 1206 004b 0100     		.2byte	0x1
 1207 004d 50       		.byte	0x50
 1208 004e 00000000 		.4byte	0
 1209 0052 00000000 		.4byte	0
 1210              	.LLST3:
 1211 0056 00000000 		.4byte	.LVL12
 1212 005a 07000000 		.4byte	.LVL13-1
 1213 005e 0100     		.2byte	0x1
 1214 0060 50       		.byte	0x50
 1215 0061 07000000 		.4byte	.LVL13-1
 1216 0065 18000000 		.4byte	.LVL17
 1217 0069 0100     		.2byte	0x1
 1218 006b 54       		.byte	0x54
 1219 006c 18000000 		.4byte	.LVL17
 1220 0070 1A000000 		.4byte	.LFE3
 1221 0074 0400     		.2byte	0x4
 1222 0076 F3       		.byte	0xf3
 1223 0077 01       		.uleb128 0x1
 1224 0078 50       		.byte	0x50
 1225 0079 9F       		.byte	0x9f
 1226 007a 00000000 		.4byte	0
 1227 007e 00000000 		.4byte	0
 1228              		.section	.debug_aranges,"",%progbits
 1229 0000 7C000000 		.4byte	0x7c
 1230 0004 0200     		.2byte	0x2
 1231 0006 00000000 		.4byte	.Ldebug_info0
 1232 000a 04       		.byte	0x4
 1233 000b 00       		.byte	0
 1234 000c 0000     		.2byte	0
 1235 000e 0000     		.2byte	0
 1236 0010 00000000 		.4byte	.LFB5
 1237 0014 02000000 		.4byte	.LFE5-.LFB5
 1238 0018 00000000 		.4byte	.LFB6
 1239 001c 0C000000 		.4byte	.LFE6-.LFB6
 1240 0020 00000000 		.4byte	.LFB7
ARM GAS  C:\Users\Luci\AppData\Local\Temp\ccQTS4PI.s 			page 30


 1241 0024 0C000000 		.4byte	.LFE7-.LFB7
 1242 0028 00000000 		.4byte	.LFB8
 1243 002c 24000000 		.4byte	.LFE8-.LFB8
 1244 0030 00000000 		.4byte	.LFB9
 1245 0034 10000000 		.4byte	.LFE9-.LFB9
 1246 0038 00000000 		.4byte	.LFB10
 1247 003c 0C000000 		.4byte	.LFE10-.LFB10
 1248 0040 00000000 		.4byte	.LFB11
 1249 0044 10000000 		.4byte	.LFE11-.LFB11
 1250 0048 00000000 		.4byte	.LFB12
 1251 004c 0C000000 		.4byte	.LFE12-.LFB12
 1252 0050 00000000 		.4byte	.LFB2
 1253 0054 1C000000 		.4byte	.LFE2-.LFB2
 1254 0058 00000000 		.4byte	.LFB3
 1255 005c 1A000000 		.4byte	.LFE3-.LFB3
 1256 0060 00000000 		.4byte	.LFB4
 1257 0064 14000000 		.4byte	.LFE4-.LFB4
 1258 0068 00000000 		.4byte	.LFB13
 1259 006c 0C000000 		.4byte	.LFE13-.LFB13
 1260 0070 00000000 		.4byte	.LFB14
 1261 0074 0C000000 		.4byte	.LFE14-.LFB14
 1262 0078 00000000 		.4byte	0
 1263 007c 00000000 		.4byte	0
 1264              		.section	.debug_ranges,"",%progbits
 1265              	.Ldebug_ranges0:
 1266 0000 00000000 		.4byte	.LFB5
 1267 0004 02000000 		.4byte	.LFE5
 1268 0008 00000000 		.4byte	.LFB6
 1269 000c 0C000000 		.4byte	.LFE6
 1270 0010 00000000 		.4byte	.LFB7
 1271 0014 0C000000 		.4byte	.LFE7
 1272 0018 00000000 		.4byte	.LFB8
 1273 001c 24000000 		.4byte	.LFE8
 1274 0020 00000000 		.4byte	.LFB9
 1275 0024 10000000 		.4byte	.LFE9
 1276 0028 00000000 		.4byte	.LFB10
 1277 002c 0C000000 		.4byte	.LFE10
 1278 0030 00000000 		.4byte	.LFB11
 1279 0034 10000000 		.4byte	.LFE11
 1280 0038 00000000 		.4byte	.LFB12
 1281 003c 0C000000 		.4byte	.LFE12
 1282 0040 00000000 		.4byte	.LFB2
 1283 0044 1C000000 		.4byte	.LFE2
 1284 0048 00000000 		.4byte	.LFB3
 1285 004c 1A000000 		.4byte	.LFE3
 1286 0050 00000000 		.4byte	.LFB4
 1287 0054 14000000 		.4byte	.LFE4
 1288 0058 00000000 		.4byte	.LFB13
 1289 005c 0C000000 		.4byte	.LFE13
 1290 0060 00000000 		.4byte	.LFB14
 1291 0064 0C000000 		.4byte	.LFE14
 1292 0068 00000000 		.4byte	0
 1293 006c 00000000 		.4byte	0
 1294              		.section	.debug_line,"",%progbits
 1295              	.Ldebug_line0:
 1296 0000 69010000 		.section	.debug_str,"MS",%progbits,1
 1296      02006F00 
ARM GAS  C:\Users\Luci\AppData\Local\Temp\ccQTS4PI.s 			page 31


 1296      00000201 
 1296      FB0E0D00 
 1296      01010101 
 1297              	.LASF14:
 1298 0000 72656733 		.ascii	"reg32\000"
 1298      3200
 1299              	.LASF37:
 1300 0006 43795261 		.ascii	"CyRamVectors\000"
 1300      6D566563 
 1300      746F7273 
 1300      00
 1301              	.LASF29:
 1302 0013 57616B65 		.ascii	"Wakeup_Pin_Int_StartEx\000"
 1302      75705F50 
 1302      696E5F49 
 1302      6E745F53 
 1302      74617274 
 1303              	.LASF3:
 1304 002a 73686F72 		.ascii	"short unsigned int\000"
 1304      7420756E 
 1304      7369676E 
 1304      65642069 
 1304      6E7400
 1305              	.LASF30:
 1306 003d 57616B65 		.ascii	"Wakeup_Pin_Int_Stop\000"
 1306      75705F50 
 1306      696E5F49 
 1306      6E745F53 
 1306      746F7000 
 1307              	.LASF27:
 1308 0051 57616B65 		.ascii	"Wakeup_Pin_Int_Disable\000"
 1308      75705F50 
 1308      696E5F49 
 1308      6E745F44 
 1308      69736162 
 1309              	.LASF35:
 1310 0068 413A5C44 		.ascii	"A:\\Documents\\School\\ECEG-721_Embedded_Systems\\L"
 1310      6F63756D 
 1310      656E7473 
 1310      5C536368 
 1310      6F6F6C5C 
 1311 0097 6162735C 		.ascii	"abs\\Lab7\\BLE Lab 1\\BLE Lab 1.cydsn\000"
 1311      4C616237 
 1311      5C424C45 
 1311      204C6162 
 1311      20315C42 
 1312              	.LASF34:
 1313 00ba 2E5C4765 		.ascii	".\\Generated_Source\\PSoC4\\Wakeup_Pin_Int.c\000"
 1313      6E657261 
 1313      7465645F 
 1313      536F7572 
 1313      63655C50 
 1314              	.LASF11:
 1315 00e4 666C6F61 		.ascii	"float\000"
 1315      7400
 1316              	.LASF7:
 1317 00ea 6C6F6E67 		.ascii	"long long unsigned int\000"
ARM GAS  C:\Users\Luci\AppData\Local\Temp\ccQTS4PI.s 			page 32


 1317      206C6F6E 
 1317      6720756E 
 1317      7369676E 
 1317      65642069 
 1318              	.LASF1:
 1319 0101 756E7369 		.ascii	"unsigned char\000"
 1319      676E6564 
 1319      20636861 
 1319      7200
 1320              	.LASF36:
 1321 010f 57616B65 		.ascii	"Wakeup_Pin_Int_GetPriority\000"
 1321      75705F50 
 1321      696E5F49 
 1321      6E745F47 
 1321      65745072 
 1322              	.LASF21:
 1323 012a 696E7465 		.ascii	"interruptState\000"
 1323      72727570 
 1323      74537461 
 1323      746500
 1324              	.LASF5:
 1325 0139 6C6F6E67 		.ascii	"long unsigned int\000"
 1325      20756E73 
 1325      69676E65 
 1325      6420696E 
 1325      7400
 1326              	.LASF9:
 1327 014b 75696E74 		.ascii	"uint8\000"
 1327      3800
 1328              	.LASF17:
 1329 0151 57616B65 		.ascii	"Wakeup_Pin_Int_SetVector\000"
 1329      75705F50 
 1329      696E5F49 
 1329      6E745F53 
 1329      65745665 
 1330              	.LASF20:
 1331 016a 7072696F 		.ascii	"priority\000"
 1331      72697479 
 1331      00
 1332              	.LASF12:
 1333 0173 646F7562 		.ascii	"double\000"
 1333      6C6500
 1334              	.LASF24:
 1335 017a 57616B65 		.ascii	"Wakeup_Pin_Int_Enable\000"
 1335      75705F50 
 1335      696E5F49 
 1335      6E745F45 
 1335      6E61626C 
 1336              	.LASF10:
 1337 0190 75696E74 		.ascii	"uint32\000"
 1337      333200
 1338              	.LASF38:
 1339 0197 4379456E 		.ascii	"CyEnterCriticalSection\000"
 1339      74657243 
 1339      72697469 
 1339      63616C53 
 1339      65637469 
ARM GAS  C:\Users\Luci\AppData\Local\Temp\ccQTS4PI.s 			page 33


 1340              	.LASF8:
 1341 01ae 756E7369 		.ascii	"unsigned int\000"
 1341      676E6564 
 1341      20696E74 
 1341      00
 1342              	.LASF19:
 1343 01bb 61646472 		.ascii	"address\000"
 1343      65737300 
 1344              	.LASF39:
 1345 01c3 43794578 		.ascii	"CyExitCriticalSection\000"
 1345      69744372 
 1345      69746963 
 1345      616C5365 
 1345      6374696F 
 1346              	.LASF31:
 1347 01d9 57616B65 		.ascii	"Wakeup_Pin_Int_SetPending\000"
 1347      75705F50 
 1347      696E5F49 
 1347      6E745F53 
 1347      65745065 
 1348              	.LASF18:
 1349 01f3 57616B65 		.ascii	"Wakeup_Pin_Int_SetPriority\000"
 1349      75705F50 
 1349      696E5F49 
 1349      6E745F53 
 1349      65745072 
 1350              	.LASF33:
 1351 020e 474E5520 		.ascii	"GNU C 4.8.4 20140526 (release) [ARM/embedded-4_8-br"
 1351      4320342E 
 1351      382E3420 
 1351      32303134 
 1351      30353236 
 1352 0241 616E6368 		.ascii	"anch revision 211358] -mcpu=cortex-m0 -mthumb -g -O"
 1352      20726576 
 1352      6973696F 
 1352      6E203231 
 1352      31333538 
 1353 0274 67202D66 		.ascii	"g -ffunction-sections\000"
 1353      66756E63 
 1353      74696F6E 
 1353      2D736563 
 1353      74696F6E 
 1354              	.LASF15:
 1355 028a 63796973 		.ascii	"cyisraddress\000"
 1355      72616464 
 1355      72657373 
 1355      00
 1356              	.LASF16:
 1357 0297 73697A65 		.ascii	"sizetype\000"
 1357      74797065 
 1357      00
 1358              	.LASF28:
 1359 02a0 57616B65 		.ascii	"Wakeup_Pin_Int_Start\000"
 1359      75705F50 
 1359      696E5F49 
 1359      6E745F53 
 1359      74617274 
ARM GAS  C:\Users\Luci\AppData\Local\Temp\ccQTS4PI.s 			page 34


 1360              	.LASF6:
 1361 02b5 6C6F6E67 		.ascii	"long long int\000"
 1361      206C6F6E 
 1361      6720696E 
 1361      7400
 1362              	.LASF26:
 1363 02c3 57616B65 		.ascii	"Wakeup_Pin_Int_GetState\000"
 1363      75705F50 
 1363      696E5F49 
 1363      6E745F47 
 1363      65745374 
 1364              	.LASF13:
 1365 02db 63686172 		.ascii	"char\000"
 1365      00
 1366              	.LASF25:
 1367 02e0 57616B65 		.ascii	"Wakeup_Pin_Int_GetVector\000"
 1367      75705F50 
 1367      696E5F49 
 1367      6E745F47 
 1367      65745665 
 1368              	.LASF32:
 1369 02f9 57616B65 		.ascii	"Wakeup_Pin_Int_ClearPending\000"
 1369      75705F50 
 1369      696E5F49 
 1369      6E745F43 
 1369      6C656172 
 1370              	.LASF23:
 1371 0315 57616B65 		.ascii	"Wakeup_Pin_Int_Interrupt\000"
 1371      75705F50 
 1371      696E5F49 
 1371      6E745F49 
 1371      6E746572 
 1372              	.LASF2:
 1373 032e 73686F72 		.ascii	"short int\000"
 1373      7420696E 
 1373      7400
 1374              	.LASF22:
 1375 0338 7072696F 		.ascii	"priorityOffset\000"
 1375      72697479 
 1375      4F666673 
 1375      657400
 1376              	.LASF4:
 1377 0347 6C6F6E67 		.ascii	"long int\000"
 1377      20696E74 
 1377      00
 1378              	.LASF0:
 1379 0350 7369676E 		.ascii	"signed char\000"
 1379      65642063 
 1379      68617200 
 1380              		.ident	"GCC: (GNU Tools for ARM Embedded Processors) 4.8.4 20140526 (release) [ARM/embedded-4_8-br
